"C:/Users/tommy/Documents/GitHub/EscapeThePlate/EscapeThePlate/Content/BPEscapeThePlateSaveGame.uasset" 0
"C:/Users/tommy/Documents/GitHub/EscapeThePlate/EscapeThePlate/Content/PrototypeGameMode.uasset" 1
"../../../Engine/Content/Animation/DefaultAnimBoneCompressionSettings.uasset" 2
"C:/Users/tommy/Documents/GitHub/EscapeThePlate/EscapeThePlate/Content/Assets/FBXs/Chef/AsianChef_LAST_ONE_PLEASE_Skeleton.uasset" 3
"C:/Users/tommy/Documents/GitHub/EscapeThePlate/EscapeThePlate/Content/Assets/Anims/Cards__1_.uasset" 4
"C:/Users/tommy/Documents/GitHub/EscapeThePlate/EscapeThePlate/Content/Assets/Anims/Mutant_Run.uasset" 5
"C:/Users/tommy/Documents/GitHub/EscapeThePlate/EscapeThePlate/Content/Assets/Anims/Walking.uasset" 6
"C:/Users/tommy/Documents/GitHub/EscapeThePlate/EscapeThePlate/Content/AI/HumanMovementBlendSpace.uasset" 7
"C:/Users/tommy/Documents/GitHub/EscapeThePlate/EscapeThePlate/Content/AI/ChaserAnimBP.uasset" 8
"C:/Users/tommy/Documents/GitHub/EscapeThePlate/EscapeThePlate/Content/AI/RotatorBB.uasset" 9
"C:/Users/tommy/Documents/GitHub/EscapeThePlate/EscapeThePlate/Content/Blueprints/PatrolPath.uasset" 10
"C:/Users/tommy/Documents/GitHub/EscapeThePlate/EscapeThePlate/Content/Assets/FBXs/ChiliPepper/phong2SG.uasset" 11
"C:/Users/tommy/Documents/GitHub/EscapeThePlate/EscapeThePlate/Content/Assets/FBXs/ChiliPepper/phong3SG.uasset" 12
"C:/Users/tommy/Documents/GitHub/EscapeThePlate/EscapeThePlate/Content/Assets/FBXs/ChiliPepper/Chili_Pepper_hop_PhysicsAsset.uasset" 13
"C:/Users/tommy/Documents/GitHub/EscapeThePlate/EscapeThePlate/Content/Assets/FBXs/ChiliPepper/Chili_Pepper_hop_Skeleton.uasset" 14
"C:/Users/tommy/Documents/GitHub/EscapeThePlate/EscapeThePlate/Content/Assets/FBXs/ChiliPepper/Chili_Pepper_hop.uasset" 15
"C:/Users/tommy/Documents/GitHub/EscapeThePlate/EscapeThePlate/Content/AI/Chasee.uasset" 16
"C:/Users/tommy/Documents/GitHub/EscapeThePlate/EscapeThePlate/Content/AI/Tasks/FindNextPointAlongCircle.uasset" 17
"C:/Users/tommy/Documents/GitHub/EscapeThePlate/EscapeThePlate/Content/AI/Tasks/MoveToLocation.uasset" 18
"C:/Users/tommy/Documents/GitHub/EscapeThePlate/EscapeThePlate/Content/AI/RotateBT.uasset" 19
"C:/Users/tommy/Documents/GitHub/EscapeThePlate/EscapeThePlate/Content/AI/ChaseController.uasset" 20
"C:/Users/tommy/Documents/GitHub/EscapeThePlate/EscapeThePlate/Content/Assets/FBXs/Chef/Asian_Chef_Texture.uasset" 21
"C:/Users/tommy/Documents/GitHub/EscapeThePlate/EscapeThePlate/Content/Assets/FBXs/Chef/AsianChefMat.uasset" 22
"C:/Users/tommy/Documents/GitHub/EscapeThePlate/EscapeThePlate/Content/Assets/FBXs/Chef/AsianChef_LAST_ONE_PLEASE_PhysicsAsset.uasset" 23
"C:/Users/tommy/Documents/GitHub/EscapeThePlate/EscapeThePlate/Content/Assets/FBXs/Chef/AsianChef_LAST_ONE_PLEASE.uasset" 24
"C:/Users/tommy/Documents/GitHub/EscapeThePlate/EscapeThePlate/Content/AI/Chaser.uasset" 25
"C:/Users/tommy/Documents/GitHub/EscapeThePlate/EscapeThePlate/Content/AI/Tasks/DebugChase.uasset" 26
"C:/Users/tommy/Documents/GitHub/EscapeThePlate/EscapeThePlate/Content/AI/Tasks/DebugVars.uasset" 27
"C:/Users/tommy/Documents/GitHub/EscapeThePlate/EscapeThePlate/Content/AI/Tasks/SetDefaultKeys.uasset" 28
"C:/Users/tommy/Documents/GitHub/EscapeThePlate/EscapeThePlate/Content/Assets/3DModels/initialShadingGroup.uasset" 29
"C:/Users/tommy/Documents/GitHub/EscapeThePlate/EscapeThePlate/Content/Assets/3DModels/Apple.uasset" 30
"C:/Users/tommy/Documents/GitHub/EscapeThePlate/EscapeThePlate/Content/Assets/3DModels/Material.uasset" 31
"C:/Users/tommy/Documents/GitHub/EscapeThePlate/EscapeThePlate/Content/Assets/3DModels/Material_001.uasset" 32
"C:/Users/tommy/Documents/GitHub/EscapeThePlate/EscapeThePlate/Content/Assets/3DModels/apple_clr.uasset" 33
"C:/Users/tommy/Documents/GitHub/EscapeThePlate/EscapeThePlate/Content/Assets/3DModels/bananas_clr.uasset" 34
"C:/Users/tommy/Documents/GitHub/EscapeThePlate/EscapeThePlate/Content/Assets/3DModels/Bananas_pCylinder2.uasset" 35
"C:/Users/tommy/Documents/GitHub/EscapeThePlate/EscapeThePlate/Content/Assets/3DModels/Bananas_pCylinder3.uasset" 36
"C:/Users/tommy/Documents/GitHub/EscapeThePlate/EscapeThePlate/Content/Assets/3DModels/carrots_clr.uasset" 37
"C:/Users/tommy/Documents/GitHub/EscapeThePlate/EscapeThePlate/Content/Assets/3DModels/Carrots_pCylinder4.uasset" 38
"C:/Users/tommy/Documents/GitHub/EscapeThePlate/EscapeThePlate/Content/Assets/3DModels/Carrots_pCylinder5.uasset" 39
"C:/Users/tommy/Documents/GitHub/EscapeThePlate/EscapeThePlate/Content/Assets/3DModels/Carrots_pCylinder6.uasset" 40
"C:/Users/tommy/Documents/GitHub/EscapeThePlate/EscapeThePlate/Content/Assets/3DModels/chicken_breast_clr.uasset" 41
"C:/Users/tommy/Documents/GitHub/EscapeThePlate/EscapeThePlate/Content/Assets/3DModels/pCylinder1Mat.uasset" 42
"C:/Users/tommy/Documents/GitHub/EscapeThePlate/EscapeThePlate/Content/Assets/3DModels/Chili_Pepper.uasset" 43
"C:/Users/tommy/Documents/GitHub/EscapeThePlate/EscapeThePlate/Content/Assets/3DModels/phong1.uasset" 44
"C:/Users/tommy/Documents/GitHub/EscapeThePlate/EscapeThePlate/Content/Assets/3DModels/cylinder_lighting.uasset" 45
"C:/Users/tommy/Documents/GitHub/EscapeThePlate/EscapeThePlate/Content/Assets/3DModels/Grapefruit.uasset" 46
"C:/Users/tommy/Documents/GitHub/EscapeThePlate/EscapeThePlate/Content/Assets/3DModels/grapefruit_clr.uasset" 47
"../../../Engine/Content/Functions/Engine_MaterialFunctions01/Opacity/CameraDepthFade.uasset" 48
"../../../Engine/Content/EngineMaterials/T_Default_Material_Grid_M.uasset" 49
"../../../Engine/Content/EngineMaterials/T_Default_Material_Grid_N.uasset" 50
"../../../Engine/Content/EngineMaterials/WorldGridMaterial.uasset" 51
"C:/Users/tommy/Documents/GitHub/EscapeThePlate/EscapeThePlate/Content/Assets/3DModels/Kitchen_4wok_comp_textureEditorIsolateSelectSet_pCylinder5.uasset" 52
"C:/Users/tommy/Documents/GitHub/EscapeThePlate/EscapeThePlate/Content/Assets/3DModels/pCylinder2Mat.uasset" 53
"C:/Users/tommy/Documents/GitHub/EscapeThePlate/EscapeThePlate/Content/Assets/3DModels/Kitchen_hand_soap.uasset" 54
"C:/Users/tommy/Documents/GitHub/EscapeThePlate/EscapeThePlate/Content/Assets/3DModels/pCube1Mat.uasset" 55
"C:/Users/tommy/Documents/GitHub/EscapeThePlate/EscapeThePlate/Content/Assets/3DModels/Kitchen_knife_tri.uasset" 56
"C:/Users/tommy/Documents/GitHub/EscapeThePlate/EscapeThePlate/Content/Assets/3DModels/pCube9Mat.uasset" 57
"C:/Users/tommy/Documents/GitHub/EscapeThePlate/EscapeThePlate/Content/Assets/3DModels/Kitchen_rack.uasset" 58
"C:/Users/tommy/Documents/GitHub/EscapeThePlate/EscapeThePlate/Content/Assets/3DModels/Kitchen_smoke_dector.uasset" 59
"C:/Users/tommy/Documents/GitHub/EscapeThePlate/EscapeThePlate/Content/Assets/3DModels/pCube11Mat.uasset" 60
"C:/Users/tommy/Documents/GitHub/EscapeThePlate/EscapeThePlate/Content/Assets/3DModels/Kitchen_stove_tri.uasset" 61
"C:/Users/tommy/Documents/GitHub/EscapeThePlate/EscapeThePlate/Content/Assets/3DModels/Lemon.uasset" 62
"C:/Users/tommy/Documents/GitHub/EscapeThePlate/EscapeThePlate/Content/Assets/3DModels/Onion.uasset" 63
"C:/Users/tommy/Documents/GitHub/EscapeThePlate/EscapeThePlate/Content/Assets/3DModels/onion_clr.uasset" 64
"C:/Users/tommy/Documents/GitHub/EscapeThePlate/EscapeThePlate/Content/Assets/3DModels/Onion_pSphere1.uasset" 65
"C:/Users/tommy/Documents/GitHub/EscapeThePlate/EscapeThePlate/Content/Assets/3DModels/orange_clr.uasset" 66
"C:/Users/tommy/Documents/GitHub/EscapeThePlate/EscapeThePlate/Content/Assets/3DModels/Orange_pSphere5.uasset" 67
"C:/Users/tommy/Documents/GitHub/EscapeThePlate/EscapeThePlate/Content/Assets/3DModels/Salmon.uasset" 68
"C:/Users/tommy/Documents/GitHub/EscapeThePlate/EscapeThePlate/Content/Assets/3DModels/salmon_clr.uasset" 69
"C:/Users/tommy/Documents/GitHub/EscapeThePlate/EscapeThePlate/Content/Assets/3DModels/Salmon_pCube2.uasset" 70
"C:/Users/tommy/Documents/GitHub/EscapeThePlate/EscapeThePlate/Content/Assets/3DModels/Tomato.uasset" 71
"C:/Users/tommy/Documents/GitHub/EscapeThePlate/EscapeThePlate/Content/Assets/Anims/Idle.uasset" 72
"C:/Users/tommy/Documents/GitHub/EscapeThePlate/EscapeThePlate/Content/Assets/FBXs/AsianChef_FinalFInal_Skeleton.uasset" 73
"C:/Users/tommy/Documents/GitHub/EscapeThePlate/EscapeThePlate/Content/Assets/Anims/Mutant_Punch.uasset" 74
"C:/Users/tommy/Documents/GitHub/EscapeThePlate/EscapeThePlate/Content/Assets/FBXs/AsianChef_FinalFInal_PhysicsAsset.uasset" 75
"C:/Users/tommy/Documents/GitHub/EscapeThePlate/EscapeThePlate/Content/Assets/FBXs/AsianChef_FinalFInal.uasset" 76
"C:/Users/tommy/Documents/GitHub/EscapeThePlate/EscapeThePlate/Content/Assets/FBXs/initialShadingGroup.uasset" 77
"C:/Users/tommy/Documents/GitHub/EscapeThePlate/EscapeThePlate/Content/Assets/FBXs/pCube1Mat.uasset" 78
"C:/Users/tommy/Documents/GitHub/EscapeThePlate/EscapeThePlate/Content/Assets/FBXs/phong2SG.uasset" 79
"C:/Users/tommy/Documents/GitHub/EscapeThePlate/EscapeThePlate/Content/Assets/FBXs/phong3SG.uasset" 80
"C:/Users/tommy/Documents/GitHub/EscapeThePlate/EscapeThePlate/Content/Assets/FBXs/Chef/AsianChef_LAST_ONE_PLEASE_Anim_mixamo_com.uasset" 81
"C:/Users/tommy/Documents/GitHub/EscapeThePlate/EscapeThePlate/Content/Assets/FBXs/Chef/AsianChef_LAST_ONE_PLEASE_Anim_Take_001.uasset" 82
"C:/Users/tommy/Documents/GitHub/EscapeThePlate/EscapeThePlate/Content/Assets/FBXs/ChickenBreast/phong2SG.uasset" 83
"C:/Users/tommy/Documents/GitHub/EscapeThePlate/EscapeThePlate/Content/Assets/FBXs/ChickenBreast/phong3SG.uasset" 84
"C:/Users/tommy/Documents/GitHub/EscapeThePlate/EscapeThePlate/Content/Assets/FBXs/ChickenBreast/Chili_Pepper_PhysicsAsset.uasset" 85
"C:/Users/tommy/Documents/GitHub/EscapeThePlate/EscapeThePlate/Content/Assets/FBXs/ChickenBreast/Chili_Pepper_Skeleton.uasset" 86
"C:/Users/tommy/Documents/GitHub/EscapeThePlate/EscapeThePlate/Content/Assets/FBXs/ChickenBreast/Chili_Pepper.uasset" 87
"C:/Users/tommy/Documents/GitHub/EscapeThePlate/EscapeThePlate/Content/Assets/FBXs/ChiliPepper/Chili_Pepper_hop_Anim.uasset" 88
"C:/Users/tommy/Documents/GitHub/EscapeThePlate/EscapeThePlate/Content/Assets/FBXs/ChiliPepper/phong3SG_2.uasset" 89
"C:/Users/tommy/Documents/GitHub/EscapeThePlate/EscapeThePlate/Content/Assets/FBXs/Onion/phong2SG.uasset" 90
"C:/Users/tommy/Documents/GitHub/EscapeThePlate/EscapeThePlate/Content/Assets/FBXs/Onion/phong3SG.uasset" 91
"C:/Users/tommy/Documents/GitHub/EscapeThePlate/EscapeThePlate/Content/Assets/FBXs/Onion/Chili_Pepper_PhysicsAsset.uasset" 92
"C:/Users/tommy/Documents/GitHub/EscapeThePlate/EscapeThePlate/Content/Assets/FBXs/Onion/Chili_Pepper_Skeleton.uasset" 93
"C:/Users/tommy/Documents/GitHub/EscapeThePlate/EscapeThePlate/Content/Assets/FBXs/Onion/Chili_Pepper.uasset" 94
"C:/Users/tommy/Documents/GitHub/EscapeThePlate/EscapeThePlate/Content/Assets/Textures/Celling_light.uasset" 95
"C:/Users/tommy/Documents/GitHub/EscapeThePlate/EscapeThePlate/Content/Assets/Textures/cylinder_lighting.uasset" 96
"C:/Users/tommy/Documents/GitHub/EscapeThePlate/EscapeThePlate/Content/Assets/Textures/First_aid_map.uasset" 97
"C:/Users/tommy/Documents/GitHub/EscapeThePlate/EscapeThePlate/Content/Assets/Textures/First_aid_map_Mat.uasset" 98
"C:/Users/tommy/Documents/GitHub/EscapeThePlate/EscapeThePlate/Content/Assets/Textures/Handwash_station_map.uasset" 99
"C:/Users/tommy/Documents/GitHub/EscapeThePlate/EscapeThePlate/Content/Assets/Textures/Prep_station_map.uasset" 100
"C:/Users/tommy/Documents/GitHub/EscapeThePlate/EscapeThePlate/Content/Assets/Textures/Smoke_dect_map.uasset" 101
"C:/Users/tommy/Documents/GitHub/EscapeThePlate/EscapeThePlate/Content/Assets/Textures/Smoke_dect_map_Mat.uasset" 102
"C:/Users/tommy/Documents/GitHub/EscapeThePlate/EscapeThePlate/Content/Assets/Textures/twin_celling_light.uasset" 103
"C:/Users/tommy/Documents/GitHub/EscapeThePlate/EscapeThePlate/Content/Assets/Textures/Twin_sink_map.uasset" 104
"C:/Users/tommy/Documents/GitHub/EscapeThePlate/EscapeThePlate/Content/Assets/Textures/Twin_sink_map_Mat.uasset" 105
"C:/Users/tommy/Documents/GitHub/EscapeThePlate/EscapeThePlate/Content/Assets/Textures/Two_door_freezer_map.uasset" 106
"C:/Users/tommy/Documents/GitHub/EscapeThePlate/EscapeThePlate/Content/Assets/Widgets/Icon_-_Red_Chili.uasset" 107
"../../../Engine/Content/EditorMaterials/MatineeGroups/MAT_Groups_Event.uasset" 108
"../../../Engine/Content/EngineResources/AICON-Green.uasset" 109
"C:/Users/tommy/Documents/GitHub/EscapeThePlate/EscapeThePlate/Content/Assets/FBXs/ChickenBreast/pCube1Mat.uasset" 110
"C:/Users/tommy/Documents/GitHub/EscapeThePlate/EscapeThePlate/Content/Assets/FBXs/ChickenBreast/Chicken_Breast_PhysicsAsset.uasset" 111
"C:/Users/tommy/Documents/GitHub/EscapeThePlate/EscapeThePlate/Content/Assets/FBXs/ChickenBreast/Chicken_Breast.uasset" 112
"C:/Users/tommy/Documents/GitHub/EscapeThePlate/EscapeThePlate/Content/Blueprints/ChickenBreastBP.uasset" 113
"C:/Users/tommy/Documents/GitHub/EscapeThePlate/EscapeThePlate/Content/Blueprints/Climbables/ClimbableObject.uasset" 114
"C:/Users/tommy/Documents/GitHub/EscapeThePlate/EscapeThePlate/Content/Assets/Textures/Single_door_freezer_map.uasset" 115
"C:/Users/tommy/Documents/GitHub/EscapeThePlate/EscapeThePlate/Content/Assets/Textures/Single_door_freezer_map_Mat.uasset" 116
"C:/Users/tommy/Documents/GitHub/EscapeThePlate/EscapeThePlate/Content/Assets/3DModels/lambert2.uasset" 117
"C:/Users/tommy/Documents/GitHub/EscapeThePlate/EscapeThePlate/Content/Assets/3DModels/Single_door_freezer.uasset" 118
"C:/Users/tommy/Documents/GitHub/EscapeThePlate/EscapeThePlate/Content/Blueprints/Climbables/ClimbableFridge.uasset" 119
"C:/Users/tommy/Documents/GitHub/EscapeThePlate/EscapeThePlate/Content/Blueprints/ClimbableFridge.uasset" 120
"C:/Users/tommy/Documents/GitHub/EscapeThePlate/EscapeThePlate/Content/Assets/Anims/Looking_Around.uasset" 121
"C:/Users/tommy/Documents/GitHub/EscapeThePlate/EscapeThePlate/Content/Assets/Anims/Mutant_Punch__1_.uasset" 122
"../../../Engine/Content/EditorBlueprintResources/StandardMacros.uasset" 123
"C:/Users/tommy/Documents/GitHub/EscapeThePlate/EscapeThePlate/Content/AI/HumanEnum.uasset" 124
"C:/Users/tommy/Documents/GitHub/EscapeThePlate/EscapeThePlate/Content/AI/HumanAnimBP.uasset" 125
"C:/Users/tommy/Documents/GitHub/EscapeThePlate/EscapeThePlate/Content/AI/HumanBB.uasset" 126
"C:/Users/tommy/Documents/GitHub/EscapeThePlate/EscapeThePlate/Content/AI/Services/ChangeSpeedAndGrab.uasset" 127
"C:/Users/tommy/Documents/GitHub/EscapeThePlate/EscapeThePlate/Content/AI/Services/CheckRangeToIngredient.uasset" 128
"C:/Users/tommy/Documents/GitHub/EscapeThePlate/EscapeThePlate/Content/AI/Services/DebugKeys.uasset" 129
"C:/Users/tommy/Documents/GitHub/EscapeThePlate/EscapeThePlate/Content/AI/Tasks/DoSearch.uasset" 130
"C:/Users/tommy/Documents/GitHub/EscapeThePlate/EscapeThePlate/Content/AI/Tasks/FindIngredientLocation.uasset" 131
"C:/Users/tommy/Documents/GitHub/EscapeThePlate/EscapeThePlate/Content/Blueprints/BPEscapeThePlateGameInstance.uasset" 132
"C:/Users/tommy/Documents/GitHub/EscapeThePlate/EscapeThePlate/Content/Widgets/GameOverMenu.uasset" 133
"C:/Users/tommy/Documents/GitHub/EscapeThePlate/EscapeThePlate/Content/Widgets/HUDWidget.uasset" 134
"C:/Users/tommy/Documents/GitHub/EscapeThePlate/EscapeThePlate/Content/Widgets/PauseMenu.uasset" 135
"C:/Users/tommy/Documents/GitHub/EscapeThePlate/EscapeThePlate/Content/Blueprints/BPEscapeThePlateGameMode.uasset" 136
"C:/Users/tommy/Documents/GitHub/EscapeThePlate/EscapeThePlate/Content/AI/Tasks/GetNearestDeathZone.uasset" 137
"C:/Users/tommy/Documents/GitHub/EscapeThePlate/EscapeThePlate/Content/AI/Tasks/GetPathNext.uasset" 138
"C:/Users/tommy/Documents/GitHub/EscapeThePlate/EscapeThePlate/Content/AI/Tasks/ThrowOutIngredient.uasset" 139
"C:/Users/tommy/Documents/GitHub/EscapeThePlate/EscapeThePlate/Content/AI/Tasks/TryGrab.uasset" 140
"C:/Users/tommy/Documents/GitHub/EscapeThePlate/EscapeThePlate/Content/AI/Tasks/UpdatePathIndex.uasset" 141
"C:/Users/tommy/Documents/GitHub/EscapeThePlate/EscapeThePlate/Content/AI/HumanBT.uasset" 142
"C:/Users/tommy/Documents/GitHub/EscapeThePlate/EscapeThePlate/Content/AI/HumanController.uasset" 143
"C:/Users/tommy/Documents/GitHub/EscapeThePlate/EscapeThePlate/Content/AI/HumanBP.uasset" 144
"C:/Users/tommy/Documents/GitHub/EscapeThePlate/EscapeThePlate/Content/Blueprints/HumanBP.uasset" 145
"C:/Users/tommy/Documents/GitHub/EscapeThePlate/EscapeThePlate/Content/Assets/3DModels/Kitchen_first_aid_pCube1.uasset" 146
"C:/Users/tommy/Documents/GitHub/EscapeThePlate/EscapeThePlate/Content/Blueprints/OBJBP/FirstAidPack.uasset" 147
"../../../Engine/Content/Animation/DefaultAnimCurveCompressionSettings.uasset" 148
"../../../Engine/Content/ArtTools/RenderToTexture/Meshes/S_1_Unit_Plane.uasset" 149
"../../../Engine/Content/EngineMaterials/DefaultMaterial.uasset" 150
"../../../Engine/Content/BasicShapes/Cone.uasset" 151
"../../../Engine/Content/BasicShapes/Cylinder.uasset" 152
"../../../Engine/Content/BasicShapes/Plane.uasset" 153
"../../../Engine/Content/BasicShapes/Sphere.uasset" 154
"../../../Engine/Content/EditorLandscapeResources/DataLayer.uasset" 155
"../../../Engine/Content/EditorMaterials/MAT_Groups_Toggle.uasset" 156
"../../../Engine/Content/EditorMaterials/MAT_Groups_Visibility.uasset" 157
"../../../Engine/Content/EditorMaterials/PreviewShadowIndicator.uasset" 158
"../../../Engine/Content/EditorMaterials/PreviewShadowIndicatorMaterial.uasset" 159
"../../../Engine/Content/EditorMaterials/MatineeGroups/MAT_ColorTrack.uasset" 160
"../../../Engine/Content/EditorMaterials/MatineeGroups/MAT_Groups_Anim.uasset" 161
"../../../Engine/Content/EditorMaterials/MatineeGroups/MAT_Groups_AudioMaster.uasset" 162
"../../../Engine/Content/EditorMaterials/MatineeGroups/MAT_Groups_Director.uasset" 163
"../../../Engine/Content/EditorMaterials/MatineeGroups/MAT_Groups_Fade.uasset" 164
"../../../Engine/Content/EditorMaterials/MatineeGroups/MAT_Groups_Float.uasset" 165
"../../../Engine/Content/EditorMaterials/MatineeGroups/MAT_Groups_Move.uasset" 166
"../../../Engine/Content/EditorMaterials/MatineeGroups/MAT_Groups_Slomo.uasset" 167
"../../../Engine/Content/EditorMaterials/MatineeGroups/MAT_Groups_Sound.uasset" 168
"../../../Engine/Content/EditorMaterials/MatineeGroups/MAT_Groups_Vector.uasset" 169
"../../../Engine/Content/EditorMaterials/ParticleSystems/PSysThumbnail_NoImage.uasset" 170
"../../../Engine/Content/EditorMaterials/ParticleSystems/PSysThumbnail_OOD.uasset" 171
"../../../Engine/Content/EditorMaterials/Camera/CineMat.uasset" 172
"../../../Engine/Content/EditorMaterials/Camera/MI_CineMat_Rig.uasset" 173
"../../../Engine/Content/EditorMeshes/Camera/SM_CraneRig_Arm.uasset" 174
"../../../Engine/Content/EditorMeshes/Camera/SM_CraneRig_Base.uasset" 175
"../../../Engine/Content/EditorMeshes/Camera/SM_CraneRig_Body.uasset" 176
"../../../Engine/Content/EditorMeshes/Camera/SM_CraneRig_Mount.uasset" 177
"../../../Engine/Content/EditorMeshes/Camera/SM_RailRig_Mount.uasset" 178
"../../../Engine/Content/EditorMeshes/Camera/SM_RailRig_Track.uasset" 179
"../../../Engine/Content/EditorResources/BSPVertex.uasset" 180
"../../../Engine/Content/EditorResources/EmptyActor.uasset" 181
"../../../Engine/Content/EditorResources/S_Actor.uasset" 182
"../../../Engine/Content/EditorResources/S_Note.uasset" 183
"../../../Engine/Content/EditorResources/S_Solver.uasset" 184
"../../../Engine/Content/EditorResources/S_Trigger.uasset" 185
"../../../Engine/Content/EditorResources/LightIcons/S_LightError.uasset" 186
"../../../Engine/Content/EditorResources/SequenceRecorder/Countdown.uasset" 187
"../../../Engine/Content/EditorResources/SequenceRecorder/RecordingIndicator.uasset" 188
"../../../Engine/Content/EditorSounds/Notifications/CompileFailed.uasset" 189
"../../../Engine/Content/EditorSounds/Notifications/CompileFailed_Cue.uasset" 190
"../../../Engine/Content/EditorSounds/Notifications/CompileSuccess.uasset" 191
"../../../Engine/Content/EditorSounds/Notifications/CompileStart_Cue.uasset" 192
"../../../Engine/Content/EditorSounds/Notifications/CompileSuccess_Cue.uasset" 193
"../../../Engine/Content/EngineDamageTypes/DmgTypeBP_Environmental.uasset" 194
"../../../Engine/Content/EngineDebugMaterials/DebugEditorMaterial.uasset" 195
"../../../Engine/Content/EngineDebugMaterials/DebugMeshMaterial.uasset" 196
"../../../Engine/Content/EngineDebugMaterials/M_SimpleUnlitTranslucent.uasset" 197
"../../../Engine/Content/Functions/Engine_MaterialFunctions02/Utility/CameraDirectionVector.uasset" 198
"../../../Engine/Content/EngineDebugMaterials/VolumeToRender.uasset" 199
"../../../Engine/Content/EngineDebugMaterials/M_VolumeRenderSphereTracePP.uasset" 200
"../../../Engine/Content/EngineDebugMaterials/WireframeMaterial.uasset" 201
"../../../Engine/Content/EngineFonts/Faces/DroidSansFallback.uasset" 202
"../../../Engine/Content/EngineFonts/Faces/RobotoBold.uasset" 203
"../../../Engine/Content/EngineFonts/Faces/RobotoBoldItalic.uasset" 204
"../../../Engine/Content/EngineFonts/Faces/RobotoItalic.uasset" 205
"../../../Engine/Content/EngineFonts/Faces/RobotoLight.uasset" 206
"../../../Engine/Content/EngineFonts/Faces/RobotoRegular.uasset" 207
"../../../Engine/Content/EngineFonts/Roboto.uasset" 208
"../../../Engine/Content/EngineMaterials/BaseFlattenDiffuseMap.uasset" 209
"../../../Engine/Content/EngineMaterials/BaseFlattenEmissiveMap.uasset" 210
"../../../Engine/Content/EngineMaterials/BaseFlattenGrayscaleMap.uasset" 211
"../../../Engine/Content/EngineMaterials/BaseFlattenNormalMap.uasset" 212
"../../../Engine/Content/EngineMaterials/BaseFlattenMaterial.uasset" 213
"../../../Engine/Content/EngineMaterials/BlueNoise.uasset" 214
"../../../Engine/Content/EngineMaterials/DefaultBloomKernel.uasset" 215
"../../../Engine/Content/EngineMaterials/DefaultBokeh.uasset" 216
"../../../Engine/Content/EngineMaterials/DefaultDiffuse.uasset" 217
"../../../Engine/Content/EngineMaterials/DefaultDeferredDecalMaterial.uasset" 218
"../../../Engine/Content/EngineMaterials/DefaultLightFunctionMaterial.uasset" 219
"../../../Engine/Content/Functions/Engine_MaterialFunctions02/Utility/BreakOutFloat2Components.uasset" 220
"../../../Engine/Content/EngineMaterials/DefaultPostProcessMaterial.uasset" 221
"../../../Engine/Content/EngineFonts/RobotoDistanceField.uasset" 222
"../../../Engine/Content/EngineMaterials/DefaultTextMaterialOpaque.uasset" 223
"../../../Engine/Content/EngineMaterials/DefaultWhiteGrid.uasset" 224
"../../../Engine/Content/EngineMaterials/DefaultWhiteGrid_Low.uasset" 225
"../../../Engine/Content/EngineMaterials/EmissiveMeshMaterial.uasset" 226
"../../../Engine/Content/EngineMaterials/GizmoMaterial.uasset" 227
"../../../Engine/Content/EngineMaterials/Good64x64TilingNoiseHighFreq.uasset" 228
"../../../Engine/Content/EngineMaterials/MiniFont.uasset" 229
"../../../Engine/Content/EngineMaterials/InvalidLightmapSettings.uasset" 230
"../../../Engine/Content/EngineMaterials/M_InvalidLightmapSettings.uasset" 231
"../../../Engine/Content/Functions/Engine_MaterialFunctions02/WorldPositionOffset/CameraOffset.uasset" 232
"../../../Engine/Content/EngineMaterials/PhAT_JointLimitMaterial.uasset" 233
"../../../Engine/Content/EngineMaterials/PreintegratedSkinBRDF.uasset" 234
"../../../Engine/Content/EngineMaterials/RemoveSurfaceMaterial.uasset" 235
"../../../Engine/Content/EngineMaterials/WeightMapPlaceholderTexture.uasset" 236
"../../../Engine/Content/EngineResources/WhiteSquareTexture.uasset" 237
"../../../Engine/Content/EngineMaterials/Widget3DPassThrough.uasset" 238
"../../../Engine/Content/EngineMaterials/Widget3DPassThrough_Masked.uasset" 239
"../../../Engine/Content/EngineMaterials/Widget3DPassThrough_Opaque.uasset" 240
"../../../Engine/Content/EngineMaterials/Widget3DPassThrough_Masked_OneSided.uasset" 241
"../../../Engine/Content/EngineMaterials/Widget3DPassThrough_Opaque_OneSided.uasset" 242
"../../../Engine/Content/EngineMaterials/Widget3DPassThrough_Translucent.uasset" 243
"../../../Engine/Content/EngineMaterials/Widget3DPassThrough_Translucent_OneSided.uasset" 244
"../../../Engine/Content/EngineMeshes/Cylinder.uasset" 245
"../../../Engine/Content/EngineMeshes/Sphere.uasset" 246
"../../../Engine/Content/EngineResources/Black.uasset" 247
"../../../Engine/Content/EngineResources/DefaultTexture.uasset" 248
"../../../Engine/Content/EngineResources/DefaultTextureCube.uasset" 249
"../../../Engine/Content/EngineResources/DefaultVolumeTexture2D.uasset" 250
"../../../Engine/Content/EngineResources/DefaultVolumeTexture.uasset" 251
"../../../Engine/Content/EngineResources/GradientTexture0.uasset" 252
"../../../Engine/Content/EngineSounds/Master.uasset" 253
"../../../Engine/Content/Functions/Engine_MaterialFunctions01/Shading/ConvertFromDiffSpec.uasset" 254
"../../../Engine/Content/Functions/Engine_MaterialFunctions01/Shading/PowerToRoughness.uasset" 255
"../../../Engine/Content/Maps/Templates/Thumbnails/Default.uasset" 256
"../../../Engine/Content/Maps/Templates/Thumbnails/TimeOfDay.uasset" 257
"../../../Engine/Content/Maps/Templates/Thumbnails/VR-Basic.uasset" 258
"../../../Engine/Content/MobileResources/T_MobileControls_texture.uasset" 259
"../../../Engine/Content/MobileResources/T_MobileMenu2.uasset" 260
"../../../Engine/Content/MobileResources/HUD/AnalogHat.uasset" 261
"../../../Engine/Content/MobileResources/HUD/VirtualJoystick_Background.uasset" 262
"../../../Engine/Content/MobileResources/HUD/VirtualJoystick_Thumb.uasset" 263
"../../../Engine/Content/MobileResources/HUD/DefaultVirtualJoysticks.uasset" 264
"../../../Engine/Content/MobileResources/HUD/LeftVirtualJoystickOnly.uasset" 265
"../../../Engine/Content/MobileResources/HUD/MobileHUDButton1_off.uasset" 266
"../../../Engine/Content/MobileResources/HUD/MobileHUDButton1_on.uasset" 267
"../../../Engine/Content/MobileResources/HUD/MobileHUDButton2_off.uasset" 268
"../../../Engine/Content/MobileResources/HUD/MobileHUDButton2_on.uasset" 269
"../../../Engine/Content/MobileResources/HUD/MobileHUDButton3.uasset" 270
"../../../Engine/Content/MobileResources/HUD/MobileHUDButtonFire.uasset" 271
"../../../Engine/Content/MobileResources/HUD/MobileHUDDirectionPad.uasset" 272
"../../../Engine/Content/MobileResources/HUD/MobileHUDDirectionPad2.uasset" 273
"../../../Engine/Content/MobileResources/HUD/MobileHUDDirectionPad3.uasset" 274
"../../../Engine/Content/MobileResources/HUD/MobileHUDDirectionStick.uasset" 275
"../../../Engine/Content/MobileResources/HUD/T_Castle_ThumbstickInner.uasset" 276
"../../../Engine/Content/MobileResources/HUD/T_Castle_ThumbstickOutter.uasset" 277
"../../../Engine/Content/Tutorial/ContentIntroCurve.uasset" 278
"../../../Engine/Content/Tutorial/Basics/LevelEditorAttract.uasset" 279
"../../../Engine/Content/Tutorial/BlueprintTutorials/TutorialAssets/Blueprint_64x.uasset" 280
"../../../Engine/Content/Tutorial/BlueprintTutorials/BlueprintEditorTutorial.uasset" 281
"../../../Engine/Content/VREditor/LaserPointer/VR_LaserPower_01.uasset" 282
"../../../Engine/Content/VREditor/TransformGizmo/TransformGizmoMaterial.uasset" 283
"../../../Engine/Content/VREditor/TransformGizmo/TranslucentTransformGizmoMaterial.uasset" 284
"../../../Engine/Content/VREditor/TransformGizmo/BoundingBoxCorner.uasset" 285
"../../../Engine/Content/VREditor/TransformGizmo/BoundingBoxEdge.uasset" 286
"../../../Engine/Content/VREditor/TransformGizmo/PlaneTranslationHandle.uasset" 287
"../../../Engine/Content/VREditor/TransformGizmo/Main.uasset" 288
"../../../Engine/Content/VREditor/TransformGizmo/Xray.uasset" 289
"../../../Engine/Content/VREditor/TransformGizmo/SM_Sequencer_Key.uasset" 290
"../../../Engine/Content/VREditor/TransformGizmo/SM_Sequencer_Node.uasset" 291
"../../Plugins/2D/Paper2D/Content/PlaceholderTextures/DummySpriteTexture.uasset" 292
"../../Plugins/2D/Paper2D/Content/DummySprite.uasset" 293
"../../Plugins/2D/Paper2D/Content/DefaultPaperTerrainMaterial.uasset" 294
"../../Plugins/2D/Paper2D/Content/DefaultSpriteMaterial.uasset" 295
"../../Plugins/2D/Paper2D/Content/MaskedUnlitSpriteMaterial.uasset" 296
"../../Plugins/2D/Paper2D/Content/OpaqueUnlitSpriteMaterial.uasset" 297
"../../Plugins/FX/Niagara/Content/Enums/ENiagaraBooleanLogicOps.uasset" 298
"../../Plugins/FX/Niagara/Content/Enums/ENiagaraCoordinateSpace.uasset" 299
"../../Plugins/FX/Niagara/Content/Enums/ENiagaraExpansionMode.uasset" 300
"../../Plugins/FX/Niagara/Content/Enums/ENiagaraOrientationAxis.uasset" 301
"../../Plugins/FX/Niagara/Content/Enums/ENiagaraRandomnessMode.uasset" 302
"../../../Engine/Content/Functions/Engine_MaterialFunctions02/Utility/BreakOutFloat4Components.uasset" 303
"../../../Engine/Content/Functions/Engine_MaterialFunctions02/Utility/MakeFloat2.uasset" 304
"../../../Engine/Content/Functions/Engine_MaterialFunctions02/Utility/MakeFloat3.uasset" 305
"../../Plugins/Runtime/Oculus/OculusVR/Content/Materials/OculusMR_ChromaKey.uasset" 306
"../../Plugins/Runtime/Oculus/OculusVR/Content/Materials/OculusMR_ChromaKey_Lit.uasset" 307
"../../Plugins/Runtime/Oculus/OculusVR/Content/Materials/OculusMR_OpaqueColoredMaterial.uasset" 308
"../../Plugins/Runtime/Oculus/OculusVR/Content/Materials/OculusMR_WhiteMaterial.uasset" 309
"../../../Engine/Content/EngineSky/C_Sky_Cloud_Color.uasset" 310
"../../../Engine/Content/EngineSky/C_Sky_Horizon_Color.uasset" 311
"../../../Engine/Content/EngineSky/C_Sky_Zenith_Color.uasset" 312
"../../../Engine/Content/EngineSky/T_Sky_Blue.uasset" 313
"../../../Engine/Content/EngineSky/T_Sky_Clouds_M.uasset" 314
"../../../Engine/Content/EngineSky/T_Sky_Stars.uasset" 315
"../../../Engine/Content/EngineSky/M_Sky_Panning_Clouds2.uasset" 316
"../../../Engine/Content/EngineSky/SM_SkySphere.uasset" 317
"../../../Engine/Content/EngineSky/BP_Sky_Sphere.uasset" 318
"../../../Engine/Content/BasicShapes/BasicShapeMaterial.uasset" 319
"../../../Engine/Content/BasicShapes/Cube.uasset" 320
"../../../Engine/Content/MapTemplates/SM_Template_Map_Floor.uasset" 321
"C:/Users/tommy/Documents/GitHub/EscapeThePlate/EscapeThePlate/Content/Levels/AsianEatery_v1_3.umap" 322
"C:/Users/tommy/Documents/GitHub/EscapeThePlate/EscapeThePlate/Content/Assets/Widgets/Icon_-_Red_Chili_v2.uasset" 323
"C:/Users/tommy/Documents/GitHub/EscapeThePlate/EscapeThePlate/Content/Blueprints/ChiliPepperCharacterBP.uasset" 324
"C:/Users/tommy/Documents/GitHub/EscapeThePlate/EscapeThePlate/Content/Assets/3DModels/tomato_clr.uasset" 325
"C:/Users/tommy/Documents/GitHub/EscapeThePlate/EscapeThePlate/Content/Blueprints/ChallengeCollectible.uasset" 326
"C:/Users/tommy/Documents/GitHub/EscapeThePlate/EscapeThePlate/Content/Blueprints/ContaminationPlane.uasset" 327
"C:/Users/tommy/Documents/GitHub/EscapeThePlate/EscapeThePlate/Content/Blueprints/EscapeZone.uasset" 328
"C:/Users/tommy/Documents/GitHub/EscapeThePlate/EscapeThePlate/Content/Assets/3DModels/Kitchen_trash_can.uasset" 329
"C:/Users/tommy/Documents/GitHub/EscapeThePlate/EscapeThePlate/Content/Blueprints/IngredientDeathZoneBP.uasset" 330
"C:/Users/tommy/Documents/GitHub/EscapeThePlate/EscapeThePlate/Content/Assets/3DModels/Twin_cellinglight.uasset" 331
"C:/Users/tommy/Documents/GitHub/EscapeThePlate/EscapeThePlate/Content/Blueprints/TwinLightActor.uasset" 332
"C:/Users/tommy/Documents/GitHub/EscapeThePlate/EscapeThePlate/Content/Levels/AsianEatery_v3_BuiltData.uasset" 333
"../../../Engine/Content/EngineDebugMaterials/VertexColorViewMode_GreenOnly.uasset" 334
"C:/Users/tommy/Documents/GitHub/EscapeThePlate/EscapeThePlate/Content/Assets/Textures/4_stove_comp_map.uasset" 335
"C:/Users/tommy/Documents/GitHub/EscapeThePlate/EscapeThePlate/Content/Assets/Textures/4_stove_comp_map_Mat.uasset" 336
"C:/Users/tommy/Documents/GitHub/EscapeThePlate/EscapeThePlate/Content/Assets/Textures/Fire_alarm_map.uasset" 337
"C:/Users/tommy/Documents/GitHub/EscapeThePlate/EscapeThePlate/Content/Assets/Textures/Fire_alarm_map_Mat.uasset" 338
"C:/Users/tommy/Documents/GitHub/EscapeThePlate/EscapeThePlate/Content/Assets/Textures/Hand_soap__map.uasset" 339
"C:/Users/tommy/Documents/GitHub/EscapeThePlate/EscapeThePlate/Content/Assets/Textures/Hand_soap__map_Mat.uasset" 340
"C:/Users/tommy/Documents/GitHub/EscapeThePlate/EscapeThePlate/Content/Assets/Textures/ItemMats/BananaMat.uasset" 341
"C:/Users/tommy/Documents/GitHub/EscapeThePlate/EscapeThePlate/Content/Assets/Textures/ItemMats/BowlMat.uasset" 342
"C:/Users/tommy/Documents/GitHub/EscapeThePlate/EscapeThePlate/Content/Assets/Textures/ItemMats/CarrotMat.uasset" 343
"C:/Users/tommy/Documents/GitHub/EscapeThePlate/EscapeThePlate/Content/Assets/Textures/ItemMats/CuttingBoard.uasset" 344
"C:/Users/tommy/Documents/GitHub/EscapeThePlate/EscapeThePlate/Content/Assets/Textures/ItemMats/KnifeMat.uasset" 345
"C:/Users/tommy/Documents/GitHub/EscapeThePlate/EscapeThePlate/Content/Assets/Textures/ItemMats/OnionMat.uasset" 346
"C:/Users/tommy/Documents/GitHub/EscapeThePlate/EscapeThePlate/Content/Assets/Textures/ItemMats/PlateMat.uasset" 347
"C:/Users/tommy/Documents/GitHub/EscapeThePlate/EscapeThePlate/Content/Assets/Textures/ItemMats/QuartMat.uasset" 348
"C:/Users/tommy/Documents/GitHub/EscapeThePlate/EscapeThePlate/Content/Assets/Textures/ItemMats/SingleSinkMat.uasset" 349
"C:/Users/tommy/Documents/GitHub/EscapeThePlate/EscapeThePlate/Content/Assets/Textures/Trash_bin_map.uasset" 350
"C:/Users/tommy/Documents/GitHub/EscapeThePlate/EscapeThePlate/Content/Assets/Textures/Trash_bin_map_Mat.uasset" 351
"../../../Engine/Content/EngineMaterials/DefaultPhysicalMaterial.uasset" 352
"C:/Users/tommy/Documents/GitHub/EscapeThePlate/EscapeThePlate/Content/Assets/Textures/WallMats/BrownFloor.uasset" 353
"C:/Users/tommy/Documents/GitHub/EscapeThePlate/EscapeThePlate/Content/Assets/Textures/WallMats/DoorMat.uasset" 354
"C:/Users/tommy/Documents/GitHub/EscapeThePlate/EscapeThePlate/Content/Assets/Textures/WallMats/RedWall.uasset" 355
"C:/Users/tommy/Documents/GitHub/EscapeThePlate/EscapeThePlate/Content/Assets/Textures/Wok_map.uasset" 356
"C:/Users/tommy/Documents/GitHub/EscapeThePlate/EscapeThePlate/Content/Assets/Textures/Wok_map_Mat.uasset" 357
"C:/Users/tommy/Documents/GitHub/EscapeThePlate/EscapeThePlate/Content/Assets/3DModels/ChineseBowlStack_1.uasset" 358
"C:/Users/tommy/Documents/GitHub/EscapeThePlate/EscapeThePlate/Content/Assets/3DModels/ChineseBowlStack_2.uasset" 359
"C:/Users/tommy/Documents/GitHub/EscapeThePlate/EscapeThePlate/Content/Assets/3DModels/ChineseBowlStack_3.uasset" 360
"C:/Users/tommy/Documents/GitHub/EscapeThePlate/EscapeThePlate/Content/Assets/3DModels/ChineseSpoon.uasset" 361
"C:/Users/tommy/Documents/GitHub/EscapeThePlate/EscapeThePlate/Content/Assets/3DModels/ChopstickCup.uasset" 362
"C:/Users/tommy/Documents/GitHub/EscapeThePlate/EscapeThePlate/Content/Assets/3DModels/cutting_board.uasset" 363
"C:/Users/tommy/Documents/GitHub/EscapeThePlate/EscapeThePlate/Content/Assets/3DModels/flour_package.uasset" 364
"C:/Users/tommy/Documents/GitHub/EscapeThePlate/EscapeThePlate/Content/Assets/3DModels/Hand_soap.uasset" 365
"C:/Users/tommy/Documents/GitHub/EscapeThePlate/EscapeThePlate/Content/Assets/3DModels/Kitchen_4wok_comp_pCylinder5.uasset" 366
"C:/Users/tommy/Documents/GitHub/EscapeThePlate/EscapeThePlate/Content/Assets/3DModels/Kitchen_fire_alarm_pCylinder1.uasset" 367
"C:/Users/tommy/Documents/GitHub/EscapeThePlate/EscapeThePlate/Content/Assets/3DModels/pCube8Mat.uasset" 368
"C:/Users/tommy/Documents/GitHub/EscapeThePlate/EscapeThePlate/Content/Assets/3DModels/Kitchen_freezer.uasset" 369
"C:/Users/tommy/Documents/GitHub/EscapeThePlate/EscapeThePlate/Content/Assets/3DModels/lambert1.uasset" 370
"C:/Users/tommy/Documents/GitHub/EscapeThePlate/EscapeThePlate/Content/Assets/3DModels/Kitchen_frig_prep_counter.uasset" 371
"C:/Users/tommy/Documents/GitHub/EscapeThePlate/EscapeThePlate/Content/Assets/3DModels/pCube3Mat.uasset" 372
"C:/Users/tommy/Documents/GitHub/EscapeThePlate/EscapeThePlate/Content/Assets/3DModels/Kitchen_handwash_station.uasset" 373
"C:/Users/tommy/Documents/GitHub/EscapeThePlate/EscapeThePlate/Content/Assets/3DModels/Kitchen_knife_tri_pCube1.uasset" 374
"C:/Users/tommy/Documents/GitHub/EscapeThePlate/EscapeThePlate/Content/Assets/3DModels/Kitchen_new_rack.uasset" 375
"C:/Users/tommy/Documents/GitHub/EscapeThePlate/EscapeThePlate/Content/Assets/3DModels/pCylinder5Mat.uasset" 376
"C:/Users/tommy/Documents/GitHub/EscapeThePlate/EscapeThePlate/Content/Assets/3DModels/Kitchen_prep_station.uasset" 377
"C:/Users/tommy/Documents/GitHub/EscapeThePlate/EscapeThePlate/Content/Assets/3DModels/Kitchen_single_door_freezer.uasset" 378
"C:/Users/tommy/Documents/GitHub/EscapeThePlate/EscapeThePlate/Content/Assets/3DModels/pCube6Mat.uasset" 379
"C:/Users/tommy/Documents/GitHub/EscapeThePlate/EscapeThePlate/Content/Assets/3DModels/Kitchen_sink_tri.uasset" 380
"C:/Users/tommy/Documents/GitHub/EscapeThePlate/EscapeThePlate/Content/Assets/3DModels/Kitchen_stove_tri_pCube11.uasset" 381
"C:/Users/tommy/Documents/GitHub/EscapeThePlate/EscapeThePlate/Content/Assets/3DModels/pSphere2Mat.uasset" 382
"C:/Users/tommy/Documents/GitHub/EscapeThePlate/EscapeThePlate/Content/Assets/3DModels/Kitchen_wok.uasset" 383
"C:/Users/tommy/Documents/GitHub/EscapeThePlate/EscapeThePlate/Content/Assets/3DModels/Ladle.uasset" 384
"C:/Users/tommy/Documents/GitHub/EscapeThePlate/EscapeThePlate/Content/Assets/3DModels/MixingBowl.uasset" 385
"C:/Users/tommy/Documents/GitHub/EscapeThePlate/EscapeThePlate/Content/Assets/3DModels/PlateStack_1.uasset" 386
"C:/Users/tommy/Documents/GitHub/EscapeThePlate/EscapeThePlate/Content/Assets/3DModels/PlateStack_2.uasset" 387
"C:/Users/tommy/Documents/GitHub/EscapeThePlate/EscapeThePlate/Content/Assets/3DModels/PlateStack_3.uasset" 388
"C:/Users/tommy/Documents/GitHub/EscapeThePlate/EscapeThePlate/Content/Assets/3DModels/quart_container.uasset" 389
"C:/Users/tommy/Documents/GitHub/EscapeThePlate/EscapeThePlate/Content/Assets/3DModels/quart_container__01obj.uasset" 390
"C:/Users/tommy/Documents/GitHub/EscapeThePlate/EscapeThePlate/Content/Assets/3DModels/WokSpatula.uasset" 391
"C:/Users/tommy/Documents/GitHub/EscapeThePlate/EscapeThePlate/Content/Levels/AsianEatery_v3.umap" 392
"../../../Engine/Content/EngineResources/AICON-Red.uasset" 393
"C:/Users/tommy/Documents/GitHub/EscapeThePlate/EscapeThePlate/Content/Assets/FBXs/Onion/initialShadingGroup.uasset" 394
"C:/Users/tommy/Documents/GitHub/EscapeThePlate/EscapeThePlate/Content/Assets/FBXs/Onion/Onion_PhysicsAsset.uasset" 395
"C:/Users/tommy/Documents/GitHub/EscapeThePlate/EscapeThePlate/Content/Assets/FBXs/Onion/Onion.uasset" 396
"C:/Users/tommy/Documents/GitHub/EscapeThePlate/EscapeThePlate/Content/Blueprints/RedOnionBP.uasset" 397
"C:/Users/tommy/Documents/GitHub/EscapeThePlate/EscapeThePlate/Content/Widgets/SimpleText.uasset" 398
"C:/Users/tommy/Documents/GitHub/EscapeThePlate/EscapeThePlate/Content/Blueprints/WorldPlaceableText.uasset" 399
"C:/Users/tommy/Documents/GitHub/EscapeThePlate/EscapeThePlate/Content/Levels/PrototypeLevel_BuiltData.uasset" 400
"../../../Engine/Content/EditorMaterials/AntialiasedGridFloor.uasset" 401
"../../../Engine/Content/EditorResources/TilePatine_D.uasset" 402
"../../../Engine/Content/EditorResources/TilePatine_N.uasset" 403
"../../../Engine/Content/EngineMaterials/Grid.uasset" 404
"../../../Engine/Content/EditorMaterials/PersonaFloorMat.uasset" 405
"../../../Engine/Content/MapTemplates/Sky/DaylightAmbientCubemap.uasset" 406
"../../../Engine/Content/EditorMaterials/PersonaSky.uasset" 407
"C:/Users/tommy/Documents/GitHub/EscapeThePlate/EscapeThePlate/Content/Assets/3DModels/Bananas_pCylinder1.uasset" 408
"C:/Users/tommy/Documents/GitHub/EscapeThePlate/EscapeThePlate/Content/Assets/3DModels/Chicken_Breast_pCube1.uasset" 409
"C:/Users/tommy/Documents/GitHub/EscapeThePlate/EscapeThePlate/Content/Assets/3DModels/Grapefruit_pSphere6.uasset" 410
"C:/Users/tommy/Documents/GitHub/EscapeThePlate/EscapeThePlate/Content/Assets/3DModels/Lemon_pSphere7.uasset" 411
"C:/Users/tommy/Documents/GitHub/EscapeThePlate/EscapeThePlate/Content/Assets/3DModels/Tomato_pSphere3.uasset" 412
"C:/Users/tommy/Documents/GitHub/EscapeThePlate/EscapeThePlate/Content/Levels/PrototypeLevel.umap" 413
"C:/Users/tommy/Documents/GitHub/EscapeThePlate/EscapeThePlate/Content/Blueprints/CameraPawn.uasset" 414
"C:/Users/tommy/Documents/GitHub/EscapeThePlate/EscapeThePlate/Content/Assets/3DModels/Celling_light.uasset" 415
"C:/Users/tommy/Documents/GitHub/EscapeThePlate/EscapeThePlate/Content/Blueprints/LightActor.uasset" 416
"C:/Users/tommy/Documents/GitHub/EscapeThePlate/EscapeThePlate/Content/Levels/StartLevel_BuiltData.uasset" 417
"C:/Users/tommy/Documents/GitHub/EscapeThePlate/EscapeThePlate/Content/Assets/Textures/WallMats/BlueWall.uasset" 418
"C:/Users/tommy/Documents/GitHub/EscapeThePlate/EscapeThePlate/Content/Assets/Widgets/ETP_Logo_PNG.uasset" 419
"C:/Users/tommy/Documents/GitHub/EscapeThePlate/EscapeThePlate/Content/Widgets/LevelSelectorButton.uasset" 420
"C:/Users/tommy/Documents/GitHub/EscapeThePlate/EscapeThePlate/Content/Widgets/LevelDisplayWidget.uasset" 421
"C:/Users/tommy/Documents/GitHub/EscapeThePlate/EscapeThePlate/Content/Widgets/MainMenu.uasset" 422
"C:/Users/tommy/Documents/GitHub/EscapeThePlate/EscapeThePlate/Content/Levels/StartLevel.umap" 423
"C:/Users/tommy/Documents/GitHub/EscapeThePlate/EscapeThePlate/Content/Blueprints/Climbables/ClimbableFreezer.uasset" 424
"C:/Users/tommy/Documents/GitHub/EscapeThePlate/EscapeThePlate/Content/Blueprints/Climbables/ClimbableWall.uasset" 425
"C:/Users/tommy/Documents/GitHub/EscapeThePlate/EscapeThePlate/Content/Blueprints/TextShowTrigger.uasset" 426
"C:/Users/tommy/Documents/GitHub/EscapeThePlate/EscapeThePlate/Content/Levels/TutorialLevel_BuiltData.uasset" 427
"../../../Engine/Content/MapTemplates/Materials/BasicAsset03.uasset" 428
"C:/Users/tommy/Documents/GitHub/EscapeThePlate/EscapeThePlate/Content/Assets/Textures/ItemMats/ChickenMat.uasset" 429
"C:/Users/tommy/Documents/GitHub/EscapeThePlate/EscapeThePlate/Content/Assets/Textures/ItemMats/PrepMat.uasset" 430
"C:/Users/tommy/Documents/GitHub/EscapeThePlate/EscapeThePlate/Content/Assets/Textures/WallMats/GreyFloor.uasset" 431
"C:/Users/tommy/Documents/GitHub/EscapeThePlate/EscapeThePlate/Content/Assets/3DModels/ChineseBowl.uasset" 432
"C:/Users/tommy/Documents/GitHub/EscapeThePlate/EscapeThePlate/Content/Assets/3DModels/Kitchen_utensil_rack.uasset" 433
"C:/Users/tommy/Documents/GitHub/EscapeThePlate/EscapeThePlate/Content/Assets/3DModels/Orange.uasset" 434
"C:/Users/tommy/Documents/GitHub/EscapeThePlate/EscapeThePlate/Content/Assets/3DModels/Plate.uasset" 435
"C:/Users/tommy/Documents/GitHub/EscapeThePlate/EscapeThePlate/Content/Levels/TutorialLevel.umap" 436
"../../../Engine/Content/Maps/Entry_BuiltData.uasset" 437
"../../../Engine/Content/Maps/Entry.umap" 438
