Log file open, 10/27/20 23:52:31
LogInit: Display: Running engine for game: EscapeThePlate
LogPlatformFile: Not using cached read wrapper
LogTaskGraph: Started task graph with 5 named threads and 47 total threads with 3 sets of task threads.
LogStats: Stats thread started at 0.224506
LogD3D11RHI: Loaded GFSDK_Aftermath_Lib.x64.dll
LogICUInternationalization: ICU TimeZone Detection - Raw Offset: -7:00, Platform Override: ''
LogPluginManager: Mounting plugin Paper2D
LogPluginManager: Mounting plugin AISupport
LogPluginManager: Mounting plugin LightPropagationVolume
LogPluginManager: Mounting plugin CameraShakePreviewer
LogPluginManager: Mounting plugin ActorLayerUtilities
LogPluginManager: Mounting plugin AnimationSharing
LogPluginManager: Mounting plugin CLionSourceCodeAccess
LogPluginManager: Mounting plugin CodeLiteSourceCodeAccess
LogPluginManager: Mounting plugin GitSourceControl
LogPluginManager: Mounting plugin KDevelopSourceCodeAccess
LogPluginManager: Mounting plugin NullSourceCodeAccess
LogPluginManager: Mounting plugin PerforceSourceControl
LogPluginManager: Mounting plugin PlasticSourceControl
LogPluginManager: Mounting plugin RiderSourceCodeAccess
LogPluginManager: Mounting plugin SubversionSourceControl
LogPluginManager: Mounting plugin UObjectPlugin
LogPluginManager: Mounting plugin VisualStudioCodeSourceCodeAccess
LogPluginManager: Mounting plugin VisualStudioSourceCodeAccess
LogPluginManager: Mounting plugin XCodeSourceCodeAccess
LogPluginManager: Mounting plugin AssetManagerEditor
LogPluginManager: Mounting plugin CryptoKeys
LogPluginManager: Mounting plugin CurveEditorTools
LogPluginManager: Mounting plugin DataValidation
LogPluginManager: Mounting plugin EditorScriptingUtilities
LogPluginManager: Mounting plugin FacialAnimation
LogPluginManager: Mounting plugin GameplayTagsEditor
LogPluginManager: Mounting plugin GeometryMode
LogPluginManager: Mounting plugin MacGraphicsSwitching
LogPluginManager: Mounting plugin MaterialAnalyzer
LogPluginManager: Mounting plugin MobileLauncherProfileWizard
LogPluginManager: Mounting plugin PluginBrowser
LogPluginManager: Mounting plugin SpeedTreeImporter
LogPluginManager: Mounting plugin DatasmithContent
LogPluginManager: Mounting plugin VariantManagerContent
LogPluginManager: Mounting plugin AlembicImporter
LogPluginManager: Mounting plugin AutomationUtils
LogPluginManager: Mounting plugin BackChannel
LogPluginManager: Mounting plugin ChaosCloth
LogPluginManager: Mounting plugin ChaosClothEditor
LogPluginManager: Mounting plugin ChaosEditor
LogPluginManager: Mounting plugin ChaosNiagara
LogPluginManager: Mounting plugin ChaosSolverPlugin
LogPluginManager: Mounting plugin CharacterAI
LogPluginManager: Mounting plugin GeometryCache
LogPluginManager: Mounting plugin GeometryCollectionPlugin
LogPluginManager: Mounting plugin GeometryProcessing
LogPluginManager: Mounting plugin PlanarCut
LogPluginManager: Mounting plugin PlatformCrypto
LogPluginManager: Mounting plugin ProxyLODPlugin
LogPluginManager: Mounting plugin SkeletalReduction
LogPluginManager: Mounting plugin Niagara
LogPluginManager: Mounting plugin MagicLeap
LogPluginManager: Mounting plugin MagicLeapLightEstimation
LogPluginManager: Mounting plugin MagicLeapMedia
LogPluginManager: Mounting plugin MagicLeapPassableWorld
LogPluginManager: Mounting plugin MLSDK
LogPluginManager: Mounting plugin AndroidMedia
LogPluginManager: Mounting plugin AvfMedia
LogPluginManager: Mounting plugin ImgMedia
LogPluginManager: Mounting plugin MediaCompositing
LogPluginManager: Mounting plugin MediaPlayerEditor
LogPluginManager: Mounting plugin WebMMedia
LogPluginManager: Mounting plugin WmfMedia
LogPluginManager: Mounting plugin MeshPainting
LogPluginManager: Mounting plugin TcpMessaging
LogPluginManager: Mounting plugin UdpMessaging
LogPluginManager: Mounting plugin ActorSequence
LogPluginManager: Mounting plugin LevelSequenceEditor
LogPluginManager: Mounting plugin MatineeToLevelSequence
LogPluginManager: Mounting plugin MovieRenderPipeline
LogPluginManager: Mounting plugin TemplateSequence
LogPluginManager: Mounting plugin NetcodeUnitTest
LogPluginManager: Mounting plugin NUTUnrealEngine4
LogPluginManager: Mounting plugin OnlineSubsystemGooglePlay
LogPluginManager: Mounting plugin OnlineSubsystemIOS
LogPluginManager: Mounting plugin OnlineSubsystem
LogPluginManager: Mounting plugin OnlineSubsystemNull
LogPluginManager: Mounting plugin OnlineSubsystemUtils
LogPluginManager: Mounting plugin LauncherChunkInstaller
LogPluginManager: Mounting plugin AndroidDeviceProfileSelector
LogPluginManager: Mounting plugin AndroidMoviePlayer
LogPluginManager: Mounting plugin AndroidPermission
LogPluginManager: Mounting plugin AppleImageUtils
LogPluginManager: Mounting plugin AppleMoviePlayer
LogPluginManager: Mounting plugin ArchVisCharacter
LogPluginManager: Mounting plugin AssetTags
LogPluginManager: Mounting plugin AudioCapture
LogPluginManager: Mounting plugin CableComponent
LogPluginManager: Mounting plugin CustomMeshComponent
LogPluginManager: Mounting plugin EditableMesh
LogPluginManager: Mounting plugin ExampleDeviceProfileSelector
LogPluginManager: Mounting plugin GoogleCloudMessaging
LogPluginManager: Mounting plugin GooglePAD
LogPluginManager: Mounting plugin IOSDeviceProfileSelector
LogPluginManager: Mounting plugin LinuxDeviceProfileSelector
LogPluginManager: Mounting plugin LocationServicesBPLibrary
LogPluginManager: Mounting plugin MobilePatchingUtils
LogPluginManager: Mounting plugin OculusVR
LogPluginManager: Mounting plugin PhysXVehicles
LogPluginManager: Mounting plugin PostSplashScreen
LogPluginManager: Mounting plugin ProceduralMeshComponent
LogPluginManager: Mounting plugin RuntimePhysXCooking
LogPluginManager: Mounting plugin SignificanceManager
LogPluginManager: Mounting plugin SoundFields
LogPluginManager: Mounting plugin SteamVR
LogPluginManager: Mounting plugin Synthesis
LogPluginManager: Mounting plugin WebMMoviePlayer
LogPluginManager: Mounting plugin WindowsMoviePlayer
LogPluginManager: Mounting plugin ScreenshotTools
LogInit: Using libcurl 7.55.1-DEV
LogInit:  - built for x86_64-pc-win32
LogInit:  - supports SSL with OpenSSL/1.1.1
LogInit:  - supports HTTP deflate (compression) using libz 1.2.8
LogInit:  - other features:
LogInit:      CURL_VERSION_SSL
LogInit:      CURL_VERSION_LIBZ
LogInit:      CURL_VERSION_IPV6
LogInit:      CURL_VERSION_ASYNCHDNS
LogInit:      CURL_VERSION_LARGEFILE
LogInit:      CURL_VERSION_IDN
LogInit:  CurlRequestOptions (configurable via config and command line):
LogInit:  - bVerifyPeer = true  - Libcurl will verify peer certificate
LogInit:  - bUseHttpProxy = false  - Libcurl will NOT use HTTP proxy
LogInit:  - bDontReuseConnections = false  - Libcurl will reuse connections
LogInit:  - MaxHostConnections = 16  - Libcurl will limit the number of connections to a host
LogInit:  - LocalHostAddr = Default
LogInit:  - BufferSize = 65536
LogOnline: OSS: Creating online subsystem instance for: NULL
LogInit: WinSock: version 1.1 (2.2), MaxSocks=32767, MaxUdp=65467
LogOnline: OSS: TryLoadSubsystemAndSetDefault: Loaded subsystem for module [NULL]
LogInit: Build: ++UE4+Release-4.25-CL-13942748
LogInit: Engine Version: 4.25.3-13942748+++UE4+Release-4.25
LogInit: Compatible Engine Version: 4.25.0-13144385+++UE4+Release-4.25
LogInit: Net CL: 13144385
LogInit: OS: Windows 10 (Release 1909) (), CPU: Intel(R) Core(TM) i7-10700 CPU @ 2.90GHz, GPU: NVIDIA GeForce RTX 2060 SUPER
LogInit: Compiled (64-bit): Jul 25 2020 02:07:48
LogInit: Compiled with Visual C++: 19.24.28315.00
LogInit: Build Configuration: Development
LogInit: Branch Name: ++UE4+Release-4.25
LogInit: Command Line:  -skipcompile
LogInit: Base Directory: D:/Unreal/UE_4.25/Engine/Binaries/Win64/
LogInit: Allocator: TBB
LogInit: Installed Engine Build: 1
LogDevObjectVersion: Number of dev versions registered: 26
LogDevObjectVersion:   Dev-Blueprints (B0D832E4-1F89-4F0D-ACCF-7EB736FD4AA2): 10
LogDevObjectVersion:   Dev-Build (E1C64328-A22C-4D53-A36C-8E866417BD8C): 0
LogDevObjectVersion:   Dev-Core (375EC13C-06E4-48FB-B500-84F0262A717E): 4
LogDevObjectVersion:   Dev-Editor (E4B068ED-F494-42E9-A231-DA0B2E46BB41): 38
LogDevObjectVersion:   Dev-Framework (CFFC743F-43B0-4480-9391-14DF171D2073): 37
LogDevObjectVersion:   Dev-Mobile (B02B49B5-BB20-44E9-A304-32B752E40360): 2
LogDevObjectVersion:   Dev-Networking (A4E4105C-59A1-49B5-A7C5-40C4547EDFEE): 0
LogDevObjectVersion:   Dev-Online (39C831C9-5AE6-47DC-9A44-9C173E1C8E7C): 0
LogDevObjectVersion:   Dev-Physics (78F01B33-EBEA-4F98-B9B4-84EACCB95AA2): 4
LogDevObjectVersion:   Dev-Platform (6631380F-2D4D-43E0-8009-CF276956A95A): 0
LogDevObjectVersion:   Dev-Rendering (12F88B9F-8875-4AFC-A67C-D90C383ABD29): 43
LogDevObjectVersion:   Dev-Sequencer (7B5AE74C-D270-4C10-A958-57980B212A5A): 12
LogDevObjectVersion:   Dev-VR (D7296918-1DD6-4BDD-9DE2-64A83CC13884): 3
LogDevObjectVersion:   Dev-LoadTimes (C2A15278-BFE7-4AFE-6C17-90FF531DF755): 1
LogDevObjectVersion:   Private-Geometry (6EACA3D4-40EC-4CC1-B786-8BED09428FC5): 3
LogDevObjectVersion:   Dev-AnimPhys (29E575DD-E0A3-4627-9D10-D276232CDCEA): 17
LogDevObjectVersion:   Dev-Anim (AF43A65D-7FD3-4947-9873-3E8ED9C1BB05): 7
LogDevObjectVersion:   Dev-ReflectionCapture (6B266CEC-1EC7-4B8F-A30B-E4D90942FC07): 1
LogDevObjectVersion:   Dev-Automation (0DF73D61-A23F-47EA-B727-89E90C41499A): 1
LogDevObjectVersion:   FortniteMain (601D1886-AC64-4F84-AA16-D3DE0DEAC7D6): 31
LogDevObjectVersion:   Dev-Enterprise (9DFFBCD6-494F-0158-E221-12823C92A888): 10
LogDevObjectVersion:   Dev-Niagara (F2AED0AC-9AFE-416F-8664-AA7FFA26D6FC): 1
LogDevObjectVersion:   Dev-Destruction (174F1F0B-B4C6-45A5-B13F-2EE8D0FB917D): 10
LogDevObjectVersion:   Dev-Physics-Ext (35F94A83-E258-406C-A318-09F59610247C): 37
LogDevObjectVersion:   Dev-PhysicsMaterial-Chaos (B68FC16E-8B1B-42E2-B453-215C058844FE): 1
LogDevObjectVersion:   Dev-CineCamera (B2E18506-4273-CFC2-A54E-F4BB758BBA07): 1
LogInit: Presizing for max 25165824 objects, including 0 objects not considered by GC, pre-allocating 0 bytes for permanent pool.
LogConfig: Applying CVar settings from Section [/Script/Engine.StreamingSettings] File [C:/Users/tommy/Documents/GitHub/EscapeThePlate/EscapeThePlate/Saved/Config/Windows/Engine.ini]
LogConfig: Setting CVar [[s.MinBulkDataSizeForAsyncLoading:131072]]
LogConfig: Setting CVar [[s.AsyncLoadingThreadEnabled:0]]
LogConfig: Setting CVar [[s.EventDrivenLoaderEnabled:1]]
LogConfig: Setting CVar [[s.WarnIfTimeLimitExceeded:0]]
LogConfig: Setting CVar [[s.TimeLimitExceededMultiplier:1.5]]
LogConfig: Setting CVar [[s.TimeLimitExceededMinTime:0.005]]
LogConfig: Setting CVar [[s.UseBackgroundLevelStreaming:1]]
LogConfig: Setting CVar [[s.PriorityAsyncLoadingExtraTime:15.0]]
LogConfig: Setting CVar [[s.LevelStreamingActorsUpdateTimeLimit:5.0]]
LogConfig: Setting CVar [[s.PriorityLevelStreamingActorsUpdateExtraTime:5.0]]
LogConfig: Setting CVar [[s.LevelStreamingComponentsRegistrationGranularity:10]]
LogConfig: Setting CVar [[s.UnregisterComponentsTimeLimit:1.0]]
LogConfig: Setting CVar [[s.LevelStreamingComponentsUnregistrationGranularity:5]]
LogConfig: Setting CVar [[s.FlushStreamingOnExit:1]]
LogInit: Object subsystem initialized
LogConfig: Setting CVar [[con.DebugEarlyDefault:1]]
LogConfig: Setting CVar [[r.setres:1280x720]]
[2020.10.28-05.52.32:239][  0]LogConfig: Setting CVar [[r.VSync:0]]
[2020.10.28-05.52.32:239][  0]LogConfig: Setting CVar [[r.RHICmdBypass:0]]
[2020.10.28-05.52.32:239][  0]LogConfig: Applying CVar settings from Section [/Script/Engine.RendererSettings] File [C:/Users/tommy/Documents/GitHub/EscapeThePlate/EscapeThePlate/Saved/Config/Windows/Engine.ini]
[2020.10.28-05.52.32:239][  0]LogConfig: Setting CVar [[r.GPUCrashDebugging:0]]
[2020.10.28-05.52.32:239][  0]LogConfig: Applying CVar settings from Section [/Script/Engine.RendererOverrideSettings] File [C:/Users/tommy/Documents/GitHub/EscapeThePlate/EscapeThePlate/Saved/Config/Windows/Engine.ini]
[2020.10.28-05.52.32:239][  0]LogConfig: Applying CVar settings from Section [/Script/Engine.StreamingSettings] File [C:/Users/tommy/Documents/GitHub/EscapeThePlate/EscapeThePlate/Saved/Config/Windows/Engine.ini]
[2020.10.28-05.52.32:239][  0]LogConfig: Setting CVar [[s.MinBulkDataSizeForAsyncLoading:131072]]
[2020.10.28-05.52.32:239][  0]LogConfig: Setting CVar [[s.AsyncLoadingThreadEnabled:0]]
[2020.10.28-05.52.32:239][  0]LogConfig: Setting CVar [[s.EventDrivenLoaderEnabled:1]]
[2020.10.28-05.52.32:239][  0]LogConfig: Setting CVar [[s.WarnIfTimeLimitExceeded:0]]
[2020.10.28-05.52.32:239][  0]LogConfig: Setting CVar [[s.TimeLimitExceededMultiplier:1.5]]
[2020.10.28-05.52.32:239][  0]LogConfig: Setting CVar [[s.TimeLimitExceededMinTime:0.005]]
[2020.10.28-05.52.32:239][  0]LogConfig: Setting CVar [[s.UseBackgroundLevelStreaming:1]]
[2020.10.28-05.52.32:239][  0]LogConfig: Setting CVar [[s.PriorityAsyncLoadingExtraTime:15.0]]
[2020.10.28-05.52.32:239][  0]LogConfig: Setting CVar [[s.LevelStreamingActorsUpdateTimeLimit:5.0]]
[2020.10.28-05.52.32:239][  0]LogConfig: Setting CVar [[s.PriorityLevelStreamingActorsUpdateExtraTime:5.0]]
[2020.10.28-05.52.32:240][  0]LogConfig: Setting CVar [[s.LevelStreamingComponentsRegistrationGranularity:10]]
[2020.10.28-05.52.32:240][  0]LogConfig: Setting CVar [[s.UnregisterComponentsTimeLimit:1.0]]
[2020.10.28-05.52.32:240][  0]LogConfig: Setting CVar [[s.LevelStreamingComponentsUnregistrationGranularity:5]]
[2020.10.28-05.52.32:240][  0]LogConfig: Setting CVar [[s.FlushStreamingOnExit:1]]
[2020.10.28-05.52.32:240][  0]LogConfig: Applying CVar settings from Section [/Script/Engine.GarbageCollectionSettings] File [C:/Users/tommy/Documents/GitHub/EscapeThePlate/EscapeThePlate/Saved/Config/Windows/Engine.ini]
[2020.10.28-05.52.32:240][  0]LogConfig: Setting CVar [[gc.MaxObjectsNotConsideredByGC:1]]
[2020.10.28-05.52.32:240][  0]LogConfig: Setting CVar [[gc.SizeOfPermanentObjectPool:0]]
[2020.10.28-05.52.32:240][  0]LogConfig: Setting CVar [[gc.FlushStreamingOnGC:0]]
[2020.10.28-05.52.32:240][  0]LogConfig: Setting CVar [[gc.NumRetriesBeforeForcingGC:10]]
[2020.10.28-05.52.32:240][  0]LogConfig: Setting CVar [[gc.AllowParallelGC:1]]
[2020.10.28-05.52.32:240][  0]LogConfig: Setting CVar [[gc.TimeBetweenPurgingPendingKillObjects:61.1]]
[2020.10.28-05.52.32:240][  0]LogConfig: Setting CVar [[gc.MaxObjectsInEditor:25165824]]
[2020.10.28-05.52.32:240][  0]LogConfig: Setting CVar [[gc.IncrementalBeginDestroyEnabled:1]]
[2020.10.28-05.52.32:240][  0]LogConfig: Setting CVar [[gc.CreateGCClusters:1]]
[2020.10.28-05.52.32:240][  0]LogConfig: Setting CVar [[gc.MinGCClusterSize:5]]
[2020.10.28-05.52.32:240][  0]LogConfig: Setting CVar [[gc.ActorClusteringEnabled:0]]
[2020.10.28-05.52.32:240][  0]LogConfig: Setting CVar [[gc.BlueprintClusteringEnabled:0]]
[2020.10.28-05.52.32:240][  0]LogConfig: Setting CVar [[gc.UseDisregardForGCOnDedicatedServers:0]]
[2020.10.28-05.52.32:240][  0]LogConfig: Applying CVar settings from Section [/Script/Engine.NetworkSettings] File [C:/Users/tommy/Documents/GitHub/EscapeThePlate/EscapeThePlate/Saved/Config/Windows/Engine.ini]
[2020.10.28-05.52.32:240][  0]LogConfig: Applying CVar settings from Section [/Script/UnrealEd.CookerSettings] File [C:/Users/tommy/Documents/GitHub/EscapeThePlate/EscapeThePlate/Saved/Config/Windows/Engine.ini]
[2020.10.28-05.52.32:243][  0]LogConfig: Applying CVar settings from Section [ViewDistanceQuality@3] File [C:/Users/tommy/Documents/GitHub/EscapeThePlate/EscapeThePlate/Saved/Config/Windows/Scalability.ini]
[2020.10.28-05.52.32:243][  0]LogConfig: Setting CVar [[r.SkeletalMeshLODBias:0]]
[2020.10.28-05.52.32:243][  0]LogConfig: Setting CVar [[r.ViewDistanceScale:1.0]]
[2020.10.28-05.52.32:243][  0]LogConfig: Applying CVar settings from Section [AntiAliasingQuality@3] File [C:/Users/tommy/Documents/GitHub/EscapeThePlate/EscapeThePlate/Saved/Config/Windows/Scalability.ini]
[2020.10.28-05.52.32:243][  0]LogConfig: Setting CVar [[r.PostProcessAAQuality:4]]
[2020.10.28-05.52.32:243][  0]LogConfig: Applying CVar settings from Section [ShadowQuality@3] File [C:/Users/tommy/Documents/GitHub/EscapeThePlate/EscapeThePlate/Saved/Config/Windows/Scalability.ini]
[2020.10.28-05.52.32:244][  0]LogConfig: Setting CVar [[r.LightFunctionQuality:1]]
[2020.10.28-05.52.32:244][  0]LogConfig: Setting CVar [[r.ShadowQuality:5]]
[2020.10.28-05.52.32:244][  0]LogConfig: Setting CVar [[r.Shadow.CSM.MaxCascades:10]]
[2020.10.28-05.52.32:244][  0]LogConfig: Setting CVar [[r.Shadow.MaxResolution:2048]]
[2020.10.28-05.52.32:244][  0]LogConfig: Setting CVar [[r.Shadow.MaxCSMResolution:2048]]
[2020.10.28-05.52.32:244][  0]LogConfig: Setting CVar [[r.Shadow.RadiusThreshold:0.01]]
[2020.10.28-05.52.32:244][  0]LogConfig: Setting CVar [[r.Shadow.DistanceScale:1.0]]
[2020.10.28-05.52.32:244][  0]LogConfig: Setting CVar [[r.Shadow.CSM.TransitionScale:1.0]]
[2020.10.28-05.52.32:244][  0]LogConfig: Setting CVar [[r.Shadow.PreShadowResolutionFactor:1.0]]
[2020.10.28-05.52.32:244][  0]LogConfig: Setting CVar [[r.DistanceFieldShadowing:1]]
[2020.10.28-05.52.32:244][  0]LogConfig: Setting CVar [[r.DistanceFieldAO:1]]
[2020.10.28-05.52.32:244][  0]LogConfig: Setting CVar [[r.AOQuality:2]]
[2020.10.28-05.52.32:244][  0]LogConfig: Setting CVar [[r.VolumetricFog:1]]
[2020.10.28-05.52.32:244][  0]LogConfig: Setting CVar [[r.VolumetricFog.GridPixelSize:8]]
[2020.10.28-05.52.32:244][  0]LogConfig: Setting CVar [[r.VolumetricFog.GridSizeZ:128]]
[2020.10.28-05.52.32:244][  0]LogConfig: Setting CVar [[r.VolumetricFog.HistoryMissSupersampleCount:4]]
[2020.10.28-05.52.32:244][  0]LogConfig: Setting CVar [[r.LightMaxDrawDistanceScale:1]]
[2020.10.28-05.52.32:244][  0]LogConfig: Setting CVar [[r.CapsuleShadows:1]]
[2020.10.28-05.52.32:244][  0]LogConfig: Applying CVar settings from Section [PostProcessQuality@3] File [C:/Users/tommy/Documents/GitHub/EscapeThePlate/EscapeThePlate/Saved/Config/Windows/Scalability.ini]
[2020.10.28-05.52.32:244][  0]LogConfig: Setting CVar [[r.MotionBlurQuality:4]]
[2020.10.28-05.52.32:244][  0]LogConfig: Setting CVar [[r.AmbientOcclusionMipLevelFactor:0.4]]
[2020.10.28-05.52.32:244][  0]LogConfig: Setting CVar [[r.AmbientOcclusionMaxQuality:100]]
[2020.10.28-05.52.32:244][  0]LogConfig: Setting CVar [[r.AmbientOcclusionLevels:-1]]
[2020.10.28-05.52.32:244][  0]LogConfig: Setting CVar [[r.AmbientOcclusionRadiusScale:1.0]]
[2020.10.28-05.52.32:244][  0]LogConfig: Setting CVar [[r.DepthOfFieldQuality:2]]
[2020.10.28-05.52.32:244][  0]LogConfig: Setting CVar [[r.RenderTargetPoolMin:400]]
[2020.10.28-05.52.32:245][  0]LogConfig: Setting CVar [[r.LensFlareQuality:2]]
[2020.10.28-05.52.32:245][  0]LogConfig: Setting CVar [[r.SceneColorFringeQuality:1]]
[2020.10.28-05.52.32:245][  0]LogConfig: Setting CVar [[r.EyeAdaptationQuality:2]]
[2020.10.28-05.52.32:245][  0]LogConfig: Setting CVar [[r.BloomQuality:5]]
[2020.10.28-05.52.32:245][  0]LogConfig: Setting CVar [[r.FastBlurThreshold:100]]
[2020.10.28-05.52.32:245][  0]LogConfig: Setting CVar [[r.Upscale.Quality:3]]
[2020.10.28-05.52.32:245][  0]LogConfig: Setting CVar [[r.Tonemapper.GrainQuantization:1]]
[2020.10.28-05.52.32:245][  0]LogConfig: Setting CVar [[r.LightShaftQuality:1]]
[2020.10.28-05.52.32:245][  0]LogConfig: Setting CVar [[r.Filter.SizeScale:1]]
[2020.10.28-05.52.32:245][  0]LogConfig: Setting CVar [[r.Tonemapper.Quality:5]]
[2020.10.28-05.52.32:245][  0]LogConfig: Setting CVar [[r.DOF.Gather.AccumulatorQuality:1        ; higher gathering accumulator quality]]
[2020.10.28-05.52.32:245][  0]LogConfig: Setting CVar [[r.DOF.Gather.PostfilterMethod:1          ; Median3x3 postfilering method]]
[2020.10.28-05.52.32:245][  0]LogConfig: Setting CVar [[r.DOF.Gather.EnableBokehSettings:0       ; no bokeh simulation when gathering]]
[2020.10.28-05.52.32:245][  0]LogConfig: Setting CVar [[r.DOF.Gather.RingCount:4                 ; medium number of samples when gathering]]
[2020.10.28-05.52.32:245][  0]LogConfig: Setting CVar [[r.DOF.Scatter.ForegroundCompositing:1    ; additive foreground scattering]]
[2020.10.28-05.52.32:245][  0]LogConfig: Setting CVar [[r.DOF.Scatter.BackgroundCompositing:2    ; additive background scattering]]
[2020.10.28-05.52.32:245][  0]LogConfig: Setting CVar [[r.DOF.Scatter.EnableBokehSettings:1      ; bokeh simulation when scattering]]
[2020.10.28-05.52.32:245][  0]LogConfig: Setting CVar [[r.DOF.Scatter.MaxSpriteRatio:0.1         ; only a maximum of 10% of scattered bokeh]]
[2020.10.28-05.52.32:245][  0]LogConfig: Setting CVar [[r.DOF.Recombine.Quality:1                ; cheap slight out of focus]]
[2020.10.28-05.52.32:245][  0]LogConfig: Setting CVar [[r.DOF.Recombine.EnableBokehSettings:0    ; no bokeh simulation on slight out of focus]]
[2020.10.28-05.52.32:245][  0]LogConfig: Setting CVar [[r.DOF.TemporalAAQuality:1                ; more stable temporal accumulation]]
[2020.10.28-05.52.32:245][  0]LogConfig: Setting CVar [[r.DOF.Kernel.MaxForegroundRadius:0.025]]
[2020.10.28-05.52.32:245][  0]LogConfig: Setting CVar [[r.DOF.Kernel.MaxBackgroundRadius:0.025]]
[2020.10.28-05.52.32:245][  0]LogConfig: Applying CVar settings from Section [TextureQuality@3] File [C:/Users/tommy/Documents/GitHub/EscapeThePlate/EscapeThePlate/Saved/Config/Windows/Scalability.ini]
[2020.10.28-05.52.32:245][  0]LogConfig: Setting CVar [[r.Streaming.MipBias:0]]
[2020.10.28-05.52.32:245][  0]LogConfig: Setting CVar [[r.Streaming.AmortizeCPUToGPUCopy:0]]
[2020.10.28-05.52.32:246][  0]LogConfig: Setting CVar [[r.Streaming.MaxNumTexturesToStreamPerFrame:0]]
[2020.10.28-05.52.32:246][  0]LogConfig: Setting CVar [[r.Streaming.Boost:1]]
[2020.10.28-05.52.32:246][  0]LogConfig: Setting CVar [[r.MaxAnisotropy:8]]
[2020.10.28-05.52.32:246][  0]LogConfig: Setting CVar [[r.VT.MaxAnisotropy:8]]
[2020.10.28-05.52.32:246][  0]LogConfig: Setting CVar [[r.Streaming.LimitPoolSizeToVRAM:0]]
[2020.10.28-05.52.32:246][  0]LogConfig: Setting CVar [[r.Streaming.PoolSize:1000]]
[2020.10.28-05.52.32:246][  0]LogConfig: Setting CVar [[r.Streaming.MaxEffectiveScreenSize:0]]
[2020.10.28-05.52.32:246][  0]LogConfig: Applying CVar settings from Section [EffectsQuality@3] File [C:/Users/tommy/Documents/GitHub/EscapeThePlate/EscapeThePlate/Saved/Config/Windows/Scalability.ini]
[2020.10.28-05.52.32:246][  0]LogConfig: Setting CVar [[r.TranslucencyLightingVolumeDim:64]]
[2020.10.28-05.52.32:246][  0]LogConfig: Setting CVar [[r.RefractionQuality:2]]
[2020.10.28-05.52.32:246][  0]LogConfig: Setting CVar [[r.SSR.Quality:3]]
[2020.10.28-05.52.32:246][  0]LogConfig: Setting CVar [[r.SSR.HalfResSceneColor:0]]
[2020.10.28-05.52.32:246][  0]LogConfig: Setting CVar [[r.SceneColorFormat:4]]
[2020.10.28-05.52.32:246][  0]LogConfig: Setting CVar [[r.DetailMode:2]]
[2020.10.28-05.52.32:246][  0]LogConfig: Setting CVar [[r.TranslucencyVolumeBlur:1]]
[2020.10.28-05.52.32:246][  0]LogConfig: Setting CVar [[r.MaterialQualityLevel:1 ; High quality]]
[2020.10.28-05.52.32:246][  0]LogConfig: Setting CVar [[r.SSS.Scale:1]]
[2020.10.28-05.52.32:246][  0]LogConfig: Setting CVar [[r.SSS.SampleSet:2]]
[2020.10.28-05.52.32:246][  0]LogConfig: Setting CVar [[r.SSS.Quality:1]]
[2020.10.28-05.52.32:246][  0]LogConfig: Setting CVar [[r.SSS.HalfRes:0]]
[2020.10.28-05.52.32:246][  0]LogConfig: Setting CVar [[r.SSGI.Quality:3]]
[2020.10.28-05.52.32:246][  0]LogConfig: Setting CVar [[r.EmitterSpawnRateScale:1.0]]
[2020.10.28-05.52.32:246][  0]LogConfig: Setting CVar [[r.ParticleLightQuality:2]]
[2020.10.28-05.52.32:246][  0]LogConfig: Setting CVar [[r.SkyAtmosphere.AerialPerspectiveLUT.FastApplyOnOpaque:1 ; Always have FastSkyLUT 1 in this case to avoid wrong sky]]
[2020.10.28-05.52.32:246][  0]LogConfig: Setting CVar [[r.SkyAtmosphere.AerialPerspectiveLUT.SampleCountPerSlice:1]]
[2020.10.28-05.52.32:246][  0]LogConfig: Setting CVar [[r.SkyAtmosphere.AerialPerspectiveLUT.DepthResolution:16.0]]
[2020.10.28-05.52.32:246][  0]LogConfig: Setting CVar [[r.SkyAtmosphere.FastSkyLUT:1]]
[2020.10.28-05.52.32:247][  0]LogConfig: Setting CVar [[r.SkyAtmosphere.FastSkyLUT.SampleCountMin:4.0]]
[2020.10.28-05.52.32:247][  0]LogConfig: Setting CVar [[r.SkyAtmosphere.FastSkyLUT.SampleCountMax:32.0]]
[2020.10.28-05.52.32:247][  0]LogConfig: Setting CVar [[r.SkyAtmosphere.SampleCountMin:4.0]]
[2020.10.28-05.52.32:247][  0]LogConfig: Setting CVar [[r.SkyAtmosphere.SampleCountMax:32.0]]
[2020.10.28-05.52.32:247][  0]LogConfig: Setting CVar [[r.SkyAtmosphere.TransmittanceLUT.UseSmallFormat:0]]
[2020.10.28-05.52.32:247][  0]LogConfig: Setting CVar [[r.SkyAtmosphere.TransmittanceLUT.SampleCount:10.0]]
[2020.10.28-05.52.32:247][  0]LogConfig: Setting CVar [[r.SkyAtmosphere.MultiScatteringLUT.SampleCount:15.0]]
[2020.10.28-05.52.32:247][  0]LogConfig: Applying CVar settings from Section [FoliageQuality@3] File [C:/Users/tommy/Documents/GitHub/EscapeThePlate/EscapeThePlate/Saved/Config/Windows/Scalability.ini]
[2020.10.28-05.52.32:247][  0]LogConfig: Setting CVar [[foliage.DensityScale:1.0]]
[2020.10.28-05.52.32:247][  0]LogConfig: Setting CVar [[grass.DensityScale:1.0]]
[2020.10.28-05.52.32:247][  0]LogConfig: Applying CVar settings from Section [ShadingQuality@3] File [C:/Users/tommy/Documents/GitHub/EscapeThePlate/EscapeThePlate/Saved/Config/Windows/Scalability.ini]
[2020.10.28-05.52.32:247][  0]LogConfig: Setting CVar [[r.HairStrands.SkyLighting.SampleCount:16]]
[2020.10.28-05.52.32:247][  0]LogConfig: Setting CVar [[r.HairStrands.SkyLighting.JitterIntegration:0]]
[2020.10.28-05.52.32:247][  0]LogConfig: Setting CVar [[r.HairStrands.SkyAO.SampleCount:16]]
[2020.10.28-05.52.32:247][  0]LogConfig: Setting CVar [[r.HairStrands.DeepShadow.SuperSampling:0]]
[2020.10.28-05.52.32:247][  0]LogConfig: Setting CVar [[r.HairStrands.VisibilityPPLL:0]]
[2020.10.28-05.52.32:247][  0]LogConfig: Setting CVar [[r.HairStrands.RasterizationScale:0.5]]
[2020.10.28-05.52.32:247][  0]LogConfig: Setting CVar [[r.HairStrands.VelocityRasterizationScale:1]]
[2020.10.28-05.52.32:247][  0]LogInit: Selected Device Profile: [Windows]
[2020.10.28-05.52.32:247][  0]LogInit: Applying CVar settings loaded from the selected device profile: [Windows]
[2020.10.28-05.52.32:247][  0]LogHAL: Display: Platform has ~ 16 GB [17109041152 / 17179869184 / 16], which maps to Larger [LargestMinGB=32, LargerMinGB=12, DefaultMinGB=8, SmallerMinGB=6, SmallestMinGB=0)
[2020.10.28-05.52.32:247][  0]LogInit: Going up to parent DeviceProfile []
[2020.10.28-05.52.32:247][  0]LogConfig: Applying CVar settings from Section [ViewDistanceQuality@3] File [C:/Users/tommy/Documents/GitHub/EscapeThePlate/EscapeThePlate/Saved/Config/Windows/Scalability.ini]
[2020.10.28-05.52.32:247][  0]LogConfig: Setting CVar [[r.SkeletalMeshLODBias:0]]
[2020.10.28-05.52.32:248][  0]LogConfig: Setting CVar [[r.ViewDistanceScale:1.0]]
[2020.10.28-05.52.32:248][  0]LogConfig: Applying CVar settings from Section [AntiAliasingQuality@3] File [C:/Users/tommy/Documents/GitHub/EscapeThePlate/EscapeThePlate/Saved/Config/Windows/Scalability.ini]
[2020.10.28-05.52.32:248][  0]LogConfig: Setting CVar [[r.PostProcessAAQuality:4]]
[2020.10.28-05.52.32:248][  0]LogConfig: Applying CVar settings from Section [ShadowQuality@3] File [C:/Users/tommy/Documents/GitHub/EscapeThePlate/EscapeThePlate/Saved/Config/Windows/Scalability.ini]
[2020.10.28-05.52.32:248][  0]LogConfig: Setting CVar [[r.LightFunctionQuality:1]]
[2020.10.28-05.52.32:248][  0]LogConfig: Setting CVar [[r.ShadowQuality:5]]
[2020.10.28-05.52.32:248][  0]LogConfig: Setting CVar [[r.Shadow.CSM.MaxCascades:10]]
[2020.10.28-05.52.32:248][  0]LogConfig: Setting CVar [[r.Shadow.MaxResolution:2048]]
[2020.10.28-05.52.32:248][  0]LogConfig: Setting CVar [[r.Shadow.MaxCSMResolution:2048]]
[2020.10.28-05.52.32:248][  0]LogConfig: Setting CVar [[r.Shadow.RadiusThreshold:0.01]]
[2020.10.28-05.52.32:248][  0]LogConfig: Setting CVar [[r.Shadow.DistanceScale:1.0]]
[2020.10.28-05.52.32:248][  0]LogConfig: Setting CVar [[r.Shadow.CSM.TransitionScale:1.0]]
[2020.10.28-05.52.32:248][  0]LogConfig: Setting CVar [[r.Shadow.PreShadowResolutionFactor:1.0]]
[2020.10.28-05.52.32:248][  0]LogConfig: Setting CVar [[r.DistanceFieldShadowing:1]]
[2020.10.28-05.52.32:248][  0]LogConfig: Setting CVar [[r.DistanceFieldAO:1]]
[2020.10.28-05.52.32:248][  0]LogConfig: Setting CVar [[r.AOQuality:2]]
[2020.10.28-05.52.32:248][  0]LogConfig: Setting CVar [[r.VolumetricFog:1]]
[2020.10.28-05.52.32:248][  0]LogConfig: Setting CVar [[r.VolumetricFog.GridPixelSize:8]]
[2020.10.28-05.52.32:248][  0]LogConfig: Setting CVar [[r.VolumetricFog.GridSizeZ:128]]
[2020.10.28-05.52.32:248][  0]LogConfig: Setting CVar [[r.VolumetricFog.HistoryMissSupersampleCount:4]]
[2020.10.28-05.52.32:248][  0]LogConfig: Setting CVar [[r.LightMaxDrawDistanceScale:1]]
[2020.10.28-05.52.32:248][  0]LogConfig: Setting CVar [[r.CapsuleShadows:1]]
[2020.10.28-05.52.32:248][  0]LogConfig: Applying CVar settings from Section [PostProcessQuality@3] File [C:/Users/tommy/Documents/GitHub/EscapeThePlate/EscapeThePlate/Saved/Config/Windows/Scalability.ini]
[2020.10.28-05.52.32:248][  0]LogConfig: Setting CVar [[r.MotionBlurQuality:4]]
[2020.10.28-05.52.32:248][  0]LogConfig: Setting CVar [[r.AmbientOcclusionMipLevelFactor:0.4]]
[2020.10.28-05.52.32:248][  0]LogConfig: Setting CVar [[r.AmbientOcclusionMaxQuality:100]]
[2020.10.28-05.52.32:249][  0]LogConfig: Setting CVar [[r.AmbientOcclusionLevels:-1]]
[2020.10.28-05.52.32:249][  0]LogConfig: Setting CVar [[r.AmbientOcclusionRadiusScale:1.0]]
[2020.10.28-05.52.32:249][  0]LogConfig: Setting CVar [[r.DepthOfFieldQuality:2]]
[2020.10.28-05.52.32:249][  0]LogConfig: Setting CVar [[r.RenderTargetPoolMin:400]]
[2020.10.28-05.52.32:249][  0]LogConfig: Setting CVar [[r.LensFlareQuality:2]]
[2020.10.28-05.52.32:249][  0]LogConfig: Setting CVar [[r.SceneColorFringeQuality:1]]
[2020.10.28-05.52.32:249][  0]LogConfig: Setting CVar [[r.EyeAdaptationQuality:2]]
[2020.10.28-05.52.32:249][  0]LogConfig: Setting CVar [[r.BloomQuality:5]]
[2020.10.28-05.52.32:249][  0]LogConfig: Setting CVar [[r.FastBlurThreshold:100]]
[2020.10.28-05.52.32:249][  0]LogConfig: Setting CVar [[r.Upscale.Quality:3]]
[2020.10.28-05.52.32:249][  0]LogConfig: Setting CVar [[r.Tonemapper.GrainQuantization:1]]
[2020.10.28-05.52.32:249][  0]LogConfig: Setting CVar [[r.LightShaftQuality:1]]
[2020.10.28-05.52.32:249][  0]LogConfig: Setting CVar [[r.Filter.SizeScale:1]]
[2020.10.28-05.52.32:249][  0]LogConfig: Setting CVar [[r.Tonemapper.Quality:5]]
[2020.10.28-05.52.32:249][  0]LogConfig: Setting CVar [[r.DOF.Gather.AccumulatorQuality:1        ; higher gathering accumulator quality]]
[2020.10.28-05.52.32:249][  0]LogConfig: Setting CVar [[r.DOF.Gather.PostfilterMethod:1          ; Median3x3 postfilering method]]
[2020.10.28-05.52.32:249][  0]LogConfig: Setting CVar [[r.DOF.Gather.EnableBokehSettings:0       ; no bokeh simulation when gathering]]
[2020.10.28-05.52.32:249][  0]LogConfig: Setting CVar [[r.DOF.Gather.RingCount:4                 ; medium number of samples when gathering]]
[2020.10.28-05.52.32:249][  0]LogConfig: Setting CVar [[r.DOF.Scatter.ForegroundCompositing:1    ; additive foreground scattering]]
[2020.10.28-05.52.32:249][  0]LogConfig: Setting CVar [[r.DOF.Scatter.BackgroundCompositing:2    ; additive background scattering]]
[2020.10.28-05.52.32:249][  0]LogConfig: Setting CVar [[r.DOF.Scatter.EnableBokehSettings:1      ; bokeh simulation when scattering]]
[2020.10.28-05.52.32:249][  0]LogConfig: Setting CVar [[r.DOF.Scatter.MaxSpriteRatio:0.1         ; only a maximum of 10% of scattered bokeh]]
[2020.10.28-05.52.32:250][  0]LogConfig: Setting CVar [[r.DOF.Recombine.Quality:1                ; cheap slight out of focus]]
[2020.10.28-05.52.32:250][  0]LogConfig: Setting CVar [[r.DOF.Recombine.EnableBokehSettings:0    ; no bokeh simulation on slight out of focus]]
[2020.10.28-05.52.32:250][  0]LogConfig: Setting CVar [[r.DOF.TemporalAAQuality:1                ; more stable temporal accumulation]]
[2020.10.28-05.52.32:250][  0]LogConfig: Setting CVar [[r.DOF.Kernel.MaxForegroundRadius:0.025]]
[2020.10.28-05.52.32:250][  0]LogConfig: Setting CVar [[r.DOF.Kernel.MaxBackgroundRadius:0.025]]
[2020.10.28-05.52.32:250][  0]LogConfig: Applying CVar settings from Section [TextureQuality@3] File [C:/Users/tommy/Documents/GitHub/EscapeThePlate/EscapeThePlate/Saved/Config/Windows/Scalability.ini]
[2020.10.28-05.52.32:250][  0]LogConfig: Setting CVar [[r.Streaming.MipBias:0]]
[2020.10.28-05.52.32:250][  0]LogConfig: Setting CVar [[r.Streaming.AmortizeCPUToGPUCopy:0]]
[2020.10.28-05.52.32:250][  0]LogConfig: Setting CVar [[r.Streaming.MaxNumTexturesToStreamPerFrame:0]]
[2020.10.28-05.52.32:250][  0]LogConfig: Setting CVar [[r.Streaming.Boost:1]]
[2020.10.28-05.52.32:250][  0]LogConfig: Setting CVar [[r.MaxAnisotropy:8]]
[2020.10.28-05.52.32:250][  0]LogConfig: Setting CVar [[r.VT.MaxAnisotropy:8]]
[2020.10.28-05.52.32:250][  0]LogConfig: Setting CVar [[r.Streaming.LimitPoolSizeToVRAM:0]]
[2020.10.28-05.52.32:250][  0]LogConfig: Setting CVar [[r.Streaming.PoolSize:1000]]
[2020.10.28-05.52.32:250][  0]LogConfig: Setting CVar [[r.Streaming.MaxEffectiveScreenSize:0]]
[2020.10.28-05.52.32:250][  0]LogConfig: Applying CVar settings from Section [EffectsQuality@3] File [C:/Users/tommy/Documents/GitHub/EscapeThePlate/EscapeThePlate/Saved/Config/Windows/Scalability.ini]
[2020.10.28-05.52.32:250][  0]LogConfig: Setting CVar [[r.TranslucencyLightingVolumeDim:64]]
[2020.10.28-05.52.32:250][  0]LogConfig: Setting CVar [[r.RefractionQuality:2]]
[2020.10.28-05.52.32:250][  0]LogConfig: Setting CVar [[r.SSR.Quality:3]]
[2020.10.28-05.52.32:250][  0]LogConfig: Setting CVar [[r.SSR.HalfResSceneColor:0]]
[2020.10.28-05.52.32:250][  0]LogConfig: Setting CVar [[r.SceneColorFormat:4]]
[2020.10.28-05.52.32:250][  0]LogConfig: Setting CVar [[r.DetailMode:2]]
[2020.10.28-05.52.32:250][  0]LogConfig: Setting CVar [[r.TranslucencyVolumeBlur:1]]
[2020.10.28-05.52.32:250][  0]LogConfig: Setting CVar [[r.MaterialQualityLevel:1 ; High quality]]
[2020.10.28-05.52.32:250][  0]LogConfig: Setting CVar [[r.SSS.Scale:1]]
[2020.10.28-05.52.32:250][  0]LogConfig: Setting CVar [[r.SSS.SampleSet:2]]
[2020.10.28-05.52.32:250][  0]LogConfig: Setting CVar [[r.SSS.Quality:1]]
[2020.10.28-05.52.32:251][  0]LogConfig: Setting CVar [[r.SSS.HalfRes:0]]
[2020.10.28-05.52.32:251][  0]LogConfig: Setting CVar [[r.SSGI.Quality:3]]
[2020.10.28-05.52.32:251][  0]LogConfig: Setting CVar [[r.EmitterSpawnRateScale:1.0]]
[2020.10.28-05.52.32:251][  0]LogConfig: Setting CVar [[r.ParticleLightQuality:2]]
[2020.10.28-05.52.32:251][  0]LogConfig: Setting CVar [[r.SkyAtmosphere.AerialPerspectiveLUT.FastApplyOnOpaque:1 ; Always have FastSkyLUT 1 in this case to avoid wrong sky]]
[2020.10.28-05.52.32:251][  0]LogConfig: Setting CVar [[r.SkyAtmosphere.AerialPerspectiveLUT.SampleCountPerSlice:1]]
[2020.10.28-05.52.32:251][  0]LogConfig: Setting CVar [[r.SkyAtmosphere.AerialPerspectiveLUT.DepthResolution:16.0]]
[2020.10.28-05.52.32:251][  0]LogConfig: Setting CVar [[r.SkyAtmosphere.FastSkyLUT:1]]
[2020.10.28-05.52.32:251][  0]LogConfig: Setting CVar [[r.SkyAtmosphere.FastSkyLUT.SampleCountMin:4.0]]
[2020.10.28-05.52.32:251][  0]LogConfig: Setting CVar [[r.SkyAtmosphere.FastSkyLUT.SampleCountMax:32.0]]
[2020.10.28-05.52.32:251][  0]LogConfig: Setting CVar [[r.SkyAtmosphere.SampleCountMin:4.0]]
[2020.10.28-05.52.32:251][  0]LogConfig: Setting CVar [[r.SkyAtmosphere.SampleCountMax:32.0]]
[2020.10.28-05.52.32:251][  0]LogConfig: Setting CVar [[r.SkyAtmosphere.TransmittanceLUT.UseSmallFormat:0]]
[2020.10.28-05.52.32:251][  0]LogConfig: Setting CVar [[r.SkyAtmosphere.TransmittanceLUT.SampleCount:10.0]]
[2020.10.28-05.52.32:251][  0]LogConfig: Setting CVar [[r.SkyAtmosphere.MultiScatteringLUT.SampleCount:15.0]]
[2020.10.28-05.52.32:251][  0]LogConfig: Applying CVar settings from Section [FoliageQuality@3] File [C:/Users/tommy/Documents/GitHub/EscapeThePlate/EscapeThePlate/Saved/Config/Windows/Scalability.ini]
[2020.10.28-05.52.32:251][  0]LogConfig: Setting CVar [[foliage.DensityScale:1.0]]
[2020.10.28-05.52.32:251][  0]LogConfig: Setting CVar [[grass.DensityScale:1.0]]
[2020.10.28-05.52.32:251][  0]LogConfig: Applying CVar settings from Section [ShadingQuality@3] File [C:/Users/tommy/Documents/GitHub/EscapeThePlate/EscapeThePlate/Saved/Config/Windows/Scalability.ini]
[2020.10.28-05.52.32:251][  0]LogConfig: Setting CVar [[r.HairStrands.SkyLighting.SampleCount:16]]
[2020.10.28-05.52.32:251][  0]LogConfig: Setting CVar [[r.HairStrands.SkyLighting.JitterIntegration:0]]
[2020.10.28-05.52.32:251][  0]LogConfig: Setting CVar [[r.HairStrands.SkyAO.SampleCount:16]]
[2020.10.28-05.52.32:251][  0]LogConfig: Setting CVar [[r.HairStrands.DeepShadow.SuperSampling:0]]
[2020.10.28-05.52.32:251][  0]LogConfig: Setting CVar [[r.HairStrands.VisibilityPPLL:0]]
[2020.10.28-05.52.32:251][  0]LogConfig: Setting CVar [[r.HairStrands.RasterizationScale:0.5]]
[2020.10.28-05.52.32:251][  0]LogConfig: Setting CVar [[r.HairStrands.VelocityRasterizationScale:1]]
[2020.10.28-05.52.32:252][  0]LogConfig: Applying CVar settings from Section [Startup] File [../../../Engine/Config/ConsoleVariables.ini]
[2020.10.28-05.52.32:252][  0]LogConfig: Setting CVar [[net.UseAdaptiveNetUpdateFrequency:0]]
[2020.10.28-05.52.32:252][  0]LogConfig: Setting CVar [[p.chaos.AllowCreatePhysxBodies:1]]
[2020.10.28-05.52.32:252][  0]LogConfig: Setting CVar [[fx.SkipVectorVMBackendOptimizations:1]]
[2020.10.28-05.52.32:252][  0]LogConfig: Applying CVar settings from Section [ConsoleVariables] File [C:/Users/tommy/Documents/GitHub/EscapeThePlate/EscapeThePlate/Saved/Config/Windows/Engine.ini]
[2020.10.28-05.52.32:252][  0]LogInit: Computer: DESKTOP-LMU5NOS
[2020.10.28-05.52.32:252][  0]LogInit: User: tommy
[2020.10.28-05.52.32:252][  0]LogInit: CPU Page size=4096, Cores=8
[2020.10.28-05.52.32:252][  0]LogInit: High frequency timer resolution =10.000000 MHz
[2020.10.28-05.52.32:252][  0]LogMemory: Memory total: Physical=15.9GB (16GB approx)
[2020.10.28-05.52.32:252][  0]LogMemory: Platform Memory Stats for Windows
[2020.10.28-05.52.32:252][  0]LogMemory: Process Physical Memory: 117.15 MB used, 117.16 MB peak
[2020.10.28-05.52.32:252][  0]LogMemory: Process Virtual Memory: 112.21 MB used, 112.21 MB peak
[2020.10.28-05.52.32:252][  0]LogMemory: Physical Memory: 8972.17 MB used,  7344.29 MB free, 16316.45 MB total
[2020.10.28-05.52.32:252][  0]LogMemory: Virtual Memory: 5199.07 MB used,  134212528.00 MB free, 134217728.00 MB total
[2020.10.28-05.52.32:258][  0]LogWindows: WindowsPlatformFeatures enabled
[2020.10.28-05.52.32:386][  0]LogInit: Physics initialised using underlying interface: PhysX
[2020.10.28-05.52.32:387][  0]LogInit: Using OS detected language (en-US).
[2020.10.28-05.52.32:387][  0]LogInit: Using OS detected locale (en-US).
[2020.10.28-05.52.32:388][  0]LogTextLocalizationManager: No specific localization for 'en-US' exists, so the 'en' localization will be used.
[2020.10.28-05.52.32:501][  0]LogInit: Setting process to per monitor DPI aware
[2020.10.28-05.52.32:528][  0]LogSlate: New Slate User Created.  User Index 0, Is Virtual User: 0
[2020.10.28-05.52.32:528][  0]LogSlate: Slate User Registered.  User Index 0, Is Virtual User: 0
[2020.10.28-05.52.32:664][  0]LogHMD: Failed to initialize OpenVR with code 110
[2020.10.28-05.52.32:664][  0]LogD3D11RHI: D3D11 min allowed feature level: 11_0
[2020.10.28-05.52.32:664][  0]LogD3D11RHI: D3D11 max allowed feature level: 11_0
[2020.10.28-05.52.32:664][  0]LogD3D11RHI: D3D11 adapters:
[2020.10.28-05.52.32:743][  0]LogD3D11RHI:    0. 'NVIDIA GeForce RTX 2060 SUPER' (Feature Level 11_0)
[2020.10.28-05.52.32:743][  0]LogD3D11RHI:       8031/0/8158 MB DedicatedVideo/DedicatedSystem/SharedSystem, Outputs:1, VendorId:0x10de
[2020.10.28-05.52.32:746][  0]LogD3D11RHI:    1. 'Microsoft Basic Render Driver' (Feature Level 11_0)
[2020.10.28-05.52.32:746][  0]LogD3D11RHI:       0/0/8158 MB DedicatedVideo/DedicatedSystem/SharedSystem, Outputs:0, VendorId:0x1414
[2020.10.28-05.52.32:747][  0]LogD3D11RHI: Chosen D3D11 Adapter: 0
[2020.10.28-05.52.32:753][  0]LogD3D11RHI: Creating new Direct3DDevice
[2020.10.28-05.52.32:753][  0]LogD3D11RHI:     GPU DeviceId: 0x1f06 (for the marketing name, search the web for "GPU Device Id")
[2020.10.28-05.52.32:753][  0]LogWindows: EnumDisplayDevices:
[2020.10.28-05.52.32:753][  0]LogWindows:    0. 'NVIDIA GeForce RTX 2060 SUPER' (P:1 D:1)
[2020.10.28-05.52.32:753][  0]LogWindows:    1. 'NVIDIA GeForce RTX 2060 SUPER' (P:0 D:0)
[2020.10.28-05.52.32:753][  0]LogWindows:    2. 'NVIDIA GeForce RTX 2060 SUPER' (P:0 D:0)
[2020.10.28-05.52.32:754][  0]LogWindows:    3. 'NVIDIA GeForce RTX 2060 SUPER' (P:0 D:0)
[2020.10.28-05.52.32:754][  0]LogWindows: DebugString: FoundDriverCount:4 
[2020.10.28-05.52.32:754][  0]LogD3D11RHI:     Adapter Name: NVIDIA GeForce RTX 2060 SUPER
[2020.10.28-05.52.32:754][  0]LogD3D11RHI:   Driver Version: 442.59 (internal:26.21.14.4259, unified:442.59)
[2020.10.28-05.52.32:754][  0]LogD3D11RHI:      Driver Date: 3-4-2020
[2020.10.28-05.52.32:754][  0]LogRHI: Texture pool is 5621 MB (70% of 8031 MB)
[2020.10.28-05.52.32:799][  0]LogD3D11RHI: RHI has support for 64 bit atomics
[2020.10.28-05.52.32:800][  0]LogD3D11RHI: [Aftermath] Enabled and primed
[2020.10.28-05.52.32:800][  0]LogD3D11RHI: Async texture creation enabled
[2020.10.28-05.52.32:800][  0]LogD3D11RHI: Array index from any shader is supported
[2020.10.28-05.52.32:824][  0]LogD3D11RHI: GPU Timing Frequency: 1000.000000 (Debug: 2 2)
[2020.10.28-05.52.33:024][  0]LogTargetPlatformManager: Display: Loaded TargetPlatform 'AllDesktop'
[2020.10.28-05.52.33:040][  0]LogTargetPlatformManager: Display: Loaded TargetPlatform 'Android'
[2020.10.28-05.52.33:040][  0]LogTargetPlatformManager: Display: Loaded TargetPlatform 'Android_ASTC'
[2020.10.28-05.52.33:040][  0]LogTargetPlatformManager: Display: Loaded TargetPlatform 'Android_DXT'
[2020.10.28-05.52.33:040][  0]LogTargetPlatformManager: Display: Loaded TargetPlatform 'Android_ETC2'
[2020.10.28-05.52.33:040][  0]LogTargetPlatformManager: Display: Loaded TargetPlatform 'AndroidClient'
[2020.10.28-05.52.33:040][  0]LogTargetPlatformManager: Display: Loaded TargetPlatform 'Android_ASTCClient'
[2020.10.28-05.52.33:040][  0]LogTargetPlatformManager: Display: Loaded TargetPlatform 'Android_DXTClient'
[2020.10.28-05.52.33:040][  0]LogTargetPlatformManager: Display: Loaded TargetPlatform 'Android_ETC2Client'
[2020.10.28-05.52.33:040][  0]LogTargetPlatformManager: Display: Loaded TargetPlatform 'Android_Multi'
[2020.10.28-05.52.33:040][  0]LogTargetPlatformManager: Display: Loaded TargetPlatform 'Android_MultiClient'
[2020.10.28-05.52.33:061][  0]LogTargetPlatformManager: Display: Loaded TargetPlatform 'IOSClient'
[2020.10.28-05.52.33:061][  0]LogTargetPlatformManager: Display: Loaded TargetPlatform 'IOS'
[2020.10.28-05.52.33:069][  0]LogTargetPlatformManager: Display: Loaded TargetPlatform 'Linux'
[2020.10.28-05.52.33:076][  0]LogTargetPlatformManager: Display: Loaded TargetPlatform 'LinuxNoEditor'
[2020.10.28-05.52.33:084][  0]LogTargetPlatformManager: Display: Loaded TargetPlatform 'LinuxClient'
[2020.10.28-05.52.33:092][  0]LogTargetPlatformManager: Display: Loaded TargetPlatform 'LinuxServer'
[2020.10.28-05.52.33:098][  0]LogTargetPlatformManager: Display: Loaded TargetPlatform 'LinuxAArch64NoEditor'
[2020.10.28-05.52.33:106][  0]LogTargetPlatformManager: Display: Loaded TargetPlatform 'LinuxAArch64Client'
[2020.10.28-05.52.33:113][  0]LogTargetPlatformManager: Display: Loaded TargetPlatform 'LinuxAArch64Server'
[2020.10.28-05.52.33:133][  0]LogTargetPlatformManager: Display: Loaded TargetPlatform 'Lumin'
[2020.10.28-05.52.33:134][  0]LogTargetPlatformManager: Display: Loaded TargetPlatform 'LuminClient'
[2020.10.28-05.52.33:146][  0]LogTargetPlatformManager: Display: Loaded TargetPlatform 'TVOSClient'
[2020.10.28-05.52.33:146][  0]LogTargetPlatformManager: Display: Loaded TargetPlatform 'TVOS'
[2020.10.28-05.52.33:154][  0]LogTargetPlatformManager: Display: Loaded TargetPlatform 'WindowsNoEditor'
[2020.10.28-05.52.33:164][  0]LogTargetPlatformManager: Display: Loaded TargetPlatform 'Windows'
[2020.10.28-05.52.33:172][  0]LogTargetPlatformManager: Display: Loaded TargetPlatform 'WindowsClient'
[2020.10.28-05.52.33:182][  0]LogTargetPlatformManager: Display: Loaded TargetPlatform 'WindowsServer'
[2020.10.28-05.52.33:182][  0]LogTargetPlatformManager: Display: Building Assets For Windows
[2020.10.28-05.52.33:194][  0]LogAudioDebug: Display: Lib vorbis DLL was dynamically loaded.
[2020.10.28-05.52.33:257][  0]LogShaderCompilers: Guid format shader working directory is -16 characters bigger than the processId version (C:/Users/tommy/Documents/GitHub/EscapeThePlate/EscapeThePlate/Intermediate/Shaders/WorkingDirectory/12640/).
[2020.10.28-05.52.33:257][  0]LogShaderCompilers: Cleaned the shader compiler working directory 'C:/Users/tommy/AppData/Local/Temp/UnrealShaderWorkingDir/A1C1B49F4B8E874E7D6B7597DB19D732/'.
[2020.10.28-05.52.33:257][  0]LogXGEController: Cannot use XGE Controller as Incredibuild is not installed on this machine.
[2020.10.28-05.52.33:257][  0]LogShaderCompilers: Cannot use XGE Shader Compiler as Incredibuild is not installed on this machine.
[2020.10.28-05.52.33:258][  0]LogShaderCompilers: Display: Using Local Shader Compiler.
[2020.10.28-05.52.33:844][  0]LogDerivedDataCache: Display: Max Cache Size: 512 MB
[2020.10.28-05.52.33:880][  0]LogDerivedDataCache: Loaded boot cache 0.04s 76MB C:/Users/tommy/AppData/Local/UnrealEngine/4.25/DerivedDataCache/Boot.ddc.
[2020.10.28-05.52.33:880][  0]LogDerivedDataCache: Display: Loaded Boot cache: C:/Users/tommy/AppData/Local/UnrealEngine/4.25/DerivedDataCache/Boot.ddc
[2020.10.28-05.52.33:880][  0]LogDerivedDataCache: FDerivedDataBackendGraph:  Pak pak cache file C:/Users/tommy/Documents/GitHub/EscapeThePlate/EscapeThePlate/DerivedDataCache/DDC.ddp not found, will not use a pak cache.
[2020.10.28-05.52.33:880][  0]LogDerivedDataCache: Unable to find inner node Pak for hierarchical cache Hierarchy.
[2020.10.28-05.52.33:881][  0]LogDerivedDataCache: FDerivedDataBackendGraph:  CompressedPak pak cache file C:/Users/tommy/Documents/GitHub/EscapeThePlate/EscapeThePlate/DerivedDataCache/Compressed.ddp not found, will not use a pak cache.
[2020.10.28-05.52.33:881][  0]LogDerivedDataCache: Unable to find inner node CompressedPak for hierarchical cache Hierarchy.
[2020.10.28-05.52.33:888][  0]LogDerivedDataCache: Display: Pak cache opened for reading ../../../Engine/DerivedDataCache/Compressed.ddp.
[2020.10.28-05.52.33:889][  0]LogDerivedDataCache: FDerivedDataBackendGraph:  EnterprisePak pak cache file ../../../Enterprise/DerivedDataCache/Compressed.ddp not found, will not use a pak cache.
[2020.10.28-05.52.33:889][  0]LogDerivedDataCache: Unable to find inner node EnterprisePak for hierarchical cache Hierarchy.
[2020.10.28-05.52.33:890][  0]LogDerivedDataCache: Using Local data cache path C:/Users/tommy/AppData/Local/UnrealEngine/Common/DerivedDataCache: Writable
[2020.10.28-05.52.33:890][  0]LogDerivedDataCache: Shared data cache path not found in *engine.ini, will not use an Shared cache.
[2020.10.28-05.52.33:890][  0]LogDerivedDataCache: Unable to find inner node Shared for hierarchical cache Hierarchy.
[2020.10.28-05.52.33:929][  0]LogSlate: Using FreeType 2.10.0
[2020.10.28-05.52.33:929][  0]LogSlate: SlateFontServices - WITH_FREETYPE: 1, WITH_HARFBUZZ: 1
[2020.10.28-05.52.33:948][  0]LogAssetRegistry: FAssetRegistry took 0.0028 seconds to start up
[2020.10.28-05.52.34:112][  0]LogInit: Selected Device Profile: [Windows]
[2020.10.28-05.52.34:206][  0]LogMeshReduction: Using QuadricMeshReduction for automatic static mesh reduction
[2020.10.28-05.52.34:206][  0]LogMeshReduction: Using SimplygonMeshReduction for automatic skeletal mesh reduction
[2020.10.28-05.52.34:206][  0]LogMeshReduction: Using ProxyLODMeshReduction for automatic mesh merging
[2020.10.28-05.52.34:206][  0]LogMeshReduction: No distributed automatic mesh merging module available
[2020.10.28-05.52.34:206][  0]LogMeshMerging: No distributed automatic mesh merging module available
[2020.10.28-05.52.34:216][  0]LogNetVersion: EscapeThePlate 1.0.0, NetCL: 13144385, EngineNetVer: 14, GameNetVer: 0 (Checksum: 3224281851)
[2020.10.28-05.52.34:517][  0]LogAISub: UAISubsystem::UAISubsystem AISubsystem (000001AE389EC380), frame # 0
[2020.10.28-05.52.34:517][  0]LogAISub: UAISubsystem::UAISubsystem AIPerceptionSystem (000001AE39916AC0), frame # 0
[2020.10.28-05.52.34:518][  0]LogAISub: UAISubsystem::UAISubsystem EnvQueryManager (000001AE38975E00), frame # 0
[2020.10.28-05.52.34:541][  0]LogPackageLocalizationCache: Processed 19 localized package path(s) for 1 prioritized culture(s) in 0.019638 seconds
[2020.10.28-05.52.34:545][  0]LogUObjectArray: 15917 objects as part of root set at end of initial load.
[2020.10.28-05.52.34:545][  0]LogUObjectAllocator: 3965568 out of 0 bytes used by permanent object pool.
[2020.10.28-05.52.34:545][  0]LogUObjectArray: CloseDisregardForGC: 0/0 objects in disregard for GC pool
[2020.10.28-05.52.34:854][  0]LogTcpMessaging: Initializing TcpMessaging bridge
[2020.10.28-05.52.34:859][  0]LogUdpMessaging: Initializing bridge on interface 0.0.0.0:0 to multicast group 230.0.0.1:6666.
[2020.10.28-05.52.34:967][  0]SourceControl: Source control is disabled
[2020.10.28-05.52.34:968][  0]SourceControl: Source control is disabled
[2020.10.28-05.52.34:971][  0]SourceControl: Source control is disabled
[2020.10.28-05.52.34:973][  0]SourceControl: Source control is disabled
[2020.10.28-05.52.34:979][  0]SourceControl: Source control is disabled
[2020.10.28-05.52.35:195][  0]LogAndroidPermission: UAndroidPermissionCallbackProxy::GetInstance
[2020.10.28-05.52.35:214][  0]LogAudioCaptureCore: Display: No Audio Capture implementations found. Audio input will be silent.
[2020.10.28-05.52.35:214][  0]LogAudioCaptureCore: Display: No Audio Capture implementations found. Audio input will be silent.
[2020.10.28-05.52.35:255][  0]LogOcInput: OculusInput pre-init called
[2020.10.28-05.52.35:264][  0]LogWindows: Failed to load 'OVRPlugin.dll' (GetLastError=126)
[2020.10.28-05.52.35:264][  0]LogWindows: File 'OVRPlugin.dll' does not exist
[2020.10.28-05.52.35:315][  0]LogEngine: Initializing Engine...
[2020.10.28-05.52.35:316][  0]LogHMD: Failed to initialize OpenVR with code 110
[2020.10.28-05.52.35:316][  0]LogMagicLeap: Warning: VR disabled because ZI is not enabled.  To enable, in the editor, Edit -> Project Settings -> Plugins -> Magic Leap Plugin -> Enable Zero Iteration
[2020.10.28-05.52.35:317][  0]LogStats: UGameplayTagsManager::InitializeManager -  0.000 s
[2020.10.28-05.52.35:402][  0]LogInit: Initializing FReadOnlyCVARCache
[2020.10.28-05.52.35:412][  0]LogAIModule: Creating AISystem for world Untitled
[2020.10.28-05.52.35:412][  0]LogAISub: UAISubsystem::UAISubsystem EnvQueryManager (000001AE3C655C00), frame # 0
[2020.10.28-05.52.35:412][  0]LogAISub: UAISubsystem::UAISubsystem AIPerceptionSystem (000001AE3C676D40), frame # 0
[2020.10.28-05.52.35:421][  0]LogAudioMixer: Display: Audio Mixer Platform Settings:
[2020.10.28-05.52.35:421][  0]LogAudioMixer: Display: 	Sample Rate:						  48000
[2020.10.28-05.52.35:421][  0]LogAudioMixer: Display: 	Callback Buffer Frame Size Requested: 1024
[2020.10.28-05.52.35:421][  0]LogAudioMixer: Display: 	Callback Buffer Frame Size To Use:	  1024
[2020.10.28-05.52.35:421][  0]LogAudioMixer: Display: 	Number of buffers to queue:			  2
[2020.10.28-05.52.35:421][  0]LogAudioMixer: Display: 	Max Channels (voices):				  32
[2020.10.28-05.52.35:421][  0]LogAudioMixer: Display: 	Number of Async Source Workers:		  0
[2020.10.28-05.52.35:421][  0]LogAudio: Display: AudioDevice MaxSources: 32
[2020.10.28-05.52.35:421][  0]LogAudio: Display: Using built-in audio occlusion.
[2020.10.28-05.52.35:421][  0]LogAudioMixer: Display: Initializing audio mixer.
[2020.10.28-05.52.35:438][  0]LogAudioMixer: Display: 0: FrontLeft
[2020.10.28-05.52.35:438][  0]LogAudioMixer: Display: 1: FrontRight
[2020.10.28-05.52.35:486][  0]LogAudioMixer: Display: Using Audio Device Speakers (Realtek(R) Audio)
[2020.10.28-05.52.35:489][  0]LogAudioMixer: Display: Initializing Sound Submixes...
[2020.10.28-05.52.35:490][  0]LogAudioMixer: Display: Creating Master Submix 'MasterSubmixDefault'
[2020.10.28-05.52.35:490][  0]LogAudioMixer: Display: Creating Master Submix 'MasterReverbSubmixDefault'
[2020.10.28-05.52.35:491][  0]LogAudioMixer: Display: Creating Master Submix 'MasterEQSubmixDefault'
[2020.10.28-05.52.35:492][  0]LogInit: FAudioDevice initialized.
[2020.10.28-05.52.35:492][  0]LogNetVersion: Set ProjectVersion to 1.0.0.0. Version Checksum will be recalculated on next use.
[2020.10.28-05.52.35:555][  0]LogDerivedDataCache: Saved boot cache 0.06s 76MB C:/Users/tommy/AppData/Local/UnrealEngine/4.25/DerivedDataCache/Boot.ddc.
[2020.10.28-05.52.35:558][  0]LogInit: Texture streaming: Enabled
[2020.10.28-05.52.35:573][  0]LogEngineSessionManager: EngineSessionManager initialized
[2020.10.28-05.52.35:573][  0]LogEditorSessionSummary: Verbose: Initializing EditorSessionSummaryWriter for editor session tracking
[2020.10.28-05.52.35:574][  0]LogEditorSessionSummary: EditorSessionSummaryWriter initialized
[2020.10.28-05.52.35:604][  0]LogInit: Transaction tracking system initialized
[2020.10.28-05.52.35:624][  0]BlueprintLog: New page: Editor Load
[2020.10.28-05.52.35:691][  0]LocalizationService: Localization service is disabled
[2020.10.28-05.52.35:810][  0]LogCook: Display: Max memory allowance for cook 16384mb min free memory 0mb
[2020.10.28-05.52.35:810][  0]LogCook: Display: Mobile HDR setting 1
[2020.10.28-05.52.35:927][  0]LogFileCache: Scanning file cache for directory 'C:/Users/tommy/Documents/GitHub/EscapeThePlate/EscapeThePlate/Content/' took 0.00s
[2020.10.28-05.52.36:071][  0]SourceControl: Source control is disabled
[2020.10.28-05.52.36:071][  0]LogUnrealEdMisc: Loading editor; pre map load, took 5.439
[2020.10.28-05.52.36:072][  0]Cmd: MAP LOAD FILE="C:/Users/tommy/Documents/GitHub/EscapeThePlate/EscapeThePlate/Content/Levels/PrototypeLevel.umap" TEMPLATE=0 SHOWPROGRESS=1 FEATURELEVEL=3
[2020.10.28-05.52.36:072][  0]LightingResults: New page: Lighting Build
[2020.10.28-05.52.36:072][  0]LogWorld: UWorld::CleanupWorld for Untitled, bSessionEnded=true, bCleanupResources=true
[2020.10.28-05.52.36:072][  0]LogSlate: InvalidateAllWidgets triggered.  All widgets were invalidated
[2020.10.28-05.52.36:073][  0]MapCheck: New page: Map Check
[2020.10.28-05.52.36:073][  0]LightingResults: New page: Lighting Build
[2020.10.28-05.52.36:084][  0]LogAISub: UAISubsystem::~UAISubsystem EnvQueryManager (000001AE3C655C00), frame # 0
[2020.10.28-05.52.36:084][  0]LogAISub: UAISubsystem::~UAISubsystem AIPerceptionSystem (000001AE3C676D40), frame # 0
[2020.10.28-05.52.36:085][  0]LogUObjectHash: Compacting FUObjectHashTables data took   0.54ms
[2020.10.28-05.52.36:198][  0]LogLinker: Error: HOTRELOADED_EscapeThePlateGameMode_3 has an inappropriate outermost, it was probably saved with a deprecated outer (file: C:/Users/tommy/Documents/GitHub/EscapeThePlate/EscapeThePlate/Content/Levels/PrototypeLevel.umap)
[2020.10.28-05.52.36:199][  0]LogLinker: Error: HOTRELOADED_EscapeThePlateGameMode_3 has an inappropriate outermost, it was probably saved with a deprecated outer (file: C:/Users/tommy/Documents/GitHub/EscapeThePlate/EscapeThePlate/Content/Levels/PrototypeLevel.umap)
[2020.10.28-05.52.36:199][  0]LogLinker: Error: HOTRELOADED_EscapeThePlateGameMode_3 has an inappropriate outermost, it was probably saved with a deprecated outer (file: C:/Users/tommy/Documents/GitHub/EscapeThePlate/EscapeThePlate/Content/Levels/PrototypeLevel.umap)
[2020.10.28-05.52.36:207][  0]LogLinker: Error: HOTRELOADED_EscapeThePlateGameMode_3 has an inappropriate outermost, it was probably saved with a deprecated outer (file: C:/Users/tommy/Documents/GitHub/EscapeThePlate/EscapeThePlate/Content/Levels/PrototypeLevel.umap)
[2020.10.28-05.52.36:207][  0]LogLinker: Error: HOTRELOADED_EscapeThePlateGameMode_3 has an inappropriate outermost, it was probably saved with a deprecated outer (file: C:/Users/tommy/Documents/GitHub/EscapeThePlate/EscapeThePlate/Content/Levels/PrototypeLevel.umap)
[2020.10.28-05.52.36:207][  0]LogLinker: Error: HOTRELOADED_EscapeThePlateGameMode_3 has an inappropriate outermost, it was probably saved with a deprecated outer (file: C:/Users/tommy/Documents/GitHub/EscapeThePlate/EscapeThePlate/Content/Levels/PrototypeLevel.umap)
[2020.10.28-05.52.36:259][  0]LogAIModule: Creating AISystem for world PrototypeLevel
[2020.10.28-05.52.36:259][  0]LogAISub: UAISubsystem::UAISubsystem EnvQueryManager (000001AE2E3EFE00), frame # 0
[2020.10.28-05.52.36:259][  0]LogAISub: UAISubsystem::UAISubsystem AIPerceptionSystem (000001AE2E3FBB00), frame # 0
[2020.10.28-05.52.36:268][  0]LogEditorServer: Finished looking for orphan Actors (0.000 secs)
[2020.10.28-05.52.36:281][  0]LogUObjectHash: Compacting FUObjectHashTables data took   0.73ms
[2020.10.28-05.52.36:282][  0]Cmd: MAP CHECKDEP NOCLEARLOG
[2020.10.28-05.52.36:282][  0]MapCheck: Map check complete: 0 Error(s), 0 Warning(s), took 0.127ms to complete.
[2020.10.28-05.52.36:282][  0]LogFileHelpers: Loading map 'PrototypeLevel' took 0.211
[2020.10.28-05.52.36:284][  0]LogUnrealEdMisc: Total Editor Startup Time, took 5.652
[2020.10.28-05.52.36:380][  0]LogSlate: Updating window title bar state: overlay mode, drag disabled, window buttons hidden, title bar hidden
[2020.10.28-05.52.36:385][  0]LogSlate: Updating window title bar state: overlay mode, drag disabled, window buttons hidden, title bar hidden
[2020.10.28-05.52.36:391][  0]LogSlate: Updating window title bar state: overlay mode, drag disabled, window buttons hidden, title bar hidden
[2020.10.28-05.52.36:396][  0]LogSlate: Updating window title bar state: overlay mode, drag disabled, window buttons hidden, title bar hidden
[2020.10.28-05.52.36:400][  0]LogCollectionManager: Loaded 0 collections in 0.000591 seconds
[2020.10.28-05.52.36:411][  0]LogFileCache: Scanning file cache for directory 'C:/Users/tommy/Documents/GitHub/EscapeThePlate/EscapeThePlate/Saved/Collections/' took 0.00s
[2020.10.28-05.52.36:411][  0]LogFileCache: Scanning file cache for directory 'C:/Users/tommy/Documents/GitHub/EscapeThePlate/EscapeThePlate/Content/Developers/tommy/Collections/' took 0.00s
[2020.10.28-05.52.36:411][  0]LogFileCache: Scanning file cache for directory 'C:/Users/tommy/Documents/GitHub/EscapeThePlate/EscapeThePlate/Content/Collections/' took 0.00s
[2020.10.28-05.52.36:411][  0]LogContentBrowser: Native class hierarchy populated in 0.0069 seconds. Added 3434 classes and 823 folders.
[2020.10.28-05.52.36:414][  0]LogContentBrowser: Native class hierarchy updated for 'WidgetCarousel' in 0.0003 seconds. Added 0 classes and 0 folders.
[2020.10.28-05.52.36:463][  0]LogContentBrowser: Native class hierarchy updated for 'AddContentDialog' in 0.0003 seconds. Added 0 classes and 0 folders.
[2020.10.28-05.52.36:465][  0]LogContentBrowser: Native class hierarchy updated for 'SceneOutliner' in 0.0003 seconds. Added 2 classes and 0 folders.
[2020.10.28-05.52.36:526][  0]LogSlate: Took 0.000136 seconds to synchronously load lazily loaded font '../../../Engine/Content/Slate/Fonts/Roboto-Regular.ttf' (155K)
[2020.10.28-05.52.36:527][  0]LogSlate: Took 0.000118 seconds to synchronously load lazily loaded font '../../../Engine/Content/Slate/Fonts/Roboto-Bold.ttf' (160K)
[2020.10.28-05.52.36:530][  0]LogSlate: Took 0.000113 seconds to synchronously load lazily loaded font '../../../Engine/Content/Editor/Slate/Fonts/FontAwesome.ttf' (139K)
[2020.10.28-05.52.36:575][  0]LogRenderer: Reallocating scene render targets to support 1068x572 Format 10 NumSamples 1 (Frame:1).
[2020.10.28-05.52.36:635][  0]LogContentBrowser: Native class hierarchy updated for 'HierarchicalLODOutliner' in 0.0003 seconds. Added 0 classes and 0 folders.
[2020.10.28-05.52.36:635][  0]LogLoad: (Engine Initialization) Total time: 6.00 seconds
[2020.10.28-05.52.36:635][  0]LogLoad: (Engine Initialization) Total Blueprint compile time: 0.00 seconds
[2020.10.28-05.52.36:781][  0]LogAssetRegistry: Asset discovery search completed in 2.8362 seconds
[2020.10.28-05.52.36:784][  0]LogCollectionManager: Fixed up redirectors for 0 collections in 0.000002 seconds (updated 0 objects)
[2020.10.28-05.52.36:785][  0]LogContentStreaming: Texture pool size now 1000 MB
[2020.10.28-05.52.36:825][  0]LogSlate: Took 0.000133 seconds to synchronously load lazily loaded font '../../../Engine/Content/Slate/Fonts/Roboto-Light.ttf' (167K)
[2020.10.28-05.52.39:953][367]LogSlate: Took 0.000148 seconds to synchronously load lazily loaded font '../../../Engine/Content/Slate/Fonts/Roboto-Light.ttf' (167K)
[2020.10.28-05.52.39:974][367]LogAssetEditorSubsystem: Opening Asset editor for World /Game/Levels/StartLevel.StartLevel
[2020.10.28-05.52.39:987][367]LogUObjectHash: Compacting FUObjectHashTables data took   0.58ms
[2020.10.28-05.52.39:988][367]Cmd: MAP LOAD FILE="C:/Users/tommy/Documents/GitHub/EscapeThePlate/EscapeThePlate/Content/Levels/StartLevel.umap" TEMPLATE=0 SHOWPROGRESS=1 FEATURELEVEL=3
[2020.10.28-05.52.39:988][367]LightingResults: New page: Lighting Build
[2020.10.28-05.52.39:988][367]LoadErrors: New page: Loading map: StartLevel.umap
[2020.10.28-05.52.40:015][367]LogWorld: UWorld::CleanupWorld for PrototypeLevel, bSessionEnded=true, bCleanupResources=true
[2020.10.28-05.52.40:015][367]LogSlate: InvalidateAllWidgets triggered.  All widgets were invalidated
[2020.10.28-05.52.40:015][367]MapCheck: New page: Map Check
[2020.10.28-05.52.40:016][367]LightingResults: New page: Lighting Build
[2020.10.28-05.52.40:025][367]LogAISub: UAISubsystem::~UAISubsystem EnvQueryManager (000001AE2E3EFE00), frame # 367
[2020.10.28-05.52.40:026][367]LogAISub: UAISubsystem::~UAISubsystem AIPerceptionSystem (000001AE2E3FBB00), frame # 367
[2020.10.28-05.52.40:026][367]LogUObjectHash: Compacting FUObjectHashTables data took   0.66ms
[2020.10.28-05.52.40:066][367]LogEditorServer: Finished looking for orphan Actors (0.000 secs)
[2020.10.28-05.52.40:066][367]LogAIModule: Creating AISystem for world StartLevel
[2020.10.28-05.52.40:066][367]LogAISub: UAISubsystem::UAISubsystem EnvQueryManager (000001AE67F73C00), frame # 367
[2020.10.28-05.52.40:066][367]LogAISub: UAISubsystem::UAISubsystem AIPerceptionSystem (000001AE53F6DA80), frame # 367
[2020.10.28-05.52.40:075][367]LogUObjectHash: Compacting FUObjectHashTables data took   0.61ms
[2020.10.28-05.52.40:092][367]Cmd: MAP CHECKDEP NOCLEARLOG
[2020.10.28-05.52.40:093][367]MapCheck: Map check complete: 0 Error(s), 0 Warning(s), took 0.093ms to complete.
[2020.10.28-05.52.40:093][367]LogFileHelpers: Loading map 'StartLevel' took 0.105
[2020.10.28-05.52.41:336][513]LogTemp: Repeating last play command: Selected Viewport
[2020.10.28-05.52.41:345][513]LogPlayLevel: PlayLevel: No blueprints needed recompiling
[2020.10.28-05.52.41:345][513]PIE: New page: PIE session: StartLevel (Oct 27, 2020, 5:52:41 PM)
[2020.10.28-05.52.41:346][513]LogOnline: OSS: Creating online subsystem instance for: NULL
[2020.10.28-05.52.41:348][513]LogOnline: OSS: TryLoadSubsystemAndSetDefault: Loaded subsystem for module [NULL]
[2020.10.28-05.52.41:348][513]LogPlayLevel: Creating play world package: /Game/Levels/UEDPIE_0_StartLevel
[2020.10.28-05.52.41:349][513]LogPlayLevel: PIE: StaticDuplicateObject took: (0.000697s)
[2020.10.28-05.52.41:349][513]LogAIModule: Creating AISystem for world StartLevel
[2020.10.28-05.52.41:349][513]LogAISub: UAISubsystem::UAISubsystem EnvQueryManager (000001AE67F70800), frame # 513
[2020.10.28-05.52.41:349][513]LogAISub: UAISubsystem::UAISubsystem AIPerceptionSystem (000001AE2A176700), frame # 513
[2020.10.28-05.52.41:349][513]LogPlayLevel: PIE: World Init took: (0.000849s)
[2020.10.28-05.52.41:349][513]LogPlayLevel: PIE: Created PIE world by copying editor world from /Game/Levels/StartLevel.StartLevel to /Game/Levels/UEDPIE_0_StartLevel.StartLevel (0.001753s)
[2020.10.28-05.52.41:359][513]LogUObjectHash: Compacting FUObjectHashTables data took   0.46ms
[2020.10.28-05.52.41:359][513]LogAudioMixer: Display: Audio Mixer Platform Settings:
[2020.10.28-05.52.41:360][513]LogAudioMixer: Display: 	Sample Rate:						  48000
[2020.10.28-05.52.41:360][513]LogAudioMixer: Display: 	Callback Buffer Frame Size Requested: 1024
[2020.10.28-05.52.41:360][513]LogAudioMixer: Display: 	Callback Buffer Frame Size To Use:	  1024
[2020.10.28-05.52.41:360][513]LogAudioMixer: Display: 	Number of buffers to queue:			  2
[2020.10.28-05.52.41:360][513]LogAudioMixer: Display: 	Max Channels (voices):				  32
[2020.10.28-05.52.41:360][513]LogAudioMixer: Display: 	Number of Async Source Workers:		  0
[2020.10.28-05.52.41:360][513]LogAudio: Display: AudioDevice MaxSources: 32
[2020.10.28-05.52.41:360][513]LogAudio: Display: Using built-in audio occlusion.
[2020.10.28-05.52.41:360][513]LogAudioMixer: Display: Initializing audio mixer.
[2020.10.28-05.52.41:368][513]LogAudioMixer: Display: 0: FrontLeft
[2020.10.28-05.52.41:368][513]LogAudioMixer: Display: 1: FrontRight
[2020.10.28-05.52.41:400][513]LogAudioMixer: Display: Using Audio Device Speakers (Realtek(R) Audio)
[2020.10.28-05.52.41:401][513]LogAudioMixer: Display: Initializing Sound Submixes...
[2020.10.28-05.52.41:401][513]LogAudioMixer: Display: Creating Master Submix 'MasterSubmixDefault'
[2020.10.28-05.52.41:401][513]LogAudioMixer: Display: Creating Master Submix 'MasterReverbSubmixDefault'
[2020.10.28-05.52.41:401][513]LogAudioMixer: Display: Creating Master Submix 'MasterEQSubmixDefault'
[2020.10.28-05.52.41:411][513]LogInit: FAudioDevice initialized.
[2020.10.28-05.52.41:418][513]LogLoad: Game class is 'BPEscapeThePlateGameMode_C'
[2020.10.28-05.52.41:419][513]LogWorld: Bringing World /Game/Levels/UEDPIE_0_StartLevel.StartLevel up for play (max tick rate 0) at 2020.10.27-23.52.41
[2020.10.28-05.52.41:419][513]LogWorld: Bringing up level for play took: 0.000265
[2020.10.28-05.52.41:419][513]LogOnline: OSS: Creating online subsystem instance for: :Context_1
[2020.10.28-05.52.41:422][513]LogContentBrowser: Native class hierarchy updated for 'MovieSceneCapture' in 0.0003 seconds. Added 20 classes and 0 folders.
[2020.10.28-05.52.41:422][513]LogGameMode: Display: Match State Changed from EnteringMap to WaitingToStart
[2020.10.28-05.52.41:422][513]LogGameState: Match State Changed from EnteringMap to WaitingToStart
[2020.10.28-05.52.41:422][513]LogGameMode: Display: Match State Changed from WaitingToStart to InProgress
[2020.10.28-05.52.41:424][513]LogGameState: Match State Changed from WaitingToStart to InProgress
[2020.10.28-05.52.41:424][513]PIE: Server logged in
[2020.10.28-05.52.41:425][513]PIE: Play in editor total start time 0.08 seconds.
[2020.10.28-05.52.42:904][689]LogGameMode: Display: Match State Changed from InProgress to LeavingMap
[2020.10.28-05.52.42:904][689]LogGameState: Match State Changed from InProgress to LeavingMap
[2020.10.28-05.52.42:904][689]LogNet: Browse: /Game/Levels/AsianEatery_v3
[2020.10.28-05.52.42:905][689]LogLoad: LoadMap: /Game/Levels/AsianEatery_v3
[2020.10.28-05.52.42:905][689]LogWorld: BeginTearingDown for /Game/Levels/UEDPIE_0_StartLevel
[2020.10.28-05.52.42:905][689]LogWorld: UWorld::CleanupWorld for StartLevel, bSessionEnded=true, bCleanupResources=true
[2020.10.28-05.52.42:905][689]LogSlate: InvalidateAllWidgets triggered.  All widgets were invalidated
[2020.10.28-05.52.42:953][689]LogAISub: UAISubsystem::~UAISubsystem AIPerceptionSystem (000001AE2A176700), frame # 689
[2020.10.28-05.52.42:953][689]LogAISub: UAISubsystem::~UAISubsystem EnvQueryManager (000001AE67F70800), frame # 689
[2020.10.28-05.52.42:954][689]LogUObjectHash: Compacting FUObjectHashTables data took   0.56ms
[2020.10.28-05.52.43:002][689]LogAIModule: Creating AISystem for world AsianEatery_v3
[2020.10.28-05.52.43:003][689]LogAISub: UAISubsystem::UAISubsystem EnvQueryManager (000001AE43655A00), frame # 689
[2020.10.28-05.52.43:003][689]LogAISub: UAISubsystem::UAISubsystem AIPerceptionSystem (000001AE2A3139C0), frame # 689
[2020.10.28-05.52.43:003][689]LogLoad: Game class is 'BPEscapeThePlateGameMode_C'
[2020.10.28-05.52.43:007][689]LogWorld: Bringing World /Game/Levels/UEDPIE_0_AsianEatery_v3.AsianEatery_v3 up for play (max tick rate 0) at 2020.10.27-23.52.43
[2020.10.28-05.52.43:007][689]LogWorld: Bringing up level for play took: 0.003752
[2020.10.28-05.52.43:008][689]LogGameMode: Display: Match State Changed from EnteringMap to WaitingToStart
[2020.10.28-05.52.43:008][689]LogGameState: Match State Changed from EnteringMap to WaitingToStart
[2020.10.28-05.52.43:008][689]LogGameMode: Display: Match State Changed from WaitingToStart to InProgress
[2020.10.28-05.52.43:009][689]LogGameState: Match State Changed from WaitingToStart to InProgress
[2020.10.28-05.52.43:010][689]LogLoad: Took 0.104729 seconds to LoadMap(/Game/Levels/AsianEatery_v3)
[2020.10.28-05.52.43:010][689]LogBlueprintUserMessages: [GetPathNext_C_0] Getting path
[2020.10.28-05.52.51:029][651]LogTemp: Warning: 0.333336
[2020.10.28-05.52.51:037][652]LogTemp: Warning: 0.666672
[2020.10.28-05.52.51:045][653]LogTemp: Warning: 1.000008
[2020.10.28-05.52.51:054][654]LogTemp: Warning: 1.333344
[2020.10.28-05.52.51:062][655]LogTemp: Warning: 1.666684
[2020.10.28-05.52.51:071][656]LogTemp: Warning: 2.000020
[2020.10.28-05.52.51:079][657]LogTemp: Warning: 2.333356
[2020.10.28-05.52.51:087][658]LogTemp: Warning: 2.666692
[2020.10.28-05.52.51:096][659]LogTemp: Warning: 3.000028
[2020.10.28-05.52.51:104][660]LogTemp: Warning: 3.333364
[2020.10.28-05.52.51:112][661]LogTemp: Warning: 3.666699
[2020.10.28-05.52.51:121][662]LogTemp: Warning: 4.000040
[2020.10.28-05.52.51:129][663]LogTemp: Warning: 4.333375
[2020.10.28-05.52.51:137][664]LogTemp: Warning: 4.666711
[2020.10.28-05.52.51:146][665]LogTemp: Warning: 5.000047
[2020.10.28-05.52.51:154][666]LogTemp: Warning: 5.333383
[2020.10.28-05.52.51:162][667]LogTemp: Warning: 5.666719
[2020.10.28-05.52.51:170][668]LogTemp: Warning: 6.000055
[2020.10.28-05.52.51:179][669]LogTemp: Warning: 6.333391
[2020.10.28-05.52.51:187][670]LogTemp: Warning: 6.666727
[2020.10.28-05.52.51:195][671]LogTemp: Warning: 7.000063
[2020.10.28-05.52.51:204][672]LogTemp: Warning: 7.333403
[2020.10.28-05.52.51:212][673]LogTemp: Warning: 7.666739
[2020.10.28-05.52.51:220][674]LogTemp: Warning: 8.000074
[2020.10.28-05.52.51:229][675]LogTemp: Warning: 8.333410
[2020.10.28-05.52.51:237][676]LogTemp: Warning: 8.666746
[2020.10.28-05.52.51:245][677]LogTemp: Warning: 9.000082
[2020.10.28-05.52.51:254][678]LogTemp: Warning: 9.333418
[2020.10.28-05.52.51:262][679]LogTemp: Warning: 9.666754
[2020.10.28-05.52.51:270][680]LogTemp: Warning: 10.000090
[2020.10.28-05.52.51:279][681]LogTemp: Warning: 10.333426
[2020.10.28-05.52.51:287][682]LogTemp: Warning: 10.666761
[2020.10.28-05.52.51:295][683]LogTemp: Warning: 11.000097
[2020.10.28-05.52.51:304][684]LogTemp: Warning: 11.333433
[2020.10.28-05.52.51:312][685]LogTemp: Warning: 11.666769
[2020.10.28-05.52.51:321][686]LogTemp: Warning: 12.000105
[2020.10.28-05.52.51:329][687]LogTemp: Warning: 12.333441
[2020.10.28-05.52.51:337][688]LogTemp: Warning: 12.666780
[2020.10.28-05.52.51:346][689]LogTemp: Warning: 13.000116
[2020.10.28-05.52.51:354][690]LogTemp: Warning: 13.333452
[2020.10.28-05.52.51:362][691]LogTemp: Warning: 13.666788
[2020.10.28-05.52.51:370][692]LogTemp: Warning: 14.000124
[2020.10.28-05.52.51:379][693]LogTemp: Warning: 14.333460
[2020.10.28-05.52.51:387][694]LogTemp: Warning: 14.666796
