Log file open, 09/28/20 01:20:22
LogInit: Display: Running engine for game: EscapeThePlate
LogPlatformFile: Not using cached read wrapper
LogTaskGraph: Started task graph with 5 named threads and 47 total threads with 3 sets of task threads.
LogStats: Stats thread started at 0.146509
LogD3D11RHI: Loaded GFSDK_Aftermath_Lib.x64.dll
LogICUInternationalization: ICU TimeZone Detection - Raw Offset: -7:00, Platform Override: ''
LogPluginManager: Mounting plugin Paper2D
LogPluginManager: Mounting plugin AISupport
LogPluginManager: Mounting plugin LightPropagationVolume
LogPluginManager: Mounting plugin CameraShakePreviewer
LogPluginManager: Mounting plugin ActorLayerUtilities
LogPluginManager: Mounting plugin AnimationSharing
LogPluginManager: Mounting plugin CLionSourceCodeAccess
LogPluginManager: Mounting plugin CodeLiteSourceCodeAccess
LogPluginManager: Mounting plugin GitSourceControl
LogPluginManager: Mounting plugin KDevelopSourceCodeAccess
LogPluginManager: Mounting plugin NullSourceCodeAccess
LogPluginManager: Mounting plugin PerforceSourceControl
LogPluginManager: Mounting plugin PlasticSourceControl
LogPluginManager: Mounting plugin RiderSourceCodeAccess
LogPluginManager: Mounting plugin SubversionSourceControl
LogPluginManager: Mounting plugin UObjectPlugin
LogPluginManager: Mounting plugin VisualStudioCodeSourceCodeAccess
LogPluginManager: Mounting plugin VisualStudioSourceCodeAccess
LogPluginManager: Mounting plugin XCodeSourceCodeAccess
LogPluginManager: Mounting plugin AssetManagerEditor
LogPluginManager: Mounting plugin CryptoKeys
LogPluginManager: Mounting plugin CurveEditorTools
LogPluginManager: Mounting plugin DataValidation
LogPluginManager: Mounting plugin EditorScriptingUtilities
LogPluginManager: Mounting plugin FacialAnimation
LogPluginManager: Mounting plugin GameplayTagsEditor
LogPluginManager: Mounting plugin GeometryMode
LogPluginManager: Mounting plugin MacGraphicsSwitching
LogPluginManager: Mounting plugin MaterialAnalyzer
LogPluginManager: Mounting plugin MobileLauncherProfileWizard
LogPluginManager: Mounting plugin PluginBrowser
LogPluginManager: Mounting plugin SpeedTreeImporter
LogPluginManager: Mounting plugin DatasmithContent
LogPluginManager: Mounting plugin VariantManagerContent
LogPluginManager: Mounting plugin AlembicImporter
LogPluginManager: Mounting plugin AutomationUtils
LogPluginManager: Mounting plugin BackChannel
LogPluginManager: Mounting plugin ChaosCloth
LogPluginManager: Mounting plugin ChaosClothEditor
LogPluginManager: Mounting plugin ChaosEditor
LogPluginManager: Mounting plugin ChaosNiagara
LogPluginManager: Mounting plugin ChaosSolverPlugin
LogPluginManager: Mounting plugin CharacterAI
LogPluginManager: Mounting plugin GeometryCache
LogPluginManager: Mounting plugin GeometryCollectionPlugin
LogPluginManager: Mounting plugin GeometryProcessing
LogPluginManager: Mounting plugin PlanarCut
LogPluginManager: Mounting plugin PlatformCrypto
LogPluginManager: Mounting plugin ProxyLODPlugin
LogPluginManager: Mounting plugin SkeletalReduction
LogPluginManager: Mounting plugin Niagara
LogPluginManager: Mounting plugin MagicLeap
LogPluginManager: Mounting plugin MagicLeapLightEstimation
LogPluginManager: Mounting plugin MagicLeapMedia
LogPluginManager: Mounting plugin MagicLeapPassableWorld
LogPluginManager: Mounting plugin MLSDK
LogPluginManager: Mounting plugin AndroidMedia
LogPluginManager: Mounting plugin AvfMedia
LogPluginManager: Mounting plugin ImgMedia
LogPluginManager: Mounting plugin MediaCompositing
LogPluginManager: Mounting plugin MediaPlayerEditor
LogPluginManager: Mounting plugin WebMMedia
LogPluginManager: Mounting plugin WmfMedia
LogPluginManager: Mounting plugin MeshPainting
LogPluginManager: Mounting plugin TcpMessaging
LogPluginManager: Mounting plugin UdpMessaging
LogPluginManager: Mounting plugin ActorSequence
LogPluginManager: Mounting plugin LevelSequenceEditor
LogPluginManager: Mounting plugin MatineeToLevelSequence
LogPluginManager: Mounting plugin MovieRenderPipeline
LogPluginManager: Mounting plugin TemplateSequence
LogPluginManager: Mounting plugin NetcodeUnitTest
LogPluginManager: Mounting plugin NUTUnrealEngine4
LogPluginManager: Mounting plugin OnlineSubsystemGooglePlay
LogPluginManager: Mounting plugin OnlineSubsystemIOS
LogPluginManager: Mounting plugin OnlineSubsystem
LogPluginManager: Mounting plugin OnlineSubsystemNull
LogPluginManager: Mounting plugin OnlineSubsystemUtils
LogPluginManager: Mounting plugin LauncherChunkInstaller
LogPluginManager: Mounting plugin AndroidDeviceProfileSelector
LogPluginManager: Mounting plugin AndroidMoviePlayer
LogPluginManager: Mounting plugin AndroidPermission
LogPluginManager: Mounting plugin AppleImageUtils
LogPluginManager: Mounting plugin AppleMoviePlayer
LogPluginManager: Mounting plugin ArchVisCharacter
LogPluginManager: Mounting plugin AssetTags
LogPluginManager: Mounting plugin AudioCapture
LogPluginManager: Mounting plugin CableComponent
LogPluginManager: Mounting plugin CustomMeshComponent
LogPluginManager: Mounting plugin EditableMesh
LogPluginManager: Mounting plugin ExampleDeviceProfileSelector
LogPluginManager: Mounting plugin GoogleCloudMessaging
LogPluginManager: Mounting plugin GooglePAD
LogPluginManager: Mounting plugin IOSDeviceProfileSelector
LogPluginManager: Mounting plugin LinuxDeviceProfileSelector
LogPluginManager: Mounting plugin LocationServicesBPLibrary
LogPluginManager: Mounting plugin MobilePatchingUtils
LogPluginManager: Mounting plugin OculusVR
LogPluginManager: Mounting plugin PhysXVehicles
LogPluginManager: Mounting plugin PostSplashScreen
LogPluginManager: Mounting plugin ProceduralMeshComponent
LogPluginManager: Mounting plugin RuntimePhysXCooking
LogPluginManager: Mounting plugin SignificanceManager
LogPluginManager: Mounting plugin SoundFields
LogPluginManager: Mounting plugin SteamVR
LogPluginManager: Mounting plugin Synthesis
LogPluginManager: Mounting plugin WebMMoviePlayer
LogPluginManager: Mounting plugin WindowsMoviePlayer
LogPluginManager: Mounting plugin ScreenshotTools
LogInit: Using libcurl 7.55.1-DEV
LogInit:  - built for x86_64-pc-win32
LogInit:  - supports SSL with OpenSSL/1.1.1
LogInit:  - supports HTTP deflate (compression) using libz 1.2.8
LogInit:  - other features:
LogInit:      CURL_VERSION_SSL
LogInit:      CURL_VERSION_LIBZ
LogInit:      CURL_VERSION_IPV6
LogInit:      CURL_VERSION_ASYNCHDNS
LogInit:      CURL_VERSION_LARGEFILE
LogInit:      CURL_VERSION_IDN
LogInit:  CurlRequestOptions (configurable via config and command line):
LogInit:  - bVerifyPeer = true  - Libcurl will verify peer certificate
LogInit:  - bUseHttpProxy = false  - Libcurl will NOT use HTTP proxy
LogInit:  - bDontReuseConnections = false  - Libcurl will reuse connections
LogInit:  - MaxHostConnections = 16  - Libcurl will limit the number of connections to a host
LogInit:  - LocalHostAddr = Default
LogInit:  - BufferSize = 65536
LogOnline: OSS: Creating online subsystem instance for: NULL
LogInit: WinSock: version 1.1 (2.2), MaxSocks=32767, MaxUdp=65467
LogOnline: OSS: TryLoadSubsystemAndSetDefault: Loaded subsystem for module [NULL]
LogInit: Build: ++UE4+Release-4.25-CL-13942748
LogInit: Engine Version: 4.25.3-13942748+++UE4+Release-4.25
LogInit: Compatible Engine Version: 4.25.0-13144385+++UE4+Release-4.25
LogInit: Net CL: 13144385
LogInit: OS: Windows 10 (Release 1909) (), CPU: Intel(R) Core(TM) i7-10700 CPU @ 2.90GHz, GPU: NVIDIA GeForce RTX 2060 SUPER
LogInit: Compiled (64-bit): Jul 25 2020 02:07:48
LogInit: Compiled with Visual C++: 19.24.28315.00
LogInit: Build Configuration: Development
LogInit: Branch Name: ++UE4+Release-4.25
LogInit: Command Line:  -EpicPortal -epicusername=Weeabetes -epicuserid=b2f7e9518cdd486ab4b0a629bbfdf936 -epiclocale=en
LogInit: Base Directory: D:/Unreal/UE_4.25/Engine/Binaries/Win64/
LogInit: Allocator: TBB
LogInit: Installed Engine Build: 1
LogDevObjectVersion: Number of dev versions registered: 26
LogDevObjectVersion:   Dev-Blueprints (B0D832E4-1F89-4F0D-ACCF-7EB736FD4AA2): 10
LogDevObjectVersion:   Dev-Build (E1C64328-A22C-4D53-A36C-8E866417BD8C): 0
LogDevObjectVersion:   Dev-Core (375EC13C-06E4-48FB-B500-84F0262A717E): 4
LogDevObjectVersion:   Dev-Editor (E4B068ED-F494-42E9-A231-DA0B2E46BB41): 38
LogDevObjectVersion:   Dev-Framework (CFFC743F-43B0-4480-9391-14DF171D2073): 37
LogDevObjectVersion:   Dev-Mobile (B02B49B5-BB20-44E9-A304-32B752E40360): 2
LogDevObjectVersion:   Dev-Networking (A4E4105C-59A1-49B5-A7C5-40C4547EDFEE): 0
LogDevObjectVersion:   Dev-Online (39C831C9-5AE6-47DC-9A44-9C173E1C8E7C): 0
LogDevObjectVersion:   Dev-Physics (78F01B33-EBEA-4F98-B9B4-84EACCB95AA2): 4
LogDevObjectVersion:   Dev-Platform (6631380F-2D4D-43E0-8009-CF276956A95A): 0
LogDevObjectVersion:   Dev-Rendering (12F88B9F-8875-4AFC-A67C-D90C383ABD29): 43
LogDevObjectVersion:   Dev-Sequencer (7B5AE74C-D270-4C10-A958-57980B212A5A): 12
LogDevObjectVersion:   Dev-VR (D7296918-1DD6-4BDD-9DE2-64A83CC13884): 3
LogDevObjectVersion:   Dev-LoadTimes (C2A15278-BFE7-4AFE-6C17-90FF531DF755): 1
LogDevObjectVersion:   Private-Geometry (6EACA3D4-40EC-4CC1-B786-8BED09428FC5): 3
LogDevObjectVersion:   Dev-AnimPhys (29E575DD-E0A3-4627-9D10-D276232CDCEA): 17
LogDevObjectVersion:   Dev-Anim (AF43A65D-7FD3-4947-9873-3E8ED9C1BB05): 7
LogDevObjectVersion:   Dev-ReflectionCapture (6B266CEC-1EC7-4B8F-A30B-E4D90942FC07): 1
LogDevObjectVersion:   Dev-Automation (0DF73D61-A23F-47EA-B727-89E90C41499A): 1
LogDevObjectVersion:   FortniteMain (601D1886-AC64-4F84-AA16-D3DE0DEAC7D6): 31
LogDevObjectVersion:   Dev-Enterprise (9DFFBCD6-494F-0158-E221-12823C92A888): 10
LogDevObjectVersion:   Dev-Niagara (F2AED0AC-9AFE-416F-8664-AA7FFA26D6FC): 1
LogDevObjectVersion:   Dev-Destruction (174F1F0B-B4C6-45A5-B13F-2EE8D0FB917D): 10
LogDevObjectVersion:   Dev-Physics-Ext (35F94A83-E258-406C-A318-09F59610247C): 37
LogDevObjectVersion:   Dev-PhysicsMaterial-Chaos (B68FC16E-8B1B-42E2-B453-215C058844FE): 1
LogDevObjectVersion:   Dev-CineCamera (B2E18506-4273-CFC2-A54E-F4BB758BBA07): 1
LogInit: Presizing for max 25165824 objects, including 0 objects not considered by GC, pre-allocating 0 bytes for permanent pool.
LogConfig: Applying CVar settings from Section [/Script/Engine.StreamingSettings] File [C:/Users/tommy/Documents/GitHub/EscapeThePlate/EscapeThePlate/Saved/Config/Windows/Engine.ini]
LogConfig: Setting CVar [[s.MinBulkDataSizeForAsyncLoading:131072]]
LogConfig: Setting CVar [[s.AsyncLoadingThreadEnabled:0]]
LogConfig: Setting CVar [[s.EventDrivenLoaderEnabled:1]]
LogConfig: Setting CVar [[s.WarnIfTimeLimitExceeded:0]]
LogConfig: Setting CVar [[s.TimeLimitExceededMultiplier:1.5]]
LogConfig: Setting CVar [[s.TimeLimitExceededMinTime:0.005]]
LogConfig: Setting CVar [[s.UseBackgroundLevelStreaming:1]]
LogConfig: Setting CVar [[s.PriorityAsyncLoadingExtraTime:15.0]]
LogConfig: Setting CVar [[s.LevelStreamingActorsUpdateTimeLimit:5.0]]
LogConfig: Setting CVar [[s.PriorityLevelStreamingActorsUpdateExtraTime:5.0]]
LogConfig: Setting CVar [[s.LevelStreamingComponentsRegistrationGranularity:10]]
LogConfig: Setting CVar [[s.UnregisterComponentsTimeLimit:1.0]]
LogConfig: Setting CVar [[s.LevelStreamingComponentsUnregistrationGranularity:5]]
LogConfig: Setting CVar [[s.FlushStreamingOnExit:1]]
LogInit: Object subsystem initialized
LogConfig: Setting CVar [[con.DebugEarlyDefault:1]]
LogConfig: Setting CVar [[r.setres:1280x720]]
[2020.09.28-07.20.22:938][  0]LogConfig: Setting CVar [[r.VSync:0]]
[2020.09.28-07.20.22:938][  0]LogConfig: Setting CVar [[r.RHICmdBypass:0]]
[2020.09.28-07.20.22:938][  0]LogConfig: Applying CVar settings from Section [/Script/Engine.RendererSettings] File [C:/Users/tommy/Documents/GitHub/EscapeThePlate/EscapeThePlate/Saved/Config/Windows/Engine.ini]
[2020.09.28-07.20.22:938][  0]LogConfig: Setting CVar [[r.GPUCrashDebugging:0]]
[2020.09.28-07.20.22:938][  0]LogConfig: Applying CVar settings from Section [/Script/Engine.RendererOverrideSettings] File [C:/Users/tommy/Documents/GitHub/EscapeThePlate/EscapeThePlate/Saved/Config/Windows/Engine.ini]
[2020.09.28-07.20.22:938][  0]LogConfig: Applying CVar settings from Section [/Script/Engine.StreamingSettings] File [C:/Users/tommy/Documents/GitHub/EscapeThePlate/EscapeThePlate/Saved/Config/Windows/Engine.ini]
[2020.09.28-07.20.22:938][  0]LogConfig: Setting CVar [[s.MinBulkDataSizeForAsyncLoading:131072]]
[2020.09.28-07.20.22:938][  0]LogConfig: Setting CVar [[s.AsyncLoadingThreadEnabled:0]]
[2020.09.28-07.20.22:939][  0]LogConfig: Setting CVar [[s.EventDrivenLoaderEnabled:1]]
[2020.09.28-07.20.22:939][  0]LogConfig: Setting CVar [[s.WarnIfTimeLimitExceeded:0]]
[2020.09.28-07.20.22:939][  0]LogConfig: Setting CVar [[s.TimeLimitExceededMultiplier:1.5]]
[2020.09.28-07.20.22:939][  0]LogConfig: Setting CVar [[s.TimeLimitExceededMinTime:0.005]]
[2020.09.28-07.20.22:939][  0]LogConfig: Setting CVar [[s.UseBackgroundLevelStreaming:1]]
[2020.09.28-07.20.22:939][  0]LogConfig: Setting CVar [[s.PriorityAsyncLoadingExtraTime:15.0]]
[2020.09.28-07.20.22:939][  0]LogConfig: Setting CVar [[s.LevelStreamingActorsUpdateTimeLimit:5.0]]
[2020.09.28-07.20.22:939][  0]LogConfig: Setting CVar [[s.PriorityLevelStreamingActorsUpdateExtraTime:5.0]]
[2020.09.28-07.20.22:939][  0]LogConfig: Setting CVar [[s.LevelStreamingComponentsRegistrationGranularity:10]]
[2020.09.28-07.20.22:939][  0]LogConfig: Setting CVar [[s.UnregisterComponentsTimeLimit:1.0]]
[2020.09.28-07.20.22:939][  0]LogConfig: Setting CVar [[s.LevelStreamingComponentsUnregistrationGranularity:5]]
[2020.09.28-07.20.22:939][  0]LogConfig: Setting CVar [[s.FlushStreamingOnExit:1]]
[2020.09.28-07.20.22:939][  0]LogConfig: Applying CVar settings from Section [/Script/Engine.GarbageCollectionSettings] File [C:/Users/tommy/Documents/GitHub/EscapeThePlate/EscapeThePlate/Saved/Config/Windows/Engine.ini]
[2020.09.28-07.20.22:939][  0]LogConfig: Setting CVar [[gc.MaxObjectsNotConsideredByGC:1]]
[2020.09.28-07.20.22:939][  0]LogConfig: Setting CVar [[gc.SizeOfPermanentObjectPool:0]]
[2020.09.28-07.20.22:939][  0]LogConfig: Setting CVar [[gc.FlushStreamingOnGC:0]]
[2020.09.28-07.20.22:939][  0]LogConfig: Setting CVar [[gc.NumRetriesBeforeForcingGC:10]]
[2020.09.28-07.20.22:939][  0]LogConfig: Setting CVar [[gc.AllowParallelGC:1]]
[2020.09.28-07.20.22:939][  0]LogConfig: Setting CVar [[gc.TimeBetweenPurgingPendingKillObjects:61.1]]
[2020.09.28-07.20.22:939][  0]LogConfig: Setting CVar [[gc.MaxObjectsInEditor:25165824]]
[2020.09.28-07.20.22:939][  0]LogConfig: Setting CVar [[gc.IncrementalBeginDestroyEnabled:1]]
[2020.09.28-07.20.22:939][  0]LogConfig: Setting CVar [[gc.CreateGCClusters:1]]
[2020.09.28-07.20.22:939][  0]LogConfig: Setting CVar [[gc.MinGCClusterSize:5]]
[2020.09.28-07.20.22:939][  0]LogConfig: Setting CVar [[gc.ActorClusteringEnabled:0]]
[2020.09.28-07.20.22:939][  0]LogConfig: Setting CVar [[gc.BlueprintClusteringEnabled:0]]
[2020.09.28-07.20.22:939][  0]LogConfig: Setting CVar [[gc.UseDisregardForGCOnDedicatedServers:0]]
[2020.09.28-07.20.22:939][  0]LogConfig: Applying CVar settings from Section [/Script/Engine.NetworkSettings] File [C:/Users/tommy/Documents/GitHub/EscapeThePlate/EscapeThePlate/Saved/Config/Windows/Engine.ini]
[2020.09.28-07.20.22:939][  0]LogConfig: Applying CVar settings from Section [/Script/UnrealEd.CookerSettings] File [C:/Users/tommy/Documents/GitHub/EscapeThePlate/EscapeThePlate/Saved/Config/Windows/Engine.ini]
[2020.09.28-07.20.22:940][  0]LogConfig: Applying CVar settings from Section [ViewDistanceQuality@3] File [C:/Users/tommy/Documents/GitHub/EscapeThePlate/EscapeThePlate/Saved/Config/Windows/Scalability.ini]
[2020.09.28-07.20.22:940][  0]LogConfig: Setting CVar [[r.SkeletalMeshLODBias:0]]
[2020.09.28-07.20.22:940][  0]LogConfig: Setting CVar [[r.ViewDistanceScale:1.0]]
[2020.09.28-07.20.22:940][  0]LogConfig: Applying CVar settings from Section [AntiAliasingQuality@3] File [C:/Users/tommy/Documents/GitHub/EscapeThePlate/EscapeThePlate/Saved/Config/Windows/Scalability.ini]
[2020.09.28-07.20.22:940][  0]LogConfig: Setting CVar [[r.PostProcessAAQuality:4]]
[2020.09.28-07.20.22:940][  0]LogConfig: Applying CVar settings from Section [ShadowQuality@3] File [C:/Users/tommy/Documents/GitHub/EscapeThePlate/EscapeThePlate/Saved/Config/Windows/Scalability.ini]
[2020.09.28-07.20.22:940][  0]LogConfig: Setting CVar [[r.LightFunctionQuality:1]]
[2020.09.28-07.20.22:940][  0]LogConfig: Setting CVar [[r.ShadowQuality:5]]
[2020.09.28-07.20.22:940][  0]LogConfig: Setting CVar [[r.Shadow.CSM.MaxCascades:10]]
[2020.09.28-07.20.22:940][  0]LogConfig: Setting CVar [[r.Shadow.MaxResolution:2048]]
[2020.09.28-07.20.22:940][  0]LogConfig: Setting CVar [[r.Shadow.MaxCSMResolution:2048]]
[2020.09.28-07.20.22:940][  0]LogConfig: Setting CVar [[r.Shadow.RadiusThreshold:0.01]]
[2020.09.28-07.20.22:940][  0]LogConfig: Setting CVar [[r.Shadow.DistanceScale:1.0]]
[2020.09.28-07.20.22:940][  0]LogConfig: Setting CVar [[r.Shadow.CSM.TransitionScale:1.0]]
[2020.09.28-07.20.22:940][  0]LogConfig: Setting CVar [[r.Shadow.PreShadowResolutionFactor:1.0]]
[2020.09.28-07.20.22:940][  0]LogConfig: Setting CVar [[r.DistanceFieldShadowing:1]]
[2020.09.28-07.20.22:940][  0]LogConfig: Setting CVar [[r.DistanceFieldAO:1]]
[2020.09.28-07.20.22:940][  0]LogConfig: Setting CVar [[r.AOQuality:2]]
[2020.09.28-07.20.22:940][  0]LogConfig: Setting CVar [[r.VolumetricFog:1]]
[2020.09.28-07.20.22:940][  0]LogConfig: Setting CVar [[r.VolumetricFog.GridPixelSize:8]]
[2020.09.28-07.20.22:940][  0]LogConfig: Setting CVar [[r.VolumetricFog.GridSizeZ:128]]
[2020.09.28-07.20.22:940][  0]LogConfig: Setting CVar [[r.VolumetricFog.HistoryMissSupersampleCount:4]]
[2020.09.28-07.20.22:940][  0]LogConfig: Setting CVar [[r.LightMaxDrawDistanceScale:1]]
[2020.09.28-07.20.22:940][  0]LogConfig: Setting CVar [[r.CapsuleShadows:1]]
[2020.09.28-07.20.22:940][  0]LogConfig: Applying CVar settings from Section [PostProcessQuality@3] File [C:/Users/tommy/Documents/GitHub/EscapeThePlate/EscapeThePlate/Saved/Config/Windows/Scalability.ini]
[2020.09.28-07.20.22:940][  0]LogConfig: Setting CVar [[r.MotionBlurQuality:4]]
[2020.09.28-07.20.22:940][  0]LogConfig: Setting CVar [[r.AmbientOcclusionMipLevelFactor:0.4]]
[2020.09.28-07.20.22:940][  0]LogConfig: Setting CVar [[r.AmbientOcclusionMaxQuality:100]]
[2020.09.28-07.20.22:940][  0]LogConfig: Setting CVar [[r.AmbientOcclusionLevels:-1]]
[2020.09.28-07.20.22:940][  0]LogConfig: Setting CVar [[r.AmbientOcclusionRadiusScale:1.0]]
[2020.09.28-07.20.22:940][  0]LogConfig: Setting CVar [[r.DepthOfFieldQuality:2]]
[2020.09.28-07.20.22:940][  0]LogConfig: Setting CVar [[r.RenderTargetPoolMin:400]]
[2020.09.28-07.20.22:940][  0]LogConfig: Setting CVar [[r.LensFlareQuality:2]]
[2020.09.28-07.20.22:940][  0]LogConfig: Setting CVar [[r.SceneColorFringeQuality:1]]
[2020.09.28-07.20.22:940][  0]LogConfig: Setting CVar [[r.EyeAdaptationQuality:2]]
[2020.09.28-07.20.22:940][  0]LogConfig: Setting CVar [[r.BloomQuality:5]]
[2020.09.28-07.20.22:941][  0]LogConfig: Setting CVar [[r.FastBlurThreshold:100]]
[2020.09.28-07.20.22:941][  0]LogConfig: Setting CVar [[r.Upscale.Quality:3]]
[2020.09.28-07.20.22:941][  0]LogConfig: Setting CVar [[r.Tonemapper.GrainQuantization:1]]
[2020.09.28-07.20.22:941][  0]LogConfig: Setting CVar [[r.LightShaftQuality:1]]
[2020.09.28-07.20.22:941][  0]LogConfig: Setting CVar [[r.Filter.SizeScale:1]]
[2020.09.28-07.20.22:941][  0]LogConfig: Setting CVar [[r.Tonemapper.Quality:5]]
[2020.09.28-07.20.22:941][  0]LogConfig: Setting CVar [[r.DOF.Gather.AccumulatorQuality:1        ; higher gathering accumulator quality]]
[2020.09.28-07.20.22:941][  0]LogConfig: Setting CVar [[r.DOF.Gather.PostfilterMethod:1          ; Median3x3 postfilering method]]
[2020.09.28-07.20.22:941][  0]LogConfig: Setting CVar [[r.DOF.Gather.EnableBokehSettings:0       ; no bokeh simulation when gathering]]
[2020.09.28-07.20.22:941][  0]LogConfig: Setting CVar [[r.DOF.Gather.RingCount:4                 ; medium number of samples when gathering]]
[2020.09.28-07.20.22:941][  0]LogConfig: Setting CVar [[r.DOF.Scatter.ForegroundCompositing:1    ; additive foreground scattering]]
[2020.09.28-07.20.22:941][  0]LogConfig: Setting CVar [[r.DOF.Scatter.BackgroundCompositing:2    ; additive background scattering]]
[2020.09.28-07.20.22:941][  0]LogConfig: Setting CVar [[r.DOF.Scatter.EnableBokehSettings:1      ; bokeh simulation when scattering]]
[2020.09.28-07.20.22:941][  0]LogConfig: Setting CVar [[r.DOF.Scatter.MaxSpriteRatio:0.1         ; only a maximum of 10% of scattered bokeh]]
[2020.09.28-07.20.22:941][  0]LogConfig: Setting CVar [[r.DOF.Recombine.Quality:1                ; cheap slight out of focus]]
[2020.09.28-07.20.22:941][  0]LogConfig: Setting CVar [[r.DOF.Recombine.EnableBokehSettings:0    ; no bokeh simulation on slight out of focus]]
[2020.09.28-07.20.22:941][  0]LogConfig: Setting CVar [[r.DOF.TemporalAAQuality:1                ; more stable temporal accumulation]]
[2020.09.28-07.20.22:941][  0]LogConfig: Setting CVar [[r.DOF.Kernel.MaxForegroundRadius:0.025]]
[2020.09.28-07.20.22:941][  0]LogConfig: Setting CVar [[r.DOF.Kernel.MaxBackgroundRadius:0.025]]
[2020.09.28-07.20.22:941][  0]LogConfig: Applying CVar settings from Section [TextureQuality@3] File [C:/Users/tommy/Documents/GitHub/EscapeThePlate/EscapeThePlate/Saved/Config/Windows/Scalability.ini]
[2020.09.28-07.20.22:941][  0]LogConfig: Setting CVar [[r.Streaming.MipBias:0]]
[2020.09.28-07.20.22:941][  0]LogConfig: Setting CVar [[r.Streaming.AmortizeCPUToGPUCopy:0]]
[2020.09.28-07.20.22:941][  0]LogConfig: Setting CVar [[r.Streaming.MaxNumTexturesToStreamPerFrame:0]]
[2020.09.28-07.20.22:941][  0]LogConfig: Setting CVar [[r.Streaming.Boost:1]]
[2020.09.28-07.20.22:941][  0]LogConfig: Setting CVar [[r.MaxAnisotropy:8]]
[2020.09.28-07.20.22:941][  0]LogConfig: Setting CVar [[r.VT.MaxAnisotropy:8]]
[2020.09.28-07.20.22:941][  0]LogConfig: Setting CVar [[r.Streaming.LimitPoolSizeToVRAM:0]]
[2020.09.28-07.20.22:941][  0]LogConfig: Setting CVar [[r.Streaming.PoolSize:1000]]
[2020.09.28-07.20.22:941][  0]LogConfig: Setting CVar [[r.Streaming.MaxEffectiveScreenSize:0]]
[2020.09.28-07.20.22:941][  0]LogConfig: Applying CVar settings from Section [EffectsQuality@3] File [C:/Users/tommy/Documents/GitHub/EscapeThePlate/EscapeThePlate/Saved/Config/Windows/Scalability.ini]
[2020.09.28-07.20.22:941][  0]LogConfig: Setting CVar [[r.TranslucencyLightingVolumeDim:64]]
[2020.09.28-07.20.22:941][  0]LogConfig: Setting CVar [[r.RefractionQuality:2]]
[2020.09.28-07.20.22:941][  0]LogConfig: Setting CVar [[r.SSR.Quality:3]]
[2020.09.28-07.20.22:941][  0]LogConfig: Setting CVar [[r.SSR.HalfResSceneColor:0]]
[2020.09.28-07.20.22:941][  0]LogConfig: Setting CVar [[r.SceneColorFormat:4]]
[2020.09.28-07.20.22:941][  0]LogConfig: Setting CVar [[r.DetailMode:2]]
[2020.09.28-07.20.22:941][  0]LogConfig: Setting CVar [[r.TranslucencyVolumeBlur:1]]
[2020.09.28-07.20.22:941][  0]LogConfig: Setting CVar [[r.MaterialQualityLevel:1 ; High quality]]
[2020.09.28-07.20.22:941][  0]LogConfig: Setting CVar [[r.SSS.Scale:1]]
[2020.09.28-07.20.22:941][  0]LogConfig: Setting CVar [[r.SSS.SampleSet:2]]
[2020.09.28-07.20.22:941][  0]LogConfig: Setting CVar [[r.SSS.Quality:1]]
[2020.09.28-07.20.22:941][  0]LogConfig: Setting CVar [[r.SSS.HalfRes:0]]
[2020.09.28-07.20.22:941][  0]LogConfig: Setting CVar [[r.SSGI.Quality:3]]
[2020.09.28-07.20.22:941][  0]LogConfig: Setting CVar [[r.EmitterSpawnRateScale:1.0]]
[2020.09.28-07.20.22:941][  0]LogConfig: Setting CVar [[r.ParticleLightQuality:2]]
[2020.09.28-07.20.22:941][  0]LogConfig: Setting CVar [[r.SkyAtmosphere.AerialPerspectiveLUT.FastApplyOnOpaque:1 ; Always have FastSkyLUT 1 in this case to avoid wrong sky]]
[2020.09.28-07.20.22:941][  0]LogConfig: Setting CVar [[r.SkyAtmosphere.AerialPerspectiveLUT.SampleCountPerSlice:1]]
[2020.09.28-07.20.22:941][  0]LogConfig: Setting CVar [[r.SkyAtmosphere.AerialPerspectiveLUT.DepthResolution:16.0]]
[2020.09.28-07.20.22:941][  0]LogConfig: Setting CVar [[r.SkyAtmosphere.FastSkyLUT:1]]
[2020.09.28-07.20.22:941][  0]LogConfig: Setting CVar [[r.SkyAtmosphere.FastSkyLUT.SampleCountMin:4.0]]
[2020.09.28-07.20.22:941][  0]LogConfig: Setting CVar [[r.SkyAtmosphere.FastSkyLUT.SampleCountMax:32.0]]
[2020.09.28-07.20.22:941][  0]LogConfig: Setting CVar [[r.SkyAtmosphere.SampleCountMin:4.0]]
[2020.09.28-07.20.22:941][  0]LogConfig: Setting CVar [[r.SkyAtmosphere.SampleCountMax:32.0]]
[2020.09.28-07.20.22:941][  0]LogConfig: Setting CVar [[r.SkyAtmosphere.TransmittanceLUT.UseSmallFormat:0]]
[2020.09.28-07.20.22:941][  0]LogConfig: Setting CVar [[r.SkyAtmosphere.TransmittanceLUT.SampleCount:10.0]]
[2020.09.28-07.20.22:941][  0]LogConfig: Setting CVar [[r.SkyAtmosphere.MultiScatteringLUT.SampleCount:15.0]]
[2020.09.28-07.20.22:941][  0]LogConfig: Applying CVar settings from Section [FoliageQuality@3] File [C:/Users/tommy/Documents/GitHub/EscapeThePlate/EscapeThePlate/Saved/Config/Windows/Scalability.ini]
[2020.09.28-07.20.22:941][  0]LogConfig: Setting CVar [[foliage.DensityScale:1.0]]
[2020.09.28-07.20.22:941][  0]LogConfig: Setting CVar [[grass.DensityScale:1.0]]
[2020.09.28-07.20.22:941][  0]LogConfig: Applying CVar settings from Section [ShadingQuality@3] File [C:/Users/tommy/Documents/GitHub/EscapeThePlate/EscapeThePlate/Saved/Config/Windows/Scalability.ini]
[2020.09.28-07.20.22:941][  0]LogConfig: Setting CVar [[r.HairStrands.SkyLighting.SampleCount:16]]
[2020.09.28-07.20.22:941][  0]LogConfig: Setting CVar [[r.HairStrands.SkyLighting.JitterIntegration:0]]
[2020.09.28-07.20.22:941][  0]LogConfig: Setting CVar [[r.HairStrands.SkyAO.SampleCount:16]]
[2020.09.28-07.20.22:941][  0]LogConfig: Setting CVar [[r.HairStrands.DeepShadow.SuperSampling:0]]
[2020.09.28-07.20.22:941][  0]LogConfig: Setting CVar [[r.HairStrands.VisibilityPPLL:0]]
[2020.09.28-07.20.22:941][  0]LogConfig: Setting CVar [[r.HairStrands.RasterizationScale:0.5]]
[2020.09.28-07.20.22:941][  0]LogConfig: Setting CVar [[r.HairStrands.VelocityRasterizationScale:1]]
[2020.09.28-07.20.22:941][  0]LogInit: Selected Device Profile: [Windows]
[2020.09.28-07.20.22:941][  0]LogInit: Applying CVar settings loaded from the selected device profile: [Windows]
[2020.09.28-07.20.22:941][  0]LogHAL: Display: Platform has ~ 16 GB [17109041152 / 17179869184 / 16], which maps to Larger [LargestMinGB=32, LargerMinGB=12, DefaultMinGB=8, SmallerMinGB=6, SmallestMinGB=0)
[2020.09.28-07.20.22:941][  0]LogInit: Going up to parent DeviceProfile []
[2020.09.28-07.20.22:941][  0]LogConfig: Applying CVar settings from Section [ViewDistanceQuality@3] File [C:/Users/tommy/Documents/GitHub/EscapeThePlate/EscapeThePlate/Saved/Config/Windows/Scalability.ini]
[2020.09.28-07.20.22:941][  0]LogConfig: Setting CVar [[r.SkeletalMeshLODBias:0]]
[2020.09.28-07.20.22:941][  0]LogConfig: Setting CVar [[r.ViewDistanceScale:1.0]]
[2020.09.28-07.20.22:941][  0]LogConfig: Applying CVar settings from Section [AntiAliasingQuality@3] File [C:/Users/tommy/Documents/GitHub/EscapeThePlate/EscapeThePlate/Saved/Config/Windows/Scalability.ini]
[2020.09.28-07.20.22:941][  0]LogConfig: Setting CVar [[r.PostProcessAAQuality:4]]
[2020.09.28-07.20.22:941][  0]LogConfig: Applying CVar settings from Section [ShadowQuality@3] File [C:/Users/tommy/Documents/GitHub/EscapeThePlate/EscapeThePlate/Saved/Config/Windows/Scalability.ini]
[2020.09.28-07.20.22:941][  0]LogConfig: Setting CVar [[r.LightFunctionQuality:1]]
[2020.09.28-07.20.22:941][  0]LogConfig: Setting CVar [[r.ShadowQuality:5]]
[2020.09.28-07.20.22:941][  0]LogConfig: Setting CVar [[r.Shadow.CSM.MaxCascades:10]]
[2020.09.28-07.20.22:941][  0]LogConfig: Setting CVar [[r.Shadow.MaxResolution:2048]]
[2020.09.28-07.20.22:941][  0]LogConfig: Setting CVar [[r.Shadow.MaxCSMResolution:2048]]
[2020.09.28-07.20.22:941][  0]LogConfig: Setting CVar [[r.Shadow.RadiusThreshold:0.01]]
[2020.09.28-07.20.22:941][  0]LogConfig: Setting CVar [[r.Shadow.DistanceScale:1.0]]
[2020.09.28-07.20.22:941][  0]LogConfig: Setting CVar [[r.Shadow.CSM.TransitionScale:1.0]]
[2020.09.28-07.20.22:941][  0]LogConfig: Setting CVar [[r.Shadow.PreShadowResolutionFactor:1.0]]
[2020.09.28-07.20.22:941][  0]LogConfig: Setting CVar [[r.DistanceFieldShadowing:1]]
[2020.09.28-07.20.22:941][  0]LogConfig: Setting CVar [[r.DistanceFieldAO:1]]
[2020.09.28-07.20.22:941][  0]LogConfig: Setting CVar [[r.AOQuality:2]]
[2020.09.28-07.20.22:941][  0]LogConfig: Setting CVar [[r.VolumetricFog:1]]
[2020.09.28-07.20.22:941][  0]LogConfig: Setting CVar [[r.VolumetricFog.GridPixelSize:8]]
[2020.09.28-07.20.22:941][  0]LogConfig: Setting CVar [[r.VolumetricFog.GridSizeZ:128]]
[2020.09.28-07.20.22:941][  0]LogConfig: Setting CVar [[r.VolumetricFog.HistoryMissSupersampleCount:4]]
[2020.09.28-07.20.22:941][  0]LogConfig: Setting CVar [[r.LightMaxDrawDistanceScale:1]]
[2020.09.28-07.20.22:941][  0]LogConfig: Setting CVar [[r.CapsuleShadows:1]]
[2020.09.28-07.20.22:941][  0]LogConfig: Applying CVar settings from Section [PostProcessQuality@3] File [C:/Users/tommy/Documents/GitHub/EscapeThePlate/EscapeThePlate/Saved/Config/Windows/Scalability.ini]
[2020.09.28-07.20.22:941][  0]LogConfig: Setting CVar [[r.MotionBlurQuality:4]]
[2020.09.28-07.20.22:941][  0]LogConfig: Setting CVar [[r.AmbientOcclusionMipLevelFactor:0.4]]
[2020.09.28-07.20.22:941][  0]LogConfig: Setting CVar [[r.AmbientOcclusionMaxQuality:100]]
[2020.09.28-07.20.22:941][  0]LogConfig: Setting CVar [[r.AmbientOcclusionLevels:-1]]
[2020.09.28-07.20.22:941][  0]LogConfig: Setting CVar [[r.AmbientOcclusionRadiusScale:1.0]]
[2020.09.28-07.20.22:941][  0]LogConfig: Setting CVar [[r.DepthOfFieldQuality:2]]
[2020.09.28-07.20.22:941][  0]LogConfig: Setting CVar [[r.RenderTargetPoolMin:400]]
[2020.09.28-07.20.22:942][  0]LogConfig: Setting CVar [[r.LensFlareQuality:2]]
[2020.09.28-07.20.22:942][  0]LogConfig: Setting CVar [[r.SceneColorFringeQuality:1]]
[2020.09.28-07.20.22:942][  0]LogConfig: Setting CVar [[r.EyeAdaptationQuality:2]]
[2020.09.28-07.20.22:942][  0]LogConfig: Setting CVar [[r.BloomQuality:5]]
[2020.09.28-07.20.22:942][  0]LogConfig: Setting CVar [[r.FastBlurThreshold:100]]
[2020.09.28-07.20.22:942][  0]LogConfig: Setting CVar [[r.Upscale.Quality:3]]
[2020.09.28-07.20.22:942][  0]LogConfig: Setting CVar [[r.Tonemapper.GrainQuantization:1]]
[2020.09.28-07.20.22:942][  0]LogConfig: Setting CVar [[r.LightShaftQuality:1]]
[2020.09.28-07.20.22:942][  0]LogConfig: Setting CVar [[r.Filter.SizeScale:1]]
[2020.09.28-07.20.22:942][  0]LogConfig: Setting CVar [[r.Tonemapper.Quality:5]]
[2020.09.28-07.20.22:942][  0]LogConfig: Setting CVar [[r.DOF.Gather.AccumulatorQuality:1        ; higher gathering accumulator quality]]
[2020.09.28-07.20.22:942][  0]LogConfig: Setting CVar [[r.DOF.Gather.PostfilterMethod:1          ; Median3x3 postfilering method]]
[2020.09.28-07.20.22:942][  0]LogConfig: Setting CVar [[r.DOF.Gather.EnableBokehSettings:0       ; no bokeh simulation when gathering]]
[2020.09.28-07.20.22:942][  0]LogConfig: Setting CVar [[r.DOF.Gather.RingCount:4                 ; medium number of samples when gathering]]
[2020.09.28-07.20.22:942][  0]LogConfig: Setting CVar [[r.DOF.Scatter.ForegroundCompositing:1    ; additive foreground scattering]]
[2020.09.28-07.20.22:942][  0]LogConfig: Setting CVar [[r.DOF.Scatter.BackgroundCompositing:2    ; additive background scattering]]
[2020.09.28-07.20.22:942][  0]LogConfig: Setting CVar [[r.DOF.Scatter.EnableBokehSettings:1      ; bokeh simulation when scattering]]
[2020.09.28-07.20.22:942][  0]LogConfig: Setting CVar [[r.DOF.Scatter.MaxSpriteRatio:0.1         ; only a maximum of 10% of scattered bokeh]]
[2020.09.28-07.20.22:942][  0]LogConfig: Setting CVar [[r.DOF.Recombine.Quality:1                ; cheap slight out of focus]]
[2020.09.28-07.20.22:942][  0]LogConfig: Setting CVar [[r.DOF.Recombine.EnableBokehSettings:0    ; no bokeh simulation on slight out of focus]]
[2020.09.28-07.20.22:942][  0]LogConfig: Setting CVar [[r.DOF.TemporalAAQuality:1                ; more stable temporal accumulation]]
[2020.09.28-07.20.22:942][  0]LogConfig: Setting CVar [[r.DOF.Kernel.MaxForegroundRadius:0.025]]
[2020.09.28-07.20.22:942][  0]LogConfig: Setting CVar [[r.DOF.Kernel.MaxBackgroundRadius:0.025]]
[2020.09.28-07.20.22:942][  0]LogConfig: Applying CVar settings from Section [TextureQuality@3] File [C:/Users/tommy/Documents/GitHub/EscapeThePlate/EscapeThePlate/Saved/Config/Windows/Scalability.ini]
[2020.09.28-07.20.22:942][  0]LogConfig: Setting CVar [[r.Streaming.MipBias:0]]
[2020.09.28-07.20.22:942][  0]LogConfig: Setting CVar [[r.Streaming.AmortizeCPUToGPUCopy:0]]
[2020.09.28-07.20.22:942][  0]LogConfig: Setting CVar [[r.Streaming.MaxNumTexturesToStreamPerFrame:0]]
[2020.09.28-07.20.22:942][  0]LogConfig: Setting CVar [[r.Streaming.Boost:1]]
[2020.09.28-07.20.22:942][  0]LogConfig: Setting CVar [[r.MaxAnisotropy:8]]
[2020.09.28-07.20.22:942][  0]LogConfig: Setting CVar [[r.VT.MaxAnisotropy:8]]
[2020.09.28-07.20.22:942][  0]LogConfig: Setting CVar [[r.Streaming.LimitPoolSizeToVRAM:0]]
[2020.09.28-07.20.22:942][  0]LogConfig: Setting CVar [[r.Streaming.PoolSize:1000]]
[2020.09.28-07.20.22:942][  0]LogConfig: Setting CVar [[r.Streaming.MaxEffectiveScreenSize:0]]
[2020.09.28-07.20.22:942][  0]LogConfig: Applying CVar settings from Section [EffectsQuality@3] File [C:/Users/tommy/Documents/GitHub/EscapeThePlate/EscapeThePlate/Saved/Config/Windows/Scalability.ini]
[2020.09.28-07.20.22:942][  0]LogConfig: Setting CVar [[r.TranslucencyLightingVolumeDim:64]]
[2020.09.28-07.20.22:942][  0]LogConfig: Setting CVar [[r.RefractionQuality:2]]
[2020.09.28-07.20.22:942][  0]LogConfig: Setting CVar [[r.SSR.Quality:3]]
[2020.09.28-07.20.22:942][  0]LogConfig: Setting CVar [[r.SSR.HalfResSceneColor:0]]
[2020.09.28-07.20.22:942][  0]LogConfig: Setting CVar [[r.SceneColorFormat:4]]
[2020.09.28-07.20.22:942][  0]LogConfig: Setting CVar [[r.DetailMode:2]]
[2020.09.28-07.20.22:942][  0]LogConfig: Setting CVar [[r.TranslucencyVolumeBlur:1]]
[2020.09.28-07.20.22:942][  0]LogConfig: Setting CVar [[r.MaterialQualityLevel:1 ; High quality]]
[2020.09.28-07.20.22:942][  0]LogConfig: Setting CVar [[r.SSS.Scale:1]]
[2020.09.28-07.20.22:942][  0]LogConfig: Setting CVar [[r.SSS.SampleSet:2]]
[2020.09.28-07.20.22:942][  0]LogConfig: Setting CVar [[r.SSS.Quality:1]]
[2020.09.28-07.20.22:942][  0]LogConfig: Setting CVar [[r.SSS.HalfRes:0]]
[2020.09.28-07.20.22:942][  0]LogConfig: Setting CVar [[r.SSGI.Quality:3]]
[2020.09.28-07.20.22:942][  0]LogConfig: Setting CVar [[r.EmitterSpawnRateScale:1.0]]
[2020.09.28-07.20.22:942][  0]LogConfig: Setting CVar [[r.ParticleLightQuality:2]]
[2020.09.28-07.20.22:942][  0]LogConfig: Setting CVar [[r.SkyAtmosphere.AerialPerspectiveLUT.FastApplyOnOpaque:1 ; Always have FastSkyLUT 1 in this case to avoid wrong sky]]
[2020.09.28-07.20.22:942][  0]LogConfig: Setting CVar [[r.SkyAtmosphere.AerialPerspectiveLUT.SampleCountPerSlice:1]]
[2020.09.28-07.20.22:942][  0]LogConfig: Setting CVar [[r.SkyAtmosphere.AerialPerspectiveLUT.DepthResolution:16.0]]
[2020.09.28-07.20.22:942][  0]LogConfig: Setting CVar [[r.SkyAtmosphere.FastSkyLUT:1]]
[2020.09.28-07.20.22:942][  0]LogConfig: Setting CVar [[r.SkyAtmosphere.FastSkyLUT.SampleCountMin:4.0]]
[2020.09.28-07.20.22:942][  0]LogConfig: Setting CVar [[r.SkyAtmosphere.FastSkyLUT.SampleCountMax:32.0]]
[2020.09.28-07.20.22:942][  0]LogConfig: Setting CVar [[r.SkyAtmosphere.SampleCountMin:4.0]]
[2020.09.28-07.20.22:942][  0]LogConfig: Setting CVar [[r.SkyAtmosphere.SampleCountMax:32.0]]
[2020.09.28-07.20.22:942][  0]LogConfig: Setting CVar [[r.SkyAtmosphere.TransmittanceLUT.UseSmallFormat:0]]
[2020.09.28-07.20.22:942][  0]LogConfig: Setting CVar [[r.SkyAtmosphere.TransmittanceLUT.SampleCount:10.0]]
[2020.09.28-07.20.22:942][  0]LogConfig: Setting CVar [[r.SkyAtmosphere.MultiScatteringLUT.SampleCount:15.0]]
[2020.09.28-07.20.22:942][  0]LogConfig: Applying CVar settings from Section [FoliageQuality@3] File [C:/Users/tommy/Documents/GitHub/EscapeThePlate/EscapeThePlate/Saved/Config/Windows/Scalability.ini]
[2020.09.28-07.20.22:942][  0]LogConfig: Setting CVar [[foliage.DensityScale:1.0]]
[2020.09.28-07.20.22:942][  0]LogConfig: Setting CVar [[grass.DensityScale:1.0]]
[2020.09.28-07.20.22:942][  0]LogConfig: Applying CVar settings from Section [ShadingQuality@3] File [C:/Users/tommy/Documents/GitHub/EscapeThePlate/EscapeThePlate/Saved/Config/Windows/Scalability.ini]
[2020.09.28-07.20.22:942][  0]LogConfig: Setting CVar [[r.HairStrands.SkyLighting.SampleCount:16]]
[2020.09.28-07.20.22:942][  0]LogConfig: Setting CVar [[r.HairStrands.SkyLighting.JitterIntegration:0]]
[2020.09.28-07.20.22:942][  0]LogConfig: Setting CVar [[r.HairStrands.SkyAO.SampleCount:16]]
[2020.09.28-07.20.22:942][  0]LogConfig: Setting CVar [[r.HairStrands.DeepShadow.SuperSampling:0]]
[2020.09.28-07.20.22:942][  0]LogConfig: Setting CVar [[r.HairStrands.VisibilityPPLL:0]]
[2020.09.28-07.20.22:942][  0]LogConfig: Setting CVar [[r.HairStrands.RasterizationScale:0.5]]
[2020.09.28-07.20.22:942][  0]LogConfig: Setting CVar [[r.HairStrands.VelocityRasterizationScale:1]]
[2020.09.28-07.20.22:942][  0]LogConfig: Applying CVar settings from Section [Startup] File [../../../Engine/Config/ConsoleVariables.ini]
[2020.09.28-07.20.22:942][  0]LogConfig: Setting CVar [[net.UseAdaptiveNetUpdateFrequency:0]]
[2020.09.28-07.20.22:942][  0]LogConfig: Setting CVar [[p.chaos.AllowCreatePhysxBodies:1]]
[2020.09.28-07.20.22:942][  0]LogConfig: Setting CVar [[fx.SkipVectorVMBackendOptimizations:1]]
[2020.09.28-07.20.22:942][  0]LogConfig: Applying CVar settings from Section [ConsoleVariables] File [C:/Users/tommy/Documents/GitHub/EscapeThePlate/EscapeThePlate/Saved/Config/Windows/Engine.ini]
[2020.09.28-07.20.22:942][  0]LogInit: Computer: DESKTOP-LMU5NOS
[2020.09.28-07.20.22:942][  0]LogInit: User: tommy
[2020.09.28-07.20.22:942][  0]LogInit: CPU Page size=4096, Cores=8
[2020.09.28-07.20.22:942][  0]LogInit: High frequency timer resolution =10.000000 MHz
[2020.09.28-07.20.22:943][  0]LogMemory: Memory total: Physical=15.9GB (16GB approx)
[2020.09.28-07.20.22:943][  0]LogMemory: Platform Memory Stats for Windows
[2020.09.28-07.20.22:943][  0]LogMemory: Process Physical Memory: 117.09 MB used, 117.09 MB peak
[2020.09.28-07.20.22:943][  0]LogMemory: Process Virtual Memory: 106.44 MB used, 106.44 MB peak
[2020.09.28-07.20.22:943][  0]LogMemory: Physical Memory: 12115.55 MB used,  4200.90 MB free, 16316.45 MB total
[2020.09.28-07.20.22:943][  0]LogMemory: Virtual Memory: 5193.14 MB used,  134212536.00 MB free, 134217728.00 MB total
[2020.09.28-07.20.22:946][  0]LogWindows: WindowsPlatformFeatures enabled
[2020.09.28-07.20.22:969][  0]LogInit: Physics initialised using underlying interface: PhysX
[2020.09.28-07.20.22:970][  0]LogInit: Using OS detected language (en-US).
[2020.09.28-07.20.22:970][  0]LogInit: Using OS detected locale (en-US).
[2020.09.28-07.20.22:971][  0]LogTextLocalizationManager: No specific localization for 'en-US' exists, so the 'en' localization will be used.
[2020.09.28-07.20.23:091][  0]LogInit: Setting process to per monitor DPI aware
[2020.09.28-07.20.23:104][  0]LogSlate: New Slate User Created.  User Index 0, Is Virtual User: 0
[2020.09.28-07.20.23:104][  0]LogSlate: Slate User Registered.  User Index 0, Is Virtual User: 0
[2020.09.28-07.20.23:240][  0]LogHMD: Failed to initialize OpenVR with code 110
[2020.09.28-07.20.23:241][  0]LogD3D11RHI: D3D11 min allowed feature level: 11_0
[2020.09.28-07.20.23:241][  0]LogD3D11RHI: D3D11 max allowed feature level: 11_0
[2020.09.28-07.20.23:241][  0]LogD3D11RHI: D3D11 adapters:
[2020.09.28-07.20.23:309][  0]LogD3D11RHI:    0. 'NVIDIA GeForce RTX 2060 SUPER' (Feature Level 11_0)
[2020.09.28-07.20.23:309][  0]LogD3D11RHI:       8031/0/8158 MB DedicatedVideo/DedicatedSystem/SharedSystem, Outputs:1, VendorId:0x10de
[2020.09.28-07.20.23:311][  0]LogD3D11RHI:    1. 'Microsoft Basic Render Driver' (Feature Level 11_0)
[2020.09.28-07.20.23:311][  0]LogD3D11RHI:       0/0/8158 MB DedicatedVideo/DedicatedSystem/SharedSystem, Outputs:0, VendorId:0x1414
[2020.09.28-07.20.23:311][  0]LogD3D11RHI: Chosen D3D11 Adapter: 0
[2020.09.28-07.20.23:318][  0]LogD3D11RHI: Creating new Direct3DDevice
[2020.09.28-07.20.23:319][  0]LogD3D11RHI:     GPU DeviceId: 0x1f06 (for the marketing name, search the web for "GPU Device Id")
[2020.09.28-07.20.23:319][  0]LogWindows: EnumDisplayDevices:
[2020.09.28-07.20.23:319][  0]LogWindows:    0. 'NVIDIA GeForce RTX 2060 SUPER' (P:1 D:1)
[2020.09.28-07.20.23:319][  0]LogWindows:    1. 'NVIDIA GeForce RTX 2060 SUPER' (P:0 D:0)
[2020.09.28-07.20.23:319][  0]LogWindows:    2. 'NVIDIA GeForce RTX 2060 SUPER' (P:0 D:0)
[2020.09.28-07.20.23:319][  0]LogWindows:    3. 'NVIDIA GeForce RTX 2060 SUPER' (P:0 D:0)
[2020.09.28-07.20.23:319][  0]LogWindows: DebugString: FoundDriverCount:4 
[2020.09.28-07.20.23:319][  0]LogD3D11RHI:     Adapter Name: NVIDIA GeForce RTX 2060 SUPER
[2020.09.28-07.20.23:319][  0]LogD3D11RHI:   Driver Version: 442.59 (internal:26.21.14.4259, unified:442.59)
[2020.09.28-07.20.23:319][  0]LogD3D11RHI:      Driver Date: 3-4-2020
[2020.09.28-07.20.23:319][  0]LogRHI: Texture pool is 5621 MB (70% of 8031 MB)
[2020.09.28-07.20.23:359][  0]LogD3D11RHI: RHI has support for 64 bit atomics
[2020.09.28-07.20.23:360][  0]LogD3D11RHI: [Aftermath] Enabled and primed
[2020.09.28-07.20.23:360][  0]LogD3D11RHI: Async texture creation enabled
[2020.09.28-07.20.23:360][  0]LogD3D11RHI: Array index from any shader is supported
[2020.09.28-07.20.23:375][  0]LogD3D11RHI: GPU Timing Frequency: 1000.000000 (Debug: 2 1)
[2020.09.28-07.20.23:596][  0]LogTargetPlatformManager: Display: Loaded TargetPlatform 'AllDesktop'
[2020.09.28-07.20.23:615][  0]LogTargetPlatformManager: Display: Loaded TargetPlatform 'Android'
[2020.09.28-07.20.23:615][  0]LogTargetPlatformManager: Display: Loaded TargetPlatform 'Android_ASTC'
[2020.09.28-07.20.23:615][  0]LogTargetPlatformManager: Display: Loaded TargetPlatform 'Android_DXT'
[2020.09.28-07.20.23:615][  0]LogTargetPlatformManager: Display: Loaded TargetPlatform 'Android_ETC2'
[2020.09.28-07.20.23:615][  0]LogTargetPlatformManager: Display: Loaded TargetPlatform 'AndroidClient'
[2020.09.28-07.20.23:615][  0]LogTargetPlatformManager: Display: Loaded TargetPlatform 'Android_ASTCClient'
[2020.09.28-07.20.23:615][  0]LogTargetPlatformManager: Display: Loaded TargetPlatform 'Android_DXTClient'
[2020.09.28-07.20.23:615][  0]LogTargetPlatformManager: Display: Loaded TargetPlatform 'Android_ETC2Client'
[2020.09.28-07.20.23:615][  0]LogTargetPlatformManager: Display: Loaded TargetPlatform 'Android_Multi'
[2020.09.28-07.20.23:615][  0]LogTargetPlatformManager: Display: Loaded TargetPlatform 'Android_MultiClient'
[2020.09.28-07.20.23:633][  0]LogTargetPlatformManager: Display: Loaded TargetPlatform 'IOSClient'
[2020.09.28-07.20.23:633][  0]LogTargetPlatformManager: Display: Loaded TargetPlatform 'IOS'
[2020.09.28-07.20.23:641][  0]LogTargetPlatformManager: Display: Loaded TargetPlatform 'Linux'
[2020.09.28-07.20.23:649][  0]LogTargetPlatformManager: Display: Loaded TargetPlatform 'LinuxNoEditor'
[2020.09.28-07.20.23:656][  0]LogTargetPlatformManager: Display: Loaded TargetPlatform 'LinuxClient'
[2020.09.28-07.20.23:663][  0]LogTargetPlatformManager: Display: Loaded TargetPlatform 'LinuxServer'
[2020.09.28-07.20.23:671][  0]LogTargetPlatformManager: Display: Loaded TargetPlatform 'LinuxAArch64NoEditor'
[2020.09.28-07.20.23:678][  0]LogTargetPlatformManager: Display: Loaded TargetPlatform 'LinuxAArch64Client'
[2020.09.28-07.20.23:685][  0]LogTargetPlatformManager: Display: Loaded TargetPlatform 'LinuxAArch64Server'
[2020.09.28-07.20.23:705][  0]LogTargetPlatformManager: Display: Loaded TargetPlatform 'Lumin'
[2020.09.28-07.20.23:705][  0]LogTargetPlatformManager: Display: Loaded TargetPlatform 'LuminClient'
[2020.09.28-07.20.23:717][  0]LogTargetPlatformManager: Display: Loaded TargetPlatform 'TVOSClient'
[2020.09.28-07.20.23:717][  0]LogTargetPlatformManager: Display: Loaded TargetPlatform 'TVOS'
[2020.09.28-07.20.23:724][  0]LogTargetPlatformManager: Display: Loaded TargetPlatform 'WindowsNoEditor'
[2020.09.28-07.20.23:732][  0]LogTargetPlatformManager: Display: Loaded TargetPlatform 'Windows'
[2020.09.28-07.20.23:740][  0]LogTargetPlatformManager: Display: Loaded TargetPlatform 'WindowsClient'
[2020.09.28-07.20.23:747][  0]LogTargetPlatformManager: Display: Loaded TargetPlatform 'WindowsServer'
[2020.09.28-07.20.23:747][  0]LogTargetPlatformManager: Display: Building Assets For Windows
[2020.09.28-07.20.23:753][  0]LogAudioDebug: Display: Lib vorbis DLL was dynamically loaded.
[2020.09.28-07.20.23:795][  0]LogShaderCompilers: Guid format shader working directory is -16 characters bigger than the processId version (C:/Users/tommy/Documents/GitHub/EscapeThePlate/EscapeThePlate/Intermediate/Shaders/WorkingDirectory/32356/).
[2020.09.28-07.20.23:795][  0]LogShaderCompilers: Cleaned the shader compiler working directory 'C:/Users/tommy/AppData/Local/Temp/UnrealShaderWorkingDir/B176A8D5467AB0916AE0B2BC29D61662/'.
[2020.09.28-07.20.23:795][  0]LogXGEController: Cannot use XGE Controller as Incredibuild is not installed on this machine.
[2020.09.28-07.20.23:795][  0]LogShaderCompilers: Cannot use XGE Shader Compiler as Incredibuild is not installed on this machine.
[2020.09.28-07.20.23:795][  0]LogShaderCompilers: Display: Using Local Shader Compiler.
[2020.09.28-07.20.24:377][  0]LogDerivedDataCache: Display: Max Cache Size: 512 MB
[2020.09.28-07.20.24:415][  0]LogDerivedDataCache: Loaded boot cache 0.04s 75MB C:/Users/tommy/AppData/Local/UnrealEngine/4.25/DerivedDataCache/Boot.ddc.
[2020.09.28-07.20.24:415][  0]LogDerivedDataCache: Display: Loaded Boot cache: C:/Users/tommy/AppData/Local/UnrealEngine/4.25/DerivedDataCache/Boot.ddc
[2020.09.28-07.20.24:415][  0]LogDerivedDataCache: FDerivedDataBackendGraph:  Pak pak cache file C:/Users/tommy/Documents/GitHub/EscapeThePlate/EscapeThePlate/DerivedDataCache/DDC.ddp not found, will not use a pak cache.
[2020.09.28-07.20.24:415][  0]LogDerivedDataCache: Unable to find inner node Pak for hierarchical cache Hierarchy.
[2020.09.28-07.20.24:415][  0]LogDerivedDataCache: FDerivedDataBackendGraph:  CompressedPak pak cache file C:/Users/tommy/Documents/GitHub/EscapeThePlate/EscapeThePlate/DerivedDataCache/Compressed.ddp not found, will not use a pak cache.
[2020.09.28-07.20.24:415][  0]LogDerivedDataCache: Unable to find inner node CompressedPak for hierarchical cache Hierarchy.
[2020.09.28-07.20.24:424][  0]LogDerivedDataCache: Display: Pak cache opened for reading ../../../Engine/DerivedDataCache/Compressed.ddp.
[2020.09.28-07.20.24:424][  0]LogDerivedDataCache: FDerivedDataBackendGraph:  EnterprisePak pak cache file ../../../Enterprise/DerivedDataCache/Compressed.ddp not found, will not use a pak cache.
[2020.09.28-07.20.24:424][  0]LogDerivedDataCache: Unable to find inner node EnterprisePak for hierarchical cache Hierarchy.
[2020.09.28-07.20.24:425][  0]LogDerivedDataCache: Using Local data cache path C:/Users/tommy/AppData/Local/UnrealEngine/Common/DerivedDataCache: Writable
[2020.09.28-07.20.24:425][  0]LogDerivedDataCache: Shared data cache path not found in *engine.ini, will not use an Shared cache.
[2020.09.28-07.20.24:425][  0]LogDerivedDataCache: Unable to find inner node Shared for hierarchical cache Hierarchy.
[2020.09.28-07.20.24:464][  0]LogSlate: Using FreeType 2.10.0
[2020.09.28-07.20.24:464][  0]LogSlate: SlateFontServices - WITH_FREETYPE: 1, WITH_HARFBUZZ: 1
[2020.09.28-07.20.24:480][  0]LogAssetRegistry: FAssetRegistry took 0.0018 seconds to start up
[2020.09.28-07.20.24:664][  0]LogInit: Selected Device Profile: [Windows]
[2020.09.28-07.20.24:753][  0]LogMeshReduction: Using QuadricMeshReduction for automatic static mesh reduction
[2020.09.28-07.20.24:753][  0]LogMeshReduction: Using SimplygonMeshReduction for automatic skeletal mesh reduction
[2020.09.28-07.20.24:753][  0]LogMeshReduction: Using ProxyLODMeshReduction for automatic mesh merging
[2020.09.28-07.20.24:753][  0]LogMeshReduction: No distributed automatic mesh merging module available
[2020.09.28-07.20.24:753][  0]LogMeshMerging: No distributed automatic mesh merging module available
[2020.09.28-07.20.24:763][  0]LogNetVersion: EscapeThePlate 1.0.0, NetCL: 13144385, EngineNetVer: 14, GameNetVer: 0 (Checksum: 3224281851)
[2020.09.28-07.20.25:065][  0]LogAISub: UAISubsystem::UAISubsystem AISubsystem (000001A333003880), frame # 0
[2020.09.28-07.20.25:065][  0]LogAISub: UAISubsystem::UAISubsystem AIPerceptionSystem (000001A332FFEAC0), frame # 0
[2020.09.28-07.20.25:066][  0]LogAISub: UAISubsystem::UAISubsystem EnvQueryManager (000001A333051E00), frame # 0
[2020.09.28-07.20.25:090][  0]LogPackageLocalizationCache: Processed 19 localized package path(s) for 1 prioritized culture(s) in 0.019956 seconds
[2020.09.28-07.20.25:093][  0]LogUObjectArray: 15917 objects as part of root set at end of initial load.
[2020.09.28-07.20.25:093][  0]LogUObjectAllocator: 3965568 out of 0 bytes used by permanent object pool.
[2020.09.28-07.20.25:093][  0]LogUObjectArray: CloseDisregardForGC: 0/0 objects in disregard for GC pool
[2020.09.28-07.20.25:321][  0]LogTcpMessaging: Initializing TcpMessaging bridge
[2020.09.28-07.20.25:324][  0]LogUdpMessaging: Initializing bridge on interface 0.0.0.0:0 to multicast group 230.0.0.1:6666.
[2020.09.28-07.20.25:457][  0]SourceControl: Source control is disabled
[2020.09.28-07.20.25:457][  0]SourceControl: Source control is disabled
[2020.09.28-07.20.25:459][  0]SourceControl: Source control is disabled
[2020.09.28-07.20.25:462][  0]SourceControl: Source control is disabled
[2020.09.28-07.20.25:466][  0]SourceControl: Source control is disabled
[2020.09.28-07.20.25:628][  0]LogAndroidPermission: UAndroidPermissionCallbackProxy::GetInstance
[2020.09.28-07.20.25:642][  0]LogAudioCaptureCore: Display: No Audio Capture implementations found. Audio input will be silent.
[2020.09.28-07.20.25:642][  0]LogAudioCaptureCore: Display: No Audio Capture implementations found. Audio input will be silent.
[2020.09.28-07.20.25:677][  0]LogOcInput: OculusInput pre-init called
[2020.09.28-07.20.25:684][  0]LogWindows: Failed to load 'OVRPlugin.dll' (GetLastError=126)
[2020.09.28-07.20.25:684][  0]LogWindows: File 'OVRPlugin.dll' does not exist
[2020.09.28-07.20.25:728][  0]LogEngine: Initializing Engine...
[2020.09.28-07.20.25:728][  0]LogHMD: Failed to initialize OpenVR with code 110
[2020.09.28-07.20.25:728][  0]LogMagicLeap: Warning: VR disabled because ZI is not enabled.  To enable, in the editor, Edit -> Project Settings -> Plugins -> Magic Leap Plugin -> Enable Zero Iteration
[2020.09.28-07.20.25:729][  0]LogStats: UGameplayTagsManager::InitializeManager -  0.000 s
[2020.09.28-07.20.25:815][  0]LogInit: Initializing FReadOnlyCVARCache
[2020.09.28-07.20.25:820][  0]LogAIModule: Creating AISystem for world Untitled
[2020.09.28-07.20.25:821][  0]LogAISub: UAISubsystem::UAISubsystem EnvQueryManager (000001A335D83C00), frame # 0
[2020.09.28-07.20.25:821][  0]LogAISub: UAISubsystem::UAISubsystem AIPerceptionSystem (000001A335D8BB00), frame # 0
[2020.09.28-07.20.25:834][  0]LogAudioMixer: Display: Audio Mixer Platform Settings:
[2020.09.28-07.20.25:834][  0]LogAudioMixer: Display: 	Sample Rate:						  48000
[2020.09.28-07.20.25:834][  0]LogAudioMixer: Display: 	Callback Buffer Frame Size Requested: 1024
[2020.09.28-07.20.25:834][  0]LogAudioMixer: Display: 	Callback Buffer Frame Size To Use:	  1024
[2020.09.28-07.20.25:834][  0]LogAudioMixer: Display: 	Number of buffers to queue:			  2
[2020.09.28-07.20.25:834][  0]LogAudioMixer: Display: 	Max Channels (voices):				  32
[2020.09.28-07.20.25:834][  0]LogAudioMixer: Display: 	Number of Async Source Workers:		  0
[2020.09.28-07.20.25:834][  0]LogAudio: Display: AudioDevice MaxSources: 32
[2020.09.28-07.20.25:834][  0]LogAudio: Display: Using built-in audio occlusion.
[2020.09.28-07.20.25:834][  0]LogAudioMixer: Display: Initializing audio mixer.
[2020.09.28-07.20.25:847][  0]LogAudioMixer: Display: 0: FrontLeft
[2020.09.28-07.20.25:847][  0]LogAudioMixer: Display: 1: FrontRight
[2020.09.28-07.20.25:883][  0]LogAudioMixer: Display: Using Audio Device Speakers (Realtek(R) Audio)
[2020.09.28-07.20.25:885][  0]LogAudioMixer: Display: Initializing Sound Submixes...
[2020.09.28-07.20.25:887][  0]LogAudioMixer: Display: Creating Master Submix 'MasterSubmixDefault'
[2020.09.28-07.20.25:887][  0]LogAudioMixer: Display: Creating Master Submix 'MasterReverbSubmixDefault'
[2020.09.28-07.20.25:887][  0]LogAudioMixer: Display: Creating Master Submix 'MasterEQSubmixDefault'
[2020.09.28-07.20.25:888][  0]LogInit: FAudioDevice initialized.
[2020.09.28-07.20.25:888][  0]LogNetVersion: Set ProjectVersion to 1.0.0.0. Version Checksum will be recalculated on next use.
[2020.09.28-07.20.25:951][  0]LogDerivedDataCache: Saved boot cache 0.06s 75MB C:/Users/tommy/AppData/Local/UnrealEngine/4.25/DerivedDataCache/Boot.ddc.
[2020.09.28-07.20.25:951][  0]LogInit: Texture streaming: Enabled
[2020.09.28-07.20.25:962][  0]LogEngineSessionManager: EngineSessionManager initialized
[2020.09.28-07.20.25:962][  0]LogEditorSessionSummary: Verbose: Initializing EditorSessionSummaryWriter for editor session tracking
[2020.09.28-07.20.25:965][  0]LogEditorSessionSummary: EditorSessionSummaryWriter initialized
[2020.09.28-07.20.25:993][  0]LogInit: Transaction tracking system initialized
[2020.09.28-07.20.26:006][  0]BlueprintLog: New page: Editor Load
[2020.09.28-07.20.26:057][  0]LocalizationService: Localization service is disabled
[2020.09.28-07.20.26:157][  0]LogCook: Display: Max memory allowance for cook 16384mb min free memory 0mb
[2020.09.28-07.20.26:157][  0]LogCook: Display: Mobile HDR setting 1
[2020.09.28-07.20.26:243][  0]LogFileCache: Scanning file cache for directory 'C:/Users/tommy/Documents/GitHub/EscapeThePlate/EscapeThePlate/Content/' took 0.00s
[2020.09.28-07.20.26:392][  0]SourceControl: Source control is disabled
[2020.09.28-07.20.26:392][  0]LogUnrealEdMisc: Loading editor; pre map load, took 4.834
[2020.09.28-07.20.26:392][  0]Cmd: MAP LOAD FILE="C:/Users/tommy/Documents/GitHub/EscapeThePlate/EscapeThePlate/Content/Levels/PrototypeLevel.umap" TEMPLATE=0 SHOWPROGRESS=1 FEATURELEVEL=3
[2020.09.28-07.20.26:392][  0]LightingResults: New page: Lighting Build
[2020.09.28-07.20.26:393][  0]LogWorld: UWorld::CleanupWorld for Untitled, bSessionEnded=true, bCleanupResources=true
[2020.09.28-07.20.26:393][  0]LogSlate: InvalidateAllWidgets triggered.  All widgets were invalidated
[2020.09.28-07.20.26:393][  0]MapCheck: New page: Map Check
[2020.09.28-07.20.26:393][  0]LightingResults: New page: Lighting Build
[2020.09.28-07.20.26:402][  0]LogAISub: UAISubsystem::~UAISubsystem EnvQueryManager (000001A335D83C00), frame # 0
[2020.09.28-07.20.26:402][  0]LogAISub: UAISubsystem::~UAISubsystem AIPerceptionSystem (000001A335D8BB00), frame # 0
[2020.09.28-07.20.26:403][  0]LogUObjectHash: Compacting FUObjectHashTables data took   0.53ms
[2020.09.28-07.20.26:456][  0]LogAIModule: Creating AISystem for world PrototypeLevel
[2020.09.28-07.20.26:456][  0]LogAISub: UAISubsystem::UAISubsystem EnvQueryManager (000001A32616FE00), frame # 0
[2020.09.28-07.20.26:456][  0]LogAISub: UAISubsystem::UAISubsystem AIPerceptionSystem (000001A3262DD800), frame # 0
[2020.09.28-07.20.26:459][  0]LogEditorServer: Finished looking for orphan Actors (0.000 secs)
[2020.09.28-07.20.26:470][  0]LogUObjectHash: Compacting FUObjectHashTables data took   0.67ms
[2020.09.28-07.20.26:470][  0]Cmd: MAP CHECKDEP NOCLEARLOG
[2020.09.28-07.20.26:470][  0]MapCheck: Map check complete: 0 Error(s), 0 Warning(s), took 0.11ms to complete.
[2020.09.28-07.20.26:470][  0]LogFileHelpers: Loading map 'PrototypeLevel' took 0.078
[2020.09.28-07.20.26:472][  0]LogUnrealEdMisc: Total Editor Startup Time, took 4.914
[2020.09.28-07.20.26:672][  0]LogSlate: Updating window title bar state: overlay mode, drag disabled, window buttons hidden, title bar hidden
[2020.09.28-07.20.26:677][  0]LogSlate: Updating window title bar state: overlay mode, drag disabled, window buttons hidden, title bar hidden
[2020.09.28-07.20.26:682][  0]LogSlate: Updating window title bar state: overlay mode, drag disabled, window buttons hidden, title bar hidden
[2020.09.28-07.20.26:687][  0]LogSlate: Updating window title bar state: overlay mode, drag disabled, window buttons hidden, title bar hidden
[2020.09.28-07.20.26:691][  0]LogCollectionManager: Loaded 0 collections in 0.000632 seconds
[2020.09.28-07.20.26:714][  0]LogFileCache: Scanning file cache for directory 'C:/Users/tommy/Documents/GitHub/EscapeThePlate/EscapeThePlate/Saved/Collections/' took 0.00s
[2020.09.28-07.20.26:714][  0]LogFileCache: Scanning file cache for directory 'C:/Users/tommy/Documents/GitHub/EscapeThePlate/EscapeThePlate/Content/Developers/tommy/Collections/' took 0.00s
[2020.09.28-07.20.26:714][  0]LogFileCache: Scanning file cache for directory 'C:/Users/tommy/Documents/GitHub/EscapeThePlate/EscapeThePlate/Content/Collections/' took 0.00s
[2020.09.28-07.20.26:714][  0]LogContentBrowser: Native class hierarchy populated in 0.0069 seconds. Added 3431 classes and 823 folders.
[2020.09.28-07.20.26:739][  0]LogContentBrowser: Native class hierarchy updated for 'WidgetCarousel' in 0.0003 seconds. Added 0 classes and 0 folders.
[2020.09.28-07.20.27:167][  0]LogContentBrowser: Native class hierarchy updated for 'AddContentDialog' in 0.0004 seconds. Added 0 classes and 0 folders.
[2020.09.28-07.20.27:169][  0]LogContentBrowser: Native class hierarchy updated for 'SceneOutliner' in 0.0003 seconds. Added 2 classes and 0 folders.
[2020.09.28-07.20.27:249][  0]LogSlate: Took 0.000170 seconds to synchronously load lazily loaded font '../../../Engine/Content/Slate/Fonts/Roboto-Regular.ttf' (155K)
[2020.09.28-07.20.27:250][  0]LogSlate: Took 0.000107 seconds to synchronously load lazily loaded font '../../../Engine/Content/Slate/Fonts/Roboto-Bold.ttf' (160K)
[2020.09.28-07.20.27:262][  0]LogSlate: Took 0.009004 seconds to synchronously load lazily loaded font '../../../Engine/Content/Editor/Slate/Fonts/FontAwesome.ttf' (139K)
[2020.09.28-07.20.27:327][  0]LogRenderer: Reallocating scene render targets to support 1176x572 Format 10 NumSamples 1 (Frame:1).
[2020.09.28-07.20.27:362][  0]LogSlate: Took 0.006787 seconds to synchronously load lazily loaded font '../../../Engine/Content/Slate/Fonts/Roboto-Light.ttf' (167K)
[2020.09.28-07.20.27:392][  0]LogContentBrowser: Native class hierarchy updated for 'HierarchicalLODOutliner' in 0.0003 seconds. Added 0 classes and 0 folders.
[2020.09.28-07.20.27:392][  0]LogLoad: (Engine Initialization) Total time: 5.83 seconds
[2020.09.28-07.20.27:392][  0]LogLoad: (Engine Initialization) Total Blueprint compile time: 0.00 seconds
[2020.09.28-07.20.27:424][  0]LogAssetRegistry: Asset discovery search completed in 2.9443 seconds
[2020.09.28-07.20.27:427][  0]LogCollectionManager: Fixed up redirectors for 0 collections in 0.000002 seconds (updated 0 objects)
[2020.09.28-07.20.27:428][  0]LogContentStreaming: Texture pool size now 1000 MB
[2020.09.28-07.20.28:748][  4]LogSlate: Took 0.000163 seconds to synchronously load lazily loaded font '../../../Engine/Content/Slate/Fonts/Roboto-Light.ttf' (167K)
[2020.09.28-07.21.16:056][336]LogAssetEditorSubsystem: Opening Asset editor for Blueprint /Game/RedOnionBP.RedOnionBP
[2020.09.28-07.21.16:193][336]LogContentBrowser: Native class hierarchy updated for 'BlueprintGraph' in 0.0005 seconds. Added 125 classes and 0 folders.
[2020.09.28-07.21.19:031][589]LogWorld: UWorld::CleanupWorld for World_0, bSessionEnded=true, bCleanupResources=true
[2020.09.28-07.21.19:031][589]LogSlate: InvalidateAllWidgets triggered.  All widgets were invalidated
[2020.09.28-07.21.19:068][589]LogAssetEditorSubsystem: Opening Asset editor for Blueprint /Game/RedOnionBP.RedOnionBP
[2020.09.28-07.21.19:298][589]LogSlate: Took 0.000177 seconds to synchronously load lazily loaded font '../../../Engine/Content/Slate/Fonts/Roboto-BoldCondensed.ttf' (158K)
[2020.09.28-07.21.21:914][894]LogSlate: Took 0.012691 seconds to synchronously load lazily loaded font '../../../Engine/Content/Slate/Fonts/Roboto-Italic.ttf' (157K)
[2020.09.28-07.21.40:697][125]LogAssetEditorSubsystem: Opening Asset editor for Class /Script/EscapeThePlate.IngredientBaseClass
[2020.09.28-07.22.47:325][302]LogHotReload: New module detected: UE4Editor-EscapeThePlate-0036.dll
[2020.09.28-07.22.48:681][307]LogHotReload: Starting Hot-Reload from IDE
[2020.09.28-07.22.50:595][307]LogContentBrowser: Native class hierarchy updated for 'EscapeThePlate' in 0.0003 seconds. Added 4 classes and 2 folders.
[2020.09.28-07.22.50:598][307]Display: HotReload successful (0 functions remapped  0 scriptstructs remapped)
[2020.09.28-07.22.51:026][307]LogContentBrowser: Native class hierarchy populated in 0.0067 seconds. Added 3431 classes and 823 folders.
[2020.09.28-07.22.51:078][307]Display: HotReload took  2.4s.
[2020.09.28-07.23.09:130][694]LogWorld: UWorld::CleanupWorld for World_1, bSessionEnded=true, bCleanupResources=true
[2020.09.28-07.23.09:130][694]LogSlate: InvalidateAllWidgets triggered.  All widgets were invalidated
[2020.09.28-07.23.11:288][923]LogUObjectHash: Compacting FUObjectHashTables data took   2.55ms
[2020.09.28-07.23.12:454][923]LogSlate: Window 'Delete Assets' being destroyed
[2020.09.28-07.23.13:344][923]LogUObjectGlobals: Force Deleting 1 Package(s):
	Asset Name: /Game/RedOnionBP.RedOnionBP
[2020.09.28-07.23.13:951][923]LogProperty: Warning: Serialized BlueprintGeneratedClass /Engine/Transient.REINST_RedOnionBP_C_17 for a property of BlueprintGeneratedClass /Engine/Transient.DEADCLASS_RedOnionBP_C_0. Reference will be nullptred.
    Property = ObjectProperty /Game/Levels/PrototypeLevel.PrototypeLevel_C:RedOnionBP_5_ExecuteUbergraph_PrototypeLevel_RefProperty
    Item = REINST_RedOnionBP_C_17 /Game/Levels/PrototypeLevel.PrototypeLevel:PersistentLevel.RedOnionBP_5
[2020.09.28-07.23.13:952][923]LogProperty: Warning: Serialized BlueprintGeneratedClass /Engine/Transient.REINST_RedOnionBP_C_17 for a property of BlueprintGeneratedClass /Engine/Transient.DEADCLASS_RedOnionBP_C_0. Reference will be nullptred.
    Property = ObjectProperty /Game/Levels/PrototypeLevel.PrototypeLevel_C:RedOnionBP_5_ExecuteUbergraph_PrototypeLevel_RefProperty
    Item = REINST_RedOnionBP_C_17 /Game/Levels/PrototypeLevel.PrototypeLevel:PersistentLevel.RedOnionBP_5
[2020.09.28-07.23.14:080][923]LogUObjectHash: Compacting FUObjectHashTables data took   1.89ms
[2020.09.28-07.23.14:295][923]LogUObjectHash: Compacting FUObjectHashTables data took   1.27ms
[2020.09.28-07.23.14:309][923]LogUObjectHash: Compacting FUObjectHashTables data took   1.03ms
[2020.09.28-07.23.14:322][923]LogUObjectHash: Compacting FUObjectHashTables data took   0.35ms
[2020.09.28-07.23.18:054][309]LogSlate: WidgetSwitcher ('None') active index changed to -1
[2020.09.28-07.23.18:055][309]LogSlate: WidgetSwitcher ('None') active index changed to 1
[2020.09.28-07.23.24:608][ 87]LogAssetEditorSubsystem: Opening Asset editor for Blueprint /Game/RedOnionBP.RedOnionBP
[2020.09.28-07.23.24:889][ 87]LogSlate: Window 'Add Blueprint Class' being destroyed
[2020.09.28-07.23.54:113][542]LogEditorTransaction: Undo Edit Y
[2020.09.28-07.24.26:571][386]BlueprintLog: New page: Compile RedOnionBP
[2020.09.28-07.24.26:650][386]LogUObjectHash: Compacting FUObjectHashTables data took   1.36ms
[2020.09.28-07.24.26:724][386]LogSlate: Took 0.034986 seconds to synchronously load lazily loaded font '../../../Engine/Content/Slate/Fonts/DroidSansMono.ttf' (77K)
[2020.09.28-07.24.27:185][429]Cmd: OBJ SAVEPACKAGE PACKAGE="/Game/RedOnionBP" FILE="C:/Users/tommy/Documents/GitHub/EscapeThePlate/EscapeThePlate/Content/RedOnionBP.uasset" SILENT=true
[2020.09.28-07.24.27:206][429]LogSavePackage: Moving 'C:/Users/tommy/Documents/GitHub/EscapeThePlate/EscapeThePlate/Saved/RedOnionBP886515FF4ECB347FA64E57BED58A9B8E.tmp' to 'C:/Users/tommy/Documents/GitHub/EscapeThePlate/EscapeThePlate/Content/RedOnionBP.uasset'
[2020.09.28-07.24.27:229][429]AssetCheck: New page: Asset Save: RedOnionBP
[2020.09.28-07.24.27:229][429]LogContentValidation: Display: Validating Blueprint /Game/RedOnionBP.RedOnionBP
[2020.09.28-07.24.45:836][576]LogAssetEditorSubsystem: Opening Asset editor for LevelScriptBlueprint /Game/Levels/PrototypeLevel.PrototypeLevel:PersistentLevel.PrototypeLevel
[2020.09.28-07.24.50:837][111]BlueprintLog: New page: Compile PrototypeLevel
[2020.09.28-07.24.50:862][111]LogUObjectHash: Compacting FUObjectHashTables data took   1.65ms
[2020.09.28-07.24.51:466][177]LogUObjectHash: Compacting FUObjectHashTables data took   0.37ms
[2020.09.28-07.24.51:485][177]LogSavePackage: Moving 'C:/Users/tommy/Documents/GitHub/EscapeThePlate/EscapeThePlate/Saved/PrototypeLevelCD1E13274EFBEC907971AD99BA7DF09F.tmp' to 'C:/Users/tommy/Documents/GitHub/EscapeThePlate/EscapeThePlate/Content/Levels/PrototypeLevel.umap'
[2020.09.28-07.24.51:498][177]LogFileHelpers: Saving map 'PrototypeLevel' took 0.049
[2020.09.28-07.24.51:507][177]AssetCheck: New page: Asset Save: PrototypeLevel
[2020.09.28-07.24.51:507][177]LogContentValidation: Display: Validating World /Game/Levels/PrototypeLevel.PrototypeLevel
[2020.09.28-07.24.52:483][292]LogTemp: Repeating last play command: Selected Viewport
[2020.09.28-07.24.52:493][292]LogPlayLevel: PlayLevel: No blueprints needed recompiling
[2020.09.28-07.24.52:493][292]PIE: New page: PIE session: PrototypeLevel (Sep 27, 2020, 7:24:52 PM)
[2020.09.28-07.24.52:494][292]LogOnline: OSS: Creating online subsystem instance for: NULL
[2020.09.28-07.24.52:494][292]LogOnline: OSS: TryLoadSubsystemAndSetDefault: Loaded subsystem for module [NULL]
[2020.09.28-07.24.52:494][292]LogPlayLevel: Creating play world package: /Game/Levels/UEDPIE_0_PrototypeLevel
[2020.09.28-07.24.52:499][292]LogPlayLevel: PIE: StaticDuplicateObject took: (0.004036s)
[2020.09.28-07.24.52:499][292]LogAIModule: Creating AISystem for world PrototypeLevel
[2020.09.28-07.24.52:499][292]LogAISub: UAISubsystem::UAISubsystem EnvQueryManager (000001A366B35E00), frame # 16292
[2020.09.28-07.24.52:499][292]LogAISub: UAISubsystem::UAISubsystem AIPerceptionSystem (000001A363EF6D40), frame # 16292
[2020.09.28-07.24.52:499][292]LogPlayLevel: PIE: World Init took: (0.000792s)
[2020.09.28-07.24.52:499][292]LogPlayLevel: PIE: Created PIE world by copying editor world from /Game/Levels/PrototypeLevel.PrototypeLevel to /Game/Levels/UEDPIE_0_PrototypeLevel.PrototypeLevel (0.004923s)
[2020.09.28-07.24.52:517][292]LogUObjectHash: Compacting FUObjectHashTables data took   1.46ms
[2020.09.28-07.24.52:518][292]LogAudioMixer: Display: Audio Mixer Platform Settings:
[2020.09.28-07.24.52:518][292]LogAudioMixer: Display: 	Sample Rate:						  48000
[2020.09.28-07.24.52:518][292]LogAudioMixer: Display: 	Callback Buffer Frame Size Requested: 1024
[2020.09.28-07.24.52:518][292]LogAudioMixer: Display: 	Callback Buffer Frame Size To Use:	  1024
[2020.09.28-07.24.52:518][292]LogAudioMixer: Display: 	Number of buffers to queue:			  2
[2020.09.28-07.24.52:518][292]LogAudioMixer: Display: 	Max Channels (voices):				  32
[2020.09.28-07.24.52:518][292]LogAudioMixer: Display: 	Number of Async Source Workers:		  0
[2020.09.28-07.24.52:518][292]LogAudio: Display: AudioDevice MaxSources: 32
[2020.09.28-07.24.52:518][292]LogAudio: Display: Using built-in audio occlusion.
[2020.09.28-07.24.52:518][292]LogAudioMixer: Display: Initializing audio mixer.
[2020.09.28-07.24.52:546][292]LogAudioMixer: Display: 0: FrontLeft
[2020.09.28-07.24.52:546][292]LogAudioMixer: Display: 1: FrontRight
[2020.09.28-07.24.52:573][292]LogAudioMixer: Display: Using Audio Device Speakers (Realtek(R) Audio)
[2020.09.28-07.24.52:573][292]LogAudioMixer: Display: Initializing Sound Submixes...
[2020.09.28-07.24.52:573][292]LogAudioMixer: Display: Creating Master Submix 'MasterSubmixDefault'
[2020.09.28-07.24.52:573][292]LogAudioMixer: Display: Creating Master Submix 'MasterReverbSubmixDefault'
[2020.09.28-07.24.52:573][292]LogAudioMixer: Display: Creating Master Submix 'MasterEQSubmixDefault'
[2020.09.28-07.24.52:583][292]LogInit: FAudioDevice initialized.
[2020.09.28-07.24.52:602][292]LogLoad: Game class is 'PrototypeGameMode_C'
[2020.09.28-07.24.52:603][292]LogWorld: Bringing World /Game/Levels/UEDPIE_0_PrototypeLevel.PrototypeLevel up for play (max tick rate 0) at 2020.09.28-01.24.52
[2020.09.28-07.24.52:628][292]LogWorld: Bringing up level for play took: 0.025611
[2020.09.28-07.24.52:629][292]LogOnline: OSS: Creating online subsystem instance for: :Context_8
[2020.09.28-07.24.52:683][292]LogContentBrowser: Native class hierarchy updated for 'MovieSceneCapture' in 0.0003 seconds. Added 20 classes and 0 folders.
[2020.09.28-07.24.52:719][292]PIE: Server logged in
[2020.09.28-07.24.52:720][292]PIE: Play in editor total start time 0.229 seconds.
[2020.09.28-07.25.00:068][  3]LogSlate: Updating window title bar state: overlay mode, drag disabled, window buttons hidden, title bar hidden
[2020.09.28-07.25.00:068][  3]LogWorld: BeginTearingDown for /Game/Levels/UEDPIE_0_PrototypeLevel
[2020.09.28-07.25.00:068][  3]LogWorld: UWorld::CleanupWorld for PrototypeLevel, bSessionEnded=true, bCleanupResources=true
[2020.09.28-07.25.00:068][  3]LogSlate: InvalidateAllWidgets triggered.  All widgets were invalidated
[2020.09.28-07.25.00:078][  3]LogPlayLevel: Display: Shutting down PIE online subsystems
[2020.09.28-07.25.00:081][  3]LogSlate: InvalidateAllWidgets triggered.  All widgets were invalidated
[2020.09.28-07.25.00:116][  3]LogSlate: Updating window title bar state: overlay mode, drag disabled, window buttons hidden, title bar hidden
[2020.09.28-07.25.00:148][  3]LogAISub: UAISubsystem::~UAISubsystem AIPerceptionSystem (000001A363EF6D40), frame # 17003
[2020.09.28-07.25.00:148][  3]LogAISub: UAISubsystem::~UAISubsystem EnvQueryManager (000001A366B35E00), frame # 17003
[2020.09.28-07.25.00:161][  3]LogUObjectHash: Compacting FUObjectHashTables data took   2.80ms
[2020.09.28-07.25.00:188][  4]LogPlayLevel: Display: Destroying online subsystem :Context_8
[2020.09.28-07.25.03:640][414]LogEditorViewport: Clicking on Actor (LMB): RedOnionBP_C (RedOnionBP)
[2020.09.28-07.25.09:451][ 96]LogTemp: Repeating last play command: Selected Viewport
[2020.09.28-07.25.09:458][ 96]LogPlayLevel: PlayLevel: No blueprints needed recompiling
[2020.09.28-07.25.09:459][ 96]PIE: New page: PIE session: PrototypeLevel (Sep 27, 2020, 7:25:09 PM)
[2020.09.28-07.25.09:459][ 96]LogPlayLevel: Creating play world package: /Game/Levels/UEDPIE_0_PrototypeLevel
[2020.09.28-07.25.09:463][ 96]LogPlayLevel: PIE: StaticDuplicateObject took: (0.004710s)
[2020.09.28-07.25.09:464][ 96]LogAIModule: Creating AISystem for world PrototypeLevel
[2020.09.28-07.25.09:464][ 96]LogAISub: UAISubsystem::UAISubsystem EnvQueryManager (000001A32616EA00), frame # 18096
[2020.09.28-07.25.09:464][ 96]LogAISub: UAISubsystem::UAISubsystem AIPerceptionSystem (000001A36847D1C0), frame # 18096
[2020.09.28-07.25.09:464][ 96]LogPlayLevel: PIE: World Init took: (0.000922s)
[2020.09.28-07.25.09:464][ 96]LogPlayLevel: PIE: Created PIE world by copying editor world from /Game/Levels/PrototypeLevel.PrototypeLevel to /Game/Levels/UEDPIE_0_PrototypeLevel.PrototypeLevel (0.005747s)
[2020.09.28-07.25.09:490][ 96]LogUObjectHash: Compacting FUObjectHashTables data took   2.25ms
[2020.09.28-07.25.09:493][ 96]LogAudioMixer: Display: Audio Mixer Platform Settings:
[2020.09.28-07.25.09:493][ 96]LogAudioMixer: Display: 	Sample Rate:						  48000
[2020.09.28-07.25.09:493][ 96]LogAudioMixer: Display: 	Callback Buffer Frame Size Requested: 1024
[2020.09.28-07.25.09:493][ 96]LogAudioMixer: Display: 	Callback Buffer Frame Size To Use:	  1024
[2020.09.28-07.25.09:493][ 96]LogAudioMixer: Display: 	Number of buffers to queue:			  2
[2020.09.28-07.25.09:493][ 96]LogAudioMixer: Display: 	Max Channels (voices):				  32
[2020.09.28-07.25.09:493][ 96]LogAudioMixer: Display: 	Number of Async Source Workers:		  0
[2020.09.28-07.25.09:493][ 96]LogAudio: Display: AudioDevice MaxSources: 32
[2020.09.28-07.25.09:493][ 96]LogAudio: Display: Using built-in audio occlusion.
[2020.09.28-07.25.09:493][ 96]LogAudioMixer: Display: Initializing audio mixer.
[2020.09.28-07.25.09:501][ 96]LogAudioMixer: Display: 0: FrontLeft
[2020.09.28-07.25.09:501][ 96]LogAudioMixer: Display: 1: FrontRight
[2020.09.28-07.25.09:524][ 96]LogAudioMixer: Display: Using Audio Device Speakers (Realtek(R) Audio)
[2020.09.28-07.25.09:524][ 96]LogAudioMixer: Display: Initializing Sound Submixes...
[2020.09.28-07.25.09:524][ 96]LogAudioMixer: Display: Creating Master Submix 'MasterSubmixDefault'
[2020.09.28-07.25.09:524][ 96]LogAudioMixer: Display: Creating Master Submix 'MasterReverbSubmixDefault'
[2020.09.28-07.25.09:524][ 96]LogAudioMixer: Display: Creating Master Submix 'MasterEQSubmixDefault'
[2020.09.28-07.25.09:533][ 96]LogInit: FAudioDevice initialized.
[2020.09.28-07.25.09:538][ 96]LogLoad: Game class is 'PrototypeGameMode_C'
[2020.09.28-07.25.09:538][ 96]LogWorld: Bringing World /Game/Levels/UEDPIE_0_PrototypeLevel.PrototypeLevel up for play (max tick rate 0) at 2020.09.28-01.25.09
[2020.09.28-07.25.09:538][ 96]LogWorld: Bringing up level for play took: 0.000597
[2020.09.28-07.25.09:539][ 96]LogOnline: OSS: Creating online subsystem instance for: :Context_9
[2020.09.28-07.25.09:540][ 96]PIE: Server logged in
[2020.09.28-07.25.09:540][ 96]PIE: Play in editor total start time 0.082 seconds.
[2020.09.28-07.25.16:228][894]LogSlate: Updating window title bar state: overlay mode, drag disabled, window buttons hidden, title bar hidden
[2020.09.28-07.25.16:228][894]LogWorld: BeginTearingDown for /Game/Levels/UEDPIE_0_PrototypeLevel
[2020.09.28-07.25.16:228][894]LogWorld: UWorld::CleanupWorld for PrototypeLevel, bSessionEnded=true, bCleanupResources=true
[2020.09.28-07.25.16:228][894]LogSlate: InvalidateAllWidgets triggered.  All widgets were invalidated
[2020.09.28-07.25.16:233][894]LogPlayLevel: Display: Shutting down PIE online subsystems
[2020.09.28-07.25.16:236][894]LogSlate: InvalidateAllWidgets triggered.  All widgets were invalidated
[2020.09.28-07.25.16:267][894]LogSlate: Updating window title bar state: overlay mode, drag disabled, window buttons hidden, title bar hidden
[2020.09.28-07.25.16:267][894]LogAISub: UAISubsystem::~UAISubsystem AIPerceptionSystem (000001A36847D1C0), frame # 18894
[2020.09.28-07.25.16:267][894]LogAISub: UAISubsystem::~UAISubsystem EnvQueryManager (000001A32616EA00), frame # 18894
[2020.09.28-07.25.16:269][894]LogUObjectHash: Compacting FUObjectHashTables data took   1.74ms
[2020.09.28-07.25.16:317][896]LogPlayLevel: Display: Destroying online subsystem :Context_9
[2020.09.28-07.25.20:739][421]Cmd: TRANSACTION UNDO
[2020.09.28-07.25.20:739][421]LogEditorTransaction: Undo Scale Actors
[2020.09.28-07.25.21:179][451]Cmd: TRANSACTION UNDO
[2020.09.28-07.25.21:179][451]LogEditorTransaction: Undo Clicking on Actors
[2020.09.28-07.25.59:066][904]BlueprintLog: New page: Compile RedOnionBP
[2020.09.28-07.25.59:112][904]LogUObjectHash: Compacting FUObjectHashTables data took   1.84ms
[2020.09.28-07.25.59:661][966]Cmd: OBJ SAVEPACKAGE PACKAGE="/Game/RedOnionBP" FILE="C:/Users/tommy/Documents/GitHub/EscapeThePlate/EscapeThePlate/Content/RedOnionBP.uasset" SILENT=true
[2020.09.28-07.25.59:672][966]LogSavePackage: Moving 'C:/Users/tommy/Documents/GitHub/EscapeThePlate/EscapeThePlate/Saved/RedOnionBP2A6656344119F862D48CE7AE741126AD.tmp' to 'C:/Users/tommy/Documents/GitHub/EscapeThePlate/EscapeThePlate/Content/RedOnionBP.uasset'
[2020.09.28-07.25.59:680][966]AssetCheck: New page: Asset Save: RedOnionBP
[2020.09.28-07.25.59:680][966]LogContentValidation: Display: Validating Blueprint /Game/RedOnionBP.RedOnionBP
[2020.09.28-07.26.26:162][ 23]LogHotReload: New module detected: UE4Editor-EscapeThePlate-0037.dll
[2020.09.28-07.26.26:512][ 25]LogHotReload: Starting Hot-Reload from IDE
[2020.09.28-07.26.26:548][ 25]LogHotReload: Re-instancing ChickenBreast after hot-reload.
[2020.09.28-07.26.26:589][ 25]LogHotReload: Re-instancing IngredientBaseClass after hot-reload.
[2020.09.28-07.26.26:611][ 25]LogHotReload: Re-instancing RedOnion after hot-reload.
[2020.09.28-07.26.26:650][ 25]LogContentBrowser: Native class hierarchy updated for 'EscapeThePlate' in 0.0004 seconds. Added 4 classes and 2 folders.
[2020.09.28-07.26.26:653][ 25]Display: HotReload successful (0 functions remapped  0 scriptstructs remapped)
[2020.09.28-07.26.26:725][ 25]LogContentBrowser: Native class hierarchy populated in 0.0068 seconds. Added 3431 classes and 823 folders.
[2020.09.28-07.26.26:727][ 25]Display: HotReload took  0.2s.
[2020.09.28-07.27.55:543][291]LogUObjectHash: Compacting FUObjectHashTables data took   2.93ms
