Log file open, 09/29/20 14:09:15
LogInit: Display: Running engine for game: EscapeThePlate
LogPlatformFile: Not using cached read wrapper
LogTaskGraph: Started task graph with 5 named threads and 47 total threads with 3 sets of task threads.
LogStats: Stats thread started at 0.151064
LogD3D11RHI: Loaded GFSDK_Aftermath_Lib.x64.dll
LogICUInternationalization: ICU TimeZone Detection - Raw Offset: -7:00, Platform Override: ''
LogPluginManager: Mounting plugin Paper2D
LogPluginManager: Mounting plugin AISupport
LogPluginManager: Mounting plugin LightPropagationVolume
LogPluginManager: Mounting plugin CameraShakePreviewer
LogPluginManager: Mounting plugin ActorLayerUtilities
LogPluginManager: Mounting plugin AnimationSharing
LogPluginManager: Mounting plugin CLionSourceCodeAccess
LogPluginManager: Mounting plugin CodeLiteSourceCodeAccess
LogPluginManager: Mounting plugin GitSourceControl
LogPluginManager: Mounting plugin KDevelopSourceCodeAccess
LogPluginManager: Mounting plugin NullSourceCodeAccess
LogPluginManager: Mounting plugin PerforceSourceControl
LogPluginManager: Mounting plugin PlasticSourceControl
LogPluginManager: Mounting plugin RiderSourceCodeAccess
LogPluginManager: Mounting plugin SubversionSourceControl
LogPluginManager: Mounting plugin UObjectPlugin
LogPluginManager: Mounting plugin VisualStudioCodeSourceCodeAccess
LogPluginManager: Mounting plugin VisualStudioSourceCodeAccess
LogPluginManager: Mounting plugin XCodeSourceCodeAccess
LogPluginManager: Mounting plugin AssetManagerEditor
LogPluginManager: Mounting plugin CryptoKeys
LogPluginManager: Mounting plugin CurveEditorTools
LogPluginManager: Mounting plugin DataValidation
LogPluginManager: Mounting plugin EditorScriptingUtilities
LogPluginManager: Mounting plugin FacialAnimation
LogPluginManager: Mounting plugin GameplayTagsEditor
LogPluginManager: Mounting plugin GeometryMode
LogPluginManager: Mounting plugin MacGraphicsSwitching
LogPluginManager: Mounting plugin MaterialAnalyzer
LogPluginManager: Mounting plugin MobileLauncherProfileWizard
LogPluginManager: Mounting plugin PluginBrowser
LogPluginManager: Mounting plugin SpeedTreeImporter
LogPluginManager: Mounting plugin DatasmithContent
LogPluginManager: Mounting plugin VariantManagerContent
LogPluginManager: Mounting plugin AlembicImporter
LogPluginManager: Mounting plugin AutomationUtils
LogPluginManager: Mounting plugin BackChannel
LogPluginManager: Mounting plugin ChaosCloth
LogPluginManager: Mounting plugin ChaosClothEditor
LogPluginManager: Mounting plugin ChaosEditor
LogPluginManager: Mounting plugin ChaosNiagara
LogPluginManager: Mounting plugin ChaosSolverPlugin
LogPluginManager: Mounting plugin CharacterAI
LogPluginManager: Mounting plugin GeometryCache
LogPluginManager: Mounting plugin GeometryCollectionPlugin
LogPluginManager: Mounting plugin GeometryProcessing
LogPluginManager: Mounting plugin PlanarCut
LogPluginManager: Mounting plugin PlatformCrypto
LogPluginManager: Mounting plugin ProxyLODPlugin
LogPluginManager: Mounting plugin SkeletalReduction
LogPluginManager: Mounting plugin Niagara
LogPluginManager: Mounting plugin MagicLeap
LogPluginManager: Mounting plugin MagicLeapLightEstimation
LogPluginManager: Mounting plugin MagicLeapMedia
LogPluginManager: Mounting plugin MagicLeapPassableWorld
LogPluginManager: Mounting plugin MLSDK
LogPluginManager: Mounting plugin AndroidMedia
LogPluginManager: Mounting plugin AvfMedia
LogPluginManager: Mounting plugin ImgMedia
LogPluginManager: Mounting plugin MediaCompositing
LogPluginManager: Mounting plugin MediaPlayerEditor
LogPluginManager: Mounting plugin WebMMedia
LogPluginManager: Mounting plugin WmfMedia
LogPluginManager: Mounting plugin MeshPainting
LogPluginManager: Mounting plugin TcpMessaging
LogPluginManager: Mounting plugin UdpMessaging
LogPluginManager: Mounting plugin ActorSequence
LogPluginManager: Mounting plugin LevelSequenceEditor
LogPluginManager: Mounting plugin MatineeToLevelSequence
LogPluginManager: Mounting plugin MovieRenderPipeline
LogPluginManager: Mounting plugin TemplateSequence
LogPluginManager: Mounting plugin NetcodeUnitTest
LogPluginManager: Mounting plugin NUTUnrealEngine4
LogPluginManager: Mounting plugin OnlineSubsystemGooglePlay
LogPluginManager: Mounting plugin OnlineSubsystemIOS
LogPluginManager: Mounting plugin OnlineSubsystem
LogPluginManager: Mounting plugin OnlineSubsystemNull
LogPluginManager: Mounting plugin OnlineSubsystemUtils
LogPluginManager: Mounting plugin LauncherChunkInstaller
LogPluginManager: Mounting plugin AndroidDeviceProfileSelector
LogPluginManager: Mounting plugin AndroidMoviePlayer
LogPluginManager: Mounting plugin AndroidPermission
LogPluginManager: Mounting plugin AppleImageUtils
LogPluginManager: Mounting plugin AppleMoviePlayer
LogPluginManager: Mounting plugin ArchVisCharacter
LogPluginManager: Mounting plugin AssetTags
LogPluginManager: Mounting plugin AudioCapture
LogPluginManager: Mounting plugin CableComponent
LogPluginManager: Mounting plugin CustomMeshComponent
LogPluginManager: Mounting plugin EditableMesh
LogPluginManager: Mounting plugin ExampleDeviceProfileSelector
LogPluginManager: Mounting plugin GoogleCloudMessaging
LogPluginManager: Mounting plugin GooglePAD
LogPluginManager: Mounting plugin IOSDeviceProfileSelector
LogPluginManager: Mounting plugin LinuxDeviceProfileSelector
LogPluginManager: Mounting plugin LocationServicesBPLibrary
LogPluginManager: Mounting plugin MobilePatchingUtils
LogPluginManager: Mounting plugin OculusVR
LogPluginManager: Mounting plugin PhysXVehicles
LogPluginManager: Mounting plugin PostSplashScreen
LogPluginManager: Mounting plugin ProceduralMeshComponent
LogPluginManager: Mounting plugin RuntimePhysXCooking
LogPluginManager: Mounting plugin SignificanceManager
LogPluginManager: Mounting plugin SoundFields
LogPluginManager: Mounting plugin SteamVR
LogPluginManager: Mounting plugin Synthesis
LogPluginManager: Mounting plugin WebMMoviePlayer
LogPluginManager: Mounting plugin WindowsMoviePlayer
LogPluginManager: Mounting plugin ScreenshotTools
LogInit: Using libcurl 7.55.1-DEV
LogInit:  - built for x86_64-pc-win32
LogInit:  - supports SSL with OpenSSL/1.1.1
LogInit:  - supports HTTP deflate (compression) using libz 1.2.8
LogInit:  - other features:
LogInit:      CURL_VERSION_SSL
LogInit:      CURL_VERSION_LIBZ
LogInit:      CURL_VERSION_IPV6
LogInit:      CURL_VERSION_ASYNCHDNS
LogInit:      CURL_VERSION_LARGEFILE
LogInit:      CURL_VERSION_IDN
LogInit:  CurlRequestOptions (configurable via config and command line):
LogInit:  - bVerifyPeer = true  - Libcurl will verify peer certificate
LogInit:  - bUseHttpProxy = false  - Libcurl will NOT use HTTP proxy
LogInit:  - bDontReuseConnections = false  - Libcurl will reuse connections
LogInit:  - MaxHostConnections = 16  - Libcurl will limit the number of connections to a host
LogInit:  - LocalHostAddr = Default
LogInit:  - BufferSize = 65536
LogOnline: OSS: Creating online subsystem instance for: NULL
LogInit: WinSock: version 1.1 (2.2), MaxSocks=32767, MaxUdp=65467
LogOnline: OSS: TryLoadSubsystemAndSetDefault: Loaded subsystem for module [NULL]
LogInit: Build: ++UE4+Release-4.25-CL-13942748
LogInit: Engine Version: 4.25.3-13942748+++UE4+Release-4.25
LogInit: Compatible Engine Version: 4.25.0-13144385+++UE4+Release-4.25
LogInit: Net CL: 13144385
LogInit: OS: Windows 10 (Release 1909) (), CPU: Intel(R) Core(TM) i7-10700 CPU @ 2.90GHz, GPU: NVIDIA GeForce RTX 2060 SUPER
LogInit: Compiled (64-bit): Jul 25 2020 02:07:48
LogInit: Compiled with Visual C++: 19.24.28315.00
LogInit: Build Configuration: Development
LogInit: Branch Name: ++UE4+Release-4.25
LogInit: Command Line:  -EpicPortal -epicusername=Weeabetes -epicuserid=b2f7e9518cdd486ab4b0a629bbfdf936 -epiclocale=en
LogInit: Base Directory: D:/Unreal/UE_4.25/Engine/Binaries/Win64/
LogInit: Allocator: TBB
LogInit: Installed Engine Build: 1
LogDevObjectVersion: Number of dev versions registered: 26
LogDevObjectVersion:   Dev-Blueprints (B0D832E4-1F89-4F0D-ACCF-7EB736FD4AA2): 10
LogDevObjectVersion:   Dev-Build (E1C64328-A22C-4D53-A36C-8E866417BD8C): 0
LogDevObjectVersion:   Dev-Core (375EC13C-06E4-48FB-B500-84F0262A717E): 4
LogDevObjectVersion:   Dev-Editor (E4B068ED-F494-42E9-A231-DA0B2E46BB41): 38
LogDevObjectVersion:   Dev-Framework (CFFC743F-43B0-4480-9391-14DF171D2073): 37
LogDevObjectVersion:   Dev-Mobile (B02B49B5-BB20-44E9-A304-32B752E40360): 2
LogDevObjectVersion:   Dev-Networking (A4E4105C-59A1-49B5-A7C5-40C4547EDFEE): 0
LogDevObjectVersion:   Dev-Online (39C831C9-5AE6-47DC-9A44-9C173E1C8E7C): 0
LogDevObjectVersion:   Dev-Physics (78F01B33-EBEA-4F98-B9B4-84EACCB95AA2): 4
LogDevObjectVersion:   Dev-Platform (6631380F-2D4D-43E0-8009-CF276956A95A): 0
LogDevObjectVersion:   Dev-Rendering (12F88B9F-8875-4AFC-A67C-D90C383ABD29): 43
LogDevObjectVersion:   Dev-Sequencer (7B5AE74C-D270-4C10-A958-57980B212A5A): 12
LogDevObjectVersion:   Dev-VR (D7296918-1DD6-4BDD-9DE2-64A83CC13884): 3
LogDevObjectVersion:   Dev-LoadTimes (C2A15278-BFE7-4AFE-6C17-90FF531DF755): 1
LogDevObjectVersion:   Private-Geometry (6EACA3D4-40EC-4CC1-B786-8BED09428FC5): 3
LogDevObjectVersion:   Dev-AnimPhys (29E575DD-E0A3-4627-9D10-D276232CDCEA): 17
LogDevObjectVersion:   Dev-Anim (AF43A65D-7FD3-4947-9873-3E8ED9C1BB05): 7
LogDevObjectVersion:   Dev-ReflectionCapture (6B266CEC-1EC7-4B8F-A30B-E4D90942FC07): 1
LogDevObjectVersion:   Dev-Automation (0DF73D61-A23F-47EA-B727-89E90C41499A): 1
LogDevObjectVersion:   FortniteMain (601D1886-AC64-4F84-AA16-D3DE0DEAC7D6): 31
LogDevObjectVersion:   Dev-Enterprise (9DFFBCD6-494F-0158-E221-12823C92A888): 10
LogDevObjectVersion:   Dev-Niagara (F2AED0AC-9AFE-416F-8664-AA7FFA26D6FC): 1
LogDevObjectVersion:   Dev-Destruction (174F1F0B-B4C6-45A5-B13F-2EE8D0FB917D): 10
LogDevObjectVersion:   Dev-Physics-Ext (35F94A83-E258-406C-A318-09F59610247C): 37
LogDevObjectVersion:   Dev-PhysicsMaterial-Chaos (B68FC16E-8B1B-42E2-B453-215C058844FE): 1
LogDevObjectVersion:   Dev-CineCamera (B2E18506-4273-CFC2-A54E-F4BB758BBA07): 1
LogInit: Presizing for max 25165824 objects, including 0 objects not considered by GC, pre-allocating 0 bytes for permanent pool.
LogConfig: Applying CVar settings from Section [/Script/Engine.StreamingSettings] File [C:/Users/tommy/Documents/GitHub/EscapeThePlate/EscapeThePlate/Saved/Config/Windows/Engine.ini]
LogConfig: Setting CVar [[s.MinBulkDataSizeForAsyncLoading:131072]]
LogConfig: Setting CVar [[s.AsyncLoadingThreadEnabled:0]]
LogConfig: Setting CVar [[s.EventDrivenLoaderEnabled:1]]
LogConfig: Setting CVar [[s.WarnIfTimeLimitExceeded:0]]
LogConfig: Setting CVar [[s.TimeLimitExceededMultiplier:1.5]]
LogConfig: Setting CVar [[s.TimeLimitExceededMinTime:0.005]]
LogConfig: Setting CVar [[s.UseBackgroundLevelStreaming:1]]
LogConfig: Setting CVar [[s.PriorityAsyncLoadingExtraTime:15.0]]
LogConfig: Setting CVar [[s.LevelStreamingActorsUpdateTimeLimit:5.0]]
LogConfig: Setting CVar [[s.PriorityLevelStreamingActorsUpdateExtraTime:5.0]]
LogConfig: Setting CVar [[s.LevelStreamingComponentsRegistrationGranularity:10]]
LogConfig: Setting CVar [[s.UnregisterComponentsTimeLimit:1.0]]
LogConfig: Setting CVar [[s.LevelStreamingComponentsUnregistrationGranularity:5]]
LogConfig: Setting CVar [[s.FlushStreamingOnExit:1]]
LogInit: Object subsystem initialized
LogConfig: Setting CVar [[con.DebugEarlyDefault:1]]
LogConfig: Setting CVar [[r.setres:1280x720]]
[2020.09.29-20.09.15:420][  0]LogConfig: Setting CVar [[r.VSync:0]]
[2020.09.29-20.09.15:420][  0]LogConfig: Setting CVar [[r.RHICmdBypass:0]]
[2020.09.29-20.09.15:420][  0]LogConfig: Applying CVar settings from Section [/Script/Engine.RendererSettings] File [C:/Users/tommy/Documents/GitHub/EscapeThePlate/EscapeThePlate/Saved/Config/Windows/Engine.ini]
[2020.09.29-20.09.15:420][  0]LogConfig: Setting CVar [[r.GPUCrashDebugging:0]]
[2020.09.29-20.09.15:420][  0]LogConfig: Applying CVar settings from Section [/Script/Engine.RendererOverrideSettings] File [C:/Users/tommy/Documents/GitHub/EscapeThePlate/EscapeThePlate/Saved/Config/Windows/Engine.ini]
[2020.09.29-20.09.15:420][  0]LogConfig: Applying CVar settings from Section [/Script/Engine.StreamingSettings] File [C:/Users/tommy/Documents/GitHub/EscapeThePlate/EscapeThePlate/Saved/Config/Windows/Engine.ini]
[2020.09.29-20.09.15:420][  0]LogConfig: Setting CVar [[s.MinBulkDataSizeForAsyncLoading:131072]]
[2020.09.29-20.09.15:420][  0]LogConfig: Setting CVar [[s.AsyncLoadingThreadEnabled:0]]
[2020.09.29-20.09.15:420][  0]LogConfig: Setting CVar [[s.EventDrivenLoaderEnabled:1]]
[2020.09.29-20.09.15:420][  0]LogConfig: Setting CVar [[s.WarnIfTimeLimitExceeded:0]]
[2020.09.29-20.09.15:420][  0]LogConfig: Setting CVar [[s.TimeLimitExceededMultiplier:1.5]]
[2020.09.29-20.09.15:420][  0]LogConfig: Setting CVar [[s.TimeLimitExceededMinTime:0.005]]
[2020.09.29-20.09.15:420][  0]LogConfig: Setting CVar [[s.UseBackgroundLevelStreaming:1]]
[2020.09.29-20.09.15:420][  0]LogConfig: Setting CVar [[s.PriorityAsyncLoadingExtraTime:15.0]]
[2020.09.29-20.09.15:420][  0]LogConfig: Setting CVar [[s.LevelStreamingActorsUpdateTimeLimit:5.0]]
[2020.09.29-20.09.15:420][  0]LogConfig: Setting CVar [[s.PriorityLevelStreamingActorsUpdateExtraTime:5.0]]
[2020.09.29-20.09.15:420][  0]LogConfig: Setting CVar [[s.LevelStreamingComponentsRegistrationGranularity:10]]
[2020.09.29-20.09.15:420][  0]LogConfig: Setting CVar [[s.UnregisterComponentsTimeLimit:1.0]]
[2020.09.29-20.09.15:420][  0]LogConfig: Setting CVar [[s.LevelStreamingComponentsUnregistrationGranularity:5]]
[2020.09.29-20.09.15:420][  0]LogConfig: Setting CVar [[s.FlushStreamingOnExit:1]]
[2020.09.29-20.09.15:420][  0]LogConfig: Applying CVar settings from Section [/Script/Engine.GarbageCollectionSettings] File [C:/Users/tommy/Documents/GitHub/EscapeThePlate/EscapeThePlate/Saved/Config/Windows/Engine.ini]
[2020.09.29-20.09.15:420][  0]LogConfig: Setting CVar [[gc.MaxObjectsNotConsideredByGC:1]]
[2020.09.29-20.09.15:420][  0]LogConfig: Setting CVar [[gc.SizeOfPermanentObjectPool:0]]
[2020.09.29-20.09.15:420][  0]LogConfig: Setting CVar [[gc.FlushStreamingOnGC:0]]
[2020.09.29-20.09.15:420][  0]LogConfig: Setting CVar [[gc.NumRetriesBeforeForcingGC:10]]
[2020.09.29-20.09.15:420][  0]LogConfig: Setting CVar [[gc.AllowParallelGC:1]]
[2020.09.29-20.09.15:420][  0]LogConfig: Setting CVar [[gc.TimeBetweenPurgingPendingKillObjects:61.1]]
[2020.09.29-20.09.15:420][  0]LogConfig: Setting CVar [[gc.MaxObjectsInEditor:25165824]]
[2020.09.29-20.09.15:420][  0]LogConfig: Setting CVar [[gc.IncrementalBeginDestroyEnabled:1]]
[2020.09.29-20.09.15:420][  0]LogConfig: Setting CVar [[gc.CreateGCClusters:1]]
[2020.09.29-20.09.15:420][  0]LogConfig: Setting CVar [[gc.MinGCClusterSize:5]]
[2020.09.29-20.09.15:420][  0]LogConfig: Setting CVar [[gc.ActorClusteringEnabled:0]]
[2020.09.29-20.09.15:420][  0]LogConfig: Setting CVar [[gc.BlueprintClusteringEnabled:0]]
[2020.09.29-20.09.15:420][  0]LogConfig: Setting CVar [[gc.UseDisregardForGCOnDedicatedServers:0]]
[2020.09.29-20.09.15:420][  0]LogConfig: Applying CVar settings from Section [/Script/Engine.NetworkSettings] File [C:/Users/tommy/Documents/GitHub/EscapeThePlate/EscapeThePlate/Saved/Config/Windows/Engine.ini]
[2020.09.29-20.09.15:420][  0]LogConfig: Applying CVar settings from Section [/Script/UnrealEd.CookerSettings] File [C:/Users/tommy/Documents/GitHub/EscapeThePlate/EscapeThePlate/Saved/Config/Windows/Engine.ini]
[2020.09.29-20.09.15:421][  0]LogConfig: Applying CVar settings from Section [ViewDistanceQuality@3] File [C:/Users/tommy/Documents/GitHub/EscapeThePlate/EscapeThePlate/Saved/Config/Windows/Scalability.ini]
[2020.09.29-20.09.15:421][  0]LogConfig: Setting CVar [[r.SkeletalMeshLODBias:0]]
[2020.09.29-20.09.15:421][  0]LogConfig: Setting CVar [[r.ViewDistanceScale:1.0]]
[2020.09.29-20.09.15:421][  0]LogConfig: Applying CVar settings from Section [AntiAliasingQuality@3] File [C:/Users/tommy/Documents/GitHub/EscapeThePlate/EscapeThePlate/Saved/Config/Windows/Scalability.ini]
[2020.09.29-20.09.15:421][  0]LogConfig: Setting CVar [[r.PostProcessAAQuality:4]]
[2020.09.29-20.09.15:421][  0]LogConfig: Applying CVar settings from Section [ShadowQuality@3] File [C:/Users/tommy/Documents/GitHub/EscapeThePlate/EscapeThePlate/Saved/Config/Windows/Scalability.ini]
[2020.09.29-20.09.15:421][  0]LogConfig: Setting CVar [[r.LightFunctionQuality:1]]
[2020.09.29-20.09.15:421][  0]LogConfig: Setting CVar [[r.ShadowQuality:5]]
[2020.09.29-20.09.15:421][  0]LogConfig: Setting CVar [[r.Shadow.CSM.MaxCascades:10]]
[2020.09.29-20.09.15:421][  0]LogConfig: Setting CVar [[r.Shadow.MaxResolution:2048]]
[2020.09.29-20.09.15:421][  0]LogConfig: Setting CVar [[r.Shadow.MaxCSMResolution:2048]]
[2020.09.29-20.09.15:421][  0]LogConfig: Setting CVar [[r.Shadow.RadiusThreshold:0.01]]
[2020.09.29-20.09.15:421][  0]LogConfig: Setting CVar [[r.Shadow.DistanceScale:1.0]]
[2020.09.29-20.09.15:421][  0]LogConfig: Setting CVar [[r.Shadow.CSM.TransitionScale:1.0]]
[2020.09.29-20.09.15:421][  0]LogConfig: Setting CVar [[r.Shadow.PreShadowResolutionFactor:1.0]]
[2020.09.29-20.09.15:421][  0]LogConfig: Setting CVar [[r.DistanceFieldShadowing:1]]
[2020.09.29-20.09.15:421][  0]LogConfig: Setting CVar [[r.DistanceFieldAO:1]]
[2020.09.29-20.09.15:421][  0]LogConfig: Setting CVar [[r.AOQuality:2]]
[2020.09.29-20.09.15:421][  0]LogConfig: Setting CVar [[r.VolumetricFog:1]]
[2020.09.29-20.09.15:421][  0]LogConfig: Setting CVar [[r.VolumetricFog.GridPixelSize:8]]
[2020.09.29-20.09.15:421][  0]LogConfig: Setting CVar [[r.VolumetricFog.GridSizeZ:128]]
[2020.09.29-20.09.15:421][  0]LogConfig: Setting CVar [[r.VolumetricFog.HistoryMissSupersampleCount:4]]
[2020.09.29-20.09.15:421][  0]LogConfig: Setting CVar [[r.LightMaxDrawDistanceScale:1]]
[2020.09.29-20.09.15:421][  0]LogConfig: Setting CVar [[r.CapsuleShadows:1]]
[2020.09.29-20.09.15:421][  0]LogConfig: Applying CVar settings from Section [PostProcessQuality@3] File [C:/Users/tommy/Documents/GitHub/EscapeThePlate/EscapeThePlate/Saved/Config/Windows/Scalability.ini]
[2020.09.29-20.09.15:421][  0]LogConfig: Setting CVar [[r.MotionBlurQuality:4]]
[2020.09.29-20.09.15:421][  0]LogConfig: Setting CVar [[r.AmbientOcclusionMipLevelFactor:0.4]]
[2020.09.29-20.09.15:421][  0]LogConfig: Setting CVar [[r.AmbientOcclusionMaxQuality:100]]
[2020.09.29-20.09.15:422][  0]LogConfig: Setting CVar [[r.AmbientOcclusionLevels:-1]]
[2020.09.29-20.09.15:422][  0]LogConfig: Setting CVar [[r.AmbientOcclusionRadiusScale:1.0]]
[2020.09.29-20.09.15:422][  0]LogConfig: Setting CVar [[r.DepthOfFieldQuality:2]]
[2020.09.29-20.09.15:422][  0]LogConfig: Setting CVar [[r.RenderTargetPoolMin:400]]
[2020.09.29-20.09.15:422][  0]LogConfig: Setting CVar [[r.LensFlareQuality:2]]
[2020.09.29-20.09.15:422][  0]LogConfig: Setting CVar [[r.SceneColorFringeQuality:1]]
[2020.09.29-20.09.15:422][  0]LogConfig: Setting CVar [[r.EyeAdaptationQuality:2]]
[2020.09.29-20.09.15:422][  0]LogConfig: Setting CVar [[r.BloomQuality:5]]
[2020.09.29-20.09.15:422][  0]LogConfig: Setting CVar [[r.FastBlurThreshold:100]]
[2020.09.29-20.09.15:422][  0]LogConfig: Setting CVar [[r.Upscale.Quality:3]]
[2020.09.29-20.09.15:422][  0]LogConfig: Setting CVar [[r.Tonemapper.GrainQuantization:1]]
[2020.09.29-20.09.15:422][  0]LogConfig: Setting CVar [[r.LightShaftQuality:1]]
[2020.09.29-20.09.15:422][  0]LogConfig: Setting CVar [[r.Filter.SizeScale:1]]
[2020.09.29-20.09.15:422][  0]LogConfig: Setting CVar [[r.Tonemapper.Quality:5]]
[2020.09.29-20.09.15:422][  0]LogConfig: Setting CVar [[r.DOF.Gather.AccumulatorQuality:1        ; higher gathering accumulator quality]]
[2020.09.29-20.09.15:422][  0]LogConfig: Setting CVar [[r.DOF.Gather.PostfilterMethod:1          ; Median3x3 postfilering method]]
[2020.09.29-20.09.15:422][  0]LogConfig: Setting CVar [[r.DOF.Gather.EnableBokehSettings:0       ; no bokeh simulation when gathering]]
[2020.09.29-20.09.15:422][  0]LogConfig: Setting CVar [[r.DOF.Gather.RingCount:4                 ; medium number of samples when gathering]]
[2020.09.29-20.09.15:422][  0]LogConfig: Setting CVar [[r.DOF.Scatter.ForegroundCompositing:1    ; additive foreground scattering]]
[2020.09.29-20.09.15:422][  0]LogConfig: Setting CVar [[r.DOF.Scatter.BackgroundCompositing:2    ; additive background scattering]]
[2020.09.29-20.09.15:422][  0]LogConfig: Setting CVar [[r.DOF.Scatter.EnableBokehSettings:1      ; bokeh simulation when scattering]]
[2020.09.29-20.09.15:422][  0]LogConfig: Setting CVar [[r.DOF.Scatter.MaxSpriteRatio:0.1         ; only a maximum of 10% of scattered bokeh]]
[2020.09.29-20.09.15:422][  0]LogConfig: Setting CVar [[r.DOF.Recombine.Quality:1                ; cheap slight out of focus]]
[2020.09.29-20.09.15:422][  0]LogConfig: Setting CVar [[r.DOF.Recombine.EnableBokehSettings:0    ; no bokeh simulation on slight out of focus]]
[2020.09.29-20.09.15:422][  0]LogConfig: Setting CVar [[r.DOF.TemporalAAQuality:1                ; more stable temporal accumulation]]
[2020.09.29-20.09.15:422][  0]LogConfig: Setting CVar [[r.DOF.Kernel.MaxForegroundRadius:0.025]]
[2020.09.29-20.09.15:422][  0]LogConfig: Setting CVar [[r.DOF.Kernel.MaxBackgroundRadius:0.025]]
[2020.09.29-20.09.15:422][  0]LogConfig: Applying CVar settings from Section [TextureQuality@3] File [C:/Users/tommy/Documents/GitHub/EscapeThePlate/EscapeThePlate/Saved/Config/Windows/Scalability.ini]
[2020.09.29-20.09.15:422][  0]LogConfig: Setting CVar [[r.Streaming.MipBias:0]]
[2020.09.29-20.09.15:422][  0]LogConfig: Setting CVar [[r.Streaming.AmortizeCPUToGPUCopy:0]]
[2020.09.29-20.09.15:422][  0]LogConfig: Setting CVar [[r.Streaming.MaxNumTexturesToStreamPerFrame:0]]
[2020.09.29-20.09.15:422][  0]LogConfig: Setting CVar [[r.Streaming.Boost:1]]
[2020.09.29-20.09.15:422][  0]LogConfig: Setting CVar [[r.MaxAnisotropy:8]]
[2020.09.29-20.09.15:422][  0]LogConfig: Setting CVar [[r.VT.MaxAnisotropy:8]]
[2020.09.29-20.09.15:422][  0]LogConfig: Setting CVar [[r.Streaming.LimitPoolSizeToVRAM:0]]
[2020.09.29-20.09.15:422][  0]LogConfig: Setting CVar [[r.Streaming.PoolSize:1000]]
[2020.09.29-20.09.15:422][  0]LogConfig: Setting CVar [[r.Streaming.MaxEffectiveScreenSize:0]]
[2020.09.29-20.09.15:422][  0]LogConfig: Applying CVar settings from Section [EffectsQuality@3] File [C:/Users/tommy/Documents/GitHub/EscapeThePlate/EscapeThePlate/Saved/Config/Windows/Scalability.ini]
[2020.09.29-20.09.15:422][  0]LogConfig: Setting CVar [[r.TranslucencyLightingVolumeDim:64]]
[2020.09.29-20.09.15:422][  0]LogConfig: Setting CVar [[r.RefractionQuality:2]]
[2020.09.29-20.09.15:422][  0]LogConfig: Setting CVar [[r.SSR.Quality:3]]
[2020.09.29-20.09.15:422][  0]LogConfig: Setting CVar [[r.SSR.HalfResSceneColor:0]]
[2020.09.29-20.09.15:422][  0]LogConfig: Setting CVar [[r.SceneColorFormat:4]]
[2020.09.29-20.09.15:422][  0]LogConfig: Setting CVar [[r.DetailMode:2]]
[2020.09.29-20.09.15:422][  0]LogConfig: Setting CVar [[r.TranslucencyVolumeBlur:1]]
[2020.09.29-20.09.15:422][  0]LogConfig: Setting CVar [[r.MaterialQualityLevel:1 ; High quality]]
[2020.09.29-20.09.15:422][  0]LogConfig: Setting CVar [[r.SSS.Scale:1]]
[2020.09.29-20.09.15:422][  0]LogConfig: Setting CVar [[r.SSS.SampleSet:2]]
[2020.09.29-20.09.15:422][  0]LogConfig: Setting CVar [[r.SSS.Quality:1]]
[2020.09.29-20.09.15:422][  0]LogConfig: Setting CVar [[r.SSS.HalfRes:0]]
[2020.09.29-20.09.15:422][  0]LogConfig: Setting CVar [[r.SSGI.Quality:3]]
[2020.09.29-20.09.15:422][  0]LogConfig: Setting CVar [[r.EmitterSpawnRateScale:1.0]]
[2020.09.29-20.09.15:422][  0]LogConfig: Setting CVar [[r.ParticleLightQuality:2]]
[2020.09.29-20.09.15:422][  0]LogConfig: Setting CVar [[r.SkyAtmosphere.AerialPerspectiveLUT.FastApplyOnOpaque:1 ; Always have FastSkyLUT 1 in this case to avoid wrong sky]]
[2020.09.29-20.09.15:422][  0]LogConfig: Setting CVar [[r.SkyAtmosphere.AerialPerspectiveLUT.SampleCountPerSlice:1]]
[2020.09.29-20.09.15:422][  0]LogConfig: Setting CVar [[r.SkyAtmosphere.AerialPerspectiveLUT.DepthResolution:16.0]]
[2020.09.29-20.09.15:422][  0]LogConfig: Setting CVar [[r.SkyAtmosphere.FastSkyLUT:1]]
[2020.09.29-20.09.15:422][  0]LogConfig: Setting CVar [[r.SkyAtmosphere.FastSkyLUT.SampleCountMin:4.0]]
[2020.09.29-20.09.15:422][  0]LogConfig: Setting CVar [[r.SkyAtmosphere.FastSkyLUT.SampleCountMax:32.0]]
[2020.09.29-20.09.15:422][  0]LogConfig: Setting CVar [[r.SkyAtmosphere.SampleCountMin:4.0]]
[2020.09.29-20.09.15:422][  0]LogConfig: Setting CVar [[r.SkyAtmosphere.SampleCountMax:32.0]]
[2020.09.29-20.09.15:422][  0]LogConfig: Setting CVar [[r.SkyAtmosphere.TransmittanceLUT.UseSmallFormat:0]]
[2020.09.29-20.09.15:422][  0]LogConfig: Setting CVar [[r.SkyAtmosphere.TransmittanceLUT.SampleCount:10.0]]
[2020.09.29-20.09.15:422][  0]LogConfig: Setting CVar [[r.SkyAtmosphere.MultiScatteringLUT.SampleCount:15.0]]
[2020.09.29-20.09.15:422][  0]LogConfig: Applying CVar settings from Section [FoliageQuality@3] File [C:/Users/tommy/Documents/GitHub/EscapeThePlate/EscapeThePlate/Saved/Config/Windows/Scalability.ini]
[2020.09.29-20.09.15:422][  0]LogConfig: Setting CVar [[foliage.DensityScale:1.0]]
[2020.09.29-20.09.15:422][  0]LogConfig: Setting CVar [[grass.DensityScale:1.0]]
[2020.09.29-20.09.15:422][  0]LogConfig: Applying CVar settings from Section [ShadingQuality@3] File [C:/Users/tommy/Documents/GitHub/EscapeThePlate/EscapeThePlate/Saved/Config/Windows/Scalability.ini]
[2020.09.29-20.09.15:422][  0]LogConfig: Setting CVar [[r.HairStrands.SkyLighting.SampleCount:16]]
[2020.09.29-20.09.15:422][  0]LogConfig: Setting CVar [[r.HairStrands.SkyLighting.JitterIntegration:0]]
[2020.09.29-20.09.15:422][  0]LogConfig: Setting CVar [[r.HairStrands.SkyAO.SampleCount:16]]
[2020.09.29-20.09.15:422][  0]LogConfig: Setting CVar [[r.HairStrands.DeepShadow.SuperSampling:0]]
[2020.09.29-20.09.15:422][  0]LogConfig: Setting CVar [[r.HairStrands.VisibilityPPLL:0]]
[2020.09.29-20.09.15:422][  0]LogConfig: Setting CVar [[r.HairStrands.RasterizationScale:0.5]]
[2020.09.29-20.09.15:422][  0]LogConfig: Setting CVar [[r.HairStrands.VelocityRasterizationScale:1]]
[2020.09.29-20.09.15:422][  0]LogInit: Selected Device Profile: [Windows]
[2020.09.29-20.09.15:422][  0]LogInit: Applying CVar settings loaded from the selected device profile: [Windows]
[2020.09.29-20.09.15:422][  0]LogHAL: Display: Platform has ~ 16 GB [17109041152 / 17179869184 / 16], which maps to Larger [LargestMinGB=32, LargerMinGB=12, DefaultMinGB=8, SmallerMinGB=6, SmallestMinGB=0)
[2020.09.29-20.09.15:422][  0]LogInit: Going up to parent DeviceProfile []
[2020.09.29-20.09.15:422][  0]LogConfig: Applying CVar settings from Section [ViewDistanceQuality@3] File [C:/Users/tommy/Documents/GitHub/EscapeThePlate/EscapeThePlate/Saved/Config/Windows/Scalability.ini]
[2020.09.29-20.09.15:422][  0]LogConfig: Setting CVar [[r.SkeletalMeshLODBias:0]]
[2020.09.29-20.09.15:422][  0]LogConfig: Setting CVar [[r.ViewDistanceScale:1.0]]
[2020.09.29-20.09.15:422][  0]LogConfig: Applying CVar settings from Section [AntiAliasingQuality@3] File [C:/Users/tommy/Documents/GitHub/EscapeThePlate/EscapeThePlate/Saved/Config/Windows/Scalability.ini]
[2020.09.29-20.09.15:422][  0]LogConfig: Setting CVar [[r.PostProcessAAQuality:4]]
[2020.09.29-20.09.15:422][  0]LogConfig: Applying CVar settings from Section [ShadowQuality@3] File [C:/Users/tommy/Documents/GitHub/EscapeThePlate/EscapeThePlate/Saved/Config/Windows/Scalability.ini]
[2020.09.29-20.09.15:422][  0]LogConfig: Setting CVar [[r.LightFunctionQuality:1]]
[2020.09.29-20.09.15:422][  0]LogConfig: Setting CVar [[r.ShadowQuality:5]]
[2020.09.29-20.09.15:422][  0]LogConfig: Setting CVar [[r.Shadow.CSM.MaxCascades:10]]
[2020.09.29-20.09.15:422][  0]LogConfig: Setting CVar [[r.Shadow.MaxResolution:2048]]
[2020.09.29-20.09.15:422][  0]LogConfig: Setting CVar [[r.Shadow.MaxCSMResolution:2048]]
[2020.09.29-20.09.15:422][  0]LogConfig: Setting CVar [[r.Shadow.RadiusThreshold:0.01]]
[2020.09.29-20.09.15:422][  0]LogConfig: Setting CVar [[r.Shadow.DistanceScale:1.0]]
[2020.09.29-20.09.15:422][  0]LogConfig: Setting CVar [[r.Shadow.CSM.TransitionScale:1.0]]
[2020.09.29-20.09.15:422][  0]LogConfig: Setting CVar [[r.Shadow.PreShadowResolutionFactor:1.0]]
[2020.09.29-20.09.15:422][  0]LogConfig: Setting CVar [[r.DistanceFieldShadowing:1]]
[2020.09.29-20.09.15:422][  0]LogConfig: Setting CVar [[r.DistanceFieldAO:1]]
[2020.09.29-20.09.15:422][  0]LogConfig: Setting CVar [[r.AOQuality:2]]
[2020.09.29-20.09.15:422][  0]LogConfig: Setting CVar [[r.VolumetricFog:1]]
[2020.09.29-20.09.15:422][  0]LogConfig: Setting CVar [[r.VolumetricFog.GridPixelSize:8]]
[2020.09.29-20.09.15:422][  0]LogConfig: Setting CVar [[r.VolumetricFog.GridSizeZ:128]]
[2020.09.29-20.09.15:422][  0]LogConfig: Setting CVar [[r.VolumetricFog.HistoryMissSupersampleCount:4]]
[2020.09.29-20.09.15:423][  0]LogConfig: Setting CVar [[r.LightMaxDrawDistanceScale:1]]
[2020.09.29-20.09.15:423][  0]LogConfig: Setting CVar [[r.CapsuleShadows:1]]
[2020.09.29-20.09.15:423][  0]LogConfig: Applying CVar settings from Section [PostProcessQuality@3] File [C:/Users/tommy/Documents/GitHub/EscapeThePlate/EscapeThePlate/Saved/Config/Windows/Scalability.ini]
[2020.09.29-20.09.15:423][  0]LogConfig: Setting CVar [[r.MotionBlurQuality:4]]
[2020.09.29-20.09.15:423][  0]LogConfig: Setting CVar [[r.AmbientOcclusionMipLevelFactor:0.4]]
[2020.09.29-20.09.15:423][  0]LogConfig: Setting CVar [[r.AmbientOcclusionMaxQuality:100]]
[2020.09.29-20.09.15:423][  0]LogConfig: Setting CVar [[r.AmbientOcclusionLevels:-1]]
[2020.09.29-20.09.15:423][  0]LogConfig: Setting CVar [[r.AmbientOcclusionRadiusScale:1.0]]
[2020.09.29-20.09.15:423][  0]LogConfig: Setting CVar [[r.DepthOfFieldQuality:2]]
[2020.09.29-20.09.15:423][  0]LogConfig: Setting CVar [[r.RenderTargetPoolMin:400]]
[2020.09.29-20.09.15:423][  0]LogConfig: Setting CVar [[r.LensFlareQuality:2]]
[2020.09.29-20.09.15:423][  0]LogConfig: Setting CVar [[r.SceneColorFringeQuality:1]]
[2020.09.29-20.09.15:423][  0]LogConfig: Setting CVar [[r.EyeAdaptationQuality:2]]
[2020.09.29-20.09.15:423][  0]LogConfig: Setting CVar [[r.BloomQuality:5]]
[2020.09.29-20.09.15:423][  0]LogConfig: Setting CVar [[r.FastBlurThreshold:100]]
[2020.09.29-20.09.15:423][  0]LogConfig: Setting CVar [[r.Upscale.Quality:3]]
[2020.09.29-20.09.15:423][  0]LogConfig: Setting CVar [[r.Tonemapper.GrainQuantization:1]]
[2020.09.29-20.09.15:423][  0]LogConfig: Setting CVar [[r.LightShaftQuality:1]]
[2020.09.29-20.09.15:423][  0]LogConfig: Setting CVar [[r.Filter.SizeScale:1]]
[2020.09.29-20.09.15:423][  0]LogConfig: Setting CVar [[r.Tonemapper.Quality:5]]
[2020.09.29-20.09.15:423][  0]LogConfig: Setting CVar [[r.DOF.Gather.AccumulatorQuality:1        ; higher gathering accumulator quality]]
[2020.09.29-20.09.15:423][  0]LogConfig: Setting CVar [[r.DOF.Gather.PostfilterMethod:1          ; Median3x3 postfilering method]]
[2020.09.29-20.09.15:423][  0]LogConfig: Setting CVar [[r.DOF.Gather.EnableBokehSettings:0       ; no bokeh simulation when gathering]]
[2020.09.29-20.09.15:423][  0]LogConfig: Setting CVar [[r.DOF.Gather.RingCount:4                 ; medium number of samples when gathering]]
[2020.09.29-20.09.15:423][  0]LogConfig: Setting CVar [[r.DOF.Scatter.ForegroundCompositing:1    ; additive foreground scattering]]
[2020.09.29-20.09.15:423][  0]LogConfig: Setting CVar [[r.DOF.Scatter.BackgroundCompositing:2    ; additive background scattering]]
[2020.09.29-20.09.15:423][  0]LogConfig: Setting CVar [[r.DOF.Scatter.EnableBokehSettings:1      ; bokeh simulation when scattering]]
[2020.09.29-20.09.15:423][  0]LogConfig: Setting CVar [[r.DOF.Scatter.MaxSpriteRatio:0.1         ; only a maximum of 10% of scattered bokeh]]
[2020.09.29-20.09.15:423][  0]LogConfig: Setting CVar [[r.DOF.Recombine.Quality:1                ; cheap slight out of focus]]
[2020.09.29-20.09.15:423][  0]LogConfig: Setting CVar [[r.DOF.Recombine.EnableBokehSettings:0    ; no bokeh simulation on slight out of focus]]
[2020.09.29-20.09.15:423][  0]LogConfig: Setting CVar [[r.DOF.TemporalAAQuality:1                ; more stable temporal accumulation]]
[2020.09.29-20.09.15:423][  0]LogConfig: Setting CVar [[r.DOF.Kernel.MaxForegroundRadius:0.025]]
[2020.09.29-20.09.15:423][  0]LogConfig: Setting CVar [[r.DOF.Kernel.MaxBackgroundRadius:0.025]]
[2020.09.29-20.09.15:423][  0]LogConfig: Applying CVar settings from Section [TextureQuality@3] File [C:/Users/tommy/Documents/GitHub/EscapeThePlate/EscapeThePlate/Saved/Config/Windows/Scalability.ini]
[2020.09.29-20.09.15:423][  0]LogConfig: Setting CVar [[r.Streaming.MipBias:0]]
[2020.09.29-20.09.15:423][  0]LogConfig: Setting CVar [[r.Streaming.AmortizeCPUToGPUCopy:0]]
[2020.09.29-20.09.15:423][  0]LogConfig: Setting CVar [[r.Streaming.MaxNumTexturesToStreamPerFrame:0]]
[2020.09.29-20.09.15:423][  0]LogConfig: Setting CVar [[r.Streaming.Boost:1]]
[2020.09.29-20.09.15:423][  0]LogConfig: Setting CVar [[r.MaxAnisotropy:8]]
[2020.09.29-20.09.15:423][  0]LogConfig: Setting CVar [[r.VT.MaxAnisotropy:8]]
[2020.09.29-20.09.15:423][  0]LogConfig: Setting CVar [[r.Streaming.LimitPoolSizeToVRAM:0]]
[2020.09.29-20.09.15:423][  0]LogConfig: Setting CVar [[r.Streaming.PoolSize:1000]]
[2020.09.29-20.09.15:423][  0]LogConfig: Setting CVar [[r.Streaming.MaxEffectiveScreenSize:0]]
[2020.09.29-20.09.15:423][  0]LogConfig: Applying CVar settings from Section [EffectsQuality@3] File [C:/Users/tommy/Documents/GitHub/EscapeThePlate/EscapeThePlate/Saved/Config/Windows/Scalability.ini]
[2020.09.29-20.09.15:423][  0]LogConfig: Setting CVar [[r.TranslucencyLightingVolumeDim:64]]
[2020.09.29-20.09.15:423][  0]LogConfig: Setting CVar [[r.RefractionQuality:2]]
[2020.09.29-20.09.15:423][  0]LogConfig: Setting CVar [[r.SSR.Quality:3]]
[2020.09.29-20.09.15:423][  0]LogConfig: Setting CVar [[r.SSR.HalfResSceneColor:0]]
[2020.09.29-20.09.15:423][  0]LogConfig: Setting CVar [[r.SceneColorFormat:4]]
[2020.09.29-20.09.15:423][  0]LogConfig: Setting CVar [[r.DetailMode:2]]
[2020.09.29-20.09.15:423][  0]LogConfig: Setting CVar [[r.TranslucencyVolumeBlur:1]]
[2020.09.29-20.09.15:423][  0]LogConfig: Setting CVar [[r.MaterialQualityLevel:1 ; High quality]]
[2020.09.29-20.09.15:423][  0]LogConfig: Setting CVar [[r.SSS.Scale:1]]
[2020.09.29-20.09.15:423][  0]LogConfig: Setting CVar [[r.SSS.SampleSet:2]]
[2020.09.29-20.09.15:423][  0]LogConfig: Setting CVar [[r.SSS.Quality:1]]
[2020.09.29-20.09.15:423][  0]LogConfig: Setting CVar [[r.SSS.HalfRes:0]]
[2020.09.29-20.09.15:423][  0]LogConfig: Setting CVar [[r.SSGI.Quality:3]]
[2020.09.29-20.09.15:423][  0]LogConfig: Setting CVar [[r.EmitterSpawnRateScale:1.0]]
[2020.09.29-20.09.15:423][  0]LogConfig: Setting CVar [[r.ParticleLightQuality:2]]
[2020.09.29-20.09.15:423][  0]LogConfig: Setting CVar [[r.SkyAtmosphere.AerialPerspectiveLUT.FastApplyOnOpaque:1 ; Always have FastSkyLUT 1 in this case to avoid wrong sky]]
[2020.09.29-20.09.15:423][  0]LogConfig: Setting CVar [[r.SkyAtmosphere.AerialPerspectiveLUT.SampleCountPerSlice:1]]
[2020.09.29-20.09.15:423][  0]LogConfig: Setting CVar [[r.SkyAtmosphere.AerialPerspectiveLUT.DepthResolution:16.0]]
[2020.09.29-20.09.15:423][  0]LogConfig: Setting CVar [[r.SkyAtmosphere.FastSkyLUT:1]]
[2020.09.29-20.09.15:423][  0]LogConfig: Setting CVar [[r.SkyAtmosphere.FastSkyLUT.SampleCountMin:4.0]]
[2020.09.29-20.09.15:423][  0]LogConfig: Setting CVar [[r.SkyAtmosphere.FastSkyLUT.SampleCountMax:32.0]]
[2020.09.29-20.09.15:423][  0]LogConfig: Setting CVar [[r.SkyAtmosphere.SampleCountMin:4.0]]
[2020.09.29-20.09.15:423][  0]LogConfig: Setting CVar [[r.SkyAtmosphere.SampleCountMax:32.0]]
[2020.09.29-20.09.15:423][  0]LogConfig: Setting CVar [[r.SkyAtmosphere.TransmittanceLUT.UseSmallFormat:0]]
[2020.09.29-20.09.15:423][  0]LogConfig: Setting CVar [[r.SkyAtmosphere.TransmittanceLUT.SampleCount:10.0]]
[2020.09.29-20.09.15:423][  0]LogConfig: Setting CVar [[r.SkyAtmosphere.MultiScatteringLUT.SampleCount:15.0]]
[2020.09.29-20.09.15:423][  0]LogConfig: Applying CVar settings from Section [FoliageQuality@3] File [C:/Users/tommy/Documents/GitHub/EscapeThePlate/EscapeThePlate/Saved/Config/Windows/Scalability.ini]
[2020.09.29-20.09.15:423][  0]LogConfig: Setting CVar [[foliage.DensityScale:1.0]]
[2020.09.29-20.09.15:423][  0]LogConfig: Setting CVar [[grass.DensityScale:1.0]]
[2020.09.29-20.09.15:423][  0]LogConfig: Applying CVar settings from Section [ShadingQuality@3] File [C:/Users/tommy/Documents/GitHub/EscapeThePlate/EscapeThePlate/Saved/Config/Windows/Scalability.ini]
[2020.09.29-20.09.15:423][  0]LogConfig: Setting CVar [[r.HairStrands.SkyLighting.SampleCount:16]]
[2020.09.29-20.09.15:423][  0]LogConfig: Setting CVar [[r.HairStrands.SkyLighting.JitterIntegration:0]]
[2020.09.29-20.09.15:423][  0]LogConfig: Setting CVar [[r.HairStrands.SkyAO.SampleCount:16]]
[2020.09.29-20.09.15:423][  0]LogConfig: Setting CVar [[r.HairStrands.DeepShadow.SuperSampling:0]]
[2020.09.29-20.09.15:423][  0]LogConfig: Setting CVar [[r.HairStrands.VisibilityPPLL:0]]
[2020.09.29-20.09.15:423][  0]LogConfig: Setting CVar [[r.HairStrands.RasterizationScale:0.5]]
[2020.09.29-20.09.15:423][  0]LogConfig: Setting CVar [[r.HairStrands.VelocityRasterizationScale:1]]
[2020.09.29-20.09.15:423][  0]LogConfig: Applying CVar settings from Section [Startup] File [../../../Engine/Config/ConsoleVariables.ini]
[2020.09.29-20.09.15:423][  0]LogConfig: Setting CVar [[net.UseAdaptiveNetUpdateFrequency:0]]
[2020.09.29-20.09.15:423][  0]LogConfig: Setting CVar [[p.chaos.AllowCreatePhysxBodies:1]]
[2020.09.29-20.09.15:423][  0]LogConfig: Setting CVar [[fx.SkipVectorVMBackendOptimizations:1]]
[2020.09.29-20.09.15:423][  0]LogConfig: Applying CVar settings from Section [ConsoleVariables] File [C:/Users/tommy/Documents/GitHub/EscapeThePlate/EscapeThePlate/Saved/Config/Windows/Engine.ini]
[2020.09.29-20.09.15:423][  0]LogInit: Computer: DESKTOP-LMU5NOS
[2020.09.29-20.09.15:423][  0]LogInit: User: tommy
[2020.09.29-20.09.15:424][  0]LogInit: CPU Page size=4096, Cores=8
[2020.09.29-20.09.15:424][  0]LogInit: High frequency timer resolution =10.000000 MHz
[2020.09.29-20.09.15:424][  0]LogMemory: Memory total: Physical=15.9GB (16GB approx)
[2020.09.29-20.09.15:424][  0]LogMemory: Platform Memory Stats for Windows
[2020.09.29-20.09.15:424][  0]LogMemory: Process Physical Memory: 117.06 MB used, 117.06 MB peak
[2020.09.29-20.09.15:424][  0]LogMemory: Process Virtual Memory: 106.34 MB used, 106.34 MB peak
[2020.09.29-20.09.15:424][  0]LogMemory: Physical Memory: 10072.00 MB used,  6244.46 MB free, 16316.45 MB total
[2020.09.29-20.09.15:424][  0]LogMemory: Virtual Memory: 5193.14 MB used,  134212536.00 MB free, 134217728.00 MB total
[2020.09.29-20.09.15:426][  0]LogWindows: WindowsPlatformFeatures enabled
[2020.09.29-20.09.15:449][  0]LogInit: Physics initialised using underlying interface: PhysX
[2020.09.29-20.09.15:449][  0]LogInit: Using OS detected language (en-US).
[2020.09.29-20.09.15:449][  0]LogInit: Using OS detected locale (en-US).
[2020.09.29-20.09.15:451][  0]LogTextLocalizationManager: No specific localization for 'en-US' exists, so the 'en' localization will be used.
[2020.09.29-20.09.15:568][  0]LogInit: Setting process to per monitor DPI aware
[2020.09.29-20.09.15:586][  0]LogSlate: New Slate User Created.  User Index 0, Is Virtual User: 0
[2020.09.29-20.09.15:586][  0]LogSlate: Slate User Registered.  User Index 0, Is Virtual User: 0
[2020.09.29-20.09.15:724][  0]LogHMD: Failed to initialize OpenVR with code 110
[2020.09.29-20.09.15:724][  0]LogD3D11RHI: D3D11 min allowed feature level: 11_0
[2020.09.29-20.09.15:724][  0]LogD3D11RHI: D3D11 max allowed feature level: 11_0
[2020.09.29-20.09.15:724][  0]LogD3D11RHI: D3D11 adapters:
[2020.09.29-20.09.15:785][  0]LogD3D11RHI:    0. 'NVIDIA GeForce RTX 2060 SUPER' (Feature Level 11_0)
[2020.09.29-20.09.15:785][  0]LogD3D11RHI:       8031/0/8158 MB DedicatedVideo/DedicatedSystem/SharedSystem, Outputs:1, VendorId:0x10de
[2020.09.29-20.09.15:787][  0]LogD3D11RHI:    1. 'Microsoft Basic Render Driver' (Feature Level 11_0)
[2020.09.29-20.09.15:787][  0]LogD3D11RHI:       0/0/8158 MB DedicatedVideo/DedicatedSystem/SharedSystem, Outputs:0, VendorId:0x1414
[2020.09.29-20.09.15:787][  0]LogD3D11RHI: Chosen D3D11 Adapter: 0
[2020.09.29-20.09.15:797][  0]LogD3D11RHI: Creating new Direct3DDevice
[2020.09.29-20.09.15:797][  0]LogD3D11RHI:     GPU DeviceId: 0x1f06 (for the marketing name, search the web for "GPU Device Id")
[2020.09.29-20.09.15:797][  0]LogWindows: EnumDisplayDevices:
[2020.09.29-20.09.15:797][  0]LogWindows:    0. 'NVIDIA GeForce RTX 2060 SUPER' (P:1 D:1)
[2020.09.29-20.09.15:797][  0]LogWindows:    1. 'NVIDIA GeForce RTX 2060 SUPER' (P:0 D:0)
[2020.09.29-20.09.15:797][  0]LogWindows:    2. 'NVIDIA GeForce RTX 2060 SUPER' (P:0 D:0)
[2020.09.29-20.09.15:797][  0]LogWindows:    3. 'NVIDIA GeForce RTX 2060 SUPER' (P:0 D:0)
[2020.09.29-20.09.15:797][  0]LogWindows: DebugString: FoundDriverCount:4 
[2020.09.29-20.09.15:797][  0]LogD3D11RHI:     Adapter Name: NVIDIA GeForce RTX 2060 SUPER
[2020.09.29-20.09.15:797][  0]LogD3D11RHI:   Driver Version: 442.59 (internal:26.21.14.4259, unified:442.59)
[2020.09.29-20.09.15:797][  0]LogD3D11RHI:      Driver Date: 3-4-2020
[2020.09.29-20.09.15:797][  0]LogRHI: Texture pool is 5621 MB (70% of 8031 MB)
[2020.09.29-20.09.15:838][  0]LogD3D11RHI: RHI has support for 64 bit atomics
[2020.09.29-20.09.15:839][  0]LogD3D11RHI: [Aftermath] Enabled and primed
[2020.09.29-20.09.15:839][  0]LogD3D11RHI: Async texture creation enabled
[2020.09.29-20.09.15:839][  0]LogD3D11RHI: Array index from any shader is supported
[2020.09.29-20.09.15:865][  0]LogD3D11RHI: GPU Timing Frequency: 1000.000000 (Debug: 2 2)
[2020.09.29-20.09.16:064][  0]LogTargetPlatformManager: Display: Loaded TargetPlatform 'AllDesktop'
[2020.09.29-20.09.16:079][  0]LogTargetPlatformManager: Display: Loaded TargetPlatform 'Android'
[2020.09.29-20.09.16:079][  0]LogTargetPlatformManager: Display: Loaded TargetPlatform 'Android_ASTC'
[2020.09.29-20.09.16:079][  0]LogTargetPlatformManager: Display: Loaded TargetPlatform 'Android_DXT'
[2020.09.29-20.09.16:079][  0]LogTargetPlatformManager: Display: Loaded TargetPlatform 'Android_ETC2'
[2020.09.29-20.09.16:079][  0]LogTargetPlatformManager: Display: Loaded TargetPlatform 'AndroidClient'
[2020.09.29-20.09.16:079][  0]LogTargetPlatformManager: Display: Loaded TargetPlatform 'Android_ASTCClient'
[2020.09.29-20.09.16:079][  0]LogTargetPlatformManager: Display: Loaded TargetPlatform 'Android_DXTClient'
[2020.09.29-20.09.16:079][  0]LogTargetPlatformManager: Display: Loaded TargetPlatform 'Android_ETC2Client'
[2020.09.29-20.09.16:079][  0]LogTargetPlatformManager: Display: Loaded TargetPlatform 'Android_Multi'
[2020.09.29-20.09.16:079][  0]LogTargetPlatformManager: Display: Loaded TargetPlatform 'Android_MultiClient'
[2020.09.29-20.09.16:096][  0]LogTargetPlatformManager: Display: Loaded TargetPlatform 'IOSClient'
[2020.09.29-20.09.16:096][  0]LogTargetPlatformManager: Display: Loaded TargetPlatform 'IOS'
[2020.09.29-20.09.16:103][  0]LogTargetPlatformManager: Display: Loaded TargetPlatform 'Linux'
[2020.09.29-20.09.16:110][  0]LogTargetPlatformManager: Display: Loaded TargetPlatform 'LinuxNoEditor'
[2020.09.29-20.09.16:117][  0]LogTargetPlatformManager: Display: Loaded TargetPlatform 'LinuxClient'
[2020.09.29-20.09.16:123][  0]LogTargetPlatformManager: Display: Loaded TargetPlatform 'LinuxServer'
[2020.09.29-20.09.16:130][  0]LogTargetPlatformManager: Display: Loaded TargetPlatform 'LinuxAArch64NoEditor'
[2020.09.29-20.09.16:137][  0]LogTargetPlatformManager: Display: Loaded TargetPlatform 'LinuxAArch64Client'
[2020.09.29-20.09.16:143][  0]LogTargetPlatformManager: Display: Loaded TargetPlatform 'LinuxAArch64Server'
[2020.09.29-20.09.16:162][  0]LogTargetPlatformManager: Display: Loaded TargetPlatform 'Lumin'
[2020.09.29-20.09.16:162][  0]LogTargetPlatformManager: Display: Loaded TargetPlatform 'LuminClient'
[2020.09.29-20.09.16:172][  0]LogTargetPlatformManager: Display: Loaded TargetPlatform 'TVOSClient'
[2020.09.29-20.09.16:172][  0]LogTargetPlatformManager: Display: Loaded TargetPlatform 'TVOS'
[2020.09.29-20.09.16:179][  0]LogTargetPlatformManager: Display: Loaded TargetPlatform 'WindowsNoEditor'
[2020.09.29-20.09.16:189][  0]LogTargetPlatformManager: Display: Loaded TargetPlatform 'Windows'
[2020.09.29-20.09.16:197][  0]LogTargetPlatformManager: Display: Loaded TargetPlatform 'WindowsClient'
[2020.09.29-20.09.16:205][  0]LogTargetPlatformManager: Display: Loaded TargetPlatform 'WindowsServer'
[2020.09.29-20.09.16:205][  0]LogTargetPlatformManager: Display: Building Assets For Windows
[2020.09.29-20.09.16:211][  0]LogAudioDebug: Display: Lib vorbis DLL was dynamically loaded.
[2020.09.29-20.09.16:253][  0]LogShaderCompilers: Guid format shader working directory is -16 characters bigger than the processId version (C:/Users/tommy/Documents/GitHub/EscapeThePlate/EscapeThePlate/Intermediate/Shaders/WorkingDirectory/51416/).
[2020.09.29-20.09.16:253][  0]LogShaderCompilers: Cleaned the shader compiler working directory 'C:/Users/tommy/AppData/Local/Temp/UnrealShaderWorkingDir/76D0DA0D434A3EF8012F84AAD4F9BC05/'.
[2020.09.29-20.09.16:253][  0]LogXGEController: Cannot use XGE Controller as Incredibuild is not installed on this machine.
[2020.09.29-20.09.16:253][  0]LogShaderCompilers: Cannot use XGE Shader Compiler as Incredibuild is not installed on this machine.
[2020.09.29-20.09.16:253][  0]LogShaderCompilers: Display: Using Local Shader Compiler.
[2020.09.29-20.09.16:837][  0]LogDerivedDataCache: Display: Max Cache Size: 512 MB
[2020.09.29-20.09.16:877][  0]LogDerivedDataCache: Loaded boot cache 0.04s 75MB C:/Users/tommy/AppData/Local/UnrealEngine/4.25/DerivedDataCache/Boot.ddc.
[2020.09.29-20.09.16:877][  0]LogDerivedDataCache: Display: Loaded Boot cache: C:/Users/tommy/AppData/Local/UnrealEngine/4.25/DerivedDataCache/Boot.ddc
[2020.09.29-20.09.16:877][  0]LogDerivedDataCache: FDerivedDataBackendGraph:  Pak pak cache file C:/Users/tommy/Documents/GitHub/EscapeThePlate/EscapeThePlate/DerivedDataCache/DDC.ddp not found, will not use a pak cache.
[2020.09.29-20.09.16:877][  0]LogDerivedDataCache: Unable to find inner node Pak for hierarchical cache Hierarchy.
[2020.09.29-20.09.16:877][  0]LogDerivedDataCache: FDerivedDataBackendGraph:  CompressedPak pak cache file C:/Users/tommy/Documents/GitHub/EscapeThePlate/EscapeThePlate/DerivedDataCache/Compressed.ddp not found, will not use a pak cache.
[2020.09.29-20.09.16:877][  0]LogDerivedDataCache: Unable to find inner node CompressedPak for hierarchical cache Hierarchy.
[2020.09.29-20.09.16:885][  0]LogDerivedDataCache: Display: Pak cache opened for reading ../../../Engine/DerivedDataCache/Compressed.ddp.
[2020.09.29-20.09.16:885][  0]LogDerivedDataCache: FDerivedDataBackendGraph:  EnterprisePak pak cache file ../../../Enterprise/DerivedDataCache/Compressed.ddp not found, will not use a pak cache.
[2020.09.29-20.09.16:885][  0]LogDerivedDataCache: Unable to find inner node EnterprisePak for hierarchical cache Hierarchy.
[2020.09.29-20.09.16:886][  0]LogDerivedDataCache: Using Local data cache path C:/Users/tommy/AppData/Local/UnrealEngine/Common/DerivedDataCache: Writable
[2020.09.29-20.09.16:886][  0]LogDerivedDataCache: Shared data cache path not found in *engine.ini, will not use an Shared cache.
[2020.09.29-20.09.16:886][  0]LogDerivedDataCache: Unable to find inner node Shared for hierarchical cache Hierarchy.
[2020.09.29-20.09.16:923][  0]LogSlate: Using FreeType 2.10.0
[2020.09.29-20.09.16:924][  0]LogSlate: SlateFontServices - WITH_FREETYPE: 1, WITH_HARFBUZZ: 1
[2020.09.29-20.09.16:941][  0]LogAssetRegistry: FAssetRegistry took 0.0017 seconds to start up
[2020.09.29-20.09.17:105][  0]LogInit: Selected Device Profile: [Windows]
[2020.09.29-20.09.17:188][  0]LogMeshReduction: Using QuadricMeshReduction for automatic static mesh reduction
[2020.09.29-20.09.17:188][  0]LogMeshReduction: Using SimplygonMeshReduction for automatic skeletal mesh reduction
[2020.09.29-20.09.17:188][  0]LogMeshReduction: Using ProxyLODMeshReduction for automatic mesh merging
[2020.09.29-20.09.17:188][  0]LogMeshReduction: No distributed automatic mesh merging module available
[2020.09.29-20.09.17:188][  0]LogMeshMerging: No distributed automatic mesh merging module available
[2020.09.29-20.09.17:198][  0]LogNetVersion: EscapeThePlate 1.0.0, NetCL: 13144385, EngineNetVer: 14, GameNetVer: 0 (Checksum: 3224281851)
[2020.09.29-20.09.17:507][  0]LogAISub: UAISubsystem::UAISubsystem AISubsystem (000002B135EC3880), frame # 0
[2020.09.29-20.09.17:507][  0]LogAISub: UAISubsystem::UAISubsystem AIPerceptionSystem (000002B135EBEAC0), frame # 0
[2020.09.29-20.09.17:507][  0]LogAISub: UAISubsystem::UAISubsystem EnvQueryManager (000002B135F19E00), frame # 0
[2020.09.29-20.09.17:548][  0]LogPackageLocalizationCache: Processed 19 localized package path(s) for 1 prioritized culture(s) in 0.035048 seconds
[2020.09.29-20.09.17:551][  0]LogUObjectArray: 15917 objects as part of root set at end of initial load.
[2020.09.29-20.09.17:551][  0]LogUObjectAllocator: 3965568 out of 0 bytes used by permanent object pool.
[2020.09.29-20.09.17:551][  0]LogUObjectArray: CloseDisregardForGC: 0/0 objects in disregard for GC pool
[2020.09.29-20.09.17:834][  0]LogTcpMessaging: Initializing TcpMessaging bridge
[2020.09.29-20.09.17:837][  0]LogUdpMessaging: Initializing bridge on interface 0.0.0.0:0 to multicast group 230.0.0.1:6666.
[2020.09.29-20.09.17:892][  0]SourceControl: Source control is disabled
[2020.09.29-20.09.17:892][  0]SourceControl: Source control is disabled
[2020.09.29-20.09.17:895][  0]SourceControl: Source control is disabled
[2020.09.29-20.09.17:897][  0]SourceControl: Source control is disabled
[2020.09.29-20.09.17:901][  0]SourceControl: Source control is disabled
[2020.09.29-20.09.18:074][  0]LogAndroidPermission: UAndroidPermissionCallbackProxy::GetInstance
[2020.09.29-20.09.18:087][  0]LogAudioCaptureCore: Display: No Audio Capture implementations found. Audio input will be silent.
[2020.09.29-20.09.18:087][  0]LogAudioCaptureCore: Display: No Audio Capture implementations found. Audio input will be silent.
[2020.09.29-20.09.18:123][  0]LogOcInput: OculusInput pre-init called
[2020.09.29-20.09.18:129][  0]LogWindows: Failed to load 'OVRPlugin.dll' (GetLastError=126)
[2020.09.29-20.09.18:129][  0]LogWindows: File 'OVRPlugin.dll' does not exist
[2020.09.29-20.09.18:172][  0]LogEngine: Initializing Engine...
[2020.09.29-20.09.18:173][  0]LogHMD: Failed to initialize OpenVR with code 110
[2020.09.29-20.09.18:173][  0]LogMagicLeap: Warning: VR disabled because ZI is not enabled.  To enable, in the editor, Edit -> Project Settings -> Plugins -> Magic Leap Plugin -> Enable Zero Iteration
[2020.09.29-20.09.18:174][  0]LogStats: UGameplayTagsManager::InitializeManager -  0.000 s
[2020.09.29-20.09.18:263][  0]LogInit: Initializing FReadOnlyCVARCache
[2020.09.29-20.09.18:268][  0]LogAIModule: Creating AISystem for world Untitled
[2020.09.29-20.09.18:268][  0]LogAISub: UAISubsystem::UAISubsystem EnvQueryManager (000002B138CE3C00), frame # 0
[2020.09.29-20.09.18:268][  0]LogAISub: UAISubsystem::UAISubsystem AIPerceptionSystem (000002B138CEBB00), frame # 0
[2020.09.29-20.09.18:281][  0]LogAudioMixer: Display: Audio Mixer Platform Settings:
[2020.09.29-20.09.18:281][  0]LogAudioMixer: Display: 	Sample Rate:						  48000
[2020.09.29-20.09.18:281][  0]LogAudioMixer: Display: 	Callback Buffer Frame Size Requested: 1024
[2020.09.29-20.09.18:281][  0]LogAudioMixer: Display: 	Callback Buffer Frame Size To Use:	  1024
[2020.09.29-20.09.18:281][  0]LogAudioMixer: Display: 	Number of buffers to queue:			  2
[2020.09.29-20.09.18:281][  0]LogAudioMixer: Display: 	Max Channels (voices):				  32
[2020.09.29-20.09.18:281][  0]LogAudioMixer: Display: 	Number of Async Source Workers:		  0
[2020.09.29-20.09.18:281][  0]LogAudio: Display: AudioDevice MaxSources: 32
[2020.09.29-20.09.18:281][  0]LogAudio: Display: Using built-in audio occlusion.
[2020.09.29-20.09.18:281][  0]LogAudioMixer: Display: Initializing audio mixer.
[2020.09.29-20.09.18:295][  0]LogAudioMixer: Display: 0: FrontLeft
[2020.09.29-20.09.18:295][  0]LogAudioMixer: Display: 1: FrontRight
[2020.09.29-20.09.18:331][  0]LogAudioMixer: Display: Using Audio Device Speakers (Realtek(R) Audio)
[2020.09.29-20.09.18:334][  0]LogAudioMixer: Display: Initializing Sound Submixes...
[2020.09.29-20.09.18:336][  0]LogAudioMixer: Display: Creating Master Submix 'MasterSubmixDefault'
[2020.09.29-20.09.18:336][  0]LogAudioMixer: Display: Creating Master Submix 'MasterReverbSubmixDefault'
[2020.09.29-20.09.18:336][  0]LogAudioMixer: Display: Creating Master Submix 'MasterEQSubmixDefault'
[2020.09.29-20.09.18:337][  0]LogInit: FAudioDevice initialized.
[2020.09.29-20.09.18:337][  0]LogNetVersion: Set ProjectVersion to 1.0.0.0. Version Checksum will be recalculated on next use.
[2020.09.29-20.09.18:400][  0]LogDerivedDataCache: Saved boot cache 0.06s 75MB C:/Users/tommy/AppData/Local/UnrealEngine/4.25/DerivedDataCache/Boot.ddc.
[2020.09.29-20.09.18:400][  0]LogInit: Texture streaming: Enabled
[2020.09.29-20.09.18:411][  0]LogEngineSessionManager: EngineSessionManager initialized
[2020.09.29-20.09.18:411][  0]LogEditorSessionSummary: Verbose: Initializing EditorSessionSummaryWriter for editor session tracking
[2020.09.29-20.09.18:415][  0]LogEditorSessionSummary: EditorSessionSummaryWriter initialized
[2020.09.29-20.09.18:468][  0]LogInit: Transaction tracking system initialized
[2020.09.29-20.09.18:482][  0]BlueprintLog: New page: Editor Load
[2020.09.29-20.09.18:532][  0]LocalizationService: Localization service is disabled
[2020.09.29-20.09.18:693][  0]LogCook: Display: Max memory allowance for cook 16384mb min free memory 0mb
[2020.09.29-20.09.18:693][  0]LogCook: Display: Mobile HDR setting 1
[2020.09.29-20.09.18:784][  0]LogFileCache: Scanning file cache for directory 'C:/Users/tommy/Documents/GitHub/EscapeThePlate/EscapeThePlate/Content/' took 0.00s
[2020.09.29-20.09.18:938][  0]SourceControl: Source control is disabled
[2020.09.29-20.09.18:938][  0]LogUnrealEdMisc: Loading editor; pre map load, took 4.914
[2020.09.29-20.09.18:938][  0]Cmd: MAP LOAD FILE="C:/Users/tommy/Documents/GitHub/EscapeThePlate/EscapeThePlate/Content/Levels/PrototypeLevel.umap" TEMPLATE=0 SHOWPROGRESS=1 FEATURELEVEL=3
[2020.09.29-20.09.18:938][  0]LightingResults: New page: Lighting Build
[2020.09.29-20.09.18:939][  0]LogWorld: UWorld::CleanupWorld for Untitled, bSessionEnded=true, bCleanupResources=true
[2020.09.29-20.09.18:939][  0]LogSlate: InvalidateAllWidgets triggered.  All widgets were invalidated
[2020.09.29-20.09.18:939][  0]MapCheck: New page: Map Check
[2020.09.29-20.09.18:939][  0]LightingResults: New page: Lighting Build
[2020.09.29-20.09.18:949][  0]LogAISub: UAISubsystem::~UAISubsystem EnvQueryManager (000002B138CE3C00), frame # 0
[2020.09.29-20.09.18:949][  0]LogAISub: UAISubsystem::~UAISubsystem AIPerceptionSystem (000002B138CEBB00), frame # 0
[2020.09.29-20.09.18:949][  0]LogUObjectHash: Compacting FUObjectHashTables data took   0.55ms
[2020.09.29-20.09.19:279][  0]LogAIModule: Creating AISystem for world PrototypeLevel
[2020.09.29-20.09.19:279][  0]LogAISub: UAISubsystem::UAISubsystem EnvQueryManager (000002B12DBABE00), frame # 0
[2020.09.29-20.09.19:279][  0]LogAISub: UAISubsystem::UAISubsystem AIPerceptionSystem (000002B138D00540), frame # 0
[2020.09.29-20.09.19:282][  0]LogEditorServer: Finished looking for orphan Actors (0.000 secs)
[2020.09.29-20.09.19:302][  0]LogUObjectHash: Compacting FUObjectHashTables data took   0.60ms
[2020.09.29-20.09.19:302][  0]Cmd: MAP CHECKDEP NOCLEARLOG
[2020.09.29-20.09.19:302][  0]MapCheck: Map check complete: 0 Error(s), 0 Warning(s), took 0.114ms to complete.
[2020.09.29-20.09.19:302][  0]LogFileHelpers: Loading map 'PrototypeLevel' took 0.364
[2020.09.29-20.09.19:304][  0]LogUnrealEdMisc: Total Editor Startup Time, took 5.279
[2020.09.29-20.09.19:941][  0]LogSlate: Updating window title bar state: overlay mode, drag disabled, window buttons hidden, title bar hidden
[2020.09.29-20.09.19:946][  0]LogSlate: Updating window title bar state: overlay mode, drag disabled, window buttons hidden, title bar hidden
[2020.09.29-20.09.19:951][  0]LogSlate: Updating window title bar state: overlay mode, drag disabled, window buttons hidden, title bar hidden
[2020.09.29-20.09.19:956][  0]LogSlate: Updating window title bar state: overlay mode, drag disabled, window buttons hidden, title bar hidden
[2020.09.29-20.09.19:984][  0]LogCollectionManager: Loaded 0 collections in 0.000595 seconds
[2020.09.29-20.09.20:053][  0]LogFileCache: Scanning file cache for directory 'C:/Users/tommy/Documents/GitHub/EscapeThePlate/EscapeThePlate/Saved/Collections/' took 0.00s
[2020.09.29-20.09.20:053][  0]LogFileCache: Scanning file cache for directory 'C:/Users/tommy/Documents/GitHub/EscapeThePlate/EscapeThePlate/Content/Developers/tommy/Collections/' took 0.00s
[2020.09.29-20.09.20:053][  0]LogFileCache: Scanning file cache for directory 'C:/Users/tommy/Documents/GitHub/EscapeThePlate/EscapeThePlate/Content/Collections/' took 0.00s
[2020.09.29-20.09.20:053][  0]LogContentBrowser: Native class hierarchy populated in 0.0069 seconds. Added 3431 classes and 823 folders.
[2020.09.29-20.09.20:126][  0]LogContentBrowser: Native class hierarchy updated for 'WidgetCarousel' in 0.0003 seconds. Added 0 classes and 0 folders.
[2020.09.29-20.09.20:694][  0]LogContentBrowser: Native class hierarchy updated for 'AddContentDialog' in 0.0003 seconds. Added 0 classes and 0 folders.
[2020.09.29-20.09.20:749][  0]LogContentBrowser: Native class hierarchy updated for 'SceneOutliner' in 0.0004 seconds. Added 2 classes and 0 folders.
[2020.09.29-20.09.21:220][  0]LogSlate: Took 0.000175 seconds to synchronously load lazily loaded font '../../../Engine/Content/Slate/Fonts/Roboto-Regular.ttf' (155K)
[2020.09.29-20.09.21:221][  0]LogSlate: Took 0.000122 seconds to synchronously load lazily loaded font '../../../Engine/Content/Slate/Fonts/Roboto-Bold.ttf' (160K)
[2020.09.29-20.09.21:240][  0]LogSlate: Took 0.015480 seconds to synchronously load lazily loaded font '../../../Engine/Content/Editor/Slate/Fonts/FontAwesome.ttf' (139K)
[2020.09.29-20.09.21:371][  0]LogRenderer: Reallocating scene render targets to support 1176x572 Format 10 NumSamples 1 (Frame:1).
[2020.09.29-20.09.21:473][  0]LogSlate: Took 0.015987 seconds to synchronously load lazily loaded font '../../../Engine/Content/Slate/Fonts/Roboto-Light.ttf' (167K)
[2020.09.29-20.09.21:520][  0]LogContentBrowser: Native class hierarchy updated for 'HierarchicalLODOutliner' in 0.0003 seconds. Added 0 classes and 0 folders.
[2020.09.29-20.09.21:520][  0]LogLoad: (Engine Initialization) Total time: 7.49 seconds
[2020.09.29-20.09.21:520][  0]LogLoad: (Engine Initialization) Total Blueprint compile time: 0.00 seconds
[2020.09.29-20.09.21:582][  0]LogAssetRegistry: Asset discovery search completed in 4.6414 seconds
[2020.09.29-20.09.21:585][  0]LogCollectionManager: Fixed up redirectors for 0 collections in 0.000002 seconds (updated 0 objects)
[2020.09.29-20.09.21:597][  0]LogContentStreaming: Texture pool size now 1000 MB
[2020.09.29-20.09.22:879][  4]LogSlate: Took 0.000170 seconds to synchronously load lazily loaded font '../../../Engine/Content/Slate/Fonts/Roboto-Light.ttf' (167K)
[2020.09.29-20.10.27:489][339]LogSlate: WidgetSwitcher ('None') active index changed to -1
[2020.09.29-20.10.27:489][339]LogSlate: WidgetSwitcher ('None') active index changed to 1
[2020.09.29-20.10.27:513][339]LogSlate: Took 0.000185 seconds to synchronously load lazily loaded font '../../../Engine/Content/Slate/Fonts/Roboto-BoldCondensed.ttf' (158K)
[2020.09.29-20.10.35:567][301]Running D:/Unreal/UE_4.25/Engine/Binaries/DotNET/UnrealBuildTool.exe  -projectfiles -project="C:/Users/tommy/Documents/GitHub/EscapeThePlate/EscapeThePlate/EscapeThePlate.uproject" -game -rocket -progress
[2020.09.29-20.10.35:877][301]Discovering modules, targets and source code for project...
[2020.09.29-20.10.37:286][301]Binding IntelliSense data...
[2020.09.29-20.10.43:947][301]Binding IntelliSense data... 100%
[2020.09.29-20.10.43:947][301]Writing project files...
[2020.09.29-20.10.50:694][301]Writing project files... 100%
[2020.09.29-20.10.50:860][301]Candidate modules for hot reload:
[2020.09.29-20.10.50:860][301]  EscapeThePlate
[2020.09.29-20.10.50:860][301]Launching UnrealBuildTool... [D:/Unreal/UE_4.25/Engine/Binaries/DotNET/UnrealBuildTool.exe  -ModuleWithSuffix=EscapeThePlate,2244 EscapeThePlateEditor Win64 Development -Project="C:/Users/tommy/Documents/GitHub/EscapeThePlate/EscapeThePlate/EscapeThePlate.uproject" "C:/Users/tommy/Documents/GitHub/EscapeThePlate/EscapeThePlate/EscapeThePlate.uproject"  -IgnoreJunk]
[2020.09.29-20.11.06:789][301]CompilerResultsLog: New page: Compilation - Sep 29, 2020, 8:11:06 AM
[2020.09.29-20.11.06:789][301]CompilerResultsLog: Using 'git status' to determine working set for adaptive non-unity build (C:\Users\tommy\Documents\GitHub\EscapeThePlate).
[2020.09.29-20.11.06:789][301]CompilerResultsLog: Creating makefile for EscapeThePlateEditor (no existing makefile)
[2020.09.29-20.11.06:789][301]CompilerResultsLog: Parsing headers for EscapeThePlateEditor
[2020.09.29-20.11.06:789][301]CompilerResultsLog:   Running UnrealHeaderTool "C:\Users\tommy\Documents\GitHub\EscapeThePlate\EscapeThePlate\EscapeThePlate.uproject" "C:\Users\tommy\Documents\GitHub\EscapeThePlate\EscapeThePlate\Intermediate\Build\Win64\EscapeThePlateEditor\Development\EscapeThePlateEditor.uhtmanifest" -LogCmds="loginit warning, logexit warning, logdatabase error" -Unattended -WarningsAsErrors -abslog="C:\Users\tommy\AppData\Local\UnrealBuildTool\Log_UHT.txt" -installed
[2020.09.29-20.11.06:789][301]CompilerResultsLog: Reflection code generated for EscapeThePlateEditor in 10.7672207 seconds
[2020.09.29-20.11.06:789][301]CompilerResultsLog: Building EscapeThePlateEditor...
[2020.09.29-20.11.06:789][301]CompilerResultsLog: Using Visual Studio 2019 14.27.29111 toolchain (C:\Program Files (x86)\Microsoft Visual Studio\2019\Community\VC\Tools\MSVC\14.27.29110) and Windows 10.0.18362.0 SDK (C:\Program Files (x86)\Windows Kits\10).
[2020.09.29-20.11.06:789][301]CompilerResultsLog: Building 6 actions with 16 processes...
[2020.09.29-20.11.06:789][301]CompilerResultsLog:   [1/6] ChiliPepper.cpp
[2020.09.29-20.11.06:790][301]CompilerResultsLog:   [2/6] EscapeThePlate.init.gen.cpp
[2020.09.29-20.11.06:790][301]CompilerResultsLog:   [3/6] ChiliPepper.gen.cpp
[2020.09.29-20.11.06:790][301]CompilerResultsLog:   [4/6] UE4Editor-EscapeThePlate-2244.lib
[2020.09.29-20.11.06:790][301]CompilerResultsLog:      Creating library C:\Users\tommy\Documents\GitHub\EscapeThePlate\EscapeThePlate\Intermediate\Build\Win64\UE4Editor\Development\EscapeThePlate\UE4Editor-EscapeThePlate-2244.lib and object C:\Users\tommy\Documents\GitHub\EscapeThePlate\EscapeThePlate\Intermediate\Build\Win64\UE4Editor\Development\EscapeThePlate\UE4Editor-EscapeThePlate-2244.exp
[2020.09.29-20.11.06:790][301]CompilerResultsLog:   [5/6] UE4Editor-EscapeThePlate-2244.dll
[2020.09.29-20.11.06:790][301]CompilerResultsLog:      Creating library C:\Users\tommy\Documents\GitHub\EscapeThePlate\EscapeThePlate\Intermediate\Build\Win64\UE4Editor\Development\EscapeThePlate\UE4Editor-EscapeThePlate-2244.suppressed.lib and object C:\Users\tommy\Documents\GitHub\EscapeThePlate\EscapeThePlate\Intermediate\Build\Win64\UE4Editor\Development\EscapeThePlate\UE4Editor-EscapeThePlate-2244.suppressed.exp
[2020.09.29-20.11.06:790][301]CompilerResultsLog:   [6/6] EscapeThePlateEditor.target
[2020.09.29-20.11.06:790][301]CompilerResultsLog: Total time in Parallel executor: 3.26 seconds
[2020.09.29-20.11.06:790][301]CompilerResultsLog: Total execution time: 15.85 seconds
[2020.09.29-20.11.06:790][301]LogMainFrame: MainFrame: Module compiling took 15.941 seconds
[2020.09.29-20.11.06:801][301]LogClass: Could not find existing class ChiliPepper in package /Script/EscapeThePlate for HotReload, assuming new class
[2020.09.29-20.11.06:808][301]LogContentBrowser: Native class hierarchy updated for 'EscapeThePlate' in 0.0004 seconds. Added 5 classes and 2 folders.
[2020.09.29-20.11.06:809][301]Display: HotReload successful (0 functions remapped  0 scriptstructs remapped)
[2020.09.29-20.11.06:840][301]LogContentBrowser: Native class hierarchy populated in 0.0066 seconds. Added 3432 classes and 823 folders.
[2020.09.29-20.11.06:841][301]Display: HotReload took 16.0s.
[2020.09.29-20.11.06:844][301]Warning: HotReload operation took 16.0s.
[2020.09.29-20.11.07:859][301]LogVSAccessor: Warning: Couldn't open file 'C:/Users/tommy/Documents/GitHub/EscapeThePlate/EscapeThePlate/Source/EscapeThePlate/ChiliPepper.cpp'.
[2020.09.29-20.11.07:861][301]LogSlate: Window 'Add C++ Class' being destroyed
[2020.09.29-20.11.07:882][301]LogHotReload: New module detected: UE4Editor-EscapeThePlate-2244.dll
[2020.09.29-20.11.07:979][302]LogHotReload: Starting Hot-Reload from IDE
[2020.09.29-20.11.08:010][302]LogContentBrowser: Native class hierarchy updated for 'EscapeThePlate' in 0.0003 seconds. Added 5 classes and 2 folders.
[2020.09.29-20.11.08:010][302]Display: HotReload successful (0 functions remapped  0 scriptstructs remapped)
[2020.09.29-20.11.08:020][302]LogContentBrowser: Native class hierarchy populated in 0.0065 seconds. Added 3432 classes and 823 folders.
[2020.09.29-20.11.08:023][302]Display: HotReload took  0.0s.
[2020.09.29-20.11.22:874][723]LogAssetEditorSubsystem: Opening Asset editor for Class /Script/EscapeThePlate.ChiliPepper
[2020.09.29-20.47.08:211][305]LogHotReload: New module detected: UE4Editor-EscapeThePlate-0046.dll
[2020.09.29-20.47.08:901][308]LogHotReload: Starting Hot-Reload from IDE
[2020.09.29-20.47.08:945][308]LogClass: Could not find existing class ChiliPepper in package /Script/EscapeThePlate for HotReload, assuming new class
[2020.09.29-20.47.08:953][308]LogHotReload: Re-instancing ChiliPepper after hot-reload.
[2020.09.29-20.47.09:025][308]LogContentBrowser: Native class hierarchy updated for 'EscapeThePlate' in 0.0012 seconds. Added 5 classes and 2 folders.
[2020.09.29-20.47.09:027][308]Display: HotReload successful (0 functions remapped  0 scriptstructs remapped)
[2020.09.29-20.47.09:064][308]LogContentBrowser: Native class hierarchy populated in 0.0112 seconds. Added 3432 classes and 823 folders.
[2020.09.29-20.47.09:066][308]Display: HotReload took  0.2s.
[2020.09.29-20.47.31:254][374]LogHotReload: New module detected: UE4Editor-EscapeThePlate-0047.dll
[2020.09.29-20.47.31:611][376]LogHotReload: Starting Hot-Reload from IDE
[2020.09.29-20.47.31:642][376]LogContentBrowser: Native class hierarchy updated for 'EscapeThePlate' in 0.0004 seconds. Added 5 classes and 2 folders.
[2020.09.29-20.47.31:644][376]Display: HotReload successful (0 functions remapped  0 scriptstructs remapped)
[2020.09.29-20.47.31:667][376]LogContentBrowser: Native class hierarchy populated in 0.0068 seconds. Added 3432 classes and 823 folders.
[2020.09.29-20.47.31:669][376]Display: HotReload took  0.1s.
[2020.09.29-20.49.07:122][851]LogSlate: Window 'Project Settings' being destroyed
[2020.09.29-20.49.07:125][851]LogSlate: Window 'Project Settings' being destroyed
[2020.09.29-20.49.10:740][254]LogSlate: WidgetSwitcher ('None') active index changed to -1
[2020.09.29-20.49.10:740][254]LogSlate: WidgetSwitcher ('None') active index changed to 1
[2020.09.29-20.49.19:795][318]LogAssetEditorSubsystem: Opening Asset editor for Blueprint /Game/Blueprints/ChiliPepperBP.ChiliPepperBP
[2020.09.29-20.49.20:408][318]LogContentBrowser: Native class hierarchy updated for 'BlueprintGraph' in 0.0006 seconds. Added 125 classes and 0 folders.
[2020.09.29-20.49.21:717][318]LogSlate: Window 'Add Blueprint Class' being destroyed
[2020.09.29-20.49.28:454][ 78]LogSlate: Window 'ChiliPepperBP' being destroyed
[2020.09.29-20.49.34:780][823]LogSlate: Took 0.015183 seconds to synchronously load lazily loaded font '../../../Engine/Content/Slate/Fonts/Roboto-Italic.ttf' (157K)
[2020.09.29-20.49.47:534][292]BlueprintLog: New page: Compile ChiliPepperBP
[2020.09.29-20.49.47:693][292]LogUObjectHash: Compacting FUObjectHashTables data took   1.56ms
[2020.09.29-20.49.47:765][292]LogSlate: Took 0.016380 seconds to synchronously load lazily loaded font '../../../Engine/Content/Slate/Fonts/DroidSansMono.ttf' (77K)
[2020.09.29-20.49.48:150][326]Cmd: OBJ SAVEPACKAGE PACKAGE="/Game/Blueprints/ChiliPepperBP" FILE="C:/Users/tommy/Documents/GitHub/EscapeThePlate/EscapeThePlate/Content/Blueprints/ChiliPepperBP.uasset" SILENT=true
[2020.09.29-20.49.48:288][326]LogSavePackage: Moving 'C:/Users/tommy/Documents/GitHub/EscapeThePlate/EscapeThePlate/Saved/ChiliPepperBP9143ED9B47295E881F48C18DB006BF92.tmp' to 'C:/Users/tommy/Documents/GitHub/EscapeThePlate/EscapeThePlate/Content/Blueprints/ChiliPepperBP.uasset'
[2020.09.29-20.49.48:328][326]AssetCheck: New page: Asset Save: ChiliPepperBP
[2020.09.29-20.49.48:328][326]LogContentValidation: Display: Validating Blueprint /Game/Blueprints/ChiliPepperBP.ChiliPepperBP
[2020.09.29-20.49.54:427][ 30]LogMetaData: Removing '/Game/Blueprints/RedOnionBP.RedOnionBP:UserConstructionScript.K2Node_FunctionEntry_0' ref from Metadata '/Game/RedOnionBP.PackageMetaData'
[2020.09.29-20.49.54:427][ 30]LogMetaData: Removing '/Game/Blueprints/RedOnionBP.RedOnionBP_C' ref from Metadata '/Game/RedOnionBP.PackageMetaData'
[2020.09.29-20.49.54:427][ 30]LogMetaData: Removing '/Game/Blueprints/RedOnionBP.RedOnionBP:EventGraph.K2Node_Event_0' ref from Metadata '/Game/RedOnionBP.PackageMetaData'
[2020.09.29-20.49.54:427][ 30]LogMetaData: Removing '/Game/Blueprints/RedOnionBP.RedOnionBP:EventGraph.K2Node_Event_1' ref from Metadata '/Game/RedOnionBP.PackageMetaData'
[2020.09.29-20.49.54:427][ 30]LogMetaData: Removing '/Game/Blueprints/RedOnionBP.RedOnionBP:EventGraph.K2Node_Event_2' ref from Metadata '/Game/RedOnionBP.PackageMetaData'
[2020.09.29-20.49.54:427][ 30]LogMetaData: Removing '/Game/Blueprints/RedOnionBP.SKEL_RedOnionBP_C:ReceiveBeginPlay' ref from Metadata '/Game/RedOnionBP.PackageMetaData'
[2020.09.29-20.49.54:427][ 30]LogMetaData: Removing '/Game/Blueprints/RedOnionBP.SKEL_RedOnionBP_C:ReceiveActorBeginOverlap' ref from Metadata '/Game/RedOnionBP.PackageMetaData'
[2020.09.29-20.49.54:427][ 30]LogMetaData: Removing '/Game/Blueprints/RedOnionBP.SKEL_RedOnionBP_C:ReceiveTick' ref from Metadata '/Game/RedOnionBP.PackageMetaData'
[2020.09.29-20.49.54:427][ 30]LogMetaData: Removing '/Game/Blueprints/RedOnionBP.SKEL_RedOnionBP_C:UserConstructionScript' ref from Metadata '/Game/RedOnionBP.PackageMetaData'
[2020.09.29-20.49.54:427][ 30]LogMetaData: Removing '/Game/Blueprints/RedOnionBP.SKEL_RedOnionBP_C' ref from Metadata '/Game/RedOnionBP.PackageMetaData'
[2020.09.29-20.49.54:432][ 30]LogMetaData: Removing '/Game/Blueprints/ChickenBreastBP.ChickenBreastBP:UserConstructionScript.K2Node_FunctionEntry_0' ref from Metadata '/Game/ChickenBreastBP.PackageMetaData'
[2020.09.29-20.49.54:432][ 30]LogMetaData: Removing '/Game/Blueprints/ChickenBreastBP.ChickenBreastBP_C' ref from Metadata '/Game/ChickenBreastBP.PackageMetaData'
[2020.09.29-20.49.54:432][ 30]LogMetaData: Removing '/Game/Blueprints/ChickenBreastBP.ChickenBreastBP:EventGraph.K2Node_Event_0' ref from Metadata '/Game/ChickenBreastBP.PackageMetaData'
[2020.09.29-20.49.54:432][ 30]LogMetaData: Removing '/Game/Blueprints/ChickenBreastBP.ChickenBreastBP:EventGraph.K2Node_Event_1' ref from Metadata '/Game/ChickenBreastBP.PackageMetaData'
[2020.09.29-20.49.54:432][ 30]LogMetaData: Removing '/Game/Blueprints/ChickenBreastBP.ChickenBreastBP:EventGraph.K2Node_Event_2' ref from Metadata '/Game/ChickenBreastBP.PackageMetaData'
[2020.09.29-20.49.54:432][ 30]LogMetaData: Removing '/Game/Blueprints/ChickenBreastBP.SKEL_ChickenBreastBP_C:ReceiveBeginPlay' ref from Metadata '/Game/ChickenBreastBP.PackageMetaData'
[2020.09.29-20.49.54:432][ 30]LogMetaData: Removing '/Game/Blueprints/ChickenBreastBP.SKEL_ChickenBreastBP_C:ReceiveActorBeginOverlap' ref from Metadata '/Game/ChickenBreastBP.PackageMetaData'
[2020.09.29-20.49.54:432][ 30]LogMetaData: Removing '/Game/Blueprints/ChickenBreastBP.SKEL_ChickenBreastBP_C:ReceiveTick' ref from Metadata '/Game/ChickenBreastBP.PackageMetaData'
[2020.09.29-20.49.54:432][ 30]LogMetaData: Removing '/Game/Blueprints/ChickenBreastBP.SKEL_ChickenBreastBP_C:UserConstructionScript' ref from Metadata '/Game/ChickenBreastBP.PackageMetaData'
[2020.09.29-20.49.54:432][ 30]LogMetaData: Removing '/Game/Blueprints/ChickenBreastBP.SKEL_ChickenBreastBP_C' ref from Metadata '/Game/ChickenBreastBP.PackageMetaData'
[2020.09.29-20.49.54:456][ 30]Cmd: OBJ SAVEPACKAGE PACKAGE="/Game/Blueprints/RedOnionBP" FILE="C:/Users/tommy/Documents/GitHub/EscapeThePlate/EscapeThePlate/Content/Blueprints/RedOnionBP.uasset" SILENT=true
[2020.09.29-20.49.54:464][ 30]LogSavePackage: Moving 'C:/Users/tommy/Documents/GitHub/EscapeThePlate/EscapeThePlate/Saved/RedOnionBP0492B3FC477EAD0BCD6CC1A67567F478.tmp' to 'C:/Users/tommy/Documents/GitHub/EscapeThePlate/EscapeThePlate/Content/Blueprints/RedOnionBP.uasset'
[2020.09.29-20.49.54:466][ 30]Cmd: OBJ SAVEPACKAGE PACKAGE="/Game/RedOnionBP" FILE="C:/Users/tommy/Documents/GitHub/EscapeThePlate/EscapeThePlate/Content/RedOnionBP.uasset" SILENT=true
[2020.09.29-20.49.54:471][ 30]LogSavePackage: Moving 'C:/Users/tommy/Documents/GitHub/EscapeThePlate/EscapeThePlate/Saved/RedOnionBP6BAFFDBF461C11C1AFD897B93AA0FA07.tmp' to 'C:/Users/tommy/Documents/GitHub/EscapeThePlate/EscapeThePlate/Content/RedOnionBP.uasset'
[2020.09.29-20.49.54:478][ 30]Cmd: OBJ SAVEPACKAGE PACKAGE="/Game/Blueprints/ChickenBreastBP" FILE="C:/Users/tommy/Documents/GitHub/EscapeThePlate/EscapeThePlate/Content/Blueprints/ChickenBreastBP.uasset" SILENT=true
[2020.09.29-20.49.54:486][ 30]LogSavePackage: Moving 'C:/Users/tommy/Documents/GitHub/EscapeThePlate/EscapeThePlate/Saved/ChickenBreastBP912FDDCB4BAEE5E3216AB1850D597AD5.tmp' to 'C:/Users/tommy/Documents/GitHub/EscapeThePlate/EscapeThePlate/Content/Blueprints/ChickenBreastBP.uasset'
[2020.09.29-20.49.54:487][ 30]Cmd: OBJ SAVEPACKAGE PACKAGE="/Game/ChickenBreastBP" FILE="C:/Users/tommy/Documents/GitHub/EscapeThePlate/EscapeThePlate/Content/ChickenBreastBP.uasset" SILENT=true
[2020.09.29-20.49.54:492][ 30]LogSavePackage: Moving 'C:/Users/tommy/Documents/GitHub/EscapeThePlate/EscapeThePlate/Saved/ChickenBreastBP02573835469E950B08B65FA3D95A8AD9.tmp' to 'C:/Users/tommy/Documents/GitHub/EscapeThePlate/EscapeThePlate/Content/ChickenBreastBP.uasset'
[2020.09.29-20.49.54:544][ 30]AssetCheck: New page: Asset Save: multiple assets
[2020.09.29-20.49.54:544][ 30]LogContentValidation: Display: Validating Blueprint /Game/Blueprints/RedOnionBP.RedOnionBP
[2020.09.29-20.49.54:544][ 30]LogContentValidation: Display: Validating ObjectRedirector /Game/RedOnionBP.RedOnionBP
[2020.09.29-20.49.54:544][ 30]LogContentValidation: Display: Validating ObjectRedirector /Game/RedOnionBP.Default__RedOnionBP_C
[2020.09.29-20.49.54:544][ 30]LogContentValidation: Display: Validating ObjectRedirector /Game/RedOnionBP.RedOnionBP_C
[2020.09.29-20.49.54:544][ 30]LogContentValidation: Display: Validating Blueprint /Game/Blueprints/ChickenBreastBP.ChickenBreastBP
[2020.09.29-20.49.54:544][ 30]LogContentValidation: Display: Validating ObjectRedirector /Game/ChickenBreastBP.ChickenBreastBP
[2020.09.29-20.49.54:544][ 30]LogContentValidation: Display: Validating ObjectRedirector /Game/ChickenBreastBP.Default__ChickenBreastBP_C
[2020.09.29-20.49.54:544][ 30]LogContentValidation: Display: Validating ObjectRedirector /Game/ChickenBreastBP.ChickenBreastBP_C
[2020.09.29-20.49.57:632][396]LogUObjectHash: Compacting FUObjectHashTables data took   1.40ms
[2020.09.29-20.49.58:766][396]LogSlate: Window 'Save Content' being destroyed
[2020.09.29-20.49.58:783][396]Cmd: OBJ SAVEPACKAGE PACKAGE="/Game/Blueprints/ChickenBreastBP" FILE="C:/Users/tommy/Documents/GitHub/EscapeThePlate/EscapeThePlate/Content/Blueprints/ChickenBreastBP.uasset" SILENT=true
[2020.09.29-20.49.58:793][396]LogSavePackage: Moving 'C:/Users/tommy/Documents/GitHub/EscapeThePlate/EscapeThePlate/Saved/ChickenBreastBP104BBA194B3F7319B13E1BA756A64C77.tmp' to 'C:/Users/tommy/Documents/GitHub/EscapeThePlate/EscapeThePlate/Content/Blueprints/ChickenBreastBP.uasset'
[2020.09.29-20.49.58:793][396]Cmd: OBJ SAVEPACKAGE PACKAGE="/Game/Blueprints/RedOnionBP" FILE="C:/Users/tommy/Documents/GitHub/EscapeThePlate/EscapeThePlate/Content/Blueprints/RedOnionBP.uasset" SILENT=true
[2020.09.29-20.49.58:802][396]LogSavePackage: Moving 'C:/Users/tommy/Documents/GitHub/EscapeThePlate/EscapeThePlate/Saved/RedOnionBPA8553B9A477C773DC86EBD85B7C44582.tmp' to 'C:/Users/tommy/Documents/GitHub/EscapeThePlate/EscapeThePlate/Content/Blueprints/RedOnionBP.uasset'
[2020.09.29-20.49.58:830][396]LogUObjectHash: Compacting FUObjectHashTables data took   0.37ms
[2020.09.29-20.49.58:852][396]LogSavePackage: Moving 'C:/Users/tommy/Documents/GitHub/EscapeThePlate/EscapeThePlate/Saved/PrototypeLevelA333D831413A4405EC6AF3832E2D2D8A.tmp' to 'C:/Users/tommy/Documents/GitHub/EscapeThePlate/EscapeThePlate/Content/Levels/PrototypeLevel.umap'
[2020.09.29-20.49.58:866][396]LogFileHelpers: Saving map 'PrototypeLevel' took 0.063
[2020.09.29-20.49.58:866][396]Cmd: OBJ SAVEPACKAGE PACKAGE="/Game/Levels/PrototypeLevel_BuiltData" FILE="C:/Users/tommy/Documents/GitHub/EscapeThePlate/EscapeThePlate/Content/Levels/PrototypeLevel_BuiltData.uasset" SILENT=true
[2020.09.29-20.49.58:890][396]LogSavePackage: Moving 'C:/Users/tommy/Documents/GitHub/EscapeThePlate/EscapeThePlate/Saved/PrototypeLevel_BuiltDataFA7DFF0E41B8C64EDF6A2CB9277B8430.tmp' to 'C:/Users/tommy/Documents/GitHub/EscapeThePlate/EscapeThePlate/Content/Levels/PrototypeLevel_BuiltData.uasset'
[2020.09.29-20.49.58:909][396]AssetCheck: New page: Asset Save: multiple assets
[2020.09.29-20.49.58:909][396]LogContentValidation: Display: Validating Blueprint /Game/Blueprints/ChickenBreastBP.ChickenBreastBP
[2020.09.29-20.49.58:909][396]LogContentValidation: Display: Validating Blueprint /Game/Blueprints/RedOnionBP.RedOnionBP
[2020.09.29-20.49.58:909][396]LogContentValidation: Display: Validating World /Game/Levels/PrototypeLevel.PrototypeLevel
[2020.09.29-20.49.58:909][396]LogContentValidation: Display: Validating MapBuildDataRegistry /Game/Levels/PrototypeLevel_BuiltData.PrototypeLevel_BuiltData
[2020.09.29-20.50.16:344][406]LogAssetEditorSubsystem: Opening Asset editor for LevelScriptBlueprint /Game/Levels/PrototypeLevel.PrototypeLevel:PersistentLevel.PrototypeLevel
[2020.09.29-20.50.50:608][388]BlueprintLog: New page: Compile PrototypeLevel
[2020.09.29-20.50.50:653][388]LogUObjectHash: Compacting FUObjectHashTables data took   1.53ms
[2020.09.29-20.50.51:302][461]LogUObjectHash: Compacting FUObjectHashTables data took   0.34ms
[2020.09.29-20.50.51:322][461]LogSavePackage: Moving 'C:/Users/tommy/Documents/GitHub/EscapeThePlate/EscapeThePlate/Saved/PrototypeLevel6E24A173437772DC35757D88B88E6C89.tmp' to 'C:/Users/tommy/Documents/GitHub/EscapeThePlate/EscapeThePlate/Content/Levels/PrototypeLevel.umap'
[2020.09.29-20.50.51:335][461]LogFileHelpers: Saving map 'PrototypeLevel' took 0.050
[2020.09.29-20.50.51:343][461]AssetCheck: New page: Asset Save: PrototypeLevel
[2020.09.29-20.50.51:343][461]LogContentValidation: Display: Validating World /Game/Levels/PrototypeLevel.PrototypeLevel
[2020.09.29-20.50.53:282][685]LogTemp: Repeating last play command: Selected Viewport
[2020.09.29-20.50.53:340][685]LogPlayLevel: PlayLevel: No blueprints needed recompiling
[2020.09.29-20.50.53:369][685]PIE: New page: PIE session: PrototypeLevel (Sep 29, 2020, 8:50:53 AM)
[2020.09.29-20.50.53:416][685]LogOnline: OSS: Creating online subsystem instance for: NULL
[2020.09.29-20.50.53:417][685]LogOnline: OSS: TryLoadSubsystemAndSetDefault: Loaded subsystem for module [NULL]
[2020.09.29-20.50.53:427][685]LogPlayLevel: Creating play world package: /Game/Levels/UEDPIE_0_PrototypeLevel
[2020.09.29-20.50.53:457][685]LogPlayLevel: PIE: StaticDuplicateObject took: (0.029264s)
[2020.09.29-20.50.53:470][685]LogAIModule: Creating AISystem for world PrototypeLevel
[2020.09.29-20.50.53:470][685]LogAISub: UAISubsystem::UAISubsystem EnvQueryManager (000002B189EEFC00), frame # 23685
[2020.09.29-20.50.53:470][685]LogAISub: UAISubsystem::UAISubsystem AIPerceptionSystem (000002B138D01D00), frame # 23685
[2020.09.29-20.50.53:470][685]LogPlayLevel: PIE: World Init took: (0.013755s)
[2020.09.29-20.50.53:470][685]LogPlayLevel: PIE: Created PIE world by copying editor world from /Game/Levels/PrototypeLevel.PrototypeLevel to /Game/Levels/UEDPIE_0_PrototypeLevel.PrototypeLevel (0.043171s)
[2020.09.29-20.50.53:488][685]LogUObjectHash: Compacting FUObjectHashTables data took   1.36ms
[2020.09.29-20.50.53:490][685]LogAudioMixer: Display: Audio Mixer Platform Settings:
[2020.09.29-20.50.53:490][685]LogAudioMixer: Display: 	Sample Rate:						  48000
[2020.09.29-20.50.53:490][685]LogAudioMixer: Display: 	Callback Buffer Frame Size Requested: 1024
[2020.09.29-20.50.53:490][685]LogAudioMixer: Display: 	Callback Buffer Frame Size To Use:	  1024
[2020.09.29-20.50.53:490][685]LogAudioMixer: Display: 	Number of buffers to queue:			  2
[2020.09.29-20.50.53:490][685]LogAudioMixer: Display: 	Max Channels (voices):				  32
[2020.09.29-20.50.53:490][685]LogAudioMixer: Display: 	Number of Async Source Workers:		  0
[2020.09.29-20.50.53:490][685]LogAudio: Display: AudioDevice MaxSources: 32
[2020.09.29-20.50.53:490][685]LogAudio: Display: Using built-in audio occlusion.
[2020.09.29-20.50.53:490][685]LogAudioMixer: Display: Initializing audio mixer.
[2020.09.29-20.50.53:519][685]LogAudioMixer: Display: 0: FrontLeft
[2020.09.29-20.50.53:519][685]LogAudioMixer: Display: 1: FrontRight
[2020.09.29-20.50.53:547][685]LogAudioMixer: Display: Using Audio Device Speakers (Realtek(R) Audio)
[2020.09.29-20.50.53:547][685]LogAudioMixer: Display: Initializing Sound Submixes...
[2020.09.29-20.50.53:547][685]LogAudioMixer: Display: Creating Master Submix 'MasterSubmixDefault'
[2020.09.29-20.50.53:547][685]LogAudioMixer: Display: Creating Master Submix 'MasterReverbSubmixDefault'
[2020.09.29-20.50.53:547][685]LogAudioMixer: Display: Creating Master Submix 'MasterEQSubmixDefault'
[2020.09.29-20.50.53:557][685]LogInit: FAudioDevice initialized.
[2020.09.29-20.50.53:609][685]LogLoad: Game class is 'PrototypeGameMode_C'
[2020.09.29-20.50.53:697][685]LogWorld: Bringing World /Game/Levels/UEDPIE_0_PrototypeLevel.PrototypeLevel up for play (max tick rate 0) at 2020.09.29-14.50.53
[2020.09.29-20.50.53:734][685]LogWorld: Bringing up level for play took: 0.045678
[2020.09.29-20.50.53:735][685]LogOnline: OSS: Creating online subsystem instance for: :Context_8
[2020.09.29-20.50.53:790][685]LogContentBrowser: Native class hierarchy updated for 'MovieSceneCapture' in 0.0004 seconds. Added 20 classes and 0 folders.
[2020.09.29-20.50.53:902][685]PIE: Server logged in
[2020.09.29-20.50.53:903][685]PIE: Play in editor total start time 0.603 seconds.
[2020.09.29-20.51.10:141][489]LogWindows: Error: === Critical error: ===
[2020.09.29-20.51.10:141][489]LogWindows: Error: 
[2020.09.29-20.51.10:141][489]LogWindows: Error: Fatal error!
[2020.09.29-20.51.10:141][489]LogWindows: Error: 
[2020.09.29-20.51.10:141][489]LogWindows: Error: Unhandled Exception: EXCEPTION_ACCESS_VIOLATION reading address 0x00000000
[2020.09.29-20.51.10:141][489]LogWindows: Error: 
[2020.09.29-20.51.10:141][489]LogWindows: Error: [Callstack] 0x00007ffa377773ab UE4Editor-EscapeThePlate-0047.dll!ARedOnion::CheckAndPerformMovement() [C:\Users\tommy\Documents\GitHub\EscapeThePlate\EscapeThePlate\Source\EscapeThePlate\RedOnion.cpp:74]
[2020.09.29-20.51.10:141][489]LogWindows: Error: [Callstack] 0x00007ff9e1d12f8a UE4Editor-Engine.dll!UnknownFunction []
[2020.09.29-20.51.10:141][489]LogWindows: Error: [Callstack] 0x00007ff9e1cd94c4 UE4Editor-Engine.dll!UnknownFunction []
[2020.09.29-20.51.10:141][489]LogWindows: Error: [Callstack] 0x00007ff9e2d97e0f UE4Editor-Engine.dll!UnknownFunction []
[2020.09.29-20.51.10:142][489]LogWindows: Error: [Callstack] 0x00007ff9e2d9ce67 UE4Editor-Engine.dll!UnknownFunction []
[2020.09.29-20.51.10:142][489]LogWindows: Error: [Callstack] 0x00007ff9e50787d8 UE4Editor-Core.dll!UnknownFunction []
[2020.09.29-20.51.10:142][489]LogWindows: Error: [Callstack] 0x00007ff9e5078aa3 UE4Editor-Core.dll!UnknownFunction []
[2020.09.29-20.51.10:142][489]LogWindows: Error: [Callstack] 0x00007ff9e508f027 UE4Editor-Core.dll!UnknownFunction []
[2020.09.29-20.51.10:142][489]LogWindows: Error: [Callstack] 0x00007ff9e2db8e52 UE4Editor-Engine.dll!UnknownFunction []
[2020.09.29-20.51.10:142][489]LogWindows: Error: [Callstack] 0x00007ff9e2dbe11a UE4Editor-Engine.dll!UnknownFunction []
[2020.09.29-20.51.10:142][489]LogWindows: Error: [Callstack] 0x00007ff9e257bfff UE4Editor-Engine.dll!UnknownFunction []
[2020.09.29-20.51.10:142][489]LogWindows: Error: [Callstack] 0x00007ff9e2586897 UE4Editor-Engine.dll!UnknownFunction []
[2020.09.29-20.51.10:142][489]LogWindows: Error: [Callstack] 0x00007ff9dfcbaf57 UE4Editor-UnrealEd.dll!UnknownFunction []
[2020.09.29-20.51.10:142][489]LogWindows: Error: [Callstack] 0x00007ff9e0591d06 UE4Editor-UnrealEd.dll!UnknownFunction []
[2020.09.29-20.51.10:142][489]LogWindows: Error: [Callstack] 0x00007ff7dc847800 UE4Editor.exe!UnknownFunction []
[2020.09.29-20.51.10:142][489]LogWindows: Error: [Callstack] 0x00007ff7dc85ba7c UE4Editor.exe!UnknownFunction []
[2020.09.29-20.51.10:142][489]LogWindows: Error: [Callstack] 0x00007ff7dc85bb5a UE4Editor.exe!UnknownFunction []
[2020.09.29-20.51.10:142][489]LogWindows: Error: [Callstack] 0x00007ff7dc86e31d UE4Editor.exe!UnknownFunction []
[2020.09.29-20.51.10:142][489]LogWindows: Error: [Callstack] 0x00007ff7dc87145a UE4Editor.exe!UnknownFunction []
[2020.09.29-20.51.10:142][489]LogWindows: Error: [Callstack] 0x00007ffa5f3e7bd4 KERNEL32.DLL!UnknownFunction []
[2020.09.29-20.51.10:142][489]LogWindows: Error: [Callstack] 0x00007ffa60d0ce51 ntdll.dll!UnknownFunction []
[2020.09.29-20.51.10:142][489]LogWindows: Error: 
[2020.09.29-20.51.10:166][489]LogExit: Executing StaticShutdownAfterError
[2020.09.29-20.51.10:483][489]LogWindows: FPlatformMisc::RequestExit(1)
[2020.09.29-20.51.10:483][489]LogCore: Engine exit requested (reason: Win RequestExit)
[2020.09.29-20.51.10:536][489]Log file closed, 09/29/20 14:51:10
