Log file open, 10/27/20 23:51:22
LogInit: Display: Running engine for game: EscapeThePlate
LogPlatformFile: Not using cached read wrapper
LogTaskGraph: Started task graph with 5 named threads and 47 total threads with 3 sets of task threads.
LogStats: Stats thread started at 0.262648
LogD3D11RHI: Loaded GFSDK_Aftermath_Lib.x64.dll
LogICUInternationalization: ICU TimeZone Detection - Raw Offset: -7:00, Platform Override: ''
LogPluginManager: Mounting plugin Paper2D
LogPluginManager: Mounting plugin AISupport
LogPluginManager: Mounting plugin LightPropagationVolume
LogPluginManager: Mounting plugin CameraShakePreviewer
LogPluginManager: Mounting plugin ActorLayerUtilities
LogPluginManager: Mounting plugin AnimationSharing
LogPluginManager: Mounting plugin CLionSourceCodeAccess
LogPluginManager: Mounting plugin CodeLiteSourceCodeAccess
LogPluginManager: Mounting plugin GitSourceControl
LogPluginManager: Mounting plugin KDevelopSourceCodeAccess
LogPluginManager: Mounting plugin NullSourceCodeAccess
LogPluginManager: Mounting plugin PerforceSourceControl
LogPluginManager: Mounting plugin PlasticSourceControl
LogPluginManager: Mounting plugin RiderSourceCodeAccess
LogPluginManager: Mounting plugin SubversionSourceControl
LogPluginManager: Mounting plugin UObjectPlugin
LogPluginManager: Mounting plugin VisualStudioCodeSourceCodeAccess
LogPluginManager: Mounting plugin VisualStudioSourceCodeAccess
LogPluginManager: Mounting plugin XCodeSourceCodeAccess
LogPluginManager: Mounting plugin AssetManagerEditor
LogPluginManager: Mounting plugin CryptoKeys
LogPluginManager: Mounting plugin CurveEditorTools
LogPluginManager: Mounting plugin DataValidation
LogPluginManager: Mounting plugin EditorScriptingUtilities
LogPluginManager: Mounting plugin FacialAnimation
LogPluginManager: Mounting plugin GameplayTagsEditor
LogPluginManager: Mounting plugin GeometryMode
LogPluginManager: Mounting plugin MacGraphicsSwitching
LogPluginManager: Mounting plugin MaterialAnalyzer
LogPluginManager: Mounting plugin MobileLauncherProfileWizard
LogPluginManager: Mounting plugin PluginBrowser
LogPluginManager: Mounting plugin SpeedTreeImporter
LogPluginManager: Mounting plugin DatasmithContent
LogPluginManager: Mounting plugin VariantManagerContent
LogPluginManager: Mounting plugin AlembicImporter
LogPluginManager: Mounting plugin AutomationUtils
LogPluginManager: Mounting plugin BackChannel
LogPluginManager: Mounting plugin ChaosCloth
LogPluginManager: Mounting plugin ChaosClothEditor
LogPluginManager: Mounting plugin ChaosEditor
LogPluginManager: Mounting plugin ChaosNiagara
LogPluginManager: Mounting plugin ChaosSolverPlugin
LogPluginManager: Mounting plugin CharacterAI
LogPluginManager: Mounting plugin GeometryCache
LogPluginManager: Mounting plugin GeometryCollectionPlugin
LogPluginManager: Mounting plugin GeometryProcessing
LogPluginManager: Mounting plugin PlanarCut
LogPluginManager: Mounting plugin PlatformCrypto
LogPluginManager: Mounting plugin ProxyLODPlugin
LogPluginManager: Mounting plugin SkeletalReduction
LogPluginManager: Mounting plugin Niagara
LogPluginManager: Mounting plugin MagicLeap
LogPluginManager: Mounting plugin MagicLeapLightEstimation
LogPluginManager: Mounting plugin MagicLeapMedia
LogPluginManager: Mounting plugin MagicLeapPassableWorld
LogPluginManager: Mounting plugin MLSDK
LogPluginManager: Mounting plugin AndroidMedia
LogPluginManager: Mounting plugin AvfMedia
LogPluginManager: Mounting plugin ImgMedia
LogPluginManager: Mounting plugin MediaCompositing
LogPluginManager: Mounting plugin MediaPlayerEditor
LogPluginManager: Mounting plugin WebMMedia
LogPluginManager: Mounting plugin WmfMedia
LogPluginManager: Mounting plugin MeshPainting
LogPluginManager: Mounting plugin TcpMessaging
LogPluginManager: Mounting plugin UdpMessaging
LogPluginManager: Mounting plugin ActorSequence
LogPluginManager: Mounting plugin LevelSequenceEditor
LogPluginManager: Mounting plugin MatineeToLevelSequence
LogPluginManager: Mounting plugin MovieRenderPipeline
LogPluginManager: Mounting plugin TemplateSequence
LogPluginManager: Mounting plugin NetcodeUnitTest
LogPluginManager: Mounting plugin NUTUnrealEngine4
LogPluginManager: Mounting plugin OnlineSubsystemGooglePlay
LogPluginManager: Mounting plugin OnlineSubsystemIOS
LogPluginManager: Mounting plugin OnlineSubsystem
LogPluginManager: Mounting plugin OnlineSubsystemNull
LogPluginManager: Mounting plugin OnlineSubsystemUtils
LogPluginManager: Mounting plugin LauncherChunkInstaller
LogPluginManager: Mounting plugin AndroidDeviceProfileSelector
LogPluginManager: Mounting plugin AndroidMoviePlayer
LogPluginManager: Mounting plugin AndroidPermission
LogPluginManager: Mounting plugin AppleImageUtils
LogPluginManager: Mounting plugin AppleMoviePlayer
LogPluginManager: Mounting plugin ArchVisCharacter
LogPluginManager: Mounting plugin AssetTags
LogPluginManager: Mounting plugin AudioCapture
LogPluginManager: Mounting plugin CableComponent
LogPluginManager: Mounting plugin CustomMeshComponent
LogPluginManager: Mounting plugin EditableMesh
LogPluginManager: Mounting plugin ExampleDeviceProfileSelector
LogPluginManager: Mounting plugin GoogleCloudMessaging
LogPluginManager: Mounting plugin GooglePAD
LogPluginManager: Mounting plugin IOSDeviceProfileSelector
LogPluginManager: Mounting plugin LinuxDeviceProfileSelector
LogPluginManager: Mounting plugin LocationServicesBPLibrary
LogPluginManager: Mounting plugin MobilePatchingUtils
LogPluginManager: Mounting plugin OculusVR
LogPluginManager: Mounting plugin PhysXVehicles
LogPluginManager: Mounting plugin PostSplashScreen
LogPluginManager: Mounting plugin ProceduralMeshComponent
LogPluginManager: Mounting plugin RuntimePhysXCooking
LogPluginManager: Mounting plugin SignificanceManager
LogPluginManager: Mounting plugin SoundFields
LogPluginManager: Mounting plugin SteamVR
LogPluginManager: Mounting plugin Synthesis
LogPluginManager: Mounting plugin WebMMoviePlayer
LogPluginManager: Mounting plugin WindowsMoviePlayer
LogPluginManager: Mounting plugin ScreenshotTools
LogInit: Using libcurl 7.55.1-DEV
LogInit:  - built for x86_64-pc-win32
LogInit:  - supports SSL with OpenSSL/1.1.1
LogInit:  - supports HTTP deflate (compression) using libz 1.2.8
LogInit:  - other features:
LogInit:      CURL_VERSION_SSL
LogInit:      CURL_VERSION_LIBZ
LogInit:      CURL_VERSION_IPV6
LogInit:      CURL_VERSION_ASYNCHDNS
LogInit:      CURL_VERSION_LARGEFILE
LogInit:      CURL_VERSION_IDN
LogInit:  CurlRequestOptions (configurable via config and command line):
LogInit:  - bVerifyPeer = true  - Libcurl will verify peer certificate
LogInit:  - bUseHttpProxy = false  - Libcurl will NOT use HTTP proxy
LogInit:  - bDontReuseConnections = false  - Libcurl will reuse connections
LogInit:  - MaxHostConnections = 16  - Libcurl will limit the number of connections to a host
LogInit:  - LocalHostAddr = Default
LogInit:  - BufferSize = 65536
LogOnline: OSS: Creating online subsystem instance for: NULL
LogInit: WinSock: version 1.1 (2.2), MaxSocks=32767, MaxUdp=65467
LogOnline: OSS: TryLoadSubsystemAndSetDefault: Loaded subsystem for module [NULL]
LogInit: Build: ++UE4+Release-4.25-CL-13942748
LogInit: Engine Version: 4.25.3-13942748+++UE4+Release-4.25
LogInit: Compatible Engine Version: 4.25.0-13144385+++UE4+Release-4.25
LogInit: Net CL: 13144385
LogInit: OS: Windows 10 (Release 1909) (), CPU: Intel(R) Core(TM) i7-10700 CPU @ 2.90GHz, GPU: NVIDIA GeForce RTX 2060 SUPER
LogInit: Compiled (64-bit): Jul 25 2020 02:07:48
LogInit: Compiled with Visual C++: 19.24.28315.00
LogInit: Build Configuration: Development
LogInit: Branch Name: ++UE4+Release-4.25
LogInit: Command Line:  -skipcompile
LogInit: Base Directory: D:/Unreal/UE_4.25/Engine/Binaries/Win64/
LogInit: Allocator: TBB
LogInit: Installed Engine Build: 1
LogDevObjectVersion: Number of dev versions registered: 26
LogDevObjectVersion:   Dev-Blueprints (B0D832E4-1F89-4F0D-ACCF-7EB736FD4AA2): 10
LogDevObjectVersion:   Dev-Build (E1C64328-A22C-4D53-A36C-8E866417BD8C): 0
LogDevObjectVersion:   Dev-Core (375EC13C-06E4-48FB-B500-84F0262A717E): 4
LogDevObjectVersion:   Dev-Editor (E4B068ED-F494-42E9-A231-DA0B2E46BB41): 38
LogDevObjectVersion:   Dev-Framework (CFFC743F-43B0-4480-9391-14DF171D2073): 37
LogDevObjectVersion:   Dev-Mobile (B02B49B5-BB20-44E9-A304-32B752E40360): 2
LogDevObjectVersion:   Dev-Networking (A4E4105C-59A1-49B5-A7C5-40C4547EDFEE): 0
LogDevObjectVersion:   Dev-Online (39C831C9-5AE6-47DC-9A44-9C173E1C8E7C): 0
LogDevObjectVersion:   Dev-Physics (78F01B33-EBEA-4F98-B9B4-84EACCB95AA2): 4
LogDevObjectVersion:   Dev-Platform (6631380F-2D4D-43E0-8009-CF276956A95A): 0
LogDevObjectVersion:   Dev-Rendering (12F88B9F-8875-4AFC-A67C-D90C383ABD29): 43
LogDevObjectVersion:   Dev-Sequencer (7B5AE74C-D270-4C10-A958-57980B212A5A): 12
LogDevObjectVersion:   Dev-VR (D7296918-1DD6-4BDD-9DE2-64A83CC13884): 3
LogDevObjectVersion:   Dev-LoadTimes (C2A15278-BFE7-4AFE-6C17-90FF531DF755): 1
LogDevObjectVersion:   Private-Geometry (6EACA3D4-40EC-4CC1-B786-8BED09428FC5): 3
LogDevObjectVersion:   Dev-AnimPhys (29E575DD-E0A3-4627-9D10-D276232CDCEA): 17
LogDevObjectVersion:   Dev-Anim (AF43A65D-7FD3-4947-9873-3E8ED9C1BB05): 7
LogDevObjectVersion:   Dev-ReflectionCapture (6B266CEC-1EC7-4B8F-A30B-E4D90942FC07): 1
LogDevObjectVersion:   Dev-Automation (0DF73D61-A23F-47EA-B727-89E90C41499A): 1
LogDevObjectVersion:   FortniteMain (601D1886-AC64-4F84-AA16-D3DE0DEAC7D6): 31
LogDevObjectVersion:   Dev-Enterprise (9DFFBCD6-494F-0158-E221-12823C92A888): 10
LogDevObjectVersion:   Dev-Niagara (F2AED0AC-9AFE-416F-8664-AA7FFA26D6FC): 1
LogDevObjectVersion:   Dev-Destruction (174F1F0B-B4C6-45A5-B13F-2EE8D0FB917D): 10
LogDevObjectVersion:   Dev-Physics-Ext (35F94A83-E258-406C-A318-09F59610247C): 37
LogDevObjectVersion:   Dev-PhysicsMaterial-Chaos (B68FC16E-8B1B-42E2-B453-215C058844FE): 1
LogDevObjectVersion:   Dev-CineCamera (B2E18506-4273-CFC2-A54E-F4BB758BBA07): 1
LogInit: Presizing for max 25165824 objects, including 0 objects not considered by GC, pre-allocating 0 bytes for permanent pool.
LogConfig: Applying CVar settings from Section [/Script/Engine.StreamingSettings] File [C:/Users/tommy/Documents/GitHub/EscapeThePlate/EscapeThePlate/Saved/Config/Windows/Engine.ini]
LogConfig: Setting CVar [[s.MinBulkDataSizeForAsyncLoading:131072]]
LogConfig: Setting CVar [[s.AsyncLoadingThreadEnabled:0]]
LogConfig: Setting CVar [[s.EventDrivenLoaderEnabled:1]]
LogConfig: Setting CVar [[s.WarnIfTimeLimitExceeded:0]]
LogConfig: Setting CVar [[s.TimeLimitExceededMultiplier:1.5]]
LogConfig: Setting CVar [[s.TimeLimitExceededMinTime:0.005]]
LogConfig: Setting CVar [[s.UseBackgroundLevelStreaming:1]]
LogConfig: Setting CVar [[s.PriorityAsyncLoadingExtraTime:15.0]]
LogConfig: Setting CVar [[s.LevelStreamingActorsUpdateTimeLimit:5.0]]
LogConfig: Setting CVar [[s.PriorityLevelStreamingActorsUpdateExtraTime:5.0]]
LogConfig: Setting CVar [[s.LevelStreamingComponentsRegistrationGranularity:10]]
LogConfig: Setting CVar [[s.UnregisterComponentsTimeLimit:1.0]]
LogConfig: Setting CVar [[s.LevelStreamingComponentsUnregistrationGranularity:5]]
LogConfig: Setting CVar [[s.FlushStreamingOnExit:1]]
LogInit: Object subsystem initialized
LogConfig: Setting CVar [[con.DebugEarlyDefault:1]]
LogConfig: Setting CVar [[r.setres:1280x720]]
[2020.10.28-05.51.22:305][  0]LogConfig: Setting CVar [[r.VSync:0]]
[2020.10.28-05.51.22:305][  0]LogConfig: Setting CVar [[r.RHICmdBypass:0]]
[2020.10.28-05.51.22:306][  0]LogConfig: Applying CVar settings from Section [/Script/Engine.RendererSettings] File [C:/Users/tommy/Documents/GitHub/EscapeThePlate/EscapeThePlate/Saved/Config/Windows/Engine.ini]
[2020.10.28-05.51.22:306][  0]LogConfig: Setting CVar [[r.GPUCrashDebugging:0]]
[2020.10.28-05.51.22:306][  0]LogConfig: Applying CVar settings from Section [/Script/Engine.RendererOverrideSettings] File [C:/Users/tommy/Documents/GitHub/EscapeThePlate/EscapeThePlate/Saved/Config/Windows/Engine.ini]
[2020.10.28-05.51.22:306][  0]LogConfig: Applying CVar settings from Section [/Script/Engine.StreamingSettings] File [C:/Users/tommy/Documents/GitHub/EscapeThePlate/EscapeThePlate/Saved/Config/Windows/Engine.ini]
[2020.10.28-05.51.22:306][  0]LogConfig: Setting CVar [[s.MinBulkDataSizeForAsyncLoading:131072]]
[2020.10.28-05.51.22:306][  0]LogConfig: Setting CVar [[s.AsyncLoadingThreadEnabled:0]]
[2020.10.28-05.51.22:306][  0]LogConfig: Setting CVar [[s.EventDrivenLoaderEnabled:1]]
[2020.10.28-05.51.22:306][  0]LogConfig: Setting CVar [[s.WarnIfTimeLimitExceeded:0]]
[2020.10.28-05.51.22:306][  0]LogConfig: Setting CVar [[s.TimeLimitExceededMultiplier:1.5]]
[2020.10.28-05.51.22:306][  0]LogConfig: Setting CVar [[s.TimeLimitExceededMinTime:0.005]]
[2020.10.28-05.51.22:306][  0]LogConfig: Setting CVar [[s.UseBackgroundLevelStreaming:1]]
[2020.10.28-05.51.22:306][  0]LogConfig: Setting CVar [[s.PriorityAsyncLoadingExtraTime:15.0]]
[2020.10.28-05.51.22:306][  0]LogConfig: Setting CVar [[s.LevelStreamingActorsUpdateTimeLimit:5.0]]
[2020.10.28-05.51.22:306][  0]LogConfig: Setting CVar [[s.PriorityLevelStreamingActorsUpdateExtraTime:5.0]]
[2020.10.28-05.51.22:306][  0]LogConfig: Setting CVar [[s.LevelStreamingComponentsRegistrationGranularity:10]]
[2020.10.28-05.51.22:306][  0]LogConfig: Setting CVar [[s.UnregisterComponentsTimeLimit:1.0]]
[2020.10.28-05.51.22:306][  0]LogConfig: Setting CVar [[s.LevelStreamingComponentsUnregistrationGranularity:5]]
[2020.10.28-05.51.22:306][  0]LogConfig: Setting CVar [[s.FlushStreamingOnExit:1]]
[2020.10.28-05.51.22:306][  0]LogConfig: Applying CVar settings from Section [/Script/Engine.GarbageCollectionSettings] File [C:/Users/tommy/Documents/GitHub/EscapeThePlate/EscapeThePlate/Saved/Config/Windows/Engine.ini]
[2020.10.28-05.51.22:306][  0]LogConfig: Setting CVar [[gc.MaxObjectsNotConsideredByGC:1]]
[2020.10.28-05.51.22:306][  0]LogConfig: Setting CVar [[gc.SizeOfPermanentObjectPool:0]]
[2020.10.28-05.51.22:306][  0]LogConfig: Setting CVar [[gc.FlushStreamingOnGC:0]]
[2020.10.28-05.51.22:306][  0]LogConfig: Setting CVar [[gc.NumRetriesBeforeForcingGC:10]]
[2020.10.28-05.51.22:306][  0]LogConfig: Setting CVar [[gc.AllowParallelGC:1]]
[2020.10.28-05.51.22:306][  0]LogConfig: Setting CVar [[gc.TimeBetweenPurgingPendingKillObjects:61.1]]
[2020.10.28-05.51.22:306][  0]LogConfig: Setting CVar [[gc.MaxObjectsInEditor:25165824]]
[2020.10.28-05.51.22:307][  0]LogConfig: Setting CVar [[gc.IncrementalBeginDestroyEnabled:1]]
[2020.10.28-05.51.22:307][  0]LogConfig: Setting CVar [[gc.CreateGCClusters:1]]
[2020.10.28-05.51.22:307][  0]LogConfig: Setting CVar [[gc.MinGCClusterSize:5]]
[2020.10.28-05.51.22:307][  0]LogConfig: Setting CVar [[gc.ActorClusteringEnabled:0]]
[2020.10.28-05.51.22:307][  0]LogConfig: Setting CVar [[gc.BlueprintClusteringEnabled:0]]
[2020.10.28-05.51.22:307][  0]LogConfig: Setting CVar [[gc.UseDisregardForGCOnDedicatedServers:0]]
[2020.10.28-05.51.22:307][  0]LogConfig: Applying CVar settings from Section [/Script/Engine.NetworkSettings] File [C:/Users/tommy/Documents/GitHub/EscapeThePlate/EscapeThePlate/Saved/Config/Windows/Engine.ini]
[2020.10.28-05.51.22:307][  0]LogConfig: Applying CVar settings from Section [/Script/UnrealEd.CookerSettings] File [C:/Users/tommy/Documents/GitHub/EscapeThePlate/EscapeThePlate/Saved/Config/Windows/Engine.ini]
[2020.10.28-05.51.22:310][  0]LogConfig: Applying CVar settings from Section [ViewDistanceQuality@3] File [C:/Users/tommy/Documents/GitHub/EscapeThePlate/EscapeThePlate/Saved/Config/Windows/Scalability.ini]
[2020.10.28-05.51.22:310][  0]LogConfig: Setting CVar [[r.SkeletalMeshLODBias:0]]
[2020.10.28-05.51.22:310][  0]LogConfig: Setting CVar [[r.ViewDistanceScale:1.0]]
[2020.10.28-05.51.22:310][  0]LogConfig: Applying CVar settings from Section [AntiAliasingQuality@3] File [C:/Users/tommy/Documents/GitHub/EscapeThePlate/EscapeThePlate/Saved/Config/Windows/Scalability.ini]
[2020.10.28-05.51.22:310][  0]LogConfig: Setting CVar [[r.PostProcessAAQuality:4]]
[2020.10.28-05.51.22:310][  0]LogConfig: Applying CVar settings from Section [ShadowQuality@3] File [C:/Users/tommy/Documents/GitHub/EscapeThePlate/EscapeThePlate/Saved/Config/Windows/Scalability.ini]
[2020.10.28-05.51.22:310][  0]LogConfig: Setting CVar [[r.LightFunctionQuality:1]]
[2020.10.28-05.51.22:310][  0]LogConfig: Setting CVar [[r.ShadowQuality:5]]
[2020.10.28-05.51.22:310][  0]LogConfig: Setting CVar [[r.Shadow.CSM.MaxCascades:10]]
[2020.10.28-05.51.22:310][  0]LogConfig: Setting CVar [[r.Shadow.MaxResolution:2048]]
[2020.10.28-05.51.22:310][  0]LogConfig: Setting CVar [[r.Shadow.MaxCSMResolution:2048]]
[2020.10.28-05.51.22:310][  0]LogConfig: Setting CVar [[r.Shadow.RadiusThreshold:0.01]]
[2020.10.28-05.51.22:310][  0]LogConfig: Setting CVar [[r.Shadow.DistanceScale:1.0]]
[2020.10.28-05.51.22:310][  0]LogConfig: Setting CVar [[r.Shadow.CSM.TransitionScale:1.0]]
[2020.10.28-05.51.22:310][  0]LogConfig: Setting CVar [[r.Shadow.PreShadowResolutionFactor:1.0]]
[2020.10.28-05.51.22:310][  0]LogConfig: Setting CVar [[r.DistanceFieldShadowing:1]]
[2020.10.28-05.51.22:310][  0]LogConfig: Setting CVar [[r.DistanceFieldAO:1]]
[2020.10.28-05.51.22:310][  0]LogConfig: Setting CVar [[r.AOQuality:2]]
[2020.10.28-05.51.22:310][  0]LogConfig: Setting CVar [[r.VolumetricFog:1]]
[2020.10.28-05.51.22:311][  0]LogConfig: Setting CVar [[r.VolumetricFog.GridPixelSize:8]]
[2020.10.28-05.51.22:311][  0]LogConfig: Setting CVar [[r.VolumetricFog.GridSizeZ:128]]
[2020.10.28-05.51.22:311][  0]LogConfig: Setting CVar [[r.VolumetricFog.HistoryMissSupersampleCount:4]]
[2020.10.28-05.51.22:311][  0]LogConfig: Setting CVar [[r.LightMaxDrawDistanceScale:1]]
[2020.10.28-05.51.22:311][  0]LogConfig: Setting CVar [[r.CapsuleShadows:1]]
[2020.10.28-05.51.22:311][  0]LogConfig: Applying CVar settings from Section [PostProcessQuality@3] File [C:/Users/tommy/Documents/GitHub/EscapeThePlate/EscapeThePlate/Saved/Config/Windows/Scalability.ini]
[2020.10.28-05.51.22:311][  0]LogConfig: Setting CVar [[r.MotionBlurQuality:4]]
[2020.10.28-05.51.22:311][  0]LogConfig: Setting CVar [[r.AmbientOcclusionMipLevelFactor:0.4]]
[2020.10.28-05.51.22:311][  0]LogConfig: Setting CVar [[r.AmbientOcclusionMaxQuality:100]]
[2020.10.28-05.51.22:311][  0]LogConfig: Setting CVar [[r.AmbientOcclusionLevels:-1]]
[2020.10.28-05.51.22:311][  0]LogConfig: Setting CVar [[r.AmbientOcclusionRadiusScale:1.0]]
[2020.10.28-05.51.22:311][  0]LogConfig: Setting CVar [[r.DepthOfFieldQuality:2]]
[2020.10.28-05.51.22:311][  0]LogConfig: Setting CVar [[r.RenderTargetPoolMin:400]]
[2020.10.28-05.51.22:311][  0]LogConfig: Setting CVar [[r.LensFlareQuality:2]]
[2020.10.28-05.51.22:311][  0]LogConfig: Setting CVar [[r.SceneColorFringeQuality:1]]
[2020.10.28-05.51.22:311][  0]LogConfig: Setting CVar [[r.EyeAdaptationQuality:2]]
[2020.10.28-05.51.22:311][  0]LogConfig: Setting CVar [[r.BloomQuality:5]]
[2020.10.28-05.51.22:311][  0]LogConfig: Setting CVar [[r.FastBlurThreshold:100]]
[2020.10.28-05.51.22:311][  0]LogConfig: Setting CVar [[r.Upscale.Quality:3]]
[2020.10.28-05.51.22:311][  0]LogConfig: Setting CVar [[r.Tonemapper.GrainQuantization:1]]
[2020.10.28-05.51.22:311][  0]LogConfig: Setting CVar [[r.LightShaftQuality:1]]
[2020.10.28-05.51.22:311][  0]LogConfig: Setting CVar [[r.Filter.SizeScale:1]]
[2020.10.28-05.51.22:311][  0]LogConfig: Setting CVar [[r.Tonemapper.Quality:5]]
[2020.10.28-05.51.22:311][  0]LogConfig: Setting CVar [[r.DOF.Gather.AccumulatorQuality:1        ; higher gathering accumulator quality]]
[2020.10.28-05.51.22:311][  0]LogConfig: Setting CVar [[r.DOF.Gather.PostfilterMethod:1          ; Median3x3 postfilering method]]
[2020.10.28-05.51.22:311][  0]LogConfig: Setting CVar [[r.DOF.Gather.EnableBokehSettings:0       ; no bokeh simulation when gathering]]
[2020.10.28-05.51.22:311][  0]LogConfig: Setting CVar [[r.DOF.Gather.RingCount:4                 ; medium number of samples when gathering]]
[2020.10.28-05.51.22:311][  0]LogConfig: Setting CVar [[r.DOF.Scatter.ForegroundCompositing:1    ; additive foreground scattering]]
[2020.10.28-05.51.22:312][  0]LogConfig: Setting CVar [[r.DOF.Scatter.BackgroundCompositing:2    ; additive background scattering]]
[2020.10.28-05.51.22:312][  0]LogConfig: Setting CVar [[r.DOF.Scatter.EnableBokehSettings:1      ; bokeh simulation when scattering]]
[2020.10.28-05.51.22:312][  0]LogConfig: Setting CVar [[r.DOF.Scatter.MaxSpriteRatio:0.1         ; only a maximum of 10% of scattered bokeh]]
[2020.10.28-05.51.22:312][  0]LogConfig: Setting CVar [[r.DOF.Recombine.Quality:1                ; cheap slight out of focus]]
[2020.10.28-05.51.22:312][  0]LogConfig: Setting CVar [[r.DOF.Recombine.EnableBokehSettings:0    ; no bokeh simulation on slight out of focus]]
[2020.10.28-05.51.22:312][  0]LogConfig: Setting CVar [[r.DOF.TemporalAAQuality:1                ; more stable temporal accumulation]]
[2020.10.28-05.51.22:312][  0]LogConfig: Setting CVar [[r.DOF.Kernel.MaxForegroundRadius:0.025]]
[2020.10.28-05.51.22:312][  0]LogConfig: Setting CVar [[r.DOF.Kernel.MaxBackgroundRadius:0.025]]
[2020.10.28-05.51.22:312][  0]LogConfig: Applying CVar settings from Section [TextureQuality@3] File [C:/Users/tommy/Documents/GitHub/EscapeThePlate/EscapeThePlate/Saved/Config/Windows/Scalability.ini]
[2020.10.28-05.51.22:312][  0]LogConfig: Setting CVar [[r.Streaming.MipBias:0]]
[2020.10.28-05.51.22:312][  0]LogConfig: Setting CVar [[r.Streaming.AmortizeCPUToGPUCopy:0]]
[2020.10.28-05.51.22:312][  0]LogConfig: Setting CVar [[r.Streaming.MaxNumTexturesToStreamPerFrame:0]]
[2020.10.28-05.51.22:312][  0]LogConfig: Setting CVar [[r.Streaming.Boost:1]]
[2020.10.28-05.51.22:312][  0]LogConfig: Setting CVar [[r.MaxAnisotropy:8]]
[2020.10.28-05.51.22:312][  0]LogConfig: Setting CVar [[r.VT.MaxAnisotropy:8]]
[2020.10.28-05.51.22:312][  0]LogConfig: Setting CVar [[r.Streaming.LimitPoolSizeToVRAM:0]]
[2020.10.28-05.51.22:312][  0]LogConfig: Setting CVar [[r.Streaming.PoolSize:1000]]
[2020.10.28-05.51.22:312][  0]LogConfig: Setting CVar [[r.Streaming.MaxEffectiveScreenSize:0]]
[2020.10.28-05.51.22:312][  0]LogConfig: Applying CVar settings from Section [EffectsQuality@3] File [C:/Users/tommy/Documents/GitHub/EscapeThePlate/EscapeThePlate/Saved/Config/Windows/Scalability.ini]
[2020.10.28-05.51.22:312][  0]LogConfig: Setting CVar [[r.TranslucencyLightingVolumeDim:64]]
[2020.10.28-05.51.22:312][  0]LogConfig: Setting CVar [[r.RefractionQuality:2]]
[2020.10.28-05.51.22:313][  0]LogConfig: Setting CVar [[r.SSR.Quality:3]]
[2020.10.28-05.51.22:313][  0]LogConfig: Setting CVar [[r.SSR.HalfResSceneColor:0]]
[2020.10.28-05.51.22:313][  0]LogConfig: Setting CVar [[r.SceneColorFormat:4]]
[2020.10.28-05.51.22:313][  0]LogConfig: Setting CVar [[r.DetailMode:2]]
[2020.10.28-05.51.22:313][  0]LogConfig: Setting CVar [[r.TranslucencyVolumeBlur:1]]
[2020.10.28-05.51.22:313][  0]LogConfig: Setting CVar [[r.MaterialQualityLevel:1 ; High quality]]
[2020.10.28-05.51.22:313][  0]LogConfig: Setting CVar [[r.SSS.Scale:1]]
[2020.10.28-05.51.22:313][  0]LogConfig: Setting CVar [[r.SSS.SampleSet:2]]
[2020.10.28-05.51.22:313][  0]LogConfig: Setting CVar [[r.SSS.Quality:1]]
[2020.10.28-05.51.22:313][  0]LogConfig: Setting CVar [[r.SSS.HalfRes:0]]
[2020.10.28-05.51.22:313][  0]LogConfig: Setting CVar [[r.SSGI.Quality:3]]
[2020.10.28-05.51.22:313][  0]LogConfig: Setting CVar [[r.EmitterSpawnRateScale:1.0]]
[2020.10.28-05.51.22:313][  0]LogConfig: Setting CVar [[r.ParticleLightQuality:2]]
[2020.10.28-05.51.22:313][  0]LogConfig: Setting CVar [[r.SkyAtmosphere.AerialPerspectiveLUT.FastApplyOnOpaque:1 ; Always have FastSkyLUT 1 in this case to avoid wrong sky]]
[2020.10.28-05.51.22:313][  0]LogConfig: Setting CVar [[r.SkyAtmosphere.AerialPerspectiveLUT.SampleCountPerSlice:1]]
[2020.10.28-05.51.22:313][  0]LogConfig: Setting CVar [[r.SkyAtmosphere.AerialPerspectiveLUT.DepthResolution:16.0]]
[2020.10.28-05.51.22:313][  0]LogConfig: Setting CVar [[r.SkyAtmosphere.FastSkyLUT:1]]
[2020.10.28-05.51.22:313][  0]LogConfig: Setting CVar [[r.SkyAtmosphere.FastSkyLUT.SampleCountMin:4.0]]
[2020.10.28-05.51.22:313][  0]LogConfig: Setting CVar [[r.SkyAtmosphere.FastSkyLUT.SampleCountMax:32.0]]
[2020.10.28-05.51.22:313][  0]LogConfig: Setting CVar [[r.SkyAtmosphere.SampleCountMin:4.0]]
[2020.10.28-05.51.22:313][  0]LogConfig: Setting CVar [[r.SkyAtmosphere.SampleCountMax:32.0]]
[2020.10.28-05.51.22:313][  0]LogConfig: Setting CVar [[r.SkyAtmosphere.TransmittanceLUT.UseSmallFormat:0]]
[2020.10.28-05.51.22:313][  0]LogConfig: Setting CVar [[r.SkyAtmosphere.TransmittanceLUT.SampleCount:10.0]]
[2020.10.28-05.51.22:313][  0]LogConfig: Setting CVar [[r.SkyAtmosphere.MultiScatteringLUT.SampleCount:15.0]]
[2020.10.28-05.51.22:313][  0]LogConfig: Applying CVar settings from Section [FoliageQuality@3] File [C:/Users/tommy/Documents/GitHub/EscapeThePlate/EscapeThePlate/Saved/Config/Windows/Scalability.ini]
[2020.10.28-05.51.22:313][  0]LogConfig: Setting CVar [[foliage.DensityScale:1.0]]
[2020.10.28-05.51.22:313][  0]LogConfig: Setting CVar [[grass.DensityScale:1.0]]
[2020.10.28-05.51.22:313][  0]LogConfig: Applying CVar settings from Section [ShadingQuality@3] File [C:/Users/tommy/Documents/GitHub/EscapeThePlate/EscapeThePlate/Saved/Config/Windows/Scalability.ini]
[2020.10.28-05.51.22:314][  0]LogConfig: Setting CVar [[r.HairStrands.SkyLighting.SampleCount:16]]
[2020.10.28-05.51.22:314][  0]LogConfig: Setting CVar [[r.HairStrands.SkyLighting.JitterIntegration:0]]
[2020.10.28-05.51.22:314][  0]LogConfig: Setting CVar [[r.HairStrands.SkyAO.SampleCount:16]]
[2020.10.28-05.51.22:314][  0]LogConfig: Setting CVar [[r.HairStrands.DeepShadow.SuperSampling:0]]
[2020.10.28-05.51.22:314][  0]LogConfig: Setting CVar [[r.HairStrands.VisibilityPPLL:0]]
[2020.10.28-05.51.22:314][  0]LogConfig: Setting CVar [[r.HairStrands.RasterizationScale:0.5]]
[2020.10.28-05.51.22:314][  0]LogConfig: Setting CVar [[r.HairStrands.VelocityRasterizationScale:1]]
[2020.10.28-05.51.22:314][  0]LogInit: Selected Device Profile: [Windows]
[2020.10.28-05.51.22:314][  0]LogInit: Applying CVar settings loaded from the selected device profile: [Windows]
[2020.10.28-05.51.22:314][  0]LogHAL: Display: Platform has ~ 16 GB [17109041152 / 17179869184 / 16], which maps to Larger [LargestMinGB=32, LargerMinGB=12, DefaultMinGB=8, SmallerMinGB=6, SmallestMinGB=0)
[2020.10.28-05.51.22:314][  0]LogInit: Going up to parent DeviceProfile []
[2020.10.28-05.51.22:314][  0]LogConfig: Applying CVar settings from Section [ViewDistanceQuality@3] File [C:/Users/tommy/Documents/GitHub/EscapeThePlate/EscapeThePlate/Saved/Config/Windows/Scalability.ini]
[2020.10.28-05.51.22:314][  0]LogConfig: Setting CVar [[r.SkeletalMeshLODBias:0]]
[2020.10.28-05.51.22:314][  0]LogConfig: Setting CVar [[r.ViewDistanceScale:1.0]]
[2020.10.28-05.51.22:314][  0]LogConfig: Applying CVar settings from Section [AntiAliasingQuality@3] File [C:/Users/tommy/Documents/GitHub/EscapeThePlate/EscapeThePlate/Saved/Config/Windows/Scalability.ini]
[2020.10.28-05.51.22:314][  0]LogConfig: Setting CVar [[r.PostProcessAAQuality:4]]
[2020.10.28-05.51.22:314][  0]LogConfig: Applying CVar settings from Section [ShadowQuality@3] File [C:/Users/tommy/Documents/GitHub/EscapeThePlate/EscapeThePlate/Saved/Config/Windows/Scalability.ini]
[2020.10.28-05.51.22:314][  0]LogConfig: Setting CVar [[r.LightFunctionQuality:1]]
[2020.10.28-05.51.22:314][  0]LogConfig: Setting CVar [[r.ShadowQuality:5]]
[2020.10.28-05.51.22:314][  0]LogConfig: Setting CVar [[r.Shadow.CSM.MaxCascades:10]]
[2020.10.28-05.51.22:314][  0]LogConfig: Setting CVar [[r.Shadow.MaxResolution:2048]]
[2020.10.28-05.51.22:314][  0]LogConfig: Setting CVar [[r.Shadow.MaxCSMResolution:2048]]
[2020.10.28-05.51.22:314][  0]LogConfig: Setting CVar [[r.Shadow.RadiusThreshold:0.01]]
[2020.10.28-05.51.22:314][  0]LogConfig: Setting CVar [[r.Shadow.DistanceScale:1.0]]
[2020.10.28-05.51.22:315][  0]LogConfig: Setting CVar [[r.Shadow.CSM.TransitionScale:1.0]]
[2020.10.28-05.51.22:315][  0]LogConfig: Setting CVar [[r.Shadow.PreShadowResolutionFactor:1.0]]
[2020.10.28-05.51.22:315][  0]LogConfig: Setting CVar [[r.DistanceFieldShadowing:1]]
[2020.10.28-05.51.22:315][  0]LogConfig: Setting CVar [[r.DistanceFieldAO:1]]
[2020.10.28-05.51.22:315][  0]LogConfig: Setting CVar [[r.AOQuality:2]]
[2020.10.28-05.51.22:315][  0]LogConfig: Setting CVar [[r.VolumetricFog:1]]
[2020.10.28-05.51.22:315][  0]LogConfig: Setting CVar [[r.VolumetricFog.GridPixelSize:8]]
[2020.10.28-05.51.22:315][  0]LogConfig: Setting CVar [[r.VolumetricFog.GridSizeZ:128]]
[2020.10.28-05.51.22:315][  0]LogConfig: Setting CVar [[r.VolumetricFog.HistoryMissSupersampleCount:4]]
[2020.10.28-05.51.22:315][  0]LogConfig: Setting CVar [[r.LightMaxDrawDistanceScale:1]]
[2020.10.28-05.51.22:315][  0]LogConfig: Setting CVar [[r.CapsuleShadows:1]]
[2020.10.28-05.51.22:315][  0]LogConfig: Applying CVar settings from Section [PostProcessQuality@3] File [C:/Users/tommy/Documents/GitHub/EscapeThePlate/EscapeThePlate/Saved/Config/Windows/Scalability.ini]
[2020.10.28-05.51.22:315][  0]LogConfig: Setting CVar [[r.MotionBlurQuality:4]]
[2020.10.28-05.51.22:315][  0]LogConfig: Setting CVar [[r.AmbientOcclusionMipLevelFactor:0.4]]
[2020.10.28-05.51.22:315][  0]LogConfig: Setting CVar [[r.AmbientOcclusionMaxQuality:100]]
[2020.10.28-05.51.22:315][  0]LogConfig: Setting CVar [[r.AmbientOcclusionLevels:-1]]
[2020.10.28-05.51.22:315][  0]LogConfig: Setting CVar [[r.AmbientOcclusionRadiusScale:1.0]]
[2020.10.28-05.51.22:315][  0]LogConfig: Setting CVar [[r.DepthOfFieldQuality:2]]
[2020.10.28-05.51.22:315][  0]LogConfig: Setting CVar [[r.RenderTargetPoolMin:400]]
[2020.10.28-05.51.22:315][  0]LogConfig: Setting CVar [[r.LensFlareQuality:2]]
[2020.10.28-05.51.22:315][  0]LogConfig: Setting CVar [[r.SceneColorFringeQuality:1]]
[2020.10.28-05.51.22:315][  0]LogConfig: Setting CVar [[r.EyeAdaptationQuality:2]]
[2020.10.28-05.51.22:315][  0]LogConfig: Setting CVar [[r.BloomQuality:5]]
[2020.10.28-05.51.22:315][  0]LogConfig: Setting CVar [[r.FastBlurThreshold:100]]
[2020.10.28-05.51.22:315][  0]LogConfig: Setting CVar [[r.Upscale.Quality:3]]
[2020.10.28-05.51.22:315][  0]LogConfig: Setting CVar [[r.Tonemapper.GrainQuantization:1]]
[2020.10.28-05.51.22:315][  0]LogConfig: Setting CVar [[r.LightShaftQuality:1]]
[2020.10.28-05.51.22:315][  0]LogConfig: Setting CVar [[r.Filter.SizeScale:1]]
[2020.10.28-05.51.22:316][  0]LogConfig: Setting CVar [[r.Tonemapper.Quality:5]]
[2020.10.28-05.51.22:316][  0]LogConfig: Setting CVar [[r.DOF.Gather.AccumulatorQuality:1        ; higher gathering accumulator quality]]
[2020.10.28-05.51.22:316][  0]LogConfig: Setting CVar [[r.DOF.Gather.PostfilterMethod:1          ; Median3x3 postfilering method]]
[2020.10.28-05.51.22:316][  0]LogConfig: Setting CVar [[r.DOF.Gather.EnableBokehSettings:0       ; no bokeh simulation when gathering]]
[2020.10.28-05.51.22:316][  0]LogConfig: Setting CVar [[r.DOF.Gather.RingCount:4                 ; medium number of samples when gathering]]
[2020.10.28-05.51.22:316][  0]LogConfig: Setting CVar [[r.DOF.Scatter.ForegroundCompositing:1    ; additive foreground scattering]]
[2020.10.28-05.51.22:316][  0]LogConfig: Setting CVar [[r.DOF.Scatter.BackgroundCompositing:2    ; additive background scattering]]
[2020.10.28-05.51.22:316][  0]LogConfig: Setting CVar [[r.DOF.Scatter.EnableBokehSettings:1      ; bokeh simulation when scattering]]
[2020.10.28-05.51.22:316][  0]LogConfig: Setting CVar [[r.DOF.Scatter.MaxSpriteRatio:0.1         ; only a maximum of 10% of scattered bokeh]]
[2020.10.28-05.51.22:316][  0]LogConfig: Setting CVar [[r.DOF.Recombine.Quality:1                ; cheap slight out of focus]]
[2020.10.28-05.51.22:316][  0]LogConfig: Setting CVar [[r.DOF.Recombine.EnableBokehSettings:0    ; no bokeh simulation on slight out of focus]]
[2020.10.28-05.51.22:316][  0]LogConfig: Setting CVar [[r.DOF.TemporalAAQuality:1                ; more stable temporal accumulation]]
[2020.10.28-05.51.22:316][  0]LogConfig: Setting CVar [[r.DOF.Kernel.MaxForegroundRadius:0.025]]
[2020.10.28-05.51.22:316][  0]LogConfig: Setting CVar [[r.DOF.Kernel.MaxBackgroundRadius:0.025]]
[2020.10.28-05.51.22:316][  0]LogConfig: Applying CVar settings from Section [TextureQuality@3] File [C:/Users/tommy/Documents/GitHub/EscapeThePlate/EscapeThePlate/Saved/Config/Windows/Scalability.ini]
[2020.10.28-05.51.22:316][  0]LogConfig: Setting CVar [[r.Streaming.MipBias:0]]
[2020.10.28-05.51.22:316][  0]LogConfig: Setting CVar [[r.Streaming.AmortizeCPUToGPUCopy:0]]
[2020.10.28-05.51.22:316][  0]LogConfig: Setting CVar [[r.Streaming.MaxNumTexturesToStreamPerFrame:0]]
[2020.10.28-05.51.22:316][  0]LogConfig: Setting CVar [[r.Streaming.Boost:1]]
[2020.10.28-05.51.22:316][  0]LogConfig: Setting CVar [[r.MaxAnisotropy:8]]
[2020.10.28-05.51.22:316][  0]LogConfig: Setting CVar [[r.VT.MaxAnisotropy:8]]
[2020.10.28-05.51.22:316][  0]LogConfig: Setting CVar [[r.Streaming.LimitPoolSizeToVRAM:0]]
[2020.10.28-05.51.22:316][  0]LogConfig: Setting CVar [[r.Streaming.PoolSize:1000]]
[2020.10.28-05.51.22:316][  0]LogConfig: Setting CVar [[r.Streaming.MaxEffectiveScreenSize:0]]
[2020.10.28-05.51.22:316][  0]LogConfig: Applying CVar settings from Section [EffectsQuality@3] File [C:/Users/tommy/Documents/GitHub/EscapeThePlate/EscapeThePlate/Saved/Config/Windows/Scalability.ini]
[2020.10.28-05.51.22:316][  0]LogConfig: Setting CVar [[r.TranslucencyLightingVolumeDim:64]]
[2020.10.28-05.51.22:316][  0]LogConfig: Setting CVar [[r.RefractionQuality:2]]
[2020.10.28-05.51.22:316][  0]LogConfig: Setting CVar [[r.SSR.Quality:3]]
[2020.10.28-05.51.22:317][  0]LogConfig: Setting CVar [[r.SSR.HalfResSceneColor:0]]
[2020.10.28-05.51.22:317][  0]LogConfig: Setting CVar [[r.SceneColorFormat:4]]
[2020.10.28-05.51.22:317][  0]LogConfig: Setting CVar [[r.DetailMode:2]]
[2020.10.28-05.51.22:317][  0]LogConfig: Setting CVar [[r.TranslucencyVolumeBlur:1]]
[2020.10.28-05.51.22:317][  0]LogConfig: Setting CVar [[r.MaterialQualityLevel:1 ; High quality]]
[2020.10.28-05.51.22:317][  0]LogConfig: Setting CVar [[r.SSS.Scale:1]]
[2020.10.28-05.51.22:317][  0]LogConfig: Setting CVar [[r.SSS.SampleSet:2]]
[2020.10.28-05.51.22:317][  0]LogConfig: Setting CVar [[r.SSS.Quality:1]]
[2020.10.28-05.51.22:317][  0]LogConfig: Setting CVar [[r.SSS.HalfRes:0]]
[2020.10.28-05.51.22:317][  0]LogConfig: Setting CVar [[r.SSGI.Quality:3]]
[2020.10.28-05.51.22:317][  0]LogConfig: Setting CVar [[r.EmitterSpawnRateScale:1.0]]
[2020.10.28-05.51.22:317][  0]LogConfig: Setting CVar [[r.ParticleLightQuality:2]]
[2020.10.28-05.51.22:317][  0]LogConfig: Setting CVar [[r.SkyAtmosphere.AerialPerspectiveLUT.FastApplyOnOpaque:1 ; Always have FastSkyLUT 1 in this case to avoid wrong sky]]
[2020.10.28-05.51.22:317][  0]LogConfig: Setting CVar [[r.SkyAtmosphere.AerialPerspectiveLUT.SampleCountPerSlice:1]]
[2020.10.28-05.51.22:317][  0]LogConfig: Setting CVar [[r.SkyAtmosphere.AerialPerspectiveLUT.DepthResolution:16.0]]
[2020.10.28-05.51.22:317][  0]LogConfig: Setting CVar [[r.SkyAtmosphere.FastSkyLUT:1]]
[2020.10.28-05.51.22:317][  0]LogConfig: Setting CVar [[r.SkyAtmosphere.FastSkyLUT.SampleCountMin:4.0]]
[2020.10.28-05.51.22:317][  0]LogConfig: Setting CVar [[r.SkyAtmosphere.FastSkyLUT.SampleCountMax:32.0]]
[2020.10.28-05.51.22:317][  0]LogConfig: Setting CVar [[r.SkyAtmosphere.SampleCountMin:4.0]]
[2020.10.28-05.51.22:317][  0]LogConfig: Setting CVar [[r.SkyAtmosphere.SampleCountMax:32.0]]
[2020.10.28-05.51.22:317][  0]LogConfig: Setting CVar [[r.SkyAtmosphere.TransmittanceLUT.UseSmallFormat:0]]
[2020.10.28-05.51.22:317][  0]LogConfig: Setting CVar [[r.SkyAtmosphere.TransmittanceLUT.SampleCount:10.0]]
[2020.10.28-05.51.22:317][  0]LogConfig: Setting CVar [[r.SkyAtmosphere.MultiScatteringLUT.SampleCount:15.0]]
[2020.10.28-05.51.22:317][  0]LogConfig: Applying CVar settings from Section [FoliageQuality@3] File [C:/Users/tommy/Documents/GitHub/EscapeThePlate/EscapeThePlate/Saved/Config/Windows/Scalability.ini]
[2020.10.28-05.51.22:317][  0]LogConfig: Setting CVar [[foliage.DensityScale:1.0]]
[2020.10.28-05.51.22:317][  0]LogConfig: Setting CVar [[grass.DensityScale:1.0]]
[2020.10.28-05.51.22:317][  0]LogConfig: Applying CVar settings from Section [ShadingQuality@3] File [C:/Users/tommy/Documents/GitHub/EscapeThePlate/EscapeThePlate/Saved/Config/Windows/Scalability.ini]
[2020.10.28-05.51.22:317][  0]LogConfig: Setting CVar [[r.HairStrands.SkyLighting.SampleCount:16]]
[2020.10.28-05.51.22:318][  0]LogConfig: Setting CVar [[r.HairStrands.SkyLighting.JitterIntegration:0]]
[2020.10.28-05.51.22:318][  0]LogConfig: Setting CVar [[r.HairStrands.SkyAO.SampleCount:16]]
[2020.10.28-05.51.22:318][  0]LogConfig: Setting CVar [[r.HairStrands.DeepShadow.SuperSampling:0]]
[2020.10.28-05.51.22:318][  0]LogConfig: Setting CVar [[r.HairStrands.VisibilityPPLL:0]]
[2020.10.28-05.51.22:318][  0]LogConfig: Setting CVar [[r.HairStrands.RasterizationScale:0.5]]
[2020.10.28-05.51.22:318][  0]LogConfig: Setting CVar [[r.HairStrands.VelocityRasterizationScale:1]]
[2020.10.28-05.51.22:318][  0]LogConfig: Applying CVar settings from Section [Startup] File [../../../Engine/Config/ConsoleVariables.ini]
[2020.10.28-05.51.22:318][  0]LogConfig: Setting CVar [[net.UseAdaptiveNetUpdateFrequency:0]]
[2020.10.28-05.51.22:318][  0]LogConfig: Setting CVar [[p.chaos.AllowCreatePhysxBodies:1]]
[2020.10.28-05.51.22:318][  0]LogConfig: Setting CVar [[fx.SkipVectorVMBackendOptimizations:1]]
[2020.10.28-05.51.22:318][  0]LogConfig: Applying CVar settings from Section [ConsoleVariables] File [C:/Users/tommy/Documents/GitHub/EscapeThePlate/EscapeThePlate/Saved/Config/Windows/Engine.ini]
[2020.10.28-05.51.22:318][  0]LogInit: Computer: DESKTOP-LMU5NOS
[2020.10.28-05.51.22:318][  0]LogInit: User: tommy
[2020.10.28-05.51.22:318][  0]LogInit: CPU Page size=4096, Cores=8
[2020.10.28-05.51.22:318][  0]LogInit: High frequency timer resolution =10.000000 MHz
[2020.10.28-05.51.22:318][  0]LogMemory: Memory total: Physical=15.9GB (16GB approx)
[2020.10.28-05.51.22:318][  0]LogMemory: Platform Memory Stats for Windows
[2020.10.28-05.51.22:318][  0]LogMemory: Process Physical Memory: 117.32 MB used, 117.32 MB peak
[2020.10.28-05.51.22:319][  0]LogMemory: Process Virtual Memory: 112.12 MB used, 112.12 MB peak
[2020.10.28-05.51.22:319][  0]LogMemory: Physical Memory: 8904.98 MB used,  7411.48 MB free, 16316.45 MB total
[2020.10.28-05.51.22:319][  0]LogMemory: Virtual Memory: 5199.07 MB used,  134212528.00 MB free, 134217728.00 MB total
[2020.10.28-05.51.22:324][  0]LogWindows: WindowsPlatformFeatures enabled
[2020.10.28-05.51.22:796][  0]LogInit: Physics initialised using underlying interface: PhysX
[2020.10.28-05.51.22:797][  0]LogInit: Using OS detected language (en-US).
[2020.10.28-05.51.22:797][  0]LogInit: Using OS detected locale (en-US).
[2020.10.28-05.51.22:799][  0]LogTextLocalizationManager: No specific localization for 'en-US' exists, so the 'en' localization will be used.
[2020.10.28-05.51.22:911][  0]LogInit: Setting process to per monitor DPI aware
[2020.10.28-05.51.22:942][  0]LogSlate: New Slate User Created.  User Index 0, Is Virtual User: 0
[2020.10.28-05.51.22:942][  0]LogSlate: Slate User Registered.  User Index 0, Is Virtual User: 0
[2020.10.28-05.51.23:080][  0]LogHMD: Failed to initialize OpenVR with code 110
[2020.10.28-05.51.23:080][  0]LogD3D11RHI: D3D11 min allowed feature level: 11_0
[2020.10.28-05.51.23:080][  0]LogD3D11RHI: D3D11 max allowed feature level: 11_0
[2020.10.28-05.51.23:080][  0]LogD3D11RHI: D3D11 adapters:
[2020.10.28-05.51.23:156][  0]LogD3D11RHI:    0. 'NVIDIA GeForce RTX 2060 SUPER' (Feature Level 11_0)
[2020.10.28-05.51.23:156][  0]LogD3D11RHI:       8031/0/8158 MB DedicatedVideo/DedicatedSystem/SharedSystem, Outputs:1, VendorId:0x10de
[2020.10.28-05.51.23:168][  0]LogD3D11RHI:    1. 'Microsoft Basic Render Driver' (Feature Level 11_0)
[2020.10.28-05.51.23:168][  0]LogD3D11RHI:       0/0/8158 MB DedicatedVideo/DedicatedSystem/SharedSystem, Outputs:0, VendorId:0x1414
[2020.10.28-05.51.23:168][  0]LogD3D11RHI: Chosen D3D11 Adapter: 0
[2020.10.28-05.51.23:175][  0]LogD3D11RHI: Creating new Direct3DDevice
[2020.10.28-05.51.23:175][  0]LogD3D11RHI:     GPU DeviceId: 0x1f06 (for the marketing name, search the web for "GPU Device Id")
[2020.10.28-05.51.23:175][  0]LogWindows: EnumDisplayDevices:
[2020.10.28-05.51.23:175][  0]LogWindows:    0. 'NVIDIA GeForce RTX 2060 SUPER' (P:1 D:1)
[2020.10.28-05.51.23:175][  0]LogWindows:    1. 'NVIDIA GeForce RTX 2060 SUPER' (P:0 D:0)
[2020.10.28-05.51.23:175][  0]LogWindows:    2. 'NVIDIA GeForce RTX 2060 SUPER' (P:0 D:0)
[2020.10.28-05.51.23:176][  0]LogWindows:    3. 'NVIDIA GeForce RTX 2060 SUPER' (P:0 D:0)
[2020.10.28-05.51.23:176][  0]LogWindows: DebugString: FoundDriverCount:4 
[2020.10.28-05.51.23:176][  0]LogD3D11RHI:     Adapter Name: NVIDIA GeForce RTX 2060 SUPER
[2020.10.28-05.51.23:176][  0]LogD3D11RHI:   Driver Version: 442.59 (internal:26.21.14.4259, unified:442.59)
[2020.10.28-05.51.23:176][  0]LogD3D11RHI:      Driver Date: 3-4-2020
[2020.10.28-05.51.23:176][  0]LogRHI: Texture pool is 5621 MB (70% of 8031 MB)
[2020.10.28-05.51.23:226][  0]LogD3D11RHI: RHI has support for 64 bit atomics
[2020.10.28-05.51.23:227][  0]LogD3D11RHI: [Aftermath] Enabled and primed
[2020.10.28-05.51.23:227][  0]LogD3D11RHI: Async texture creation enabled
[2020.10.28-05.51.23:227][  0]LogD3D11RHI: Array index from any shader is supported
[2020.10.28-05.51.23:254][  0]LogD3D11RHI: GPU Timing Frequency: 1000.000000 (Debug: 2 2)
[2020.10.28-05.51.23:454][  0]LogTargetPlatformManager: Display: Loaded TargetPlatform 'AllDesktop'
[2020.10.28-05.51.23:470][  0]LogTargetPlatformManager: Display: Loaded TargetPlatform 'Android'
[2020.10.28-05.51.23:471][  0]LogTargetPlatformManager: Display: Loaded TargetPlatform 'Android_ASTC'
[2020.10.28-05.51.23:471][  0]LogTargetPlatformManager: Display: Loaded TargetPlatform 'Android_DXT'
[2020.10.28-05.51.23:471][  0]LogTargetPlatformManager: Display: Loaded TargetPlatform 'Android_ETC2'
[2020.10.28-05.51.23:471][  0]LogTargetPlatformManager: Display: Loaded TargetPlatform 'AndroidClient'
[2020.10.28-05.51.23:471][  0]LogTargetPlatformManager: Display: Loaded TargetPlatform 'Android_ASTCClient'
[2020.10.28-05.51.23:471][  0]LogTargetPlatformManager: Display: Loaded TargetPlatform 'Android_DXTClient'
[2020.10.28-05.51.23:471][  0]LogTargetPlatformManager: Display: Loaded TargetPlatform 'Android_ETC2Client'
[2020.10.28-05.51.23:471][  0]LogTargetPlatformManager: Display: Loaded TargetPlatform 'Android_Multi'
[2020.10.28-05.51.23:471][  0]LogTargetPlatformManager: Display: Loaded TargetPlatform 'Android_MultiClient'
[2020.10.28-05.51.23:493][  0]LogTargetPlatformManager: Display: Loaded TargetPlatform 'IOSClient'
[2020.10.28-05.51.23:493][  0]LogTargetPlatformManager: Display: Loaded TargetPlatform 'IOS'
[2020.10.28-05.51.23:501][  0]LogTargetPlatformManager: Display: Loaded TargetPlatform 'Linux'
[2020.10.28-05.51.23:509][  0]LogTargetPlatformManager: Display: Loaded TargetPlatform 'LinuxNoEditor'
[2020.10.28-05.51.23:516][  0]LogTargetPlatformManager: Display: Loaded TargetPlatform 'LinuxClient'
[2020.10.28-05.51.23:524][  0]LogTargetPlatformManager: Display: Loaded TargetPlatform 'LinuxServer'
[2020.10.28-05.51.23:532][  0]LogTargetPlatformManager: Display: Loaded TargetPlatform 'LinuxAArch64NoEditor'
[2020.10.28-05.51.23:540][  0]LogTargetPlatformManager: Display: Loaded TargetPlatform 'LinuxAArch64Client'
[2020.10.28-05.51.23:548][  0]LogTargetPlatformManager: Display: Loaded TargetPlatform 'LinuxAArch64Server'
[2020.10.28-05.51.23:568][  0]LogTargetPlatformManager: Display: Loaded TargetPlatform 'Lumin'
[2020.10.28-05.51.23:569][  0]LogTargetPlatformManager: Display: Loaded TargetPlatform 'LuminClient'
[2020.10.28-05.51.23:581][  0]LogTargetPlatformManager: Display: Loaded TargetPlatform 'TVOSClient'
[2020.10.28-05.51.23:581][  0]LogTargetPlatformManager: Display: Loaded TargetPlatform 'TVOS'
[2020.10.28-05.51.23:589][  0]LogTargetPlatformManager: Display: Loaded TargetPlatform 'WindowsNoEditor'
[2020.10.28-05.51.23:597][  0]LogTargetPlatformManager: Display: Loaded TargetPlatform 'Windows'
[2020.10.28-05.51.23:605][  0]LogTargetPlatformManager: Display: Loaded TargetPlatform 'WindowsClient'
[2020.10.28-05.51.23:612][  0]LogTargetPlatformManager: Display: Loaded TargetPlatform 'WindowsServer'
[2020.10.28-05.51.23:613][  0]LogTargetPlatformManager: Display: Building Assets For Windows
[2020.10.28-05.51.23:622][  0]LogAudioDebug: Display: Lib vorbis DLL was dynamically loaded.
[2020.10.28-05.51.23:702][  0]LogShaderCompilers: Guid format shader working directory is -16 characters bigger than the processId version (C:/Users/tommy/Documents/GitHub/EscapeThePlate/EscapeThePlate/Intermediate/Shaders/WorkingDirectory/20928/).
[2020.10.28-05.51.23:702][  0]LogShaderCompilers: Cleaned the shader compiler working directory 'C:/Users/tommy/AppData/Local/Temp/UnrealShaderWorkingDir/29D0553B4D4293E119955E80B28D2CD5/'.
[2020.10.28-05.51.23:702][  0]LogXGEController: Cannot use XGE Controller as Incredibuild is not installed on this machine.
[2020.10.28-05.51.23:702][  0]LogShaderCompilers: Cannot use XGE Shader Compiler as Incredibuild is not installed on this machine.
[2020.10.28-05.51.23:702][  0]LogShaderCompilers: Display: Using Local Shader Compiler.
[2020.10.28-05.51.24:288][  0]LogDerivedDataCache: Display: Max Cache Size: 512 MB
[2020.10.28-05.51.24:325][  0]LogDerivedDataCache: Loaded boot cache 0.04s 76MB C:/Users/tommy/AppData/Local/UnrealEngine/4.25/DerivedDataCache/Boot.ddc.
[2020.10.28-05.51.24:325][  0]LogDerivedDataCache: Display: Loaded Boot cache: C:/Users/tommy/AppData/Local/UnrealEngine/4.25/DerivedDataCache/Boot.ddc
[2020.10.28-05.51.24:325][  0]LogDerivedDataCache: FDerivedDataBackendGraph:  Pak pak cache file C:/Users/tommy/Documents/GitHub/EscapeThePlate/EscapeThePlate/DerivedDataCache/DDC.ddp not found, will not use a pak cache.
[2020.10.28-05.51.24:325][  0]LogDerivedDataCache: Unable to find inner node Pak for hierarchical cache Hierarchy.
[2020.10.28-05.51.24:325][  0]LogDerivedDataCache: FDerivedDataBackendGraph:  CompressedPak pak cache file C:/Users/tommy/Documents/GitHub/EscapeThePlate/EscapeThePlate/DerivedDataCache/Compressed.ddp not found, will not use a pak cache.
[2020.10.28-05.51.24:325][  0]LogDerivedDataCache: Unable to find inner node CompressedPak for hierarchical cache Hierarchy.
[2020.10.28-05.51.24:333][  0]LogDerivedDataCache: Display: Pak cache opened for reading ../../../Engine/DerivedDataCache/Compressed.ddp.
[2020.10.28-05.51.24:333][  0]LogDerivedDataCache: FDerivedDataBackendGraph:  EnterprisePak pak cache file ../../../Enterprise/DerivedDataCache/Compressed.ddp not found, will not use a pak cache.
[2020.10.28-05.51.24:333][  0]LogDerivedDataCache: Unable to find inner node EnterprisePak for hierarchical cache Hierarchy.
[2020.10.28-05.51.24:335][  0]LogDerivedDataCache: Using Local data cache path C:/Users/tommy/AppData/Local/UnrealEngine/Common/DerivedDataCache: Writable
[2020.10.28-05.51.24:335][  0]LogDerivedDataCache: Shared data cache path not found in *engine.ini, will not use an Shared cache.
[2020.10.28-05.51.24:335][  0]LogDerivedDataCache: Unable to find inner node Shared for hierarchical cache Hierarchy.
[2020.10.28-05.51.24:373][  0]LogSlate: Using FreeType 2.10.0
[2020.10.28-05.51.24:374][  0]LogSlate: SlateFontServices - WITH_FREETYPE: 1, WITH_HARFBUZZ: 1
[2020.10.28-05.51.24:395][  0]LogAssetRegistry: FAssetRegistry took 0.0031 seconds to start up
[2020.10.28-05.51.24:569][  0]LogInit: Selected Device Profile: [Windows]
[2020.10.28-05.51.24:664][  0]LogMeshReduction: Using QuadricMeshReduction for automatic static mesh reduction
[2020.10.28-05.51.24:665][  0]LogMeshReduction: Using SimplygonMeshReduction for automatic skeletal mesh reduction
[2020.10.28-05.51.24:665][  0]LogMeshReduction: Using ProxyLODMeshReduction for automatic mesh merging
[2020.10.28-05.51.24:665][  0]LogMeshReduction: No distributed automatic mesh merging module available
[2020.10.28-05.51.24:665][  0]LogMeshMerging: No distributed automatic mesh merging module available
[2020.10.28-05.51.24:676][  0]LogNetVersion: EscapeThePlate 1.0.0, NetCL: 13144385, EngineNetVer: 14, GameNetVer: 0 (Checksum: 3224281851)
[2020.10.28-05.51.24:974][  0]LogAISub: UAISubsystem::UAISubsystem AISubsystem (00000253F0AF8380), frame # 0
[2020.10.28-05.51.24:974][  0]LogAISub: UAISubsystem::UAISubsystem AIPerceptionSystem (00000253F1A2AAC0), frame # 0
[2020.10.28-05.51.24:975][  0]LogAISub: UAISubsystem::UAISubsystem EnvQueryManager (00000253F1A75E00), frame # 0
[2020.10.28-05.51.25:004][  0]LogPackageLocalizationCache: Processed 19 localized package path(s) for 1 prioritized culture(s) in 0.023797 seconds
[2020.10.28-05.51.25:008][  0]LogUObjectArray: 15917 objects as part of root set at end of initial load.
[2020.10.28-05.51.25:008][  0]LogUObjectAllocator: 3965568 out of 0 bytes used by permanent object pool.
[2020.10.28-05.51.25:008][  0]LogUObjectArray: CloseDisregardForGC: 0/0 objects in disregard for GC pool
[2020.10.28-05.51.25:360][  0]LogTcpMessaging: Initializing TcpMessaging bridge
[2020.10.28-05.51.25:365][  0]LogUdpMessaging: Initializing bridge on interface 0.0.0.0:0 to multicast group 230.0.0.1:6666.
[2020.10.28-05.51.25:492][  0]SourceControl: Source control is disabled
[2020.10.28-05.51.25:492][  0]SourceControl: Source control is disabled
[2020.10.28-05.51.25:495][  0]SourceControl: Source control is disabled
[2020.10.28-05.51.25:498][  0]SourceControl: Source control is disabled
[2020.10.28-05.51.25:504][  0]SourceControl: Source control is disabled
[2020.10.28-05.51.25:737][  0]LogAndroidPermission: UAndroidPermissionCallbackProxy::GetInstance
[2020.10.28-05.51.25:756][  0]LogAudioCaptureCore: Display: No Audio Capture implementations found. Audio input will be silent.
[2020.10.28-05.51.25:756][  0]LogAudioCaptureCore: Display: No Audio Capture implementations found. Audio input will be silent.
[2020.10.28-05.51.25:796][  0]LogOcInput: OculusInput pre-init called
[2020.10.28-05.51.25:805][  0]LogWindows: Failed to load 'OVRPlugin.dll' (GetLastError=126)
[2020.10.28-05.51.25:805][  0]LogWindows: File 'OVRPlugin.dll' does not exist
[2020.10.28-05.51.25:854][  0]LogEngine: Initializing Engine...
[2020.10.28-05.51.25:855][  0]LogHMD: Failed to initialize OpenVR with code 110
[2020.10.28-05.51.25:855][  0]LogMagicLeap: Warning: VR disabled because ZI is not enabled.  To enable, in the editor, Edit -> Project Settings -> Plugins -> Magic Leap Plugin -> Enable Zero Iteration
[2020.10.28-05.51.25:856][  0]LogStats: UGameplayTagsManager::InitializeManager -  0.000 s
[2020.10.28-05.51.25:944][  0]LogInit: Initializing FReadOnlyCVARCache
[2020.10.28-05.51.25:950][  0]LogAIModule: Creating AISystem for world Untitled
[2020.10.28-05.51.25:950][  0]LogAISub: UAISubsystem::UAISubsystem EnvQueryManager (00000253F38CDC00), frame # 0
[2020.10.28-05.51.25:950][  0]LogAISub: UAISubsystem::UAISubsystem AIPerceptionSystem (00000253F38C7240), frame # 0
[2020.10.28-05.51.25:965][  0]LogAudioMixer: Display: Audio Mixer Platform Settings:
[2020.10.28-05.51.25:965][  0]LogAudioMixer: Display: 	Sample Rate:						  48000
[2020.10.28-05.51.25:965][  0]LogAudioMixer: Display: 	Callback Buffer Frame Size Requested: 1024
[2020.10.28-05.51.25:965][  0]LogAudioMixer: Display: 	Callback Buffer Frame Size To Use:	  1024
[2020.10.28-05.51.25:965][  0]LogAudioMixer: Display: 	Number of buffers to queue:			  2
[2020.10.28-05.51.25:965][  0]LogAudioMixer: Display: 	Max Channels (voices):				  32
[2020.10.28-05.51.25:965][  0]LogAudioMixer: Display: 	Number of Async Source Workers:		  0
[2020.10.28-05.51.25:965][  0]LogAudio: Display: AudioDevice MaxSources: 32
[2020.10.28-05.51.25:966][  0]LogAudio: Display: Using built-in audio occlusion.
[2020.10.28-05.51.25:966][  0]LogAudioMixer: Display: Initializing audio mixer.
[2020.10.28-05.51.25:982][  0]LogAudioMixer: Display: 0: FrontLeft
[2020.10.28-05.51.25:982][  0]LogAudioMixer: Display: 1: FrontRight
[2020.10.28-05.51.26:033][  0]LogAudioMixer: Display: Using Audio Device Speakers (Realtek(R) Audio)
[2020.10.28-05.51.26:035][  0]LogAudioMixer: Display: Initializing Sound Submixes...
[2020.10.28-05.51.26:037][  0]LogAudioMixer: Display: Creating Master Submix 'MasterSubmixDefault'
[2020.10.28-05.51.26:037][  0]LogAudioMixer: Display: Creating Master Submix 'MasterReverbSubmixDefault'
[2020.10.28-05.51.26:037][  0]LogAudioMixer: Display: Creating Master Submix 'MasterEQSubmixDefault'
[2020.10.28-05.51.26:039][  0]LogInit: FAudioDevice initialized.
[2020.10.28-05.51.26:039][  0]LogNetVersion: Set ProjectVersion to 1.0.0.0. Version Checksum will be recalculated on next use.
[2020.10.28-05.51.26:235][  0]LogDerivedDataCache: Saved boot cache 0.20s 76MB C:/Users/tommy/AppData/Local/UnrealEngine/4.25/DerivedDataCache/Boot.ddc.
[2020.10.28-05.51.26:235][  0]LogInit: Texture streaming: Enabled
[2020.10.28-05.51.26:250][  0]LogEngineSessionManager: EngineSessionManager initialized
[2020.10.28-05.51.26:250][  0]LogEditorSessionSummary: Verbose: Initializing EditorSessionSummaryWriter for editor session tracking
[2020.10.28-05.51.26:253][  0]LogEditorSessionSummary: EditorSessionSummaryWriter initialized
[2020.10.28-05.51.26:283][  0]LogInit: Transaction tracking system initialized
[2020.10.28-05.51.26:303][  0]BlueprintLog: New page: Editor Load
[2020.10.28-05.51.26:365][  0]LocalizationService: Localization service is disabled
[2020.10.28-05.51.26:483][  0]LogCook: Display: Max memory allowance for cook 16384mb min free memory 0mb
[2020.10.28-05.51.26:483][  0]LogCook: Display: Mobile HDR setting 1
[2020.10.28-05.51.26:597][  0]LogFileCache: Scanning file cache for directory 'C:/Users/tommy/Documents/GitHub/EscapeThePlate/EscapeThePlate/Content/' took 0.00s
[2020.10.28-05.51.26:750][  0]SourceControl: Source control is disabled
[2020.10.28-05.51.26:750][  0]LogUnrealEdMisc: Loading editor; pre map load, took 6.011
[2020.10.28-05.51.26:750][  0]Cmd: MAP LOAD FILE="C:/Users/tommy/Documents/GitHub/EscapeThePlate/EscapeThePlate/Content/Levels/PrototypeLevel.umap" TEMPLATE=0 SHOWPROGRESS=1 FEATURELEVEL=3
[2020.10.28-05.51.26:750][  0]LightingResults: New page: Lighting Build
[2020.10.28-05.51.26:751][  0]LogWorld: UWorld::CleanupWorld for Untitled, bSessionEnded=true, bCleanupResources=true
[2020.10.28-05.51.26:751][  0]LogSlate: InvalidateAllWidgets triggered.  All widgets were invalidated
[2020.10.28-05.51.26:751][  0]MapCheck: New page: Map Check
[2020.10.28-05.51.26:751][  0]LightingResults: New page: Lighting Build
[2020.10.28-05.51.26:760][  0]LogAISub: UAISubsystem::~UAISubsystem EnvQueryManager (00000253F38CDC00), frame # 0
[2020.10.28-05.51.26:761][  0]LogAISub: UAISubsystem::~UAISubsystem AIPerceptionSystem (00000253F38C7240), frame # 0
[2020.10.28-05.51.26:761][  0]LogUObjectHash: Compacting FUObjectHashTables data took   0.82ms
[2020.10.28-05.51.26:881][  0]LogLinker: Error: HOTRELOADED_EscapeThePlateGameMode_3 has an inappropriate outermost, it was probably saved with a deprecated outer (file: C:/Users/tommy/Documents/GitHub/EscapeThePlate/EscapeThePlate/Content/Levels/PrototypeLevel.umap)
[2020.10.28-05.51.26:881][  0]LogLinker: Error: HOTRELOADED_EscapeThePlateGameMode_3 has an inappropriate outermost, it was probably saved with a deprecated outer (file: C:/Users/tommy/Documents/GitHub/EscapeThePlate/EscapeThePlate/Content/Levels/PrototypeLevel.umap)
[2020.10.28-05.51.26:881][  0]LogLinker: Error: HOTRELOADED_EscapeThePlateGameMode_3 has an inappropriate outermost, it was probably saved with a deprecated outer (file: C:/Users/tommy/Documents/GitHub/EscapeThePlate/EscapeThePlate/Content/Levels/PrototypeLevel.umap)
[2020.10.28-05.51.26:890][  0]LogLinker: Error: HOTRELOADED_EscapeThePlateGameMode_3 has an inappropriate outermost, it was probably saved with a deprecated outer (file: C:/Users/tommy/Documents/GitHub/EscapeThePlate/EscapeThePlate/Content/Levels/PrototypeLevel.umap)
[2020.10.28-05.51.26:890][  0]LogLinker: Error: HOTRELOADED_EscapeThePlateGameMode_3 has an inappropriate outermost, it was probably saved with a deprecated outer (file: C:/Users/tommy/Documents/GitHub/EscapeThePlate/EscapeThePlate/Content/Levels/PrototypeLevel.umap)
[2020.10.28-05.51.26:890][  0]LogLinker: Error: HOTRELOADED_EscapeThePlateGameMode_3 has an inappropriate outermost, it was probably saved with a deprecated outer (file: C:/Users/tommy/Documents/GitHub/EscapeThePlate/EscapeThePlate/Content/Levels/PrototypeLevel.umap)
[2020.10.28-05.51.26:941][  0]LogAIModule: Creating AISystem for world PrototypeLevel
[2020.10.28-05.51.26:941][  0]LogAISub: UAISubsystem::UAISubsystem EnvQueryManager (0000025387D6F800), frame # 0
[2020.10.28-05.51.26:941][  0]LogAISub: UAISubsystem::UAISubsystem AIPerceptionSystem (00000253869C7B00), frame # 0
[2020.10.28-05.51.26:949][  0]LogEditorServer: Finished looking for orphan Actors (0.000 secs)
[2020.10.28-05.51.26:961][  0]LogUObjectHash: Compacting FUObjectHashTables data took   0.68ms
[2020.10.28-05.51.26:962][  0]Cmd: MAP CHECKDEP NOCLEARLOG
[2020.10.28-05.51.26:962][  0]MapCheck: Map check complete: 0 Error(s), 0 Warning(s), took 0.134ms to complete.
[2020.10.28-05.51.26:962][  0]LogFileHelpers: Loading map 'PrototypeLevel' took 0.212
[2020.10.28-05.51.26:963][  0]LogUnrealEdMisc: Total Editor Startup Time, took 6.225
[2020.10.28-05.51.27:070][  0]LogSlate: Updating window title bar state: overlay mode, drag disabled, window buttons hidden, title bar hidden
[2020.10.28-05.51.27:076][  0]LogSlate: Updating window title bar state: overlay mode, drag disabled, window buttons hidden, title bar hidden
[2020.10.28-05.51.27:081][  0]LogSlate: Updating window title bar state: overlay mode, drag disabled, window buttons hidden, title bar hidden
[2020.10.28-05.51.27:086][  0]LogSlate: Updating window title bar state: overlay mode, drag disabled, window buttons hidden, title bar hidden
[2020.10.28-05.51.27:091][  0]LogCollectionManager: Loaded 0 collections in 0.000637 seconds
[2020.10.28-05.51.27:103][  0]LogFileCache: Scanning file cache for directory 'C:/Users/tommy/Documents/GitHub/EscapeThePlate/EscapeThePlate/Saved/Collections/' took 0.00s
[2020.10.28-05.51.27:103][  0]LogFileCache: Scanning file cache for directory 'C:/Users/tommy/Documents/GitHub/EscapeThePlate/EscapeThePlate/Content/Developers/tommy/Collections/' took 0.00s
[2020.10.28-05.51.27:103][  0]LogFileCache: Scanning file cache for directory 'C:/Users/tommy/Documents/GitHub/EscapeThePlate/EscapeThePlate/Content/Collections/' took 0.00s
[2020.10.28-05.51.27:103][  0]LogContentBrowser: Native class hierarchy populated in 0.0067 seconds. Added 3434 classes and 823 folders.
[2020.10.28-05.51.27:106][  0]LogContentBrowser: Native class hierarchy updated for 'WidgetCarousel' in 0.0003 seconds. Added 0 classes and 0 folders.
[2020.10.28-05.51.27:158][  0]LogContentBrowser: Native class hierarchy updated for 'AddContentDialog' in 0.0003 seconds. Added 0 classes and 0 folders.
[2020.10.28-05.51.27:161][  0]LogContentBrowser: Native class hierarchy updated for 'SceneOutliner' in 0.0003 seconds. Added 2 classes and 0 folders.
[2020.10.28-05.51.27:217][  0]LogSlate: Took 0.000152 seconds to synchronously load lazily loaded font '../../../Engine/Content/Slate/Fonts/Roboto-Regular.ttf' (155K)
[2020.10.28-05.51.27:218][  0]LogSlate: Took 0.000137 seconds to synchronously load lazily loaded font '../../../Engine/Content/Slate/Fonts/Roboto-Bold.ttf' (160K)
[2020.10.28-05.51.27:222][  0]LogSlate: Took 0.000137 seconds to synchronously load lazily loaded font '../../../Engine/Content/Editor/Slate/Fonts/FontAwesome.ttf' (139K)
[2020.10.28-05.51.27:266][  0]LogRenderer: Reallocating scene render targets to support 1068x572 Format 10 NumSamples 1 (Frame:1).
[2020.10.28-05.51.27:357][  0]LogContentBrowser: Native class hierarchy updated for 'HierarchicalLODOutliner' in 0.0003 seconds. Added 0 classes and 0 folders.
[2020.10.28-05.51.27:357][  0]LogLoad: (Engine Initialization) Total time: 6.62 seconds
[2020.10.28-05.51.27:357][  0]LogLoad: (Engine Initialization) Total Blueprint compile time: 0.00 seconds
[2020.10.28-05.51.27:386][  0]LogAssetRegistry: Asset discovery search completed in 2.9931 seconds
[2020.10.28-05.51.27:389][  0]LogCollectionManager: Fixed up redirectors for 0 collections in 0.000002 seconds (updated 0 objects)
[2020.10.28-05.51.27:390][  0]LogContentStreaming: Texture pool size now 1000 MB
[2020.10.28-05.51.27:525][  0]LogSlate: Took 0.000129 seconds to synchronously load lazily loaded font '../../../Engine/Content/Slate/Fonts/Roboto-Light.ttf' (167K)
[2020.10.28-05.51.28:375][101]LogSlate: Took 0.000172 seconds to synchronously load lazily loaded font '../../../Engine/Content/Slate/Fonts/Roboto-Light.ttf' (167K)
[2020.10.28-05.51.36:832][ 82]LogAssetEditorSubsystem: Opening Asset editor for World /Game/Levels/StartLevel.StartLevel
[2020.10.28-05.51.36:844][ 82]LogUObjectHash: Compacting FUObjectHashTables data took   0.62ms
[2020.10.28-05.51.36:846][ 82]Cmd: MAP LOAD FILE="C:/Users/tommy/Documents/GitHub/EscapeThePlate/EscapeThePlate/Content/Levels/StartLevel.umap" TEMPLATE=0 SHOWPROGRESS=1 FEATURELEVEL=3
[2020.10.28-05.51.36:846][ 82]LightingResults: New page: Lighting Build
[2020.10.28-05.51.36:846][ 82]LoadErrors: New page: Loading map: StartLevel.umap
[2020.10.28-05.51.36:847][ 82]LogWorld: UWorld::CleanupWorld for PrototypeLevel, bSessionEnded=true, bCleanupResources=true
[2020.10.28-05.51.36:847][ 82]LogSlate: InvalidateAllWidgets triggered.  All widgets were invalidated
[2020.10.28-05.51.36:847][ 82]MapCheck: New page: Map Check
[2020.10.28-05.51.36:847][ 82]LightingResults: New page: Lighting Build
[2020.10.28-05.51.36:857][ 82]LogAISub: UAISubsystem::~UAISubsystem EnvQueryManager (0000025387D6F800), frame # 1082
[2020.10.28-05.51.36:858][ 82]LogAISub: UAISubsystem::~UAISubsystem AIPerceptionSystem (00000253869C7B00), frame # 1082
[2020.10.28-05.51.36:858][ 82]LogUObjectHash: Compacting FUObjectHashTables data took   0.69ms
[2020.10.28-05.51.36:900][ 82]LogEditorServer: Finished looking for orphan Actors (0.000 secs)
[2020.10.28-05.51.36:900][ 82]LogAIModule: Creating AISystem for world StartLevel
[2020.10.28-05.51.36:900][ 82]LogAISub: UAISubsystem::UAISubsystem EnvQueryManager (0000025385CB9C00), frame # 1082
[2020.10.28-05.51.36:900][ 82]LogAISub: UAISubsystem::UAISubsystem AIPerceptionSystem (0000025393846E80), frame # 1082
[2020.10.28-05.51.36:909][ 82]LogUObjectHash: Compacting FUObjectHashTables data took   0.50ms
[2020.10.28-05.51.36:927][ 82]Cmd: MAP CHECKDEP NOCLEARLOG
[2020.10.28-05.51.36:927][ 82]MapCheck: Map check complete: 0 Error(s), 0 Warning(s), took 0.089ms to complete.
[2020.10.28-05.51.36:927][ 82]LogFileHelpers: Loading map 'StartLevel' took 0.082
[2020.10.28-05.51.37:844][189]LogTemp: Repeating last play command: Selected Viewport
[2020.10.28-05.51.37:854][189]LogPlayLevel: PlayLevel: No blueprints needed recompiling
[2020.10.28-05.51.37:854][189]PIE: New page: PIE session: StartLevel (Oct 27, 2020, 5:51:37 PM)
[2020.10.28-05.51.37:855][189]LogOnline: OSS: Creating online subsystem instance for: NULL
[2020.10.28-05.51.37:857][189]LogOnline: OSS: TryLoadSubsystemAndSetDefault: Loaded subsystem for module [NULL]
[2020.10.28-05.51.37:857][189]LogPlayLevel: Creating play world package: /Game/Levels/UEDPIE_0_StartLevel
[2020.10.28-05.51.37:857][189]LogPlayLevel: PIE: StaticDuplicateObject took: (0.000718s)
[2020.10.28-05.51.37:858][189]LogAIModule: Creating AISystem for world StartLevel
[2020.10.28-05.51.37:858][189]LogAISub: UAISubsystem::UAISubsystem EnvQueryManager (00000253A58EA800), frame # 1189
[2020.10.28-05.51.37:858][189]LogAISub: UAISubsystem::UAISubsystem AIPerceptionSystem (000002538800E480), frame # 1189
[2020.10.28-05.51.37:858][189]LogPlayLevel: PIE: World Init took: (0.000870s)
[2020.10.28-05.51.37:858][189]LogPlayLevel: PIE: Created PIE world by copying editor world from /Game/Levels/StartLevel.StartLevel to /Game/Levels/UEDPIE_0_StartLevel.StartLevel (0.001805s)
[2020.10.28-05.51.37:868][189]LogUObjectHash: Compacting FUObjectHashTables data took   0.47ms
[2020.10.28-05.51.37:869][189]LogAudioMixer: Display: Audio Mixer Platform Settings:
[2020.10.28-05.51.37:869][189]LogAudioMixer: Display: 	Sample Rate:						  48000
[2020.10.28-05.51.37:869][189]LogAudioMixer: Display: 	Callback Buffer Frame Size Requested: 1024
[2020.10.28-05.51.37:869][189]LogAudioMixer: Display: 	Callback Buffer Frame Size To Use:	  1024
[2020.10.28-05.51.37:869][189]LogAudioMixer: Display: 	Number of buffers to queue:			  2
[2020.10.28-05.51.37:869][189]LogAudioMixer: Display: 	Max Channels (voices):				  32
[2020.10.28-05.51.37:869][189]LogAudioMixer: Display: 	Number of Async Source Workers:		  0
[2020.10.28-05.51.37:869][189]LogAudio: Display: AudioDevice MaxSources: 32
[2020.10.28-05.51.37:869][189]LogAudio: Display: Using built-in audio occlusion.
[2020.10.28-05.51.37:869][189]LogAudioMixer: Display: Initializing audio mixer.
[2020.10.28-05.51.37:877][189]LogAudioMixer: Display: 0: FrontLeft
[2020.10.28-05.51.37:877][189]LogAudioMixer: Display: 1: FrontRight
[2020.10.28-05.51.37:909][189]LogAudioMixer: Display: Using Audio Device Speakers (Realtek(R) Audio)
[2020.10.28-05.51.37:909][189]LogAudioMixer: Display: Initializing Sound Submixes...
[2020.10.28-05.51.37:909][189]LogAudioMixer: Display: Creating Master Submix 'MasterSubmixDefault'
[2020.10.28-05.51.37:909][189]LogAudioMixer: Display: Creating Master Submix 'MasterReverbSubmixDefault'
[2020.10.28-05.51.37:909][189]LogAudioMixer: Display: Creating Master Submix 'MasterEQSubmixDefault'
[2020.10.28-05.51.37:919][189]LogInit: FAudioDevice initialized.
[2020.10.28-05.51.37:929][189]LogLoad: Game class is 'BPEscapeThePlateGameMode_C'
[2020.10.28-05.51.37:929][189]LogWorld: Bringing World /Game/Levels/UEDPIE_0_StartLevel.StartLevel up for play (max tick rate 0) at 2020.10.27-23.51.37
[2020.10.28-05.51.37:929][189]LogWorld: Bringing up level for play took: 0.000263
[2020.10.28-05.51.37:930][189]LogOnline: OSS: Creating online subsystem instance for: :Context_1
[2020.10.28-05.51.37:932][189]LogContentBrowser: Native class hierarchy updated for 'MovieSceneCapture' in 0.0003 seconds. Added 20 classes and 0 folders.
[2020.10.28-05.51.37:932][189]LogGameMode: Display: Match State Changed from EnteringMap to WaitingToStart
[2020.10.28-05.51.37:932][189]LogGameState: Match State Changed from EnteringMap to WaitingToStart
[2020.10.28-05.51.37:932][189]LogGameMode: Display: Match State Changed from WaitingToStart to InProgress
[2020.10.28-05.51.37:934][189]LogGameState: Match State Changed from WaitingToStart to InProgress
[2020.10.28-05.51.37:934][189]PIE: Server logged in
[2020.10.28-05.51.37:935][189]PIE: Play in editor total start time 0.082 seconds.
[2020.10.28-05.51.39:471][372]LogGameMode: Display: Match State Changed from InProgress to LeavingMap
[2020.10.28-05.51.39:471][372]LogGameState: Match State Changed from InProgress to LeavingMap
[2020.10.28-05.51.39:472][372]LogNet: Browse: /Game/Levels/AsianEatery_v3
[2020.10.28-05.51.39:472][372]LogLoad: LoadMap: /Game/Levels/AsianEatery_v3
[2020.10.28-05.51.39:472][372]LogWorld: BeginTearingDown for /Game/Levels/UEDPIE_0_StartLevel
[2020.10.28-05.51.39:472][372]LogWorld: UWorld::CleanupWorld for StartLevel, bSessionEnded=true, bCleanupResources=true
[2020.10.28-05.51.39:472][372]LogSlate: InvalidateAllWidgets triggered.  All widgets were invalidated
[2020.10.28-05.51.39:502][372]LogAISub: UAISubsystem::~UAISubsystem AIPerceptionSystem (000002538800E480), frame # 1372
[2020.10.28-05.51.39:503][372]LogAISub: UAISubsystem::~UAISubsystem EnvQueryManager (00000253A58EA800), frame # 1372
[2020.10.28-05.51.39:503][372]LogUObjectHash: Compacting FUObjectHashTables data took   0.50ms
[2020.10.28-05.51.39:553][372]LogAIModule: Creating AISystem for world AsianEatery_v3
[2020.10.28-05.51.39:553][372]LogAISub: UAISubsystem::UAISubsystem EnvQueryManager (00000253A65CBE00), frame # 1372
[2020.10.28-05.51.39:553][372]LogAISub: UAISubsystem::UAISubsystem AIPerceptionSystem (00000253883147C0), frame # 1372
[2020.10.28-05.51.39:553][372]LogLoad: Game class is 'BPEscapeThePlateGameMode_C'
[2020.10.28-05.51.39:557][372]LogWorld: Bringing World /Game/Levels/UEDPIE_0_AsianEatery_v3.AsianEatery_v3 up for play (max tick rate 0) at 2020.10.27-23.51.39
[2020.10.28-05.51.39:557][372]LogWorld: Bringing up level for play took: 0.003488
[2020.10.28-05.51.39:558][372]LogGameMode: Display: Match State Changed from EnteringMap to WaitingToStart
[2020.10.28-05.51.39:558][372]LogGameState: Match State Changed from EnteringMap to WaitingToStart
[2020.10.28-05.51.39:558][372]LogGameMode: Display: Match State Changed from WaitingToStart to InProgress
[2020.10.28-05.51.39:560][372]LogGameState: Match State Changed from WaitingToStart to InProgress
[2020.10.28-05.51.39:560][372]LogLoad: Took 0.088770 seconds to LoadMap(/Game/Levels/AsianEatery_v3)
[2020.10.28-05.51.39:560][372]LogBlueprintUserMessages: [GetPathNext_C_0] Getting path
[2020.10.28-05.51.42:954][779]LogTemp: Warning: 0.333336
[2020.10.28-05.51.42:963][780]LogTemp: Warning: 0.666672
[2020.10.28-05.51.42:971][781]LogTemp: Warning: 1.000008
[2020.10.28-05.51.42:980][782]LogTemp: Warning: 1.333344
[2020.10.28-05.51.42:988][783]LogTemp: Warning: 1.666680
[2020.10.28-05.51.42:996][784]LogTemp: Warning: 2.000016
[2020.10.28-05.51.43:005][785]LogTemp: Warning: 2.333352
[2020.10.28-05.51.43:013][786]LogTemp: Warning: 2.666688
[2020.10.28-05.51.43:021][787]LogTemp: Warning: 3.000024
[2020.10.28-05.51.43:030][788]LogTemp: Warning: 3.333360
[2020.10.28-05.51.43:038][789]LogTemp: Warning: 3.666696
[2020.10.28-05.51.43:046][790]LogTemp: Warning: 4.000031
[2020.10.28-05.51.43:055][791]LogTemp: Warning: 4.333367
[2020.10.28-05.51.43:063][792]LogTemp: Warning: 4.666703
[2020.10.28-05.51.43:072][793]LogTemp: Warning: 5.000039
[2020.10.28-05.51.43:080][794]LogTemp: Warning: 5.333379
[2020.10.28-05.51.43:088][795]LogTemp: Warning: 5.666715
[2020.10.28-05.51.43:096][796]LogTemp: Warning: 6.000051
[2020.10.28-05.51.43:105][797]LogTemp: Warning: 6.333387
[2020.10.28-05.51.43:113][798]LogTemp: Warning: 6.666723
[2020.10.28-05.51.43:121][799]LogTemp: Warning: 7.000059
[2020.10.28-05.51.43:130][800]LogTemp: Warning: 7.333395
[2020.10.28-05.51.43:138][801]LogTemp: Warning: 7.666730
[2020.10.28-05.51.43:146][802]LogTemp: Warning: 8.000067
[2020.10.28-05.51.43:155][803]LogTemp: Warning: 8.333403
[2020.10.28-05.51.43:163][804]LogTemp: Warning: 8.666739
[2020.10.28-05.51.43:171][805]LogTemp: Warning: 9.000074
[2020.10.28-05.51.43:179][806]LogTemp: Warning: 9.333410
[2020.10.28-05.51.43:187][807]LogTemp: Warning: 9.666746
[2020.10.28-05.51.43:196][808]LogTemp: Warning: 10.000086
[2020.10.28-05.51.43:204][809]LogTemp: Warning: 10.333422
[2020.10.28-05.51.43:212][810]LogTemp: Warning: 10.666758
[2020.10.28-05.51.43:221][811]LogTemp: Warning: 11.000093
[2020.10.28-05.51.43:229][812]LogTemp: Warning: 11.333429
[2020.10.28-05.51.43:237][813]LogTemp: Warning: 11.666765
[2020.10.28-05.51.43:246][814]LogTemp: Warning: 12.000101
[2020.10.28-05.51.43:254][815]LogTemp: Warning: 12.333437
[2020.10.28-05.51.43:262][816]LogTemp: Warning: 12.666773
[2020.10.28-05.51.43:271][817]LogTemp: Warning: 13.000109
[2020.10.28-05.51.43:279][818]LogTemp: Warning: 13.333445
[2020.10.28-05.51.43:287][819]LogTemp: Warning: 13.666784
[2020.10.28-05.51.43:296][820]LogTemp: Warning: 14.000124
[2020.10.28-05.51.43:304][821]LogTemp: Warning: 14.333460
[2020.10.28-05.51.43:312][822]LogTemp: Warning: 14.666796
[2020.10.28-05.51.43:321][823]LogTemp: Warning: 15.000132
[2020.10.28-05.51.43:329][824]LogTemp: Warning: 15.333467
[2020.10.28-05.51.43:338][825]LogTemp: Warning: 15.666803
[2020.10.28-05.51.43:346][826]LogTemp: Warning: 16.000139
[2020.10.28-05.51.43:354][827]LogTemp: Warning: 16.333479
[2020.10.28-05.51.43:363][828]LogTemp: Warning: 16.666815
[2020.10.28-05.51.43:371][829]LogTemp: Warning: 17.000154
[2020.10.28-05.51.43:379][830]LogTemp: Warning: 17.333490
[2020.10.28-05.51.43:388][831]LogTemp: Warning: 17.666826
[2020.10.28-05.51.43:397][832]LogTemp: Warning: 18.000162
[2020.10.28-05.51.43:405][833]LogTemp: Warning: 18.333498
[2020.10.28-05.51.43:413][834]LogTemp: Warning: 18.666834
[2020.10.28-05.51.43:421][835]LogTemp: Warning: 19.000170
[2020.10.28-05.51.43:430][836]LogTemp: Warning: 19.333506
[2020.10.28-05.51.43:438][837]LogTemp: Warning: 19.666842
[2020.10.28-05.51.43:446][838]LogTemp: Warning: 20.000177
[2020.10.28-05.51.43:455][839]LogTemp: Warning: 20.333513
[2020.10.28-05.51.43:463][840]LogTemp: Warning: 20.666849
[2020.10.28-05.51.43:471][841]LogTemp: Warning: 21.000185
[2020.10.28-05.51.43:480][842]LogTemp: Warning: 21.333521
[2020.10.28-05.51.43:488][843]LogTemp: Warning: 21.666857
[2020.10.28-05.51.43:496][844]LogTemp: Warning: 22.000193
[2020.10.28-05.51.43:505][845]LogTemp: Warning: 22.333529
[2020.10.28-05.51.43:513][846]LogTemp: Warning: 22.666864
[2020.10.28-05.51.43:521][847]LogTemp: Warning: 23.000200
[2020.10.28-05.51.43:530][848]LogTemp: Warning: 23.333540
[2020.10.28-05.51.43:538][849]LogTemp: Warning: 23.666876
[2020.10.28-05.51.43:547][850]LogTemp: Warning: 24.000212
[2020.10.28-05.51.43:555][851]LogTemp: Warning: 24.333551
[2020.10.28-05.51.43:563][852]LogTemp: Warning: 24.666887
[2020.10.28-05.51.43:572][853]LogTemp: Warning: 25.000223
[2020.10.28-05.51.43:580][854]LogTemp: Warning: 25.333719
[2020.10.28-05.51.43:587][855]LogTemp: Warning: 25.667055
[2020.10.28-05.51.43:596][856]LogTemp: Warning: 26.000391
[2020.10.28-05.51.43:604][857]LogTemp: Warning: 26.333727
[2020.10.28-05.51.43:612][858]LogTemp: Warning: 26.667063
[2020.10.28-05.51.43:621][859]LogTemp: Warning: 27.000399
[2020.10.28-05.51.43:629][860]LogTemp: Warning: 27.333735
[2020.10.28-05.51.43:637][861]LogTemp: Warning: 27.667070
[2020.10.28-05.51.43:646][862]LogTemp: Warning: 28.000406
[2020.10.28-05.51.43:654][863]LogTemp: Warning: 28.333742
[2020.10.28-05.51.43:663][864]LogTemp: Warning: 28.667078
[2020.10.28-05.51.43:671][865]LogTemp: Warning: 29.000414
[2020.10.28-05.51.43:679][866]LogTemp: Warning: 29.333750
[2020.10.28-05.51.43:688][867]LogTemp: Warning: 29.667086
[2020.10.28-05.51.43:696][868]LogTemp: Warning: 30.000422
[2020.10.28-05.51.43:704][869]LogTemp: Warning: 30.333757
[2020.10.28-05.51.43:713][870]LogTemp: Warning: 30.667093
[2020.10.28-05.51.43:721][871]LogTemp: Warning: 31.000429
[2020.10.28-05.51.43:729][872]LogTemp: Warning: 31.333765
[2020.10.28-05.51.43:738][873]LogTemp: Warning: 31.667101
[2020.10.28-05.51.43:746][874]LogTemp: Warning: 32.000439
[2020.10.28-05.51.43:754][875]LogTemp: Warning: 32.333775
[2020.10.28-05.51.43:763][876]LogTemp: Warning: 32.667110
[2020.10.28-05.51.43:771][877]LogTemp: Warning: 33.000446
[2020.10.28-05.51.43:779][878]LogTemp: Warning: 33.333786
[2020.10.28-05.51.43:788][879]LogTemp: Warning: 33.667122
[2020.10.28-05.51.43:796][880]LogTemp: Warning: 34.000458
[2020.10.28-05.51.43:804][881]LogTemp: Warning: 34.333794
[2020.10.28-05.51.43:813][882]LogTemp: Warning: 34.667130
[2020.10.28-05.51.43:821][883]LogTemp: Warning: 35.000465
[2020.10.28-05.51.43:830][884]LogTemp: Warning: 35.333801
[2020.10.28-05.51.43:838][885]LogTemp: Warning: 35.667137
[2020.10.28-05.51.43:846][886]LogTemp: Warning: 36.000473
[2020.10.28-05.51.43:855][887]LogTemp: Warning: 36.333809
[2020.10.28-05.51.43:863][888]LogTemp: Warning: 36.667145
[2020.10.28-05.51.43:871][889]LogTemp: Warning: 37.000481
[2020.10.28-05.51.43:880][890]LogTemp: Warning: 37.333817
[2020.10.28-05.51.43:888][891]LogTemp: Warning: 37.667152
[2020.10.28-05.51.43:896][892]LogTemp: Warning: 38.000488
[2020.10.28-05.51.43:905][893]LogTemp: Warning: 38.333824
[2020.10.28-05.51.43:913][894]LogTemp: Warning: 38.667160
[2020.10.28-05.51.43:921][895]LogTemp: Warning: 39.000496
[2020.10.28-05.51.43:930][896]LogTemp: Warning: 39.333832
[2020.10.28-05.51.43:938][897]LogTemp: Warning: 39.667168
[2020.10.28-05.51.43:946][898]LogTemp: Warning: 40.000504
[2020.10.28-05.51.43:955][899]LogTemp: Warning: 40.333958
[2020.10.28-05.51.43:963][900]LogTemp: Warning: 40.667294
[2020.10.28-05.51.43:971][901]LogTemp: Warning: 41.000629
[2020.10.28-05.51.43:980][902]LogTemp: Warning: 41.333965
[2020.10.28-05.51.43:988][903]LogTemp: Warning: 41.667301
[2020.10.28-05.51.43:997][904]LogTemp: Warning: 42.000637
[2020.10.28-05.51.44:005][905]LogTemp: Warning: 42.333973
[2020.10.28-05.51.44:013][906]LogTemp: Warning: 42.667309
[2020.10.28-05.51.44:021][907]LogTemp: Warning: 43.000645
[2020.10.28-05.51.44:029][908]LogTemp: Warning: 43.333981
[2020.10.28-05.51.44:038][909]LogTemp: Warning: 43.667316
[2020.10.28-05.51.44:046][910]LogTemp: Warning: 44.000652
[2020.10.28-05.51.44:054][911]LogTemp: Warning: 44.333988
[2020.10.28-05.51.44:063][912]LogTemp: Warning: 44.667324
[2020.10.28-05.51.44:071][913]LogTemp: Warning: 45.000660
[2020.10.28-05.51.44:080][914]LogTemp: Warning: 45.333996
[2020.10.28-05.51.44:088][915]LogTemp: Warning: 45.667332
[2020.10.28-05.51.45:071][ 33]LogTemp: Warning: 46.000668
[2020.10.28-05.51.45:080][ 34]LogTemp: Warning: 46.334003
[2020.10.28-05.51.45:088][ 35]LogTemp: Warning: 46.667339
[2020.10.28-05.51.45:096][ 36]LogTemp: Warning: 47.000675
[2020.10.28-05.51.45:105][ 37]LogTemp: Warning: 47.334011
[2020.10.28-05.51.45:113][ 38]LogTemp: Warning: 47.667347
[2020.10.28-05.51.45:122][ 39]LogTemp: Warning: 48.000683
[2020.10.28-05.51.45:130][ 40]LogTemp: Warning: 48.334019
[2020.10.28-05.51.45:138][ 41]LogTemp: Warning: 48.667355
[2020.10.28-05.51.45:147][ 42]LogTemp: Warning: 49.000690
[2020.10.28-05.51.45:154][ 43]LogTemp: Warning: 49.334026
[2020.10.28-05.51.45:162][ 44]LogTemp: Warning: 49.667362
[2020.10.28-05.51.45:171][ 45]LogTemp: Warning: 50.000698
[2020.10.28-05.51.45:179][ 46]LogTemp: Warning: 50.334034
[2020.10.28-05.51.45:187][ 47]LogTemp: Warning: 50.667370
[2020.10.28-05.51.45:196][ 48]LogTemp: Warning: 51.000706
[2020.10.28-05.51.45:204][ 49]LogTemp: Warning: 51.334042
[2020.10.28-05.51.45:212][ 50]LogTemp: Warning: 51.667377
[2020.10.28-05.51.45:221][ 51]LogTemp: Warning: 52.000713
[2020.10.28-05.51.45:229][ 52]LogTemp: Warning: 52.334049
[2020.10.28-05.51.45:237][ 53]LogTemp: Warning: 52.667385
[2020.10.28-05.51.45:246][ 54]LogTemp: Warning: 53.000721
[2020.10.28-05.51.45:254][ 55]LogTemp: Warning: 53.334057
[2020.10.28-05.51.45:263][ 56]LogTemp: Warning: 53.667393
[2020.10.28-05.51.45:271][ 57]LogTemp: Warning: 54.000732
[2020.10.28-05.51.45:279][ 58]LogTemp: Warning: 54.334068
[2020.10.28-05.51.45:288][ 59]LogTemp: Warning: 54.667404
[2020.10.28-05.51.45:296][ 60]LogTemp: Warning: 55.000740
[2020.10.28-05.51.45:304][ 61]LogTemp: Warning: 55.334076
[2020.10.28-05.51.45:313][ 62]LogTemp: Warning: 55.667412
[2020.10.28-05.51.45:321][ 63]LogTemp: Warning: 56.000748
[2020.10.28-05.51.45:330][ 64]LogTemp: Warning: 56.334084
[2020.10.28-05.51.45:338][ 65]LogTemp: Warning: 56.667419
[2020.10.28-05.51.45:346][ 66]LogTemp: Warning: 57.000759
[2020.10.28-05.51.45:355][ 67]LogTemp: Warning: 57.334095
[2020.10.28-05.51.45:363][ 68]LogTemp: Warning: 57.667431
[2020.10.28-05.51.45:371][ 69]LogTemp: Warning: 58.000767
[2020.10.28-05.51.45:380][ 70]LogTemp: Warning: 58.334103
[2020.10.28-05.51.45:388][ 71]LogTemp: Warning: 58.667442
[2020.10.28-05.51.45:397][ 72]LogTemp: Warning: 59.000778
[2020.10.28-05.51.45:405][ 73]LogTemp: Warning: 59.334114
[2020.10.28-05.51.45:413][ 74]LogTemp: Warning: 59.667450
[2020.10.28-05.51.45:421][ 75]LogTemp: Warning: 60.000786
[2020.10.28-05.51.45:430][ 76]LogTemp: Warning: 60.334126
[2020.10.28-05.51.45:438][ 77]LogTemp: Warning: 60.667461
[2020.10.28-05.51.45:447][ 78]LogTemp: Warning: 61.000797
[2020.10.28-05.51.45:455][ 79]LogTemp: Warning: 61.334133
[2020.10.28-05.51.45:463][ 80]LogTemp: Warning: 61.667469
[2020.10.28-05.51.45:472][ 81]LogTemp: Warning: 62.000805
[2020.10.28-05.51.45:480][ 82]LogTemp: Warning: 62.334141
[2020.10.28-05.51.45:488][ 83]LogTemp: Warning: 62.667477
[2020.10.28-05.51.45:497][ 84]LogTemp: Warning: 63.000813
[2020.10.28-05.51.45:505][ 85]LogTemp: Warning: 63.334148
[2020.10.28-05.51.45:513][ 86]LogTemp: Warning: 63.667484
[2020.10.28-05.51.45:522][ 87]LogTemp: Warning: 64.000824
[2020.10.28-05.51.45:529][ 88]LogTemp: Warning: 64.334160
[2020.10.28-05.51.45:537][ 89]LogTemp: Warning: 64.667496
[2020.10.28-05.51.45:546][ 90]LogTemp: Warning: 65.000832
[2020.10.28-05.51.45:554][ 91]LogTemp: Warning: 65.334167
[2020.10.28-05.51.45:563][ 92]LogTemp: Warning: 65.667503
[2020.10.28-05.51.45:571][ 93]LogTemp: Warning: 66.000839
[2020.10.28-05.51.45:580][ 94]LogTemp: Warning: 66.334183
[2020.10.28-05.51.45:588][ 95]LogTemp: Warning: 66.667519
[2020.10.28-05.51.45:596][ 96]LogTemp: Warning: 67.000854
[2020.10.28-05.51.45:605][ 97]LogTemp: Warning: 67.334198
[2020.10.28-05.51.45:613][ 98]LogTemp: Warning: 67.667534
[2020.10.28-05.51.45:621][ 99]LogTemp: Warning: 68.000870
[2020.10.28-05.51.45:630][100]LogTemp: Warning: 68.334206
[2020.10.28-05.51.45:638][101]LogTemp: Warning: 68.667542
[2020.10.28-05.51.45:646][102]LogTemp: Warning: 69.000877
[2020.10.28-05.51.45:655][103]LogTemp: Warning: 69.334213
[2020.10.28-05.51.45:663][104]LogTemp: Warning: 69.667549
[2020.10.28-05.51.45:671][105]LogTemp: Warning: 70.000885
[2020.10.28-05.51.45:680][106]LogTemp: Warning: 70.334221
[2020.10.28-05.51.45:688][107]LogTemp: Warning: 70.667557
[2020.10.28-05.51.45:696][108]LogTemp: Warning: 71.000893
[2020.10.28-05.51.45:705][109]LogTemp: Warning: 71.334229
[2020.10.28-05.51.45:713][110]LogTemp: Warning: 71.667564
[2020.10.28-05.51.45:722][111]LogTemp: Warning: 72.000900
[2020.10.28-05.51.45:729][112]LogTemp: Warning: 72.334244
[2020.10.28-05.51.45:738][113]LogTemp: Warning: 72.667580
[2020.10.28-05.51.45:746][114]LogTemp: Warning: 73.000916
[2020.10.28-05.51.45:754][115]LogTemp: Warning: 73.334259
[2020.10.28-05.51.45:762][116]LogTemp: Warning: 73.667595
[2020.10.28-05.51.45:771][117]LogTemp: Warning: 74.000931
[2020.10.28-05.51.45:779][118]LogTemp: Warning: 74.334274
[2020.10.28-05.51.45:788][119]LogTemp: Warning: 74.667610
[2020.10.28-05.51.45:796][120]LogTemp: Warning: 75.000946
[2020.10.28-05.51.45:804][121]LogTemp: Warning: 75.334282
[2020.10.28-05.51.45:813][122]LogTemp: Warning: 75.667625
[2020.10.28-05.51.45:821][123]LogTemp: Warning: 76.000961
[2020.10.28-05.51.45:829][124]LogTemp: Warning: 76.334297
[2020.10.28-05.51.45:838][125]LogTemp: Warning: 76.667633
[2020.10.28-05.51.45:846][126]LogTemp: Warning: 77.000969
[2020.10.28-05.51.45:854][127]LogTemp: Warning: 77.334305
[2020.10.28-05.51.45:863][128]LogTemp: Warning: 77.667641
[2020.10.28-05.51.45:871][129]LogTemp: Warning: 78.000977
[2020.10.28-05.51.45:879][130]LogTemp: Warning: 78.334312
[2020.10.28-05.51.45:888][131]LogTemp: Warning: 78.667648
[2020.10.28-05.51.45:896][132]LogTemp: Warning: 79.000984
[2020.10.28-05.51.45:904][133]LogTemp: Warning: 79.334320
[2020.10.28-05.51.45:913][134]LogTemp: Warning: 79.667664
[2020.10.28-05.51.45:921][135]LogTemp: Warning: 80.000999
[2020.10.28-05.51.45:929][136]LogTemp: Warning: 80.334335
[2020.10.28-05.51.45:938][137]LogTemp: Warning: 80.667671
[2020.10.28-05.51.45:946][138]LogTemp: Warning: 81.001007
[2020.10.28-05.51.45:955][139]LogTemp: Warning: 81.334343
[2020.10.28-05.51.45:963][140]LogTemp: Warning: 81.667679
[2020.10.28-05.51.45:971][141]LogTemp: Warning: 82.001015
[2020.10.28-05.51.45:980][142]LogTemp: Warning: 82.334351
[2020.10.28-05.51.45:988][143]LogTemp: Warning: 82.667686
[2020.10.28-05.51.45:996][144]LogTemp: Warning: 83.001022
[2020.10.28-05.51.46:005][145]LogTemp: Warning: 83.334358
[2020.10.28-05.51.46:013][146]LogTemp: Warning: 83.667694
[2020.10.28-05.51.46:021][147]LogTemp: Warning: 84.001030
[2020.10.28-05.51.46:030][148]LogTemp: Warning: 84.334366
[2020.10.28-05.51.46:038][149]LogTemp: Warning: 84.667702
[2020.10.28-05.51.46:046][150]LogTemp: Warning: 85.001038
[2020.10.28-05.51.46:055][151]LogTemp: Warning: 85.334373
[2020.10.28-05.51.46:063][152]LogTemp: Warning: 85.667709
[2020.10.28-05.51.46:071][153]LogTemp: Warning: 86.001053
[2020.10.28-05.51.46:079][154]LogTemp: Warning: 86.334389
[2020.10.28-05.51.46:088][155]LogTemp: Warning: 86.667725
[2020.10.28-05.51.46:097][156]LogTemp: Warning: 87.001060
[2020.10.28-05.51.46:104][157]LogTemp: Warning: 87.334396
[2020.10.28-05.51.47:088][275]LogTemp: Warning: 87.667732
[2020.10.28-05.51.47:096][276]LogTemp: Warning: 88.001068
[2020.10.28-05.51.47:104][277]LogTemp: Warning: 88.334404
[2020.10.28-05.51.47:113][278]LogTemp: Warning: 88.667740
[2020.10.28-05.51.47:121][279]LogTemp: Warning: 89.001076
[2020.10.28-05.51.47:129][280]LogTemp: Warning: 89.334412
[2020.10.28-05.51.47:138][281]LogTemp: Warning: 89.667747
[2020.10.28-05.51.47:146][282]LogTemp: Warning: 90.001091
[2020.10.28-05.51.47:154][283]LogTemp: Warning: 90.334427
[2020.10.28-05.51.47:163][284]LogTemp: Warning: 90.667763
[2020.10.28-05.51.47:171][285]LogTemp: Warning: 91.001099
[2020.10.28-05.51.47:179][286]LogTemp: Warning: 91.334435
[2020.10.28-05.51.47:187][287]LogTemp: Warning: 91.667770
[2020.10.28-05.51.47:196][288]LogTemp: Warning: 92.001106
[2020.10.28-05.51.47:204][289]LogTemp: Warning: 92.334442
[2020.10.28-05.51.47:213][290]LogTemp: Warning: 92.667778
[2020.10.28-05.51.47:221][291]LogTemp: Warning: 93.001114
[2020.10.28-05.51.47:229][292]LogTemp: Warning: 93.334450
[2020.10.28-05.51.47:238][293]LogTemp: Warning: 93.667786
[2020.10.28-05.51.47:246][294]LogTemp: Warning: 94.001122
[2020.10.28-05.51.47:255][295]LogTemp: Warning: 94.334457
[2020.10.28-05.51.47:263][296]LogTemp: Warning: 94.667793
[2020.10.28-05.51.47:271][297]LogTemp: Warning: 95.001129
[2020.10.28-05.51.47:279][298]LogTemp: Warning: 95.334465
[2020.10.28-05.51.47:288][299]LogTemp: Warning: 95.667801
[2020.10.28-05.51.47:296][300]LogTemp: Warning: 96.001137
[2020.10.28-05.51.47:305][301]LogTemp: Warning: 96.334473
[2020.10.28-05.51.47:313][302]LogTemp: Warning: 96.667809
[2020.10.28-05.51.47:322][303]LogTemp: Warning: 97.001144
[2020.10.28-05.51.47:330][304]LogTemp: Warning: 97.334480
[2020.10.28-05.51.47:338][305]LogTemp: Warning: 97.667816
[2020.10.28-05.51.47:347][306]LogTemp: Warning: 98.001152
[2020.10.28-05.51.47:355][307]LogTemp: Warning: 98.334488
[2020.10.28-05.51.47:363][308]LogTemp: Warning: 98.667824
[2020.10.28-05.51.47:372][309]LogTemp: Warning: 99.001160
[2020.10.28-05.51.47:380][310]LogTemp: Warning: 99.334496
[2020.10.28-05.51.47:387][311]LogTemp: Warning: 99.667831
[2020.10.28-05.51.47:396][312]LogTemp: Warning: 100.001167
[2020.10.28-05.51.47:396][312]LogBlueprintUserMessages: [BPEscapeThePlateGameMode_C_0] Game Over!
[2020.10.28-05.52.09:202][312]LogTemp: Resetting audio stream to device id 
[2020.10.28-05.52.09:226][312]LogAudioMixer: Display: 0: FrontLeft
[2020.10.28-05.52.09:226][312]LogAudioMixer: Display: 1: FrontRight
[2020.10.28-05.52.09:261][312]LogTemp: Resetting audio stream to device id 
[2020.10.28-05.52.09:291][312]LogAudioMixer: Display: 0: FrontLeft
[2020.10.28-05.52.09:291][312]LogAudioMixer: Display: 1: FrontRight
[2020.10.28-05.52.11:476][446]LogBlueprintUserMessages: [GetPathNext_C_0] Getting path
[2020.10.28-05.52.11:651][467]LogGameMode: Display: Match State Changed from InProgress to LeavingMap
[2020.10.28-05.52.11:651][467]LogGameState: Match State Changed from InProgress to LeavingMap
[2020.10.28-05.52.11:651][467]LogNet: Browse: /Game/Levels/StartLevel
[2020.10.28-05.52.11:651][467]LogLoad: LoadMap: /Game/Levels/StartLevel
[2020.10.28-05.52.11:651][467]LogWorld: BeginTearingDown for /Game/Levels/UEDPIE_0_AsianEatery_v3
[2020.10.28-05.52.11:652][467]LogWorld: UWorld::CleanupWorld for AsianEatery_v3, bSessionEnded=true, bCleanupResources=true
[2020.10.28-05.52.11:652][467]LogSlate: InvalidateAllWidgets triggered.  All widgets were invalidated
[2020.10.28-05.52.11:685][467]LogAISub: UAISubsystem::~UAISubsystem AIPerceptionSystem (00000253883147C0), frame # 2467
[2020.10.28-05.52.11:685][467]LogAISub: UAISubsystem::~UAISubsystem EnvQueryManager (00000253A65CBE00), frame # 2467
[2020.10.28-05.52.11:686][467]LogUObjectHash: Compacting FUObjectHashTables data took   0.52ms
[2020.10.28-05.52.11:687][467]LogPlayLevel: Creating play world package: /Game/Levels/UEDPIE_0_StartLevel
[2020.10.28-05.52.11:688][467]LogPlayLevel: PIE: StaticDuplicateObject took: (0.000751s)
[2020.10.28-05.52.11:689][467]LogAIModule: Creating AISystem for world StartLevel
[2020.10.28-05.52.11:689][467]LogAISub: UAISubsystem::UAISubsystem EnvQueryManager (00000253A0262600), frame # 2467
[2020.10.28-05.52.11:689][467]LogAISub: UAISubsystem::UAISubsystem AIPerceptionSystem (0000025388315300), frame # 2467
[2020.10.28-05.52.11:689][467]LogPlayLevel: PIE: World Init took: (0.000863s)
[2020.10.28-05.52.11:689][467]LogPlayLevel: PIE: Created PIE world by copying editor world from /Game/Levels/StartLevel.StartLevel to /Game/Levels/UEDPIE_0_StartLevel.StartLevel (0.001843s)
[2020.10.28-05.52.11:689][467]LogLoad: Game class is 'BPEscapeThePlateGameMode_C'
[2020.10.28-05.52.11:690][467]LogWorld: Bringing World /Game/Levels/UEDPIE_0_StartLevel.StartLevel up for play (max tick rate 0) at 2020.10.27-23.52.11
[2020.10.28-05.52.11:690][467]LogWorld: Bringing up level for play took: 0.000246
[2020.10.28-05.52.11:690][467]LogGameMode: FindPlayerStart: PATHS NOT DEFINED or NO PLAYERSTART with positive rating
[2020.10.28-05.52.11:690][467]LogGameMode: Display: Match State Changed from EnteringMap to WaitingToStart
[2020.10.28-05.52.11:690][467]LogGameState: Match State Changed from EnteringMap to WaitingToStart
[2020.10.28-05.52.11:691][467]LogGameMode: Display: Match State Changed from WaitingToStart to InProgress
[2020.10.28-05.52.11:692][467]LogGameState: Match State Changed from WaitingToStart to InProgress
[2020.10.28-05.52.11:692][467]LogLoad: Took 0.040620 seconds to LoadMap(/Game/Levels/UEDPIE_0_StartLevel)
[2020.10.28-05.52.12:807][601]LogGameMode: Display: Match State Changed from InProgress to LeavingMap
[2020.10.28-05.52.12:807][601]LogGameState: Match State Changed from InProgress to LeavingMap
[2020.10.28-05.52.12:807][601]LogNet: Browse: /Game/Levels/AsianEatery_v3
[2020.10.28-05.52.12:808][601]LogLoad: LoadMap: /Game/Levels/AsianEatery_v3
[2020.10.28-05.52.12:808][601]LogWorld: BeginTearingDown for /Game/Levels/UEDPIE_0_StartLevel
[2020.10.28-05.52.12:808][601]LogWorld: UWorld::CleanupWorld for StartLevel, bSessionEnded=true, bCleanupResources=true
[2020.10.28-05.52.12:808][601]LogSlate: InvalidateAllWidgets triggered.  All widgets were invalidated
[2020.10.28-05.52.12:863][601]LogAISub: UAISubsystem::~UAISubsystem AIPerceptionSystem (0000025388315300), frame # 2601
[2020.10.28-05.52.12:863][601]LogAISub: UAISubsystem::~UAISubsystem EnvQueryManager (00000253A0262600), frame # 2601
[2020.10.28-05.52.12:863][601]LogUObjectHash: Compacting FUObjectHashTables data took   0.52ms
[2020.10.28-05.52.12:878][601]LogAIModule: Creating AISystem for world AsianEatery_v3
[2020.10.28-05.52.12:878][601]LogAISub: UAISubsystem::UAISubsystem EnvQueryManager (00000253A6587E00), frame # 2601
[2020.10.28-05.52.12:878][601]LogAISub: UAISubsystem::UAISubsystem AIPerceptionSystem (0000025388329580), frame # 2601
[2020.10.28-05.52.12:878][601]LogLoad: Game class is 'BPEscapeThePlateGameMode_C'
[2020.10.28-05.52.12:881][601]LogWorld: Bringing World /Game/Levels/UEDPIE_0_AsianEatery_v3.AsianEatery_v3 up for play (max tick rate 0) at 2020.10.27-23.52.12
[2020.10.28-05.52.12:882][601]LogWorld: Bringing up level for play took: 0.002963
[2020.10.28-05.52.12:882][601]LogGameMode: Display: Match State Changed from EnteringMap to WaitingToStart
[2020.10.28-05.52.12:883][601]LogGameState: Match State Changed from EnteringMap to WaitingToStart
[2020.10.28-05.52.12:883][601]LogGameMode: Display: Match State Changed from WaitingToStart to InProgress
[2020.10.28-05.52.12:884][601]LogGameState: Match State Changed from WaitingToStart to InProgress
[2020.10.28-05.52.12:884][601]LogLoad: Took 0.076339 seconds to LoadMap(/Game/Levels/AsianEatery_v3)
[2020.10.28-05.52.12:884][601]LogBlueprintUserMessages: [GetPathNext_C_0] Getting path
